============================= test session starts =============================
collecting ... collected 40 items / 2 errors

=================================== ERRORS ====================================
_________ ERROR collecting src/backend/tests/test_classify_routes.py __________
ImportError while importing test module 'C:\dev\Autopack\src\backend\tests\test_classify_routes.py'.
Hint: make sure your test modules/packages have valid Python names.
Traceback:
C:\Python\Lib\importlib\__init__.py:90: in import_module
    return _bootstrap._gcd_import(name[level:], package, level)
src\backend\tests\test_classify_routes.py:2: in <module>
    from src.backend.services.classifier import ClassificationService
E   ModuleNotFoundError: No module named 'src.backend.services.classifier'
___________ ERROR collecting src/backend/tests/test_pack_routes.py ____________
ImportError while importing test module 'C:\dev\Autopack\src\backend\tests\test_pack_routes.py'.
Hint: make sure your test modules/packages have valid Python names.
Traceback:
C:\Python\Lib\importlib\__init__.py:90: in import_module
    return _bootstrap._gcd_import(name[level:], package, level)
src\backend\tests\test_pack_routes.py:3: in <module>
    from src.backend.models.pack import Pack, PackStatus
E   ModuleNotFoundError: No module named 'src.backend.models.pack'
============================== warnings summary ===============================
src\backend\packs\canada_documents.py:26
  C:\dev\Autopack\src\backend\packs\canada_documents.py:26: PydanticDeprecatedSince20: Pydantic V1 style `@validator` validators are deprecated. You should migrate to Pydantic V2 style `@field_validator` validators, see the migration guide for more details. Deprecated in Pydantic V2.0 to be removed in V3.0. See Pydantic V2 Migration Guide at https://errors.pydantic.dev/2.7/migration/
    @validator('code')

-- Docs: https://docs.pytest.org/en/stable/how-to/capture-warnings.html
=========================== short test summary info ===========================
ERROR src/backend/tests/test_classify_routes.py
ERROR src/backend/tests/test_pack_routes.py
!!!!!!!!!!!!!!!!!!! Interrupted: 2 errors during collection !!!!!!!!!!!!!!!!!!!
======================== 1 warning, 2 errors in 0.85s =========================


--- STDERR ---

