============================= test session starts =============================
collecting ... collected 36 items

fileorganizer\backend\tests\test_classification.py::test_classification_service_initialization PASSED [  2%]
fileorganizer\backend\tests\test_classification.py::test_build_classification_prompt PASSED [  5%]
fileorganizer\backend\tests\test_classification.py::test_parse_classification_result PASSED [  8%]
fileorganizer\backend\tests\test_document_service.py::test_upload_document PASSED [ 11%]
fileorganizer\backend\tests\test_document_service.py::test_upload_document_size_limit PASSED [ 13%]
fileorganizer\backend\tests\test_document_service.py::test_upload_unsupported_format PASSED [ 16%]
fileorganizer\backend\tests\test_e2e.py::test_complete_workflow PASSED   [ 19%]
fileorganizer\backend\tests\test_e2e.py::test_multiple_documents_workflow PASSED [ 22%]
fileorganizer\backend\tests\test_e2e.py::test_all_packs_loadable PASSED  [ 25%]
fileorganizer\backend\tests\test_embeddings.py::test_embeddings_service_initialization PASSED [ 27%]
fileorganizer\backend\tests\test_embeddings.py::test_serialize_deserialize_embedding PASSED [ 30%]
fileorganizer\backend\tests\test_embeddings.py::test_cosine_similarity PASSED [ 33%]
fileorganizer\backend\tests\test_error_handling.py::test_document_not_found PASSED [ 36%]
fileorganizer\backend\tests\test_error_handling.py::test_invalid_file_upload PASSED [ 38%]
fileorganizer\backend\tests\test_error_handling.py::test_pack_not_found PASSED [ 41%]
fileorganizer\backend\tests\test_error_handling.py::test_classification_without_text PASSED [ 44%]
fileorganizer\backend\tests\test_export.py::test_pdf_export FAILED       [ 47%]
fileorganizer\backend\tests\test_export.py::test_excel_export PASSED     [ 50%]
fileorganizer\backend\tests\test_export.py::test_csv_export PASSED       [ 52%]
fileorganizer\backend\tests\test_health.py::test_health_check PASSED     [ 55%]
fileorganizer\backend\tests\test_health.py::test_database_health PASSED  [ 58%]
fileorganizer\backend\tests\test_integration.py::TestFullWorkflow::test_tax_pack_workflow PASSED [ 61%]
fileorganizer\backend\tests\test_integration.py::TestFullWorkflow::test_immigration_pack_workflow PASSED [ 63%]
fileorganizer\backend\tests\test_integration.py::TestFullWorkflow::test_error_handling PASSED [ 66%]
fileorganizer\backend\tests\test_integration.py::TestAPIEndpoints::test_health_endpoints PASSED [ 69%]
fileorganizer\backend\tests\test_integration.py::TestAPIEndpoints::test_document_endpoints PASSED [ 72%]
fileorganizer\backend\tests\test_integration.py::TestAPIEndpoints::test_pack_endpoints PASSED [ 75%]
fileorganizer\backend\tests\test_integration.py::test_all_packs_functional PASSED [ 77%]
fileorganizer\backend\tests\test_ocr_service.py::test_ocr_service_initialization PASSED [ 80%]
fileorganizer\backend\tests\test_ocr_service.py::test_extract_text_from_image PASSED [ 83%]
fileorganizer\backend\tests\test_performance.py::test_document_list_performance PASSED [ 86%]
fileorganizer\backend\tests\test_performance.py::test_search_performance ERROR [ 88%]
fileorganizer\backend\tests\test_performance.py::test_cache_performance PASSED [ 91%]
fileorganizer\backend\tests\test_triage.py::test_update_document_category FAILED [ 94%]
fileorganizer\backend\tests\test_triage.py::test_approve_document FAILED [ 97%]
fileorganizer\backend\tests\test_triage.py::test_search_documents PASSED [100%]

=================================== ERRORS ====================================
__________________ ERROR at setup of test_search_performance __________________
E   sqlite3.OperationalError: table documents already exists

The above exception was the direct cause of the following exception:
E   sqlalchemy.exc.OperationalError: (sqlite3.OperationalError) table documents already exists
    [SQL: 
    CREATE TABLE documents (
    	id INTEGER NOT NULL, 
    	filename VARCHAR(255) NOT NULL, 
    	original_path VARCHAR(500) NOT NULL, 
    	file_size INTEGER NOT NULL, 
    	file_type VARCHAR(50) NOT NULL, 
    	status VARCHAR(10), 
    	extracted_text TEXT, 
    	ocr_confidence FLOAT, 
    	assigned_category_id INTEGER, 
    	classification_confidence FLOAT, 
    	embedding_vector TEXT, 
    	created_at DATETIME DEFAULT CURRENT_TIMESTAMP, 
    	updated_at DATETIME, 
    	PRIMARY KEY (id)
    )
    
    ]
    (Background on this error at: https://sqlalche.me/e/20/e3q8)
================================== FAILURES ===================================
C:\Python\Lib\site-packages\sqlalchemy\engine\default.py:951: sqlalchemy.exc.OperationalError: (sqlite3.OperationalError) no such table: categories
C:\Python\Lib\site-packages\sqlalchemy\engine\default.py:951: sqlalchemy.exc.IntegrityError: (sqlite3.IntegrityError) UNIQUE constraint failed: scenario_packs.name
C:\dev\Autopack\.autonomous_runs\file-organizer-app-v1\fileorganizer\backend\tests\test_triage.py:70: assert 500 == 200
=========================== short test summary info ===========================
FAILED fileorganizer\backend\tests\test_export.py::test_pdf_export - sqlalche...
FAILED fileorganizer\backend\tests\test_triage.py::test_update_document_category
FAILED fileorganizer\backend\tests\test_triage.py::test_approve_document - as...
ERROR fileorganizer\backend\tests\test_performance.py::test_search_performance
=================== 3 failed, 32 passed, 1 error in 11.02s ====================


--- STDERR ---

C:\Python\Lib\site-packages\pytest_asyncio\plugin.py:247: PytestDeprecationWarning: The configuration option "asyncio_default_fixture_loop_scope" is unset.
The event loop scope for asynchronous fixtures will default to the fixture caching scope. Future versions of pytest-asyncio will default the loop scope for asynchronous fixtures to function scope. Set the default fixture loop scope explicitly in order to avoid unexpected behavior in the future. Valid fixture loop scopes are: "function", "class", "module", "package", "session"

  warnings.warn(PytestDeprecationWarning(_DEFAULT_FIXTURE_LOOP_SCOPE_UNSET))
