faiss library not installed; FaissStore will use in-memory fallback
[2025-12-23 14:31:48] INFO: [LOCK] Acquired executor lock for run_id=build130-schema-validation-prevention (PID=135144, host=Harry)
[2025-12-23 14:31:48] INFO: Applying pre-emptive encoding fix...
[2025-12-23 14:31:48] INFO: [Recovery] Fixing Unicode encoding error...
[2025-12-23 14:31:48] INFO: [Recovery] SUCCESS: Encoding fixed (UTF-8 enabled)
[2025-12-23 14:31:48] INFO: Database tables initialized
[2025-12-23 14:31:48] INFO: Loaded BuilderOutputConfig: max_lines_for_full_file=1000, max_lines_hard_limit=1000
[2025-12-23 14:31:48] INFO: Doctor execute_fix enabled: True
[2025-12-23 14:31:48] INFO: FileSizeTelemetry initialized: .autonomous_runs\autopack\file_size_telemetry.jsonl
[2025-12-23 14:31:54] INFO: [Qdrant] Connected to localhost:6333
[2025-12-23 14:31:54] INFO: [MemoryService] Using Qdrant backend
[2025-12-23 14:31:58] ERROR: [Qdrant] Failed to ensure collection 'code_docs': [WinError 10061] No connection could be made because the target machine actively refused it
[2025-12-23 14:31:58] WARNING: MemoryService initialization failed, running without memory: [WinError 10061] No connection could be made because the target machine actively refused it
[2025-12-23 14:31:58] INFO: [FileLayout] Project: autopack, Family: build130-schema-validation-prevention, Base: .autonomous_runs\autopack\runs\build130-schema-validation-prevention
[2025-12-23 14:31:58] INFO: Initialized autonomous executor for run: build130-schema-validation-prevention
[2025-12-23 14:31:58] INFO: API URL: http://localhost:8000
[2025-12-23 14:31:58] INFO: Workspace: .
[2025-12-23 14:31:58] INFO: Running proactive startup checks from DEBUG_JOURNAL.md...
[2025-12-23 14:31:58] INFO: [HIGH] Checking: Windows Unicode Fix (PYTHONUTF8)
[2025-12-23 14:31:58] INFO:   Reason: Prevents UnicodeEncodeError with emoji characters in logs (Issue #3)
[2025-12-23 14:31:58] INFO:   Check PASSED
[2025-12-23 14:31:58] INFO: Startup checks complete
[2025-12-23 14:32:01] INFO: [BUILD-123v2] Manifest generator initialized (deterministic scope generation)
[2025-12-23 14:32:01] INFO: [HealthCheck:T0] API Keys: PASSED (0ms) - All required API keys present
[2025-12-23 14:32:01] INFO: [HealthCheck:T0] Database: PASSED (0ms) - Database accessible: C:\dev\Autopack\autopack.db
[2025-12-23 14:32:01] INFO: [HealthCheck:T0] Workspace: PASSED (0ms) - Workspace valid: C:\dev\Autopack
[2025-12-23 14:32:01] INFO: [HealthCheck:T0] Config: PASSED (153ms) - Configuration files valid
[2025-12-23 14:32:01] INFO: Starting autonomous execution loop...
[2025-12-23 14:32:01] INFO: Poll interval: 10s
[2025-12-23 14:32:03] INFO: API server is already running
[2025-12-23 14:32:03] INFO: Initializing infrastructure...
[2025-12-23 14:32:07] INFO: LlmService: Initialized with ModelRouter and UsageRecorder
[2025-12-23 14:32:07] INFO: Quality Gate: Initialized
[2025-12-23 14:32:07] INFO: Iteration 1: Fetching run status...
[2025-12-23 14:32:09] INFO: [GoalAnchor] Initialized: Implement error classification system to prevent infinite retry loops on deterministic failures....
[2025-12-23 14:32:09] INFO: [BUILD-041] Next phase: build130-phase0-circuit-breaker
[2025-12-23 14:32:09] INFO: [BUILD-123v2] Phase 'build130-phase0-circuit-breaker' has no scope - generating manifest...
[2025-12-23 14:32:09] INFO: Generating manifest for run: build130-schema-validation-prevention
[2025-12-23 14:32:09] INFO: Repo structure scanned successfully
[2025-12-23 14:32:09] INFO: [BUILD-128] Phase 'build130-phase0-circuit-breaker' has deliverables - inferring scope from deliverables
[2025-12-23 14:32:09] INFO: [BUILD-128] Inferred category 'backend' from deliverables (confidence=50.0%)
[2025-12-23 14:32:09] INFO: [BUILD-128] Generated scope: 4 paths, 1 context files
[2025-12-23 14:32:09] INFO: [Isolation] autopack_internal_mode enabled - unlocking src/autopack/ for maintenance
[2025-12-23 14:32:09] INFO: [BUILD-123v2] Generated scope for 'build130-phase0-circuit-breaker': category=backend, confidence=50.0%, files=4
[2025-12-23 14:32:09] INFO: [build130-phase0-circuit-breaker] Step 1/4: Generating code with Builder (via LlmService)...
[2025-12-23 14:32:09] WARNING: [Scope] Missing scope files: ['src/autopack/error_classifier.py', 'tests/test_circuit_breaker.py', 'docs/DEBUG_JOURNAL.md']
[2025-12-23 14:32:09] INFO: [Scope] Loaded 5 files from scope configuration
[2025-12-23 14:32:09] INFO: [Scope] Scope paths: ['src/autopack/error_classifier.py', 'src/autopack/autonomous_executor.py', 'tests/test_circuit_breaker.py', 'docs/DEBUG_JOURNAL.md']
[2025-12-23 14:32:09] INFO: [Scope] Loaded paths: ['src/autopack/error_classifier.py', 'src/autopack/autonomous_executor.py', 'tests/test_circuit_breaker.py', 'docs/DEBUG_JOURNAL.md', 'src/autopack/models.py']...
[2025-12-23 14:32:09] INFO: [build130-phase0-circuit-breaker] Loaded 5 files for context
[2025-12-23 14:32:09] INFO: [Scope] Validation passed: 5 files match scope configuration
[2025-12-23 14:32:09] WARNING: [build130-phase0-circuit-breaker] Large files in context (read-only, >1000 lines): src/autopack/autonomous_executor.py
[2025-12-23 14:32:09] INFO: [build130-phase0-circuit-breaker] Built deliverables contract: 4 required paths, 0 forbidden patterns
[2025-12-23 14:32:09] INFO: [build130-phase0-circuit-breaker] Deliverables manifest gate PASSED (4 paths)
[2025-12-23 14:32:09] INFO: [ModelSelector] Selected claude-sonnet-4-5 for builder (complexity=medium, attempt=0, intra_tier=0)
[2025-12-23 14:32:09] INFO: [MODEL-SELECT] Builder: model=claude-sonnet-4-5, complexity=medium->medium, attempt=0, category=backend
[2025-12-23 14:32:09] INFO: [Builder] File src/autopack/autonomous_executor.py (8308 lines) exceeds hard limit; enabling structured edit mode
[2025-12-23 14:32:09] WARNING: CONSOLIDATED_DEBUG.md not found at C:\dev\Autopack\.autonomous_runs\file-organizer-app-v1\archive\CONSOLIDATED_DEBUG.md
[2025-12-23 14:32:14] INFO: HTTP Request: POST https://api.anthropic.com/v1/messages "HTTP/1.1 200 OK"
[2025-12-23 14:34:57] INFO: [TOKEN_BUDGET] phase=build130-phase0-circuit-breaker complexity=medium input=7249 output=11527/12288 total=18776 utilization=93.8% model=claude-sonnet-4-5
[2025-12-23 14:34:57] INFO: [Builder] Attempting JSON repair on malformed structured_edit output...
[2025-12-23 14:34:57] INFO: [JsonRepair] Rule-based repair succeeded: strip_prefix+strip_suffix+balance_brackets+fix_trailing_commas
[2025-12-23 14:34:57] INFO: [Builder] Structured edit JSON repair succeeded via rule_based:strip_prefix+strip_suffix+balance_brackets+fix_trailing_commas
[2025-12-23 14:34:57] INFO: [Builder] Detected full-file format in structured_edit mode - auto-converting to operations
[2025-12-23 14:34:57] INFO: [Builder] Converted create file 'src/autopack/error_classifier.py' to prepend operation
[2025-12-23 14:34:57] ERROR: [Builder] Error parsing structured edit output: name 'files' is not defined
[2025-12-23 14:34:57] ERROR: [build130-phase0-circuit-breaker] Builder failed: name 'files' is not defined
[2025-12-23 14:34:57] INFO: [Isolation] autopack_internal_mode enabled - unlocking src/autopack/ for maintenance
[2025-12-23 14:35:01] INFO: Updated phase build130-phase0-circuit-breaker status to FAILED
[2025-12-23 14:35:01] WARNING: Failed to write run_summary from executor: name 'models' is not defined
[2025-12-23 14:35:18] INFO: [RetrievalTrigger] Phase build130-phase0-circuit-breaker attempt 1: Error messages lack context - triggering deep retrieval
[2025-12-23 14:35:18] INFO: [DeepRetrieval] Starting bounded retrieval for phase build130-phase0-circuit-breaker (priority=medium)
[2025-12-23 14:35:19] INFO: [DeepRetrieval] Retrieved 0 run artifacts (0 bytes), 1 SOT files (15360 bytes), 0 memory entries (0 bytes)
[2025-12-23 14:35:19] INFO: [REPLAN-TRIGGER] reason=repeated_error_short_msg type=auditor_reject phase=build130-phase0-circuit-breaker attempt=2 count=2
[2025-12-23 14:35:19] INFO: [build130-phase0-circuit-breaker] Triggering mid-run re-planning due to auditor_reject
[2025-12-23 14:35:19] INFO: [Re-Plan] Revising approach for build130-phase0-circuit-breaker due to auditor_reject (attempt 1)
[2025-12-23 14:35:19] INFO: [GoalAnchor] Original intent: Implement error classification system to prevent infinite retry loops on deterministic failures....
[2025-12-23 14:35:25] INFO: HTTP Request: POST https://api.anthropic.com/v1/messages "HTTP/1.1 200 OK"
[2025-12-23 14:35:25] INFO: [GoalAnchor] Alignment classification: narrower - Heuristic detection: revision appears to reduce scope
[2025-12-23 14:35:25] WARNING: [GoalAnchor] WARNING: Revision appears to narrow scope for build130-phase0-circuit-breaker. Original intent: 'Implement error classification system to prevent i...' This may indicate goal drift.
[2025-12-23 14:35:25] INFO: [Re-Plan] Successfully revised phase build130-phase0-circuit-breaker
[2025-12-23 14:35:25] INFO: [Re-Plan] Original: Implement error classification system to prevent infinite retry loops on deterministic failures. Cre...
[2025-12-23 14:35:25] INFO: [Re-Plan] Revised: Implement error classification system to prevent infinite retry loops on deterministic failures. Cre...
[2025-12-23 14:35:25] INFO: [GoalAnchor] REPLAN_TELEMETRY: run_id=build130-schema-validation-prevention phase_id=build130-phase0-circuit-breaker attempt=1 alignment=narrower replan_count_phase=1 replan_count_run=1
[2025-12-23 14:35:25] INFO: [ARCHIVE_CONSOLIDATOR] Logged build event: PHASE_REPLANNED
[2025-12-23 14:35:25] WARNING: Phase build130-phase0-circuit-breaker finished with status: REPLAN_REQUESTED
[2025-12-23 14:35:25] INFO: Waiting 10s before next phase...
[2025-12-23 14:35:35] INFO: Iteration 2: Fetching run status...
[2025-12-23 14:35:37] INFO: [BUILD-041] Next phase: build130-phase1-schema-validator
[2025-12-23 14:35:37] INFO: [BUILD-123v2] Phase 'build130-phase1-schema-validator' has no scope - generating manifest...
[2025-12-23 14:35:37] INFO: Generating manifest for run: build130-schema-validation-prevention
[2025-12-23 14:35:37] INFO: Repo structure scanned successfully
[2025-12-23 14:35:37] INFO: [BUILD-128] Phase 'build130-phase1-schema-validator' has deliverables - inferring scope from deliverables
[2025-12-23 14:35:37] INFO: [BUILD-128] Inferred category 'backend' from deliverables (confidence=50.0%)
[2025-12-23 14:35:37] INFO: [BUILD-128] Generated scope: 6 paths, 1 context files
[2025-12-23 14:35:37] INFO: [Isolation] autopack_internal_mode enabled - unlocking src/autopack/ for maintenance
[2025-12-23 14:35:37] INFO: [BUILD-123v2] Generated scope for 'build130-phase1-schema-validator': category=backend, confidence=50.0%, files=6
[2025-12-23 14:35:37] INFO: [build130-phase1-schema-validator] Step 1/4: Generating code with Builder (via LlmService)...
[2025-12-23 14:35:37] WARNING: [Scope] Missing scope files: ['src/autopack/schema_validator.py', 'src/autopack/break_glass_repair.py', 'scripts/break_glass_repair.py', 'tests/test_schema_validator.py', 'tests/test_break_glass_repair.py']
[2025-12-23 14:35:37] INFO: [Scope] Loaded 7 files from scope configuration
[2025-12-23 14:35:37] INFO: [Scope] Scope paths: ['src/autopack/schema_validator.py', 'src/autopack/break_glass_repair.py', 'scripts/break_glass_repair.py', 'src/autopack/autonomous_executor.py', 'tests/test_schema_validator.py', 'tests/test_break_glass_repair.py']
[2025-12-23 14:35:37] INFO: [Scope] Loaded paths: ['src/autopack/schema_validator.py', 'src/autopack/break_glass_repair.py', 'scripts/break_glass_repair.py', 'src/autopack/autonomous_executor.py', 'tests/test_schema_validator.py', 'tests/test_break_glass_repair.py', 'src/autopack/models.py']...
[2025-12-23 14:35:37] INFO: [build130-phase1-schema-validator] Loaded 7 files for context
[2025-12-23 14:35:37] INFO: [Scope] Validation passed: 7 files match scope configuration
[2025-12-23 14:35:37] WARNING: [build130-phase1-schema-validator] Large files in context (read-only, >1000 lines): src/autopack/autonomous_executor.py
[2025-12-23 14:35:37] INFO: [build130-phase1-schema-validator] Learning context: 0 rules, 4 hints
[2025-12-23 14:35:37] INFO: [build130-phase1-schema-validator] Built deliverables contract: 6 required paths, 0 forbidden patterns
[2025-12-23 14:35:37] INFO: [build130-phase1-schema-validator] Deliverables manifest gate PASSED (6 paths)
[2025-12-23 14:35:37] INFO: [ModelSelector] Selected claude-sonnet-4-5 for builder (complexity=high, attempt=0, intra_tier=0)
[2025-12-23 14:35:37] INFO: [MODEL-SELECT] Builder: model=claude-sonnet-4-5, complexity=high->high, attempt=0, category=backend
[2025-12-23 14:35:37] INFO: [Builder] File src/autopack/autonomous_executor.py (8308 lines) exceeds hard limit; enabling structured edit mode
[2025-12-23 14:35:37] WARNING: CONSOLIDATED_DEBUG.md not found at C:\dev\Autopack\.autonomous_runs\file-organizer-app-v1\archive\CONSOLIDATED_DEBUG.md
[2025-12-23 14:35:39] INFO: HTTP Request: POST https://api.anthropic.com/v1/messages "HTTP/1.1 200 OK"
[2025-12-23 14:38:51] INFO: [TOKEN_BUDGET] phase=build130-phase1-schema-validator complexity=high input=7562 output=16384/16384 total=23946 utilization=100.0% model=claude-sonnet-4-5
[2025-12-23 14:38:51] WARNING: [Builder] Output was truncated (stop_reason=max_tokens)
[2025-12-23 14:38:51] WARNING: [TOKEN_BUDGET] TRUNCATION: phase=build130-phase1-schema-validator used 16384/16384 tokens (100% utilization) - consider increasing max_tokens for this complexity level
[2025-12-23 14:38:51] INFO: [Builder] Attempting JSON repair on malformed structured_edit output...
[2025-12-23 14:38:51] WARNING: [JsonRepair] All repair strategies failed for error: Expecting value: line 1 column 1 (char 0)
[2025-12-23 14:38:51] ERROR: LLM output invalid format - expected JSON with 'operations' array (stop_reason=max_tokens)
First 500 chars: ```json
{
  "files": [
    {
      "path": "src/autopack/schema_validator.py",
      "mode": "create",
      "new_content": "\"\"\"Schema Validator - Startup validation for database enum consistency.\n\nValidates that database enum values match code-defined enums to prevent\n500 errors from invalid enum values. Part of BUILD-130 schema validation system.\n\nUsage:\n    from autopack.schema_validator import SchemaValidator\n    \n    validator = SchemaValidator(db_url)\n    result = validator.val
[2025-12-23 14:38:51] WARNING: [build130-phase1-schema-validator] Falling back to structured_edit after full-file parse/truncation failure
[2025-12-23 14:38:51] INFO: [ModelSelector] Selected claude-sonnet-4-5 for builder (complexity=high, attempt=0, intra_tier=0)
[2025-12-23 14:38:51] INFO: [MODEL-SELECT] Builder: model=claude-sonnet-4-5, complexity=high->high, attempt=0, category=backend
[2025-12-23 14:38:51] INFO: [Builder] File src/autopack/autonomous_executor.py (8308 lines) exceeds hard limit; enabling structured edit mode
[2025-12-23 14:38:51] WARNING: CONSOLIDATED_DEBUG.md not found at C:\dev\Autopack\.autonomous_runs\file-organizer-app-v1\archive\CONSOLIDATED_DEBUG.md
[2025-12-23 14:38:53] INFO: HTTP Request: POST https://api.anthropic.com/v1/messages "HTTP/1.1 200 OK"
[2025-12-23 14:41:16] INFO: [TOKEN_BUDGET] phase=build130-phase1-schema-validator complexity=high input=7562 output=12223/16384 total=19785 utilization=74.6% model=claude-sonnet-4-5
[2025-12-23 14:41:16] INFO: [Builder] Detected full-file format in structured_edit mode - auto-converting to operations
[2025-12-23 14:41:16] INFO: [Builder] Converted create file 'src/autopack/schema_validator.py' to prepend operation
[2025-12-23 14:41:16] INFO: [Builder] Converted create file 'src/autopack/break_glass_repair.py' to prepend operation
[2025-12-23 14:41:16] INFO: [Builder] Converted create file 'scripts/break_glass_repair.py' to prepend operation
[2025-12-23 14:41:16] ERROR: [Builder] Error parsing structured edit output: name 'files' is not defined
[2025-12-23 14:41:16] ERROR: [build130-phase1-schema-validator] Builder failed: name 'files' is not defined
[2025-12-23 14:41:16] INFO: [Isolation] autopack_internal_mode enabled - unlocking src/autopack/ for maintenance
[2025-12-23 14:41:20] INFO: Updated phase build130-phase1-schema-validator status to FAILED
[2025-12-23 14:41:20] WARNING: Failed to write run_summary from executor: name 'models' is not defined
[2025-12-23 14:42:01] INFO: [RetrievalTrigger] Phase build130-phase1-schema-validator attempt 1: Error messages lack context - triggering deep retrieval
[2025-12-23 14:42:01] INFO: [DeepRetrieval] Starting bounded retrieval for phase build130-phase1-schema-validator (priority=medium)
[2025-12-23 14:42:08] INFO: [DeepRetrieval] Retrieved 0 run artifacts (0 bytes), 1 SOT files (15360 bytes), 0 memory entries (0 bytes)
[2025-12-23 14:42:08] INFO: [REPLAN-TRIGGER] reason=repeated_error_short_msg type=auditor_reject phase=build130-phase1-schema-validator attempt=2 count=2
[2025-12-23 14:42:08] INFO: [build130-phase1-schema-validator] Triggering mid-run re-planning due to auditor_reject
[2025-12-23 14:42:08] INFO: [Re-Plan] Revising approach for build130-phase1-schema-validator due to auditor_reject (attempt 1)
[2025-12-23 14:42:08] INFO: [GoalAnchor] Original intent: Implement three-part schema validation system: (1) Startup validator checking database state vs code...
[2025-12-23 14:42:16] INFO: HTTP Request: POST https://api.anthropic.com/v1/messages "HTTP/1.1 200 OK"
[2025-12-23 14:42:16] INFO: [GoalAnchor] Alignment classification: narrower - Heuristic detection: revision appears to reduce scope
[2025-12-23 14:42:16] WARNING: [GoalAnchor] WARNING: Revision appears to narrow scope for build130-phase1-schema-validator. Original intent: 'Implement three-part schema validation system: (1)...' This may indicate goal drift.
[2025-12-23 14:42:16] INFO: [Re-Plan] Successfully revised phase build130-phase1-schema-validator
[2025-12-23 14:42:16] INFO: [Re-Plan] Original: Implement three-part schema validation system: (1) Startup validator checking database state vs code...
[2025-12-23 14:42:16] INFO: [Re-Plan] Revised: Implement three-part schema validation system with explicit file handling: (1) Create startup valida...
[2025-12-23 14:42:16] INFO: [GoalAnchor] REPLAN_TELEMETRY: run_id=build130-schema-validation-prevention phase_id=build130-phase1-schema-validator attempt=1 alignment=narrower replan_count_phase=1 replan_count_run=2
[2025-12-23 14:42:16] INFO: [ARCHIVE_CONSOLIDATOR] Logged build event: PHASE_REPLANNED
[2025-12-23 14:42:16] WARNING: Phase build130-phase1-schema-validator finished with status: REPLAN_REQUESTED
[2025-12-23 14:42:16] INFO: Waiting 10s before next phase...
[2025-12-23 14:42:26] INFO: Iteration 3: Fetching run status...
[2025-12-23 14:42:27] ERROR: [Recovery] Fetch run status from API failed (attempt 1/4): ConnectionError: ('Connection aborted.', RemoteDisconnected('Remote end closed connection without response'))
[2025-12-23 14:42:27] INFO: [Recovery] Attempting self-healing for network error
[2025-12-23 14:42:27] INFO: [Recovery] Network error - waiting 1s before retry...
[2025-12-23 14:42:28] INFO: [ARCHIVE_CONSOLIDATOR] Logged fix for: network: ConnectionError
[2025-12-23 14:42:28] INFO: [Recovery] Error fixed, retrying Fetch run status from API...
[2025-12-23 14:42:30] INFO: [Recovery] Fetch run status from API succeeded on retry 1
[2025-12-23 14:42:30] INFO: No more executable phases, execution complete
[2025-12-23 14:42:30] INFO: Autonomous execution loop finished
[2025-12-23 14:42:30] INFO: [ARCHIVE_CONSOLIDATOR] Logged build event: RUN_COMPLETE
[2025-12-23 14:42:30] WARNING: Failed to write run_summary from executor: name 'models' is not defined
[2025-12-23 14:42:30] INFO: Learning Pipeline: Promoted 7 hints to persistent project rules
[2025-12-23 14:42:30] INFO: Learning Pipeline: Marked rules updated (total: 78 rules)
[2025-12-23 14:42:30] INFO: [PLANNING NOTICE] 7 new rules promoted. Future planning should incorporate 78 total project rules.
[2025-12-23 14:42:30] INFO: [LOCK] Released executor lock for run_id=build130-schema-validation-prevention (PID=135144)
