faiss library not installed; FaissStore will use in-memory fallback
[2025-12-23 21:46:14] INFO: [LOCK] Acquired executor lock for run_id=build132-coverage-delta-integration (PID=123096, host=Harry)
[2025-12-23 21:46:14] INFO: Applying pre-emptive encoding fix...
[2025-12-23 21:46:14] INFO: [Recovery] Fixing Unicode encoding error...
[2025-12-23 21:46:14] INFO: [Recovery] SUCCESS: Encoding fixed (UTF-8 enabled)
[2025-12-23 21:46:14] INFO: Database tables initialized
[2025-12-23 21:46:14] INFO: Loaded BuilderOutputConfig: max_lines_for_full_file=1000, max_lines_hard_limit=1000
[2025-12-23 21:46:14] INFO: Doctor execute_fix enabled: True
[2025-12-23 21:46:14] INFO: FileSizeTelemetry initialized: .autonomous_runs\autopack\file_size_telemetry.jsonl
[2025-12-23 21:46:19] INFO: [Qdrant] Connected to localhost:6333
[2025-12-23 21:46:19] INFO: [MemoryService] Using Qdrant backend
[2025-12-23 21:46:23] ERROR: [Qdrant] Failed to ensure collection 'code_docs': [WinError 10061] No connection could be made because the target machine actively refused it
[2025-12-23 21:46:23] WARNING: MemoryService initialization failed, running without memory: [WinError 10061] No connection could be made because the target machine actively refused it
[2025-12-23 21:46:23] INFO: [FileLayout] Project: autopack, Family: build132-coverage-delta-integration, Base: .autonomous_runs\autopack\runs\build132-coverage-delta-integration
[2025-12-23 21:46:23] INFO: Initialized autonomous executor for run: build132-coverage-delta-integration
[2025-12-23 21:46:23] INFO: API URL: http://localhost:8000
[2025-12-23 21:46:23] INFO: Workspace: .
[2025-12-23 21:46:23] INFO: Running proactive startup checks from DEBUG_JOURNAL.md...
[2025-12-23 21:46:23] INFO: [HIGH] Checking: Windows Unicode Fix (PYTHONUTF8)
[2025-12-23 21:46:23] INFO:   Reason: Prevents UnicodeEncodeError with emoji characters in logs (Issue #3)
[2025-12-23 21:46:23] INFO:   Check PASSED
[2025-12-23 21:46:23] INFO: [SchemaValidator] Starting database schema validation...
[2025-12-23 21:46:24] INFO: [SchemaValidator] ✅ Database schema validation PASSED
[2025-12-23 21:46:24] INFO: Startup checks complete
[2025-12-23 21:46:25] INFO: [BUILD-123v2] Manifest generator initialized (deterministic scope generation)
[2025-12-23 21:46:25] INFO: [HealthCheck:T0] API Keys: PASSED (0ms) - All required API keys present
[2025-12-23 21:46:25] INFO: [HealthCheck:T0] Database: PASSED (0ms) - Database accessible: C:\dev\Autopack\autopack.db
[2025-12-23 21:46:25] INFO: [HealthCheck:T0] Workspace: PASSED (0ms) - Workspace valid: C:\dev\Autopack
[2025-12-23 21:46:25] INFO: [HealthCheck:T0] Config: PASSED (21ms) - Configuration files valid
[2025-12-23 21:46:25] INFO: [BUILD-127] Completion authority initialized (PhaseFinalizer + TestBaselineTracker)
[2025-12-23 21:46:25] INFO: [BUILD-127] Capturing T0 baseline at commit 2df5efe3...
[2025-12-23 21:46:25] INFO: [Baseline] Using cached baseline for commit 2df5efe3
[2025-12-23 21:46:25] INFO: [BUILD-127] T0 baseline: 0 tests, 0 passing, 0 failing, 0 errors
[2025-12-23 21:46:25] INFO: Starting autonomous execution loop...
[2025-12-23 21:46:25] INFO: Poll interval: 10s
[2025-12-23 21:46:31] INFO: API server not detected at http://localhost:8000, attempting to start it...
[2025-12-23 21:46:31] INFO: Waiting for API server to start on localhost:8000...
[2025-12-23 21:46:34] INFO:   Still waiting... (1/10)
[2025-12-23 21:46:35] INFO: ✅ API server started successfully
[2025-12-23 21:46:35] INFO: Initializing infrastructure...
[2025-12-23 21:46:38] INFO: LlmService: Initialized with ModelRouter and UsageRecorder
[2025-12-23 21:46:38] INFO: Quality Gate: Initialized
[2025-12-23 21:46:38] INFO: Iteration 1: Fetching run status...
[2025-12-23 21:46:38] INFO: [BUILD-041] Next phase: build132-phase1-enable-coverage
[2025-12-23 21:46:38] INFO: [BUILD-123v2] Phase 'build132-phase1-enable-coverage' has no scope - generating manifest...
[2025-12-23 21:46:38] INFO: Generating manifest for run: build132-coverage-delta-integration
[2025-12-23 21:46:38] INFO: Repo structure scanned successfully
[2025-12-23 21:46:38] INFO: [BUILD-128] Phase 'build132-phase1-enable-coverage' has deliverables - inferring scope from deliverables
[2025-12-23 21:46:38] INFO: [BUILD-128] Inferred category 'unknown' from deliverables (confidence=0.0%)
[2025-12-23 21:46:38] INFO: [BUILD-128] Generated scope: 2 paths, 0 context files
[2025-12-23 21:46:38] INFO: [BUILD-129] Added token estimate to phase: 462 output tokens (2 deliverables, confidence=0.80)
[2025-12-23 21:46:38] INFO: [BUILD-123v2] Generated scope for 'build132-phase1-enable-coverage': category=unknown, confidence=0.0%, files=2
[2025-12-23 21:46:38] WARNING: [BUILD-123v2] Low confidence (0.0%) for phase 'build132-phase1-enable-coverage' - scope may be incomplete. Builder may need to request expansion.
[2025-12-23 21:46:38] WARNING: [Scope] Could not determine workspace from scope paths, using default: .
[2025-12-23 21:46:38] INFO: [build132-phase1-enable-coverage] Step 1/4: Generating code with Builder (via LlmService)...
[2025-12-23 21:46:38] WARNING: [Scope] Could not determine workspace from scope paths, using default: .
[2025-12-23 21:46:38] INFO: [Scope] Loaded 2 files from scope configuration
[2025-12-23 21:46:38] INFO: [Scope] Scope paths: ['pytest.ini', '.gitignore']
[2025-12-23 21:46:38] INFO: [Scope] Loaded paths: ['pytest.ini', '.gitignore']...
[2025-12-23 21:46:38] INFO: [build132-phase1-enable-coverage] Loaded 2 files for context
[2025-12-23 21:46:38] WARNING: [Scope] Could not determine workspace from scope paths, using default: .
[2025-12-23 21:46:38] INFO: [Scope] Validation passed: 2 files match scope configuration
[2025-12-23 21:46:38] ERROR: [build132-phase1-enable-coverage] Execution failed: attempted relative import with no known parent package
Traceback:
Traceback (most recent call last):
  File "C:\dev\Autopack\src\autopack\autonomous_executor.py", line 3807, in _execute_phase_with_recovery
    deliverables_contract = self._build_deliverables_contract(phase, phase_id)
                            ^^^^^^^^^^^^^^^^^^^^^^^^^^^^^^^^^^^^^^^^^^^^^^^^^^
  File "C:\dev\Autopack\src\autopack\autonomous_executor.py", line 893, in _build_deliverables_contract
    from .deliverables_validator import extract_deliverables_from_scope
ImportError: attempted relative import with no known parent package

[2025-12-23 21:46:38] INFO: [ARCHIVE_CONSOLIDATOR] Logged new error: Phase build132-phase1-enable-coverage inner execution failure
[2025-12-23 21:46:38] INFO: Updated phase build132-phase1-enable-coverage status to FAILED
[2025-12-23 21:46:38] WARNING: Failed to write run_summary from executor: name 'models' is not defined
[2025-12-23 21:47:18] INFO: [RetrievalTrigger] Phase build132-phase1-enable-coverage attempt 1: Error messages lack context - triggering deep retrieval
[2025-12-23 21:47:18] INFO: [DeepRetrieval] Starting bounded retrieval for phase build132-phase1-enable-coverage (priority=medium)
[2025-12-23 21:47:19] INFO: [DeepRetrieval] Retrieved 0 run artifacts (0 bytes), 1 SOT files (15360 bytes), 0 memory entries (0 bytes)
[2025-12-23 21:47:19] WARNING: [build132-phase1-enable-coverage] Attempt 1/5 failed, will escalate model for next retry
[2025-12-23 21:47:19] WARNING: Phase build132-phase1-enable-coverage finished with status: FAILED
[2025-12-23 21:47:19] INFO: Waiting 10s before next phase...
[2025-12-23 21:47:29] INFO: Iteration 2: Fetching run status...
[2025-12-23 21:47:29] INFO: [BUILD-041] Next phase: build132-phase2-coverage-tracker
[2025-12-23 21:47:29] INFO: [BUILD-123v2] Phase 'build132-phase2-coverage-tracker' has no scope - generating manifest...
[2025-12-23 21:47:29] INFO: Generating manifest for run: build132-coverage-delta-integration
[2025-12-23 21:47:29] INFO: Repo structure scanned successfully
[2025-12-23 21:47:29] INFO: [BUILD-128] Phase 'build132-phase2-coverage-tracker' has deliverables - inferring scope from deliverables
[2025-12-23 21:47:29] INFO: [BUILD-128] Inferred category 'backend' from deliverables (confidence=50.0%)
[2025-12-23 21:47:29] INFO: [BUILD-128] Generated scope: 2 paths, 1 context files
[2025-12-23 21:47:29] INFO: [BUILD-129] Added token estimate to phase: 858 output tokens (2 deliverables, confidence=0.80)
[2025-12-23 21:47:29] ERROR: Plan validation failed: Phase 'build132-phase2-coverage-tracker' validation failed: Protected paths in scope: src/autopack/coverage_tracker.py...
[2025-12-23 21:47:29] WARNING: [BUILD-123v2] Manifest generation failed for 'build132-phase2-coverage-tracker': Phase 'build132-phase2-coverage-tracker' validation failed: Protected paths in scope: src/autopack/coverage_tracker.py...
[2025-12-23 21:47:29] INFO: [build132-phase2-coverage-tracker] Step 1/4: Generating code with Builder (via LlmService)...
[2025-12-23 21:47:29] INFO: [Context] Loaded 10 recently modified files for fresh context
[2025-12-23 21:47:29] INFO: [Context] Total: 24 files loaded for Builder context (modified=10, mentioned=0)
[2025-12-23 21:47:29] INFO: [TOKEN_BUDGET] Context loading: ~19997 tokens (99% of 20000 budget)
[2025-12-23 21:47:29] INFO: [build132-phase2-coverage-tracker] Loaded 24 files for context
[2025-12-23 21:47:29] ERROR: [build132-phase2-coverage-tracker] Execution failed: attempted relative import with no known parent package
Traceback:
Traceback (most recent call last):
  File "C:\dev\Autopack\src\autopack\autonomous_executor.py", line 3807, in _execute_phase_with_recovery
    deliverables_contract = self._build_deliverables_contract(phase, phase_id)
                            ^^^^^^^^^^^^^^^^^^^^^^^^^^^^^^^^^^^^^^^^^^^^^^^^^^
  File "C:\dev\Autopack\src\autopack\autonomous_executor.py", line 893, in _build_deliverables_contract
    from .deliverables_validator import extract_deliverables_from_scope
ImportError: attempted relative import with no known parent package

[2025-12-23 21:47:29] INFO: [ARCHIVE_CONSOLIDATOR] Logged new error: Phase build132-phase2-coverage-tracker inner execution failure
[2025-12-23 21:47:29] INFO: Updated phase build132-phase2-coverage-tracker status to FAILED
[2025-12-23 21:47:29] WARNING: Failed to write run_summary from executor: name 'models' is not defined
[2025-12-23 21:48:10] INFO: [RetrievalTrigger] Phase build132-phase2-coverage-tracker attempt 1: Error messages lack context - triggering deep retrieval
[2025-12-23 21:48:10] INFO: [DeepRetrieval] Starting bounded retrieval for phase build132-phase2-coverage-tracker (priority=medium)
[2025-12-23 21:48:10] INFO: [DeepRetrieval] Retrieved 0 run artifacts (0 bytes), 1 SOT files (15360 bytes), 0 memory entries (0 bytes)
[2025-12-23 21:48:10] WARNING: [build132-phase2-coverage-tracker] Attempt 1/5 failed, will escalate model for next retry
[2025-12-23 21:48:10] WARNING: Phase build132-phase2-coverage-tracker finished with status: FAILED
[2025-12-23 21:48:10] INFO: Waiting 10s before next phase...
[2025-12-23 21:48:20] INFO: Iteration 3: Fetching run status...
[2025-12-23 21:48:20] INFO: [BUILD-041] Next phase: build132-phase3-executor-integration
[2025-12-23 21:48:20] INFO: [BUILD-123v2] Phase 'build132-phase3-executor-integration' has no scope - generating manifest...
[2025-12-23 21:48:20] INFO: Generating manifest for run: build132-coverage-delta-integration
[2025-12-23 21:48:20] INFO: Repo structure scanned successfully
[2025-12-23 21:48:20] INFO: [BUILD-128] Phase 'build132-phase3-executor-integration' has deliverables - inferring scope from deliverables
[2025-12-23 21:48:20] INFO: [BUILD-128] Inferred category 'backend' from deliverables (confidence=100.0%)
[2025-12-23 21:48:20] INFO: [BUILD-128] Generated scope: 1 paths, 1 context files
[2025-12-23 21:48:20] INFO: [BUILD-129] Added token estimate to phase: 936 output tokens (1 deliverables, confidence=0.80)
[2025-12-23 21:48:20] ERROR: Plan validation failed: Phase 'build132-phase3-executor-integration' validation failed: Protected paths in scope: src/autopack/autonomous_executor.py...
[2025-12-23 21:48:20] WARNING: [BUILD-123v2] Manifest generation failed for 'build132-phase3-executor-integration': Phase 'build132-phase3-executor-integration' validation failed: Protected paths in scope: src/autopack/autonomous_executor.py...
[2025-12-23 21:48:20] INFO: [build132-phase3-executor-integration] Step 1/4: Generating code with Builder (via LlmService)...
[2025-12-23 21:48:21] INFO: [Context] Loaded 10 recently modified files for fresh context
[2025-12-23 21:48:21] INFO: [Context] Total: 24 files loaded for Builder context (modified=10, mentioned=0)
[2025-12-23 21:48:21] INFO: [TOKEN_BUDGET] Context loading: ~19997 tokens (99% of 20000 budget)
[2025-12-23 21:48:21] INFO: [build132-phase3-executor-integration] Loaded 24 files for context
[2025-12-23 21:48:21] ERROR: [build132-phase3-executor-integration] Execution failed: attempted relative import with no known parent package
Traceback:
Traceback (most recent call last):
  File "C:\dev\Autopack\src\autopack\autonomous_executor.py", line 3807, in _execute_phase_with_recovery
    deliverables_contract = self._build_deliverables_contract(phase, phase_id)
                            ^^^^^^^^^^^^^^^^^^^^^^^^^^^^^^^^^^^^^^^^^^^^^^^^^^
  File "C:\dev\Autopack\src\autopack\autonomous_executor.py", line 893, in _build_deliverables_contract
    from .deliverables_validator import extract_deliverables_from_scope
ImportError: attempted relative import with no known parent package

[2025-12-23 21:48:21] INFO: [ARCHIVE_CONSOLIDATOR] Logged new error: Phase build132-phase3-executor-integration inner execution failure
[2025-12-23 21:48:21] INFO: Updated phase build132-phase3-executor-integration status to FAILED
[2025-12-23 21:48:21] WARNING: Failed to write run_summary from executor: name 'models' is not defined
[2025-12-23 21:48:43] INFO: [RetrievalTrigger] Phase build132-phase3-executor-integration attempt 1: Error messages lack context - triggering deep retrieval
[2025-12-23 21:48:43] INFO: [DeepRetrieval] Starting bounded retrieval for phase build132-phase3-executor-integration (priority=medium)
[2025-12-23 21:48:43] INFO: [DeepRetrieval] Retrieved 0 run artifacts (0 bytes), 1 SOT files (15360 bytes), 0 memory entries (0 bytes)
[2025-12-23 21:48:43] WARNING: [build132-phase3-executor-integration] Attempt 1/5 failed, will escalate model for next retry
[2025-12-23 21:48:43] WARNING: Phase build132-phase3-executor-integration finished with status: FAILED
[2025-12-23 21:48:43] INFO: Waiting 10s before next phase...
[2025-12-23 21:48:53] INFO: Iteration 4: Fetching run status...
[2025-12-23 21:48:53] INFO: [BUILD-041] Next phase: build132-phase4-documentation
[2025-12-23 21:48:53] INFO: [BUILD-123v2] Phase 'build132-phase4-documentation' has no scope - generating manifest...
[2025-12-23 21:48:53] INFO: Generating manifest for run: build132-coverage-delta-integration
[2025-12-23 21:48:53] INFO: Repo structure scanned successfully
[2025-12-23 21:48:53] INFO: [BUILD-128] Phase 'build132-phase4-documentation' has deliverables - inferring scope from deliverables
[2025-12-23 21:48:53] INFO: [BUILD-128] Inferred category 'documentation' from deliverables (confidence=33.3%)
[2025-12-23 21:48:53] INFO: [BUILD-128] Generated scope: 3 paths, 0 context files
[2025-12-23 21:48:53] INFO: [BUILD-129] Added token estimate to phase: 376 output tokens (3 deliverables, confidence=0.80)
[2025-12-23 21:48:53] INFO: [BUILD-123v2] Generated scope for 'build132-phase4-documentation': category=documentation, confidence=33.3%, files=3
[2025-12-23 21:48:53] WARNING: [Scope] Could not determine workspace from scope paths, using default: .
[2025-12-23 21:48:53] INFO: [build132-phase4-documentation] Step 1/4: Generating code with Builder (via LlmService)...
[2025-12-23 21:48:53] WARNING: [Scope] Could not determine workspace from scope paths, using default: .
[2025-12-23 21:48:53] INFO: [Scope] Loaded 3 files from scope configuration
[2025-12-23 21:48:53] INFO: [Scope] Scope paths: ['BUILD_HISTORY.md', 'BUILD_LOG.md', 'docs/BUILD-132_IMPLEMENTATION_STATUS.md']
[2025-12-23 21:48:53] INFO: [Scope] Loaded paths: ['BUILD_HISTORY.md', 'BUILD_LOG.md', 'docs/BUILD-132_IMPLEMENTATION_STATUS.md']...
[2025-12-23 21:48:53] INFO: [build132-phase4-documentation] Loaded 3 files for context
[2025-12-23 21:48:53] WARNING: [Scope] Could not determine workspace from scope paths, using default: .
[2025-12-23 21:48:53] INFO: [Scope] Validation passed: 3 files match scope configuration
[2025-12-23 21:48:53] ERROR: [build132-phase4-documentation] Execution failed: attempted relative import with no known parent package
Traceback:
Traceback (most recent call last):
  File "C:\dev\Autopack\src\autopack\autonomous_executor.py", line 3807, in _execute_phase_with_recovery
    deliverables_contract = self._build_deliverables_contract(phase, phase_id)
                            ^^^^^^^^^^^^^^^^^^^^^^^^^^^^^^^^^^^^^^^^^^^^^^^^^^
  File "C:\dev\Autopack\src\autopack\autonomous_executor.py", line 893, in _build_deliverables_contract
    from .deliverables_validator import extract_deliverables_from_scope
ImportError: attempted relative import with no known parent package

[2025-12-23 21:48:53] INFO: [ARCHIVE_CONSOLIDATOR] Logged new error: Phase build132-phase4-documentation inner execution failure
[2025-12-23 21:48:53] INFO: Updated phase build132-phase4-documentation status to FAILED
[2025-12-23 21:48:53] WARNING: Failed to write run_summary from executor: name 'models' is not defined
[2025-12-23 21:49:05] INFO: [RetrievalTrigger] Phase build132-phase4-documentation attempt 1: Error messages lack context - triggering deep retrieval
[2025-12-23 21:49:05] INFO: [DeepRetrieval] Starting bounded retrieval for phase build132-phase4-documentation (priority=medium)
[2025-12-23 21:49:06] INFO: [DeepRetrieval] Retrieved 0 run artifacts (0 bytes), 1 SOT files (15360 bytes), 0 memory entries (0 bytes)
[2025-12-23 21:49:06] WARNING: [build132-phase4-documentation] Attempt 1/5 failed, will escalate model for next retry
[2025-12-23 21:49:06] WARNING: Phase build132-phase4-documentation finished with status: FAILED
[2025-12-23 21:49:06] INFO: Waiting 10s before next phase...
[2025-12-23 21:49:16] INFO: Iteration 5: Fetching run status...
[2025-12-23 21:49:16] INFO: No more executable phases, execution complete
[2025-12-23 21:49:16] INFO: Autonomous execution loop finished
[2025-12-23 21:49:16] INFO: [ARCHIVE_CONSOLIDATOR] Logged build event: RUN_COMPLETE
[2025-12-23 21:49:16] WARNING: Failed to write run_summary from executor: name 'models' is not defined
[2025-12-23 21:49:16] INFO: Learning Pipeline: Promoted 12 hints to persistent project rules
[2025-12-23 21:49:16] INFO: Learning Pipeline: Marked rules updated (total: 83 rules)
[2025-12-23 21:49:16] INFO: [PLANNING NOTICE] 12 new rules promoted. Future planning should incorporate 83 total project rules.
[2025-12-23 21:49:16] INFO: [LOCK] Released executor lock for run_id=build132-coverage-delta-integration (PID=123096)
