faiss library not installed; FaissStore will use in-memory fallback
[2025-12-23 15:02:06] INFO: [LOCK] Acquired executor lock for run_id=build130-schema-validation-prevention (PID=118040, host=Harry)
[2025-12-23 15:02:06] INFO: Applying pre-emptive encoding fix...
[2025-12-23 15:02:06] INFO: [Recovery] Fixing Unicode encoding error...
[2025-12-23 15:02:06] INFO: [Recovery] SUCCESS: Encoding fixed (UTF-8 enabled)
[2025-12-23 15:02:06] INFO: Database tables initialized
[2025-12-23 15:02:06] INFO: Loaded BuilderOutputConfig: max_lines_for_full_file=1000, max_lines_hard_limit=1000
[2025-12-23 15:02:06] INFO: Doctor execute_fix enabled: True
[2025-12-23 15:02:06] INFO: FileSizeTelemetry initialized: .autonomous_runs\autopack\file_size_telemetry.jsonl
[2025-12-23 15:02:12] INFO: [Qdrant] Connected to localhost:6333
[2025-12-23 15:02:12] INFO: [MemoryService] Using Qdrant backend
[2025-12-23 15:02:16] ERROR: [Qdrant] Failed to ensure collection 'code_docs': [WinError 10061] No connection could be made because the target machine actively refused it
[2025-12-23 15:02:16] WARNING: MemoryService initialization failed, running without memory: [WinError 10061] No connection could be made because the target machine actively refused it
[2025-12-23 15:02:16] INFO: [FileLayout] Project: autopack, Family: build130-schema-validation-prevention, Base: .autonomous_runs\autopack\runs\build130-schema-validation-prevention
[2025-12-23 15:02:16] INFO: Initialized autonomous executor for run: build130-schema-validation-prevention
[2025-12-23 15:02:16] INFO: API URL: http://localhost:8000
[2025-12-23 15:02:16] INFO: Workspace: .
[2025-12-23 15:02:16] INFO: Running proactive startup checks from DEBUG_JOURNAL.md...
[2025-12-23 15:02:16] INFO: [HIGH] Checking: Windows Unicode Fix (PYTHONUTF8)
[2025-12-23 15:02:16] INFO:   Reason: Prevents UnicodeEncodeError with emoji characters in logs (Issue #3)
[2025-12-23 15:02:16] INFO:   Check PASSED
[2025-12-23 15:02:16] INFO: Startup checks complete
[2025-12-23 15:02:17] INFO: [BUILD-123v2] Manifest generator initialized (deterministic scope generation)
[2025-12-23 15:02:17] INFO: [HealthCheck:T0] API Keys: PASSED (0ms) - All required API keys present
[2025-12-23 15:02:17] INFO: [HealthCheck:T0] Database: PASSED (0ms) - Database accessible: C:\dev\Autopack\autopack.db
[2025-12-23 15:02:17] INFO: [HealthCheck:T0] Workspace: PASSED (0ms) - Workspace valid: C:\dev\Autopack
[2025-12-23 15:02:17] INFO: [HealthCheck:T0] Config: PASSED (64ms) - Configuration files valid
[2025-12-23 15:02:17] INFO: Starting autonomous execution loop...
[2025-12-23 15:02:17] INFO: Poll interval: 10s
[2025-12-23 15:02:19] INFO: API server is already running
[2025-12-23 15:02:19] INFO: Initializing infrastructure...
[2025-12-23 15:02:22] INFO: LlmService: Initialized with ModelRouter and UsageRecorder
[2025-12-23 15:02:22] INFO: Quality Gate: Initialized
[2025-12-23 15:02:22] INFO: Iteration 1: Fetching run status...
[2025-12-23 15:02:25] INFO: [GoalAnchor] Initialized: Implement error classification system to prevent infinite retry loops on deterministic failures....
[2025-12-23 15:02:25] INFO: [BUILD-041] Next phase: build130-phase0-circuit-breaker
[2025-12-23 15:02:25] INFO: [BUILD-123v2] Phase 'build130-phase0-circuit-breaker' has no scope - generating manifest...
[2025-12-23 15:02:25] INFO: Generating manifest for run: build130-schema-validation-prevention
[2025-12-23 15:02:25] INFO: Repo structure scanned successfully
[2025-12-23 15:02:25] INFO: [BUILD-128] Phase 'build130-phase0-circuit-breaker' has deliverables - inferring scope from deliverables
[2025-12-23 15:02:25] INFO: [BUILD-128] Inferred category 'backend' from deliverables (confidence=50.0%)
[2025-12-23 15:02:25] INFO: [BUILD-128] Generated scope: 4 paths, 1 context files
[2025-12-23 15:02:25] INFO: [Isolation] autopack_internal_mode enabled - unlocking src/autopack/ for maintenance
[2025-12-23 15:02:25] INFO: [BUILD-123v2] Generated scope for 'build130-phase0-circuit-breaker': category=backend, confidence=50.0%, files=4
[2025-12-23 15:02:25] INFO: [build130-phase0-circuit-breaker] Step 1/4: Generating code with Builder (via LlmService)...
[2025-12-23 15:02:25] WARNING: [Scope] Missing scope files: ['src/autopack/error_classifier.py', 'tests/test_circuit_breaker.py', 'docs/DEBUG_JOURNAL.md']
[2025-12-23 15:02:25] INFO: [Scope] Loaded 5 files from scope configuration
[2025-12-23 15:02:25] INFO: [Scope] Scope paths: ['src/autopack/error_classifier.py', 'src/autopack/autonomous_executor.py', 'tests/test_circuit_breaker.py', 'docs/DEBUG_JOURNAL.md']
[2025-12-23 15:02:25] INFO: [Scope] Loaded paths: ['src/autopack/error_classifier.py', 'src/autopack/autonomous_executor.py', 'tests/test_circuit_breaker.py', 'docs/DEBUG_JOURNAL.md', 'src/autopack/models.py']...
[2025-12-23 15:02:25] INFO: [build130-phase0-circuit-breaker] Loaded 5 files for context
[2025-12-23 15:02:25] INFO: [Scope] Validation passed: 5 files match scope configuration
[2025-12-23 15:02:25] WARNING: [build130-phase0-circuit-breaker] Large files in context (read-only, >1000 lines): src/autopack/autonomous_executor.py
[2025-12-23 15:02:25] INFO: [build130-phase0-circuit-breaker] Built deliverables contract: 4 required paths, 0 forbidden patterns
[2025-12-23 15:02:25] INFO: [build130-phase0-circuit-breaker] Deliverables manifest gate PASSED (4 paths)
[2025-12-23 15:02:25] INFO: [ModelSelector] Selected claude-sonnet-4-5 for builder (complexity=medium, attempt=0, intra_tier=0)
[2025-12-23 15:02:25] INFO: [MODEL-SELECT] Builder: model=claude-sonnet-4-5, complexity=medium->medium, attempt=0, category=backend
[2025-12-23 15:02:25] INFO: [Builder] File src/autopack/autonomous_executor.py (8311 lines) exceeds hard limit; enabling structured edit mode
[2025-12-23 15:02:25] WARNING: CONSOLIDATED_DEBUG.md not found at C:\dev\Autopack\.autonomous_runs\file-organizer-app-v1\archive\CONSOLIDATED_DEBUG.md
[2025-12-23 15:02:27] INFO: HTTP Request: POST https://api.anthropic.com/v1/messages "HTTP/1.1 200 OK"
[2025-12-23 15:04:49] INFO: [TOKEN_BUDGET] phase=build130-phase0-circuit-breaker complexity=medium input=7249 output=10735/12288 total=17984 utilization=87.4% model=claude-sonnet-4-5
[2025-12-23 15:04:49] INFO: [Builder] Attempting JSON repair on malformed structured_edit output...
[2025-12-23 15:04:49] INFO: [JsonRepair] Rule-based repair succeeded: strip_prefix+strip_suffix+balance_brackets+fix_trailing_commas
[2025-12-23 15:04:49] INFO: [Builder] Structured edit JSON repair succeeded via rule_based:strip_prefix+strip_suffix+balance_brackets+fix_trailing_commas
[2025-12-23 15:04:49] INFO: [Builder] Detected full-file format in structured_edit mode - auto-converting to operations
[2025-12-23 15:04:49] INFO: [Builder] Converted create file 'src/autopack/error_classifier.py' to prepend operation
[2025-12-23 15:04:49] INFO: [Builder] Converted modify file 'src/autopack/autonomous_executor.py' to replace operation (lines 1-8311)
[2025-12-23 15:04:49] INFO: [Builder] Converted create file 'tests/test_circuit_breaker.py' to prepend operation
[2025-12-23 15:04:49] INFO: [Builder] Converted create file 'docs/DEBUG_JOURNAL.md' to prepend operation
[2025-12-23 15:04:49] INFO: [Builder] Format conversion successful: 4 operations generated
[2025-12-23 15:04:49] INFO: [Builder] Generated structured edit plan with 4 operations
[2025-12-23 15:04:49] INFO: [build130-phase0-circuit-breaker] Builder succeeded (17984 tokens)
[2025-12-23 15:04:49] INFO: [build130-phase0-circuit-breaker] Deliverables validation:
[2025-12-23 15:04:49] INFO:   Expected: 4 files
[2025-12-23 15:04:49] INFO:   Found in patch: 0 files
[2025-12-23 15:04:49] ERROR: [build130-phase0-circuit-breaker] ‚ùå Deliverables validation FAILED
[2025-12-23 15:04:49] ERROR: [build130-phase0-circuit-breaker]    Missing 4 required deliverables:
[2025-12-23 15:04:49] ERROR: [build130-phase0-circuit-breaker]      - docs/DEBUG_JOURNAL.md
[2025-12-23 15:04:49] ERROR: [build130-phase0-circuit-breaker]      - src/autopack/autonomous_executor.py
[2025-12-23 15:04:49] ERROR: [build130-phase0-circuit-breaker]      - src/autopack/error_classifier.py
[2025-12-23 15:04:49] ERROR: [build130-phase0-circuit-breaker]      - tests/test_circuit_breaker.py
[2025-12-23 15:04:49] ERROR: [build130-phase0-circuit-breaker] Deliverables validation failed
[2025-12-23 15:04:49] ERROR: [build130-phase0-circuit-breaker] ‚ùå DELIVERABLES VALIDATION FAILED

Your patch does not create the required deliverable files.

üìã REQUIRED DELIVERABLES:
  ‚úì docs/DEBUG_JOURNAL.md
  ‚úì src/autopack/autonomous_executor.py
  ‚úì src/autopack/error_classifier.py
  ‚úì tests/test_circuit_breaker.py

üìÑ FILES IN YOUR PATCH:
  (none)

‚úÖ ALLOWED ROOTS (you may ONLY create files under these prefixes):
  - docs/
  - src/autopack/
  - tests/

‚ùå MISSING FILES:
  - docs/DEBUG_JOURNAL.md
  - src/autopack/autonomous_executor.py
  - src/autopack/error_classifier.py
  - tests/test_circuit_breaker.py

üîß ACTION REQUIRED:
Please regenerate the patch with files in the correct locations.
Ensure all file paths match the deliverables specification exactly.
[2025-12-23 15:04:49] INFO: [Isolation] autopack_internal_mode enabled - unlocking src/autopack/ for maintenance
[2025-12-23 15:05:32] INFO: [RetrievalTrigger] Phase build130-phase0-circuit-breaker attempt 1: Error messages lack context - triggering deep retrieval
[2025-12-23 15:05:32] INFO: [DeepRetrieval] Starting bounded retrieval for phase build130-phase0-circuit-breaker (priority=medium)
[2025-12-23 15:05:32] INFO: [DeepRetrieval] Retrieved 0 run artifacts (0 bytes), 1 SOT files (15360 bytes), 0 memory entries (0 bytes)
[2025-12-23 15:05:32] WARNING: [build130-phase0-circuit-breaker] Attempt 1/5 failed, will escalate model for next retry
[2025-12-23 15:05:32] WARNING: Phase build130-phase0-circuit-breaker finished with status: DELIVERABLES_VALIDATION_FAILED
[2025-12-23 15:05:32] INFO: Waiting 10s before next phase...
[2025-12-23 15:05:42] INFO: Iteration 2: Fetching run status...
[2025-12-23 15:05:44] INFO: [BUILD-041] Next phase: build130-phase1-schema-validator
[2025-12-23 15:05:44] INFO: [BUILD-123v2] Phase 'build130-phase1-schema-validator' has no scope - generating manifest...
[2025-12-23 15:05:44] INFO: Generating manifest for run: build130-schema-validation-prevention
[2025-12-23 15:05:44] INFO: Repo structure scanned successfully
[2025-12-23 15:05:44] INFO: [BUILD-128] Phase 'build130-phase1-schema-validator' has deliverables - inferring scope from deliverables
[2025-12-23 15:05:44] INFO: [BUILD-128] Inferred category 'backend' from deliverables (confidence=50.0%)
[2025-12-23 15:05:44] INFO: [BUILD-128] Generated scope: 6 paths, 1 context files
[2025-12-23 15:05:44] INFO: [Isolation] autopack_internal_mode enabled - unlocking src/autopack/ for maintenance
[2025-12-23 15:05:44] INFO: [BUILD-123v2] Generated scope for 'build130-phase1-schema-validator': category=backend, confidence=50.0%, files=6
[2025-12-23 15:05:44] INFO: [build130-phase1-schema-validator] Step 1/4: Generating code with Builder (via LlmService)...
[2025-12-23 15:05:44] WARNING: [Scope] Missing scope files: ['src/autopack/schema_validator.py', 'src/autopack/break_glass_repair.py', 'scripts/break_glass_repair.py', 'tests/test_schema_validator.py', 'tests/test_break_glass_repair.py']
[2025-12-23 15:05:44] INFO: [Scope] Loaded 7 files from scope configuration
[2025-12-23 15:05:44] INFO: [Scope] Scope paths: ['src/autopack/schema_validator.py', 'src/autopack/break_glass_repair.py', 'scripts/break_glass_repair.py', 'src/autopack/autonomous_executor.py', 'tests/test_schema_validator.py', 'tests/test_break_glass_repair.py']
[2025-12-23 15:05:44] INFO: [Scope] Loaded paths: ['src/autopack/schema_validator.py', 'src/autopack/break_glass_repair.py', 'scripts/break_glass_repair.py', 'src/autopack/autonomous_executor.py', 'tests/test_schema_validator.py', 'tests/test_break_glass_repair.py', 'src/autopack/models.py']...
[2025-12-23 15:05:44] INFO: [build130-phase1-schema-validator] Loaded 7 files for context
[2025-12-23 15:05:44] INFO: [Scope] Validation passed: 7 files match scope configuration
[2025-12-23 15:05:44] WARNING: [build130-phase1-schema-validator] Large files in context (read-only, >1000 lines): src/autopack/autonomous_executor.py
[2025-12-23 15:05:45] INFO: [build130-phase1-schema-validator] Learning context: 0 rules, 5 hints
[2025-12-23 15:05:45] INFO: [build130-phase1-schema-validator] Built deliverables contract: 6 required paths, 0 forbidden patterns
[2025-12-23 15:05:45] INFO: [build130-phase1-schema-validator] Deliverables manifest gate PASSED (6 paths)
[2025-12-23 15:05:45] INFO: [ModelSelector] Selected claude-sonnet-4-5 for builder (complexity=high, attempt=0, intra_tier=0)
[2025-12-23 15:05:45] INFO: [MODEL-SELECT] Builder: model=claude-sonnet-4-5, complexity=high->high, attempt=0, category=backend
[2025-12-23 15:05:45] INFO: [Builder] File src/autopack/autonomous_executor.py (8311 lines) exceeds hard limit; enabling structured edit mode
[2025-12-23 15:05:45] WARNING: CONSOLIDATED_DEBUG.md not found at C:\dev\Autopack\.autonomous_runs\file-organizer-app-v1\archive\CONSOLIDATED_DEBUG.md
[2025-12-23 15:05:50] INFO: Retrying request to /v1/messages in 0.498430 seconds
[2025-12-23 15:05:53] INFO: HTTP Request: POST https://api.anthropic.com/v1/messages "HTTP/1.1 200 OK"
[2025-12-23 15:08:55] INFO: [TOKEN_BUDGET] phase=build130-phase1-schema-validator complexity=high input=7605 output=16119/16384 total=23724 utilization=98.4% model=claude-sonnet-4-5
[2025-12-23 15:08:55] INFO: [Builder] Detected full-file format in structured_edit mode - auto-converting to operations
[2025-12-23 15:08:55] INFO: [Builder] Converted create file 'src/autopack/schema_validator.py' to prepend operation
[2025-12-23 15:08:55] INFO: [Builder] Converted create file 'src/autopack/break_glass_repair.py' to prepend operation
[2025-12-23 15:08:55] INFO: [Builder] Converted create file 'scripts/break_glass_repair.py' to prepend operation
[2025-12-23 15:08:55] INFO: [Builder] Converted modify file 'src/autopack/autonomous_executor.py' to replace operation (lines 1-8311)
[2025-12-23 15:08:55] INFO: [Builder] Converted create file 'tests/test_schema_validator.py' to prepend operation
[2025-12-23 15:08:55] INFO: [Builder] Converted create file 'tests/test_break_glass_repair.py' to prepend operation
[2025-12-23 15:08:55] INFO: [Builder] Format conversion successful: 6 operations generated
[2025-12-23 15:08:55] INFO: [Builder] Generated structured edit plan with 6 operations
[2025-12-23 15:08:55] INFO: [build130-phase1-schema-validator] Builder succeeded (23724 tokens)
[2025-12-23 15:08:55] INFO: [build130-phase1-schema-validator] Deliverables validation:
[2025-12-23 15:08:55] INFO:   Expected: 6 files
[2025-12-23 15:08:55] INFO:   Found in patch: 0 files
[2025-12-23 15:08:55] ERROR: [build130-phase1-schema-validator] ‚ùå Deliverables validation FAILED
[2025-12-23 15:08:55] ERROR: [build130-phase1-schema-validator]    Missing 6 required deliverables:
[2025-12-23 15:08:55] ERROR: [build130-phase1-schema-validator]      - scripts/break_glass_repair.py
[2025-12-23 15:08:55] ERROR: [build130-phase1-schema-validator]      - src/autopack/autonomous_executor.py
[2025-12-23 15:08:55] ERROR: [build130-phase1-schema-validator]      - src/autopack/break_glass_repair.py
[2025-12-23 15:08:55] ERROR: [build130-phase1-schema-validator]      - src/autopack/schema_validator.py
[2025-12-23 15:08:55] ERROR: [build130-phase1-schema-validator]      - tests/test_break_glass_repair.py
[2025-12-23 15:08:55] ERROR: [build130-phase1-schema-validator]      ... and 1 more
[2025-12-23 15:08:55] ERROR: [build130-phase1-schema-validator] Deliverables validation failed
[2025-12-23 15:08:55] ERROR: [build130-phase1-schema-validator] ‚ùå DELIVERABLES VALIDATION FAILED

Your patch does not create the required deliverable files.

üìã REQUIRED DELIVERABLES:
  ‚úì scripts/break_glass_repair.py
  ‚úì src/autopack/autonomous_executor.py
  ‚úì src/autopack/break_glass_repair.py
  ‚úì src/autopack/schema_validator.py
  ‚úì tests/test_break_glass_repair.py
  ‚úì tests/test_schema_validator.py

üìÑ FILES IN YOUR PATCH:
  (none)

‚úÖ ALLOWED ROOTS (you may ONLY create files under these prefixes):
  - scripts/
  - src/autopack/
  - tests/

‚ùå MISSING FILES:
  - scripts/break_glass_repair.py
  - src/autopack/autonomous_executor.py
  - src/autopack/break_glass_repair.py
  - src/autopack/schema_validator.py
  - tests/test_break_glass_repair.py
  - tests/test_schema_validator.py

üîß ACTION REQUIRED:
Please regenerate the patch with files in the correct locations.
Ensure all file paths match the deliverables specification exactly.
[2025-12-23 15:08:55] INFO: [Isolation] autopack_internal_mode enabled - unlocking src/autopack/ for maintenance
[2025-12-23 15:09:38] INFO: [RetrievalTrigger] Phase build130-phase1-schema-validator attempt 1: Error messages lack context - triggering deep retrieval
[2025-12-23 15:09:38] INFO: [DeepRetrieval] Starting bounded retrieval for phase build130-phase1-schema-validator (priority=medium)
[2025-12-23 15:09:39] INFO: [DeepRetrieval] Retrieved 0 run artifacts (0 bytes), 1 SOT files (15360 bytes), 0 memory entries (0 bytes)
[2025-12-23 15:09:39] WARNING: [build130-phase1-schema-validator] Attempt 1/5 failed, will escalate model for next retry
[2025-12-23 15:09:39] WARNING: Phase build130-phase1-schema-validator finished with status: DELIVERABLES_VALIDATION_FAILED
[2025-12-23 15:09:39] INFO: Waiting 10s before next phase...
[2025-12-23 15:09:49] INFO: Iteration 3: Fetching run status...
[2025-12-23 15:09:51] INFO: No more executable phases, execution complete
[2025-12-23 15:09:51] INFO: Autonomous execution loop finished
[2025-12-23 15:09:51] INFO: [ARCHIVE_CONSOLIDATOR] Logged build event: RUN_COMPLETE
[2025-12-23 15:09:51] WARNING: Failed to write run_summary from executor: name 'models' is not defined
[2025-12-23 15:09:51] INFO: Learning Pipeline: Promoted 13 hints to persistent project rules
[2025-12-23 15:09:51] INFO: Learning Pipeline: Marked rules updated (total: 80 rules)
[2025-12-23 15:09:51] INFO: [PLANNING NOTICE] 13 new rules promoted. Future planning should incorporate 80 total project rules.
[2025-12-23 15:09:51] INFO: [LOCK] Released executor lock for run_id=build130-schema-validation-prevention (PID=118040)
