[2025-12-20 19:07:49] INFO: [LOCK] Acquired executor lock for run_id=autopack-diagnostics-parity-v2 (PID=79780, host=Harry)
[2025-12-20 19:07:49] INFO: Applying pre-emptive encoding fix...
[2025-12-20 19:07:49] INFO: [Recovery] Fixing Unicode encoding error...
[2025-12-20 19:07:49] INFO: [Recovery] SUCCESS: Encoding fixed (UTF-8 enabled)
[2025-12-20 19:07:49] INFO: Database tables initialized
[2025-12-20 19:07:49] INFO: Loaded BuilderOutputConfig: max_lines_for_full_file=1000, max_lines_hard_limit=1000
[2025-12-20 19:07:49] INFO: Doctor execute_fix enabled: True
[2025-12-20 19:07:49] INFO: FileSizeTelemetry initialized: .autonomous_runs\autopack\file_size_telemetry.jsonl
[2025-12-20 19:07:59] INFO: [MemoryService] Qdrant unavailable ([WinError 10061] No connection could be made because the target machine actively refused it); using FAISS fallback
[2025-12-20 19:07:59] INFO: [FAISS] Created collection 'code_docs' with dim=1536
[2025-12-20 19:07:59] INFO: [FAISS] Created collection 'run_summaries' with dim=1536
[2025-12-20 19:07:59] INFO: [FAISS] Created collection 'errors_ci' with dim=1536
[2025-12-20 19:07:59] INFO: [FAISS] Created collection 'doctor_hints' with dim=1536
[2025-12-20 19:07:59] INFO: [FAISS] Created collection 'planning' with dim=1536
[2025-12-20 19:07:59] INFO: [MemoryService] Initialized (backend=faiss, enabled=True, top_k=5)
[2025-12-20 19:07:59] INFO: MemoryService initialized (enabled=True)
[2025-12-20 19:07:59] INFO: [FileLayout] Project: autopack, Family: autopack-diagnostics-parity-v2, Base: .autonomous_runs\autopack\runs\autopack-diagnostics-parity-v2
[2025-12-20 19:07:59] INFO: Initialized autonomous executor for run: autopack-diagnostics-parity-v2
[2025-12-20 19:07:59] INFO: API URL: http://127.0.0.1:8001
[2025-12-20 19:07:59] INFO: Workspace: .
[2025-12-20 19:07:59] INFO: Running proactive startup checks from DEBUG_JOURNAL.md...
[2025-12-20 19:07:59] INFO: [HIGH] Checking: Windows Unicode Fix (PYTHONUTF8)
[2025-12-20 19:07:59] INFO:   Reason: Prevents UnicodeEncodeError with emoji characters in logs (Issue #3)
[2025-12-20 19:07:59] INFO:   Check PASSED
[2025-12-20 19:07:59] INFO: Startup checks complete
[2025-12-20 19:08:00] INFO: [HealthCheck:T0] API Keys: PASSED (0ms) - All required API keys present
[2025-12-20 19:08:00] INFO: [HealthCheck:T0] Database: PASSED (0ms) - Database accessible: c:\dev\Autopack\autopack.db
[2025-12-20 19:08:00] INFO: [HealthCheck:T0] Workspace: PASSED (0ms) - Workspace valid: c:\dev\Autopack
[2025-12-20 19:08:00] INFO: [HealthCheck:T0] Config: PASSED (22ms) - Configuration files valid
[2025-12-20 19:08:00] INFO: [HealthCheck:T0] Vector Memory: PASSED (1031ms) - Qdrant not reachable at localhost:6333; Autopack will fall back to FAISS. To enable Qdrant: run `docker compose up -d qdrant` (docker-compose.yml includes it).
[2025-12-20 19:08:00] INFO: Starting autonomous execution loop...
[2025-12-20 19:08:00] INFO: Poll interval: 10s
[2025-12-20 19:08:00] INFO: Max iterations: 200
[2025-12-20 19:08:00] INFO: API server is already running
[2025-12-20 19:08:00] INFO: Initializing infrastructure...
[2025-12-20 19:08:03] INFO: LlmService: Initialized with ModelRouter and UsageRecorder
[2025-12-20 19:08:03] INFO: Quality Gate: Initialized
[2025-12-20 19:08:03] INFO: Iteration 1: Fetching run status...
[2025-12-20 19:08:03] INFO: [GoalAnchor] Initialized: Diagnostics Parity (Stage 2A): Bounded deep retrieval escalation....
[2025-12-20 19:08:03] INFO: [diagnostics-deep-retrieval] Found executable phase: state=PhaseState.QUEUED, attempts=0/None
[2025-12-20 19:08:03] INFO: [BUILD-041] Next phase: diagnostics-deep-retrieval
[2025-12-20 19:08:03] INFO: [diagnostics-deep-retrieval] Step 1/4: Generating code with Builder (via LlmService)...
[2025-12-20 19:08:03] INFO: [Context] Loaded 7 recently modified files for fresh context
[2025-12-20 19:08:03] INFO: [Context] Total: 21 files loaded for Builder context (modified=7, mentioned=0)
[2025-12-20 19:08:03] INFO: [TOKEN_BUDGET] Context loading: ~19998 tokens (99% of 20000 budget)
[2025-12-20 19:08:03] INFO: [diagnostics-deep-retrieval] Loaded 21 files for context
[2025-12-20 19:08:03] INFO: [diagnostics-deep-retrieval] Built deliverables contract: 5 required paths, 0 forbidden patterns
[2025-12-20 19:08:03] INFO: [ModelSelector] Selected claude-sonnet-4-5 for builder (complexity=low, attempt=0, intra_tier=0)
[2025-12-20 19:08:08] INFO: HTTP Request: POST https://api.anthropic.com/v1/messages "HTTP/1.1 200 OK"
[2025-12-20 19:08:08] INFO: [diagnostics-deep-retrieval] Deliverables manifest gate PASSED (5 paths)
[2025-12-20 19:08:08] INFO: [ModelSelector] Complexity escalated: MEDIUM -> high for phase diagnostics-deep-retrieval
[2025-12-20 19:08:08] INFO: [ModelSelector] Selected claude-sonnet-4-5 for builder (complexity=high, attempt=0, intra_tier=0)
[2025-12-20 19:08:08] INFO: [MODEL-SELECT] Builder: model=claude-sonnet-4-5, complexity=MEDIUM->high, attempt=0, category=IMPLEMENT_FEATURE
[2025-12-20 19:08:08] WARNING: [TOKEN_SOFT_CAP] run_id=autopack-diagnostics-parity-v2 phase_id=diagnostics-deep-retrieval est_total=33376 soft_cap=32000 (prompt=21908 completion=11468 complexity=medium)
[2025-12-20 19:08:11] INFO: HTTP Request: POST https://api.anthropic.com/v1/messages "HTTP/1.1 200 OK"
[2025-12-20 19:11:23] INFO: [TOKEN_BUDGET] phase=diagnostics-deep-retrieval complexity=medium input=29132 output=16384/16384 total=45516 utilization=100.0% model=claude-sonnet-4-5
[2025-12-20 19:11:23] WARNING: [Builder] Output was truncated (stop_reason=max_tokens)
[2025-12-20 19:11:23] WARNING: [TOKEN_BUDGET] TRUNCATION: phase=diagnostics-deep-retrieval used 16384/16384 tokens (100% utilization) - consider increasing max_tokens for this complexity level
[2025-12-20 19:11:23] WARNING: [Builder] WARNING: Full-file JSON parse failed; requesting regeneration (no legacy diff fallback)
[2025-12-20 19:11:23] WARNING: [Builder] Wrote failing full-file output to builder_fullfile_failure_latest.json
[2025-12-20 19:11:23] INFO: [Builder] Attempting JSON repair on malformed output...
[2025-12-20 19:11:23] WARNING: [JsonRepair] All repair strategies failed for error: Failed to parse JSON with 'files' array
[2025-12-20 19:11:23] ERROR: LLM output invalid format - expected JSON with 'files' array (repair also failed) (stop_reason=max_tokens)
First 500 chars: ```json
{
  "summary": "Implement Stage 2A diagnostics deep retrieval system with bounded escalation, recency awareness, and strict per-category caps to prevent context noise when Stage 1 handoff bundles lack sufficient signal.",
  "files": [
    {
      "path": "src/autopack/diagnostics/deep_retrieval.py",
      "mode": "create",
      "new_content": "\"\"\"Deep Retrieval Module for Diagnostics Stage 2A.\n\nProvides bounded, recency-aware retrieval from run-local artifacts, SOT files,\nand opti
[2025-12-20 19:11:23] WARNING: [diagnostics-deep-retrieval] Falling back to structured_edit after full-file parse/truncation failure
[2025-12-20 19:11:23] INFO: [ModelSelector] Complexity escalated: MEDIUM -> high for phase diagnostics-deep-retrieval
[2025-12-20 19:11:23] INFO: [ModelSelector] Selected claude-sonnet-4-5 for builder (complexity=high, attempt=0, intra_tier=0)
[2025-12-20 19:11:23] INFO: [MODEL-SELECT] Builder: model=claude-sonnet-4-5, complexity=MEDIUM->high, attempt=0, category=IMPLEMENT_FEATURE
[2025-12-20 19:11:26] INFO: HTTP Request: POST https://api.anthropic.com/v1/messages "HTTP/1.1 200 OK"
[2025-12-20 19:14:32] INFO: [TOKEN_BUDGET] phase=diagnostics-deep-retrieval complexity=medium input=1992 output=16384/16384 total=18376 utilization=100.0% model=claude-sonnet-4-5
[2025-12-20 19:14:32] WARNING: [Builder] Output was truncated (stop_reason=max_tokens)
[2025-12-20 19:14:32] WARNING: [TOKEN_BUDGET] TRUNCATION: phase=diagnostics-deep-retrieval used 16384/16384 tokens (100% utilization) - consider increasing max_tokens for this complexity level
[2025-12-20 19:14:32] INFO: [Builder] Attempting JSON repair on malformed structured_edit output...
[2025-12-20 19:14:32] WARNING: [JsonRepair] All repair strategies failed for error: Unterminated string starting at: line 26 column 22 (char 50926)
[2025-12-20 19:14:32] ERROR: LLM output invalid format - expected JSON with 'operations' array (stop_reason=max_tokens)
First 500 chars: ```json
{
  "files": [
    {
      "path": "src/autopack/diagnostics/deep_retrieval.py",
      "mode": "create",
      "new_content": "\"\"\"Deep retrieval module for diagnostics escalation.\n\nWhen Stage 1 evidence (handoff bundle) lacks sufficient signal, this module\nretrieves targeted snippets from run-local artifacts, SOT, and optional memory\nwith strict per-category caps and recency awareness.\n\"\"\"\n\nimport logging\nfrom dataclasses import dataclass, field\nfrom datetime import dateti
[2025-12-20 19:14:32] ERROR: [diagnostics-deep-retrieval] Builder failed: LLM output invalid format - expected JSON with 'operations' array (stop_reason=max_tokens)
[2025-12-20 19:14:32] INFO: [TOKEN_ESCALATION] phase=diagnostics-deep-retrieval attempt=1 tokens=8192â†’12288 (truncation detected, auto-retrying)
[2025-12-20 19:14:33] INFO: [MemoryService] Stored decision log
[2025-12-20 19:14:33] INFO: [diagnostics-deep-retrieval] Updated counters in DB: retry=1, epoch=0, escalation=0 (reason: TOKEN_ESCALATION)
[2025-12-20 19:14:33] WARNING: [diagnostics-deep-retrieval] Attempt 1/5 failed, will escalate model for next retry
[2025-12-20 19:14:33] WARNING: Phase diagnostics-deep-retrieval finished with status: TOKEN_ESCALATION
[2025-12-20 19:14:33] INFO: Waiting 10s before next phase...
[2025-12-20 19:14:43] INFO: Iteration 2: Fetching run status...
[2025-12-20 19:14:43] INFO: [diagnostics-deep-retrieval] Found executable phase: state=PhaseState.QUEUED, attempts=0/None
[2025-12-20 19:14:43] INFO: [BUILD-041] Next phase: diagnostics-deep-retrieval
[2025-12-20 19:14:43] INFO: [diagnostics-deep-retrieval] Step 1/4: Generating code with Builder (via LlmService)...
[2025-12-20 19:14:43] INFO: [Context] Loaded 7 recently modified files for fresh context
[2025-12-20 19:14:43] INFO: [Context] Total: 21 files loaded for Builder context (modified=7, mentioned=0)
[2025-12-20 19:14:43] INFO: [TOKEN_BUDGET] Context loading: ~19998 tokens (99% of 20000 budget)
[2025-12-20 19:14:43] INFO: [diagnostics-deep-retrieval] Loaded 21 files for context
[2025-12-20 19:14:43] INFO: [diagnostics-deep-retrieval] Retrieved 284 chars of context from memory
[2025-12-20 19:14:43] INFO: [diagnostics-deep-retrieval] Built deliverables contract: 5 required paths, 0 forbidden patterns
[2025-12-20 19:14:43] INFO: [ModelSelector] Selected claude-opus-4-5 for builder (complexity=low, attempt=1, intra_tier=1)
[2025-12-20 19:14:45] INFO: HTTP Request: POST https://api.anthropic.com/v1/messages "HTTP/1.1 200 OK"
[2025-12-20 19:14:45] INFO: [diagnostics-deep-retrieval] Deliverables manifest gate PASSED (5 paths)
[2025-12-20 19:14:45] INFO: [ModelSelector] Complexity escalated: MEDIUM -> high for phase diagnostics-deep-retrieval
[2025-12-20 19:14:45] INFO: [ModelSelector] Selected claude-opus-4-5 for builder (complexity=high, attempt=1, intra_tier=1)
[2025-12-20 19:14:45] INFO: [MODEL-SELECT] Builder: model=claude-opus-4-5, complexity=MEDIUM->high, attempt=1, category=IMPLEMENT_FEATURE
[2025-12-20 19:14:45] WARNING: [TOKEN_SOFT_CAP] run_id=autopack-diagnostics-parity-v2 phase_id=diagnostics-deep-retrieval est_total=33460 soft_cap=32000 (prompt=21992 completion=11468 complexity=medium)
[2025-12-20 19:14:48] INFO: HTTP Request: POST https://api.anthropic.com/v1/messages "HTTP/1.1 200 OK"
[2025-12-20 19:17:34] INFO: [TOKEN_BUDGET] phase=diagnostics-deep-retrieval complexity=medium input=29238 output=16384/16384 total=45622 utilization=100.0% model=claude-opus-4-5
[2025-12-20 19:17:34] WARNING: [Builder] Output was truncated (stop_reason=max_tokens)
[2025-12-20 19:17:34] WARNING: [TOKEN_BUDGET] TRUNCATION: phase=diagnostics-deep-retrieval used 16384/16384 tokens (100% utilization) - consider increasing max_tokens for this complexity level
[2025-12-20 19:17:35] INFO: [Builder] Generated 6 file diffs locally from full-file content
[2025-12-20 19:17:35] INFO: [diagnostics-deep-retrieval] Builder succeeded (45622 tokens)
[2025-12-20 19:17:35] INFO: [diagnostics-deep-retrieval] Deliverables validation:
[2025-12-20 19:17:35] INFO:   Expected: 5 files
[2025-12-20 19:17:35] INFO:   Found in patch: 6 files
[2025-12-20 19:17:35] ERROR: [diagnostics-deep-retrieval] âŒ Deliverables validation FAILED
[2025-12-20 19:17:35] ERROR: [diagnostics-deep-retrieval]    Missing 1 required deliverables:
[2025-12-20 19:17:35] ERROR: [diagnostics-deep-retrieval]      - docs/autopack/diagnostics_deep_retrieval.md
[2025-12-20 19:17:35] ERROR: [diagnostics-deep-retrieval]    
ðŸš« Files created OUTSIDE the approved manifest (hard violation):
[2025-12-20 19:17:35] ERROR: [diagnostics-deep-retrieval]      - src/autopack/diagnostics/__init__.py
[2025-12-20 19:17:35] ERROR: [diagnostics-deep-retrieval]      - tests/autopack/diagnostics/__init__.py
[2025-12-20 19:17:35] ERROR: [diagnostics-deep-retrieval] Deliverables validation failed
[2025-12-20 19:17:35] ERROR: [diagnostics-deep-retrieval] âŒ DELIVERABLES VALIDATION FAILED

Your patch does not create the required deliverable files.

ðŸ“‹ REQUIRED DELIVERABLES:
  âœ“ docs/autopack/diagnostics_deep_retrieval.md
  âœ“ src/autopack/diagnostics/deep_retrieval.py
  âœ“ src/autopack/diagnostics/retrieval_triggers.py
  âœ“ tests/autopack/diagnostics/test_deep_retrieval.py
  âœ“ tests/autopack/diagnostics/test_retrieval_triggers.py

ðŸ“„ FILES IN YOUR PATCH:
  â€¢ src/autopack/diagnostics/__init__.py
  â€¢ src/autopack/diagnostics/deep_retrieval.py
  â€¢ src/autopack/diagnostics/retrieval_triggers.py
  â€¢ tests/autopack/diagnostics/__init__.py
  â€¢ tests/autopack/diagnostics/test_deep_retrieval.py
  â€¢ tests/autopack/diagnostics/test_retrieval_triggers.py

âœ… ALLOWED ROOTS (you may ONLY create files under these prefixes):
  - docs/autopack/
  - src/autopack/
  - tests/autopack/

ðŸš« OUTSIDE-MANIFEST FILES (hard violation):
  - src/autopack/diagnostics/__init__.py
  - tests/autopack/diagnostics/__init__.py

âŒ MISSING FILES:
  - docs/autopack/diagnostics_deep_retrieval.md

ðŸ”§ ACTION REQUIRED:
Please regenerate the patch with files in the correct locations.
Ensure all file paths match the deliverables specification exactly.
[2025-12-20 19:17:35] INFO: [MemoryService] Stored decision log
[2025-12-20 19:17:35] INFO: [Doctor] Routine failure detected -> using cheap model
[2025-12-20 19:17:42] INFO: HTTP Request: POST https://api.anthropic.com/v1/messages "HTTP/1.1 200 OK"
[2025-12-20 19:17:42] INFO: [Doctor] Diagnosis complete: action=replan, confidence=0.75, phase=diagnostics-deep-retrieval, model=claude-sonnet-4-5, is_complex=False, escalated=False, health_ratio=0.08
[2025-12-20 19:17:42] INFO: [Doctor] Diagnosis complete: action=replan, confidence=0.75, phase_calls=1, run_calls=1
[2025-12-20 19:17:42] INFO: [Doctor] Action: replan - triggering approach revision
[2025-12-20 19:17:42] INFO: [Re-Plan] Revising approach for diagnostics-deep-retrieval due to doctor_replan:Phase 'diagnostics-deep-retrieval' failed delivera (attempt 1)
[2025-12-20 19:17:42] INFO: [GoalAnchor] Original intent: Diagnostics Parity (Stage 2A): Bounded deep retrieval escalation....
[2025-12-20 19:17:51] INFO: HTTP Request: POST https://api.anthropic.com/v1/messages "HTTP/1.1 200 OK"
[2025-12-20 19:17:51] INFO: [GoalAnchor] Alignment classification: narrower - Heuristic detection: revision appears to reduce scope
[2025-12-20 19:17:51] WARNING: [GoalAnchor] WARNING: Revision appears to narrow scope for diagnostics-deep-retrieval. Original intent: 'Diagnostics Parity (Stage 2A): Bounded deep retrie...' This may indicate goal drift.
[2025-12-20 19:17:51] INFO: [Re-Plan] Successfully revised phase diagnostics-deep-retrieval
[2025-12-20 19:17:51] INFO: [Re-Plan] Original: Diagnostics Parity (Stage 2A): Bounded deep retrieval escalation.

When Stage 1 evidence (handoff bu...
[2025-12-20 19:17:51] INFO: [Re-Plan] Revised: When Stage 1 evidence (handoff bundle) lacks sufficient signal, implement a two-tier retrieval strat...
[2025-12-20 19:17:51] INFO: [GoalAnchor] REPLAN_TELEMETRY: run_id=autopack-diagnostics-parity-v2 phase_id=diagnostics-deep-retrieval attempt=1 alignment=narrower replan_count_phase=1 replan_count_run=1
[2025-12-20 19:17:51] INFO: [ARCHIVE_CONSOLIDATOR] Logged build event: PHASE_REPLANNED
[2025-12-20 19:17:51] INFO: [MemoryService] Stored plan change
[2025-12-20 19:17:51] INFO: [MemoryService] Stored decision log
[2025-12-20 19:17:51] INFO: [Doctor] Replan successful, phase revised
[2025-12-20 19:17:51] INFO: [diagnostics-deep-retrieval] Doctor triggered re-planning (epoch 0 â†’ 1), preserving retry progress (retry_attempt=1, escalation=0)
[2025-12-20 19:17:51] INFO: [diagnostics-deep-retrieval] Updated counters in DB: retry=1, epoch=1, escalation=0 (reason: DOCTOR_REPLAN)
[2025-12-20 19:17:51] WARNING: Phase diagnostics-deep-retrieval finished with status: REPLAN_REQUESTED
[2025-12-20 19:17:51] INFO: Waiting 10s before next phase...
[2025-12-20 19:18:01] INFO: Iteration 3: Fetching run status...
[2025-12-20 19:18:01] INFO: [AUTO-RESET] Found 1 FAILED phases with retries remaining
[2025-12-20 19:18:01] INFO: [AUTO-RESET] Resetting diagnostics-deep-retrieval to QUEUED (retry_attempt: 1/5)
[2025-12-20 19:18:01] INFO: [diagnostics-deep-retrieval] Found executable phase: state=PhaseState.QUEUED, attempts=1/None
[2025-12-20 19:18:01] INFO: [BUILD-041] Next phase: diagnostics-deep-retrieval
[2025-12-20 19:18:01] INFO: [diagnostics-deep-retrieval] Step 1/4: Generating code with Builder (via LlmService)...
[2025-12-20 19:18:01] INFO: [Context] Loaded 7 recently modified files for fresh context
[2025-12-20 19:18:01] INFO: [Context] Total: 21 files loaded for Builder context (modified=7, mentioned=0)
[2025-12-20 19:18:01] INFO: [TOKEN_BUDGET] Context loading: ~19998 tokens (99% of 20000 budget)
[2025-12-20 19:18:01] INFO: [diagnostics-deep-retrieval] Loaded 21 files for context
[2025-12-20 19:18:01] INFO: [diagnostics-deep-retrieval] Retrieved 744 chars of context from memory
[2025-12-20 19:18:01] INFO: [diagnostics-deep-retrieval] Built deliverables contract: 5 required paths, 0 forbidden patterns
[2025-12-20 19:18:01] INFO: [ModelSelector] Selected claude-opus-4-5 for builder (complexity=low, attempt=1, intra_tier=1)
[2025-12-20 19:18:04] INFO: HTTP Request: POST https://api.anthropic.com/v1/messages "HTTP/1.1 200 OK"
[2025-12-20 19:18:04] INFO: [diagnostics-deep-retrieval] Deliverables manifest gate PASSED (5 paths)
[2025-12-20 19:18:04] INFO: [ModelSelector] Complexity escalated: MEDIUM -> high for phase diagnostics-deep-retrieval
[2025-12-20 19:18:04] INFO: [ModelSelector] Selected claude-opus-4-5 for builder (complexity=high, attempt=1, intra_tier=1)
[2025-12-20 19:18:04] INFO: [MODEL-SELECT] Builder: model=claude-opus-4-5, complexity=MEDIUM->high, attempt=1, category=IMPLEMENT_FEATURE
[2025-12-20 19:18:04] WARNING: [TOKEN_SOFT_CAP] run_id=autopack-diagnostics-parity-v2 phase_id=diagnostics-deep-retrieval est_total=33575 soft_cap=32000 (prompt=22107 completion=11468 complexity=medium)
[2025-12-20 19:18:07] INFO: HTTP Request: POST https://api.anthropic.com/v1/messages "HTTP/1.1 200 OK"
[2025-12-20 19:20:57] INFO: [TOKEN_BUDGET] phase=diagnostics-deep-retrieval complexity=medium input=29379 output=16384/16384 total=45763 utilization=100.0% model=claude-opus-4-5
[2025-12-20 19:20:57] WARNING: [Builder] Output was truncated (stop_reason=max_tokens)
[2025-12-20 19:20:57] WARNING: [TOKEN_BUDGET] TRUNCATION: phase=diagnostics-deep-retrieval used 16384/16384 tokens (100% utilization) - consider increasing max_tokens for this complexity level
[2025-12-20 19:20:57] INFO: [Builder] Generated 6 file diffs locally from full-file content
[2025-12-20 19:20:57] INFO: [diagnostics-deep-retrieval] Builder succeeded (45763 tokens)
[2025-12-20 19:20:57] INFO: [diagnostics-deep-retrieval] Deliverables validation:
[2025-12-20 19:20:57] INFO:   Expected: 5 files
[2025-12-20 19:20:57] INFO:   Found in patch: 6 files
[2025-12-20 19:20:57] ERROR: [diagnostics-deep-retrieval] âŒ Deliverables validation FAILED
[2025-12-20 19:20:57] ERROR: [diagnostics-deep-retrieval]    Missing 1 required deliverables:
[2025-12-20 19:20:57] ERROR: [diagnostics-deep-retrieval]      - docs/autopack/diagnostics_deep_retrieval.md
[2025-12-20 19:20:57] ERROR: [diagnostics-deep-retrieval]    
ðŸš« Files created OUTSIDE the approved manifest (hard violation):
[2025-12-20 19:20:57] ERROR: [diagnostics-deep-retrieval]      - src/autopack/diagnostics/__init__.py
[2025-12-20 19:20:57] ERROR: [diagnostics-deep-retrieval]      - tests/autopack/diagnostics/__init__.py
[2025-12-20 19:20:57] ERROR: [diagnostics-deep-retrieval] Deliverables validation failed
[2025-12-20 19:20:57] ERROR: [diagnostics-deep-retrieval] âŒ DELIVERABLES VALIDATION FAILED

Your patch does not create the required deliverable files.

ðŸ“‹ REQUIRED DELIVERABLES:
  âœ“ docs/autopack/diagnostics_deep_retrieval.md
  âœ“ src/autopack/diagnostics/deep_retrieval.py
  âœ“ src/autopack/diagnostics/retrieval_triggers.py
  âœ“ tests/autopack/diagnostics/test_deep_retrieval.py
  âœ“ tests/autopack/diagnostics/test_retrieval_triggers.py

ðŸ“„ FILES IN YOUR PATCH:
  â€¢ src/autopack/diagnostics/__init__.py
  â€¢ src/autopack/diagnostics/deep_retrieval.py
  â€¢ src/autopack/diagnostics/retrieval_triggers.py
  â€¢ tests/autopack/diagnostics/__init__.py
  â€¢ tests/autopack/diagnostics/test_deep_retrieval.py
  â€¢ tests/autopack/diagnostics/test_retrieval_triggers.py

âœ… ALLOWED ROOTS (you may ONLY create files under these prefixes):
  - docs/autopack/
  - src/autopack/
  - tests/autopack/

ðŸš« OUTSIDE-MANIFEST FILES (hard violation):
  - src/autopack/diagnostics/__init__.py
  - tests/autopack/diagnostics/__init__.py

âŒ MISSING FILES:
  - docs/autopack/diagnostics_deep_retrieval.md

ðŸ”§ ACTION REQUIRED:
Please regenerate the patch with files in the correct locations.
Ensure all file paths match the deliverables specification exactly.
[2025-12-20 19:20:58] INFO: [MemoryService] Stored decision log
[2025-12-20 19:20:58] INFO: [Doctor] Complex failure detected -> using strong model
[2025-12-20 19:21:04] INFO: HTTP Request: POST https://api.anthropic.com/v1/messages "HTTP/1.1 200 OK"
[2025-12-20 19:21:04] INFO: [Doctor] Diagnosis complete: action=retry_with_fix, confidence=0.75, phase=diagnostics-deep-retrieval, model=claude-opus-4-5, is_complex=True, escalated=False, health_ratio=0.12
[2025-12-20 19:21:04] INFO: [Doctor] Diagnosis complete: action=retry_with_fix, confidence=0.75, phase_calls=2, run_calls=2
[2025-12-20 19:21:04] INFO: [Doctor] Action: retry_with_fix - hint stored for next attempt
[2025-12-20 19:21:04] INFO: [MemoryService] Stored decision log
[2025-12-20 19:21:04] INFO: [Re-Plan] Max replans (1) reached for diagnostics-deep-retrieval
[2025-12-20 19:21:04] INFO: [diagnostics-deep-retrieval] Updated counters in DB: retry=2, epoch=1, escalation=0 (reason: DELIVERABLES_VALIDATION_FAILED)
[2025-12-20 19:21:04] WARNING: [diagnostics-deep-retrieval] Attempt 2/5 failed, will escalate model for next retry
[2025-12-20 19:21:04] WARNING: Phase diagnostics-deep-retrieval finished with status: DELIVERABLES_VALIDATION_FAILED
[2025-12-20 19:21:04] INFO: Waiting 10s before next phase...
[2025-12-20 19:21:14] INFO: Iteration 4: Fetching run status...
[2025-12-20 19:21:14] INFO: [AUTO-RESET] Found 1 FAILED phases with retries remaining
[2025-12-20 19:21:14] INFO: [AUTO-RESET] Resetting diagnostics-deep-retrieval to QUEUED (retry_attempt: 2/5)
[2025-12-20 19:21:14] INFO: [diagnostics-deep-retrieval] Found executable phase: state=PhaseState.QUEUED, attempts=2/None
[2025-12-20 19:21:14] INFO: [BUILD-041] Next phase: diagnostics-deep-retrieval
[2025-12-20 19:21:14] INFO: [diagnostics-deep-retrieval] Step 1/4: Generating code with Builder (via LlmService)...
[2025-12-20 19:21:14] INFO: [Context] Loaded 7 recently modified files for fresh context
[2025-12-20 19:21:14] INFO: [Context] Total: 21 files loaded for Builder context (modified=7, mentioned=0)
[2025-12-20 19:21:14] INFO: [TOKEN_BUDGET] Context loading: ~19998 tokens (99% of 20000 budget)
[2025-12-20 19:21:14] INFO: [diagnostics-deep-retrieval] Loaded 21 files for context
[2025-12-20 19:21:14] INFO: [diagnostics-deep-retrieval] Retrieved 711 chars of context from memory
[2025-12-20 19:21:14] INFO: [diagnostics-deep-retrieval] Built deliverables contract: 5 required paths, 0 forbidden patterns
[2025-12-20 19:21:14] INFO: [ModelSelector] Complexity escalated: low -> medium for phase diagnostics-deep-retrieval:deliverables_manifest
[2025-12-20 19:21:14] INFO: [ModelSelector] Selected claude-sonnet-4-5 for builder (complexity=medium, attempt=2, intra_tier=0)
[2025-12-20 19:21:18] INFO: HTTP Request: POST https://api.anthropic.com/v1/messages "HTTP/1.1 200 OK"
[2025-12-20 19:21:18] INFO: [diagnostics-deep-retrieval] Deliverables manifest gate PASSED (5 paths)
[2025-12-20 19:21:18] INFO: [ModelSelector] Complexity escalated: MEDIUM -> high for phase diagnostics-deep-retrieval
[2025-12-20 19:21:18] INFO: [ModelSelector] Selected claude-opus-4-5 for builder (complexity=high, attempt=2, intra_tier=2)
[2025-12-20 19:21:18] INFO: [MODEL-SELECT] Builder: model=claude-opus-4-5, complexity=MEDIUM->high, attempt=2, category=IMPLEMENT_FEATURE
[2025-12-20 19:21:18] WARNING: [TOKEN_SOFT_CAP] run_id=autopack-diagnostics-parity-v2 phase_id=diagnostics-deep-retrieval est_total=33567 soft_cap=32000 (prompt=22099 completion=11468 complexity=medium)
[2025-12-20 19:21:21] INFO: HTTP Request: POST https://api.anthropic.com/v1/messages "HTTP/1.1 200 OK"
[2025-12-20 19:24:11] INFO: [TOKEN_BUDGET] phase=diagnostics-deep-retrieval complexity=medium input=29345 output=16384/16384 total=45729 utilization=100.0% model=claude-opus-4-5
[2025-12-20 19:24:11] WARNING: [Builder] Output was truncated (stop_reason=max_tokens)
[2025-12-20 19:24:11] WARNING: [TOKEN_BUDGET] TRUNCATION: phase=diagnostics-deep-retrieval used 16384/16384 tokens (100% utilization) - consider increasing max_tokens for this complexity level
[2025-12-20 19:24:11] INFO: [Builder] Generated 6 file diffs locally from full-file content
[2025-12-20 19:24:11] INFO: [diagnostics-deep-retrieval] Builder succeeded (45729 tokens)
[2025-12-20 19:24:11] INFO: [diagnostics-deep-retrieval] Deliverables validation:
[2025-12-20 19:24:11] INFO:   Expected: 5 files
[2025-12-20 19:24:11] INFO:   Found in patch: 6 files
[2025-12-20 19:24:11] ERROR: [diagnostics-deep-retrieval] âŒ Deliverables validation FAILED
[2025-12-20 19:24:11] ERROR: [diagnostics-deep-retrieval]    Missing 1 required deliverables:
[2025-12-20 19:24:11] ERROR: [diagnostics-deep-retrieval]      - docs/autopack/diagnostics_deep_retrieval.md
[2025-12-20 19:24:11] ERROR: [diagnostics-deep-retrieval]    
ðŸš« Files created OUTSIDE the approved manifest (hard violation):
[2025-12-20 19:24:11] ERROR: [diagnostics-deep-retrieval]      - src/autopack/diagnostics/__init__.py
[2025-12-20 19:24:11] ERROR: [diagnostics-deep-retrieval]      - tests/autopack/diagnostics/__init__.py
[2025-12-20 19:24:11] ERROR: [diagnostics-deep-retrieval] Deliverables validation failed
[2025-12-20 19:24:11] ERROR: [diagnostics-deep-retrieval] âŒ DELIVERABLES VALIDATION FAILED

Your patch does not create the required deliverable files.

ðŸ“‹ REQUIRED DELIVERABLES:
  âœ“ docs/autopack/diagnostics_deep_retrieval.md
  âœ“ src/autopack/diagnostics/deep_retrieval.py
  âœ“ src/autopack/diagnostics/retrieval_triggers.py
  âœ“ tests/autopack/diagnostics/test_deep_retrieval.py
  âœ“ tests/autopack/diagnostics/test_retrieval_triggers.py

ðŸ“„ FILES IN YOUR PATCH:
  â€¢ src/autopack/diagnostics/__init__.py
  â€¢ src/autopack/diagnostics/deep_retrieval.py
  â€¢ src/autopack/diagnostics/retrieval_triggers.py
  â€¢ tests/autopack/diagnostics/__init__.py
  â€¢ tests/autopack/diagnostics/test_deep_retrieval.py
  â€¢ tests/autopack/diagnostics/test_retrieval_triggers.py

âœ… ALLOWED ROOTS (you may ONLY create files under these prefixes):
  - docs/autopack/
  - src/autopack/
  - tests/autopack/

ðŸš« OUTSIDE-MANIFEST FILES (hard violation):
  - src/autopack/diagnostics/__init__.py
  - tests/autopack/diagnostics/__init__.py

âŒ MISSING FILES:
  - docs/autopack/diagnostics_deep_retrieval.md

ðŸ”§ ACTION REQUIRED:
Please regenerate the patch with files in the correct locations.
Ensure all file paths match the deliverables specification exactly.
[2025-12-20 19:24:11] INFO: [MemoryService] Stored decision log
[2025-12-20 19:24:11] INFO: [Doctor] Not invoking: per-phase limit reached (2/2)
[2025-12-20 19:24:11] INFO: [Re-Plan] Max replans (1) reached for diagnostics-deep-retrieval
[2025-12-20 19:24:11] INFO: [diagnostics-deep-retrieval] Updated counters in DB: retry=3, epoch=1, escalation=0 (reason: DELIVERABLES_VALIDATION_FAILED)
[2025-12-20 19:24:11] WARNING: [diagnostics-deep-retrieval] Attempt 3/5 failed, will escalate model for next retry
[2025-12-20 19:24:11] WARNING: Phase diagnostics-deep-retrieval finished with status: DELIVERABLES_VALIDATION_FAILED
[2025-12-20 19:24:11] INFO: Waiting 10s before next phase...
[2025-12-20 19:24:21] INFO: Iteration 5: Fetching run status...
[2025-12-20 19:24:21] INFO: [AUTO-RESET] Found 1 FAILED phases with retries remaining
[2025-12-20 19:24:21] INFO: [AUTO-RESET] Resetting diagnostics-deep-retrieval to QUEUED (retry_attempt: 3/5)
[2025-12-20 19:24:21] INFO: [diagnostics-deep-retrieval] Found executable phase: state=PhaseState.QUEUED, attempts=3/None
[2025-12-20 19:24:21] INFO: [BUILD-041] Next phase: diagnostics-deep-retrieval
[2025-12-20 19:24:21] INFO: [diagnostics-deep-retrieval] Step 1/4: Generating code with Builder (via LlmService)...
[2025-12-20 19:24:21] INFO: [Context] Loaded 7 recently modified files for fresh context
[2025-12-20 19:24:22] INFO: [Context] Total: 21 files loaded for Builder context (modified=7, mentioned=0)
[2025-12-20 19:24:22] INFO: [TOKEN_BUDGET] Context loading: ~19998 tokens (99% of 20000 budget)
[2025-12-20 19:24:22] INFO: [diagnostics-deep-retrieval] Loaded 21 files for context
[2025-12-20 19:24:22] INFO: [diagnostics-deep-retrieval] Retrieved 711 chars of context from memory
[2025-12-20 19:24:22] INFO: [diagnostics-deep-retrieval] Built deliverables contract: 5 required paths, 0 forbidden patterns
[2025-12-20 19:24:22] INFO: [ModelSelector] Complexity escalated: low -> medium for phase diagnostics-deep-retrieval:deliverables_manifest
[2025-12-20 19:24:22] INFO: [ModelSelector] Selected claude-opus-4-5 for builder (complexity=medium, attempt=3, intra_tier=1)
[2025-12-20 19:24:25] INFO: HTTP Request: POST https://api.anthropic.com/v1/messages "HTTP/1.1 200 OK"
[2025-12-20 19:24:25] INFO: [diagnostics-deep-retrieval] Deliverables manifest gate PASSED (5 paths)
[2025-12-20 19:24:25] INFO: [ModelSelector] Complexity escalated: MEDIUM -> high for phase diagnostics-deep-retrieval
[2025-12-20 19:24:25] INFO: [ModelSelector] Selected claude-opus-4-5 for builder (complexity=high, attempt=3, intra_tier=3)
[2025-12-20 19:24:25] INFO: [MODEL-SELECT] Builder: model=claude-opus-4-5, complexity=MEDIUM->high, attempt=3, category=IMPLEMENT_FEATURE
[2025-12-20 19:24:25] WARNING: [TOKEN_SOFT_CAP] run_id=autopack-diagnostics-parity-v2 phase_id=diagnostics-deep-retrieval est_total=33567 soft_cap=32000 (prompt=22099 completion=11468 complexity=medium)
[2025-12-20 19:24:28] INFO: HTTP Request: POST https://api.anthropic.com/v1/messages "HTTP/1.1 200 OK"
[2025-12-20 19:27:18] INFO: [TOKEN_BUDGET] phase=diagnostics-deep-retrieval complexity=medium input=29345 output=16384/16384 total=45729 utilization=100.0% model=claude-opus-4-5
[2025-12-20 19:27:18] WARNING: [Builder] Output was truncated (stop_reason=max_tokens)
[2025-12-20 19:27:18] WARNING: [TOKEN_BUDGET] TRUNCATION: phase=diagnostics-deep-retrieval used 16384/16384 tokens (100% utilization) - consider increasing max_tokens for this complexity level
[2025-12-20 19:27:19] INFO: [Builder] Generated 6 file diffs locally from full-file content
[2025-12-20 19:27:19] INFO: [diagnostics-deep-retrieval] Builder succeeded (45729 tokens)
[2025-12-20 19:27:19] INFO: [diagnostics-deep-retrieval] Deliverables validation:
[2025-12-20 19:27:19] INFO:   Expected: 5 files
[2025-12-20 19:27:19] INFO:   Found in patch: 6 files
[2025-12-20 19:27:19] ERROR: [diagnostics-deep-retrieval] âŒ Deliverables validation FAILED
[2025-12-20 19:27:19] ERROR: [diagnostics-deep-retrieval]    Missing 1 required deliverables:
[2025-12-20 19:27:19] ERROR: [diagnostics-deep-retrieval]      - docs/autopack/diagnostics_deep_retrieval.md
[2025-12-20 19:27:19] ERROR: [diagnostics-deep-retrieval]    
ðŸš« Files created OUTSIDE the approved manifest (hard violation):
[2025-12-20 19:27:19] ERROR: [diagnostics-deep-retrieval]      - src/autopack/diagnostics/__init__.py
[2025-12-20 19:27:19] ERROR: [diagnostics-deep-retrieval]      - tests/autopack/diagnostics/__init__.py
[2025-12-20 19:27:19] ERROR: [diagnostics-deep-retrieval] Deliverables validation failed
[2025-12-20 19:27:19] ERROR: [diagnostics-deep-retrieval] âŒ DELIVERABLES VALIDATION FAILED

Your patch does not create the required deliverable files.

ðŸ“‹ REQUIRED DELIVERABLES:
  âœ“ docs/autopack/diagnostics_deep_retrieval.md
  âœ“ src/autopack/diagnostics/deep_retrieval.py
  âœ“ src/autopack/diagnostics/retrieval_triggers.py
  âœ“ tests/autopack/diagnostics/test_deep_retrieval.py
  âœ“ tests/autopack/diagnostics/test_retrieval_triggers.py

ðŸ“„ FILES IN YOUR PATCH:
  â€¢ src/autopack/diagnostics/__init__.py
  â€¢ src/autopack/diagnostics/deep_retrieval.py
  â€¢ src/autopack/diagnostics/retrieval_triggers.py
  â€¢ tests/autopack/diagnostics/__init__.py
  â€¢ tests/autopack/diagnostics/test_deep_retrieval.py
  â€¢ tests/autopack/diagnostics/test_retrieval_triggers.py

âœ… ALLOWED ROOTS (you may ONLY create files under these prefixes):
  - docs/autopack/
  - src/autopack/
  - tests/autopack/

ðŸš« OUTSIDE-MANIFEST FILES (hard violation):
  - src/autopack/diagnostics/__init__.py
  - tests/autopack/diagnostics/__init__.py

âŒ MISSING FILES:
  - docs/autopack/diagnostics_deep_retrieval.md

ðŸ”§ ACTION REQUIRED:
Please regenerate the patch with files in the correct locations.
Ensure all file paths match the deliverables specification exactly.
[2025-12-20 19:27:19] INFO: [MemoryService] Stored decision log
[2025-12-20 19:27:19] INFO: [Doctor] Not invoking: per-phase limit reached (2/2)
[2025-12-20 19:27:19] INFO: [Re-Plan] Max replans (1) reached for diagnostics-deep-retrieval
[2025-12-20 19:27:19] INFO: [diagnostics-deep-retrieval] Updated counters in DB: retry=4, epoch=1, escalation=0 (reason: DELIVERABLES_VALIDATION_FAILED)
[2025-12-20 19:27:19] WARNING: [diagnostics-deep-retrieval] Attempt 4/5 failed, will escalate model for next retry
[2025-12-20 19:27:19] WARNING: Phase diagnostics-deep-retrieval finished with status: DELIVERABLES_VALIDATION_FAILED
[2025-12-20 19:27:19] INFO: Waiting 10s before next phase...
[2025-12-20 19:27:29] INFO: Iteration 6: Fetching run status...
[2025-12-20 19:27:29] INFO: [AUTO-RESET] Found 1 FAILED phases with retries remaining
[2025-12-20 19:27:29] INFO: [AUTO-RESET] Resetting diagnostics-deep-retrieval to QUEUED (retry_attempt: 4/5)
[2025-12-20 19:27:29] INFO: [diagnostics-deep-retrieval] Found executable phase: state=PhaseState.QUEUED, attempts=4/None
[2025-12-20 19:27:29] INFO: [BUILD-041] Next phase: diagnostics-deep-retrieval
[2025-12-20 19:27:29] INFO: [diagnostics-deep-retrieval] Step 1/4: Generating code with Builder (via LlmService)...
[2025-12-20 19:27:29] INFO: [Context] Loaded 7 recently modified files for fresh context
[2025-12-20 19:27:29] INFO: [Context] Total: 21 files loaded for Builder context (modified=7, mentioned=0)
[2025-12-20 19:27:29] INFO: [TOKEN_BUDGET] Context loading: ~19998 tokens (99% of 20000 budget)
[2025-12-20 19:27:29] INFO: [diagnostics-deep-retrieval] Loaded 21 files for context
[2025-12-20 19:27:29] INFO: [diagnostics-deep-retrieval] Retrieved 711 chars of context from memory
[2025-12-20 19:27:29] INFO: [diagnostics-deep-retrieval] Built deliverables contract: 5 required paths, 0 forbidden patterns
[2025-12-20 19:27:29] INFO: [ModelSelector] Complexity escalated: low -> high for phase diagnostics-deep-retrieval:deliverables_manifest
[2025-12-20 19:27:29] INFO: [ModelSelector] Selected claude-sonnet-4-5 for builder (complexity=high, attempt=4, intra_tier=0)
[2025-12-20 19:27:32] INFO: HTTP Request: POST https://api.anthropic.com/v1/messages "HTTP/1.1 200 OK"
[2025-12-20 19:27:32] INFO: [diagnostics-deep-retrieval] Deliverables manifest gate PASSED (5 paths)
[2025-12-20 19:27:32] INFO: [ModelSelector] Complexity escalated: MEDIUM -> high for phase diagnostics-deep-retrieval
[2025-12-20 19:27:32] INFO: [ModelSelector] Selected claude-opus-4-5 for builder (complexity=high, attempt=4, intra_tier=4)
[2025-12-20 19:27:32] INFO: [MODEL-SELECT] Builder: model=claude-opus-4-5, complexity=MEDIUM->high, attempt=4, category=IMPLEMENT_FEATURE
[2025-12-20 19:27:33] WARNING: [TOKEN_SOFT_CAP] run_id=autopack-diagnostics-parity-v2 phase_id=diagnostics-deep-retrieval est_total=33567 soft_cap=32000 (prompt=22099 completion=11468 complexity=medium)
[2025-12-20 19:27:34] INFO: HTTP Request: POST https://api.anthropic.com/v1/messages "HTTP/1.1 200 OK"
[2025-12-20 19:31:12] INFO: [TOKEN_BUDGET] phase=diagnostics-deep-retrieval complexity=medium input=29345 output=16384/16384 total=45729 utilization=100.0% model=claude-opus-4-5
[2025-12-20 19:31:12] WARNING: [Builder] Output was truncated (stop_reason=max_tokens)
[2025-12-20 19:31:12] WARNING: [TOKEN_BUDGET] TRUNCATION: phase=diagnostics-deep-retrieval used 16384/16384 tokens (100% utilization) - consider increasing max_tokens for this complexity level
[2025-12-20 19:31:12] INFO: [Builder] Generated 6 file diffs locally from full-file content
[2025-12-20 19:31:12] INFO: [diagnostics-deep-retrieval] Builder succeeded (45729 tokens)
[2025-12-20 19:31:12] INFO: [diagnostics-deep-retrieval] Deliverables validation:
[2025-12-20 19:31:12] INFO:   Expected: 5 files
[2025-12-20 19:31:12] INFO:   Found in patch: 6 files
[2025-12-20 19:31:12] ERROR: [diagnostics-deep-retrieval] âŒ Deliverables validation FAILED
[2025-12-20 19:31:12] ERROR: [diagnostics-deep-retrieval]    Missing 1 required deliverables:
[2025-12-20 19:31:12] ERROR: [diagnostics-deep-retrieval]      - docs/autopack/diagnostics_deep_retrieval.md
[2025-12-20 19:31:12] ERROR: [diagnostics-deep-retrieval]    
ðŸš« Files created OUTSIDE the approved manifest (hard violation):
[2025-12-20 19:31:12] ERROR: [diagnostics-deep-retrieval]      - src/autopack/diagnostics/__init__.py
[2025-12-20 19:31:12] ERROR: [diagnostics-deep-retrieval]      - tests/autopack/diagnostics/__init__.py
[2025-12-20 19:31:12] ERROR: [diagnostics-deep-retrieval] Deliverables validation failed
[2025-12-20 19:31:12] ERROR: [diagnostics-deep-retrieval] âŒ DELIVERABLES VALIDATION FAILED

Your patch does not create the required deliverable files.

ðŸ“‹ REQUIRED DELIVERABLES:
  âœ“ docs/autopack/diagnostics_deep_retrieval.md
  âœ“ src/autopack/diagnostics/deep_retrieval.py
  âœ“ src/autopack/diagnostics/retrieval_triggers.py
  âœ“ tests/autopack/diagnostics/test_deep_retrieval.py
  âœ“ tests/autopack/diagnostics/test_retrieval_triggers.py

ðŸ“„ FILES IN YOUR PATCH:
  â€¢ src/autopack/diagnostics/__init__.py
  â€¢ src/autopack/diagnostics/deep_retrieval.py
  â€¢ src/autopack/diagnostics/retrieval_triggers.py
  â€¢ tests/autopack/diagnostics/__init__.py
  â€¢ tests/autopack/diagnostics/test_deep_retrieval.py
  â€¢ tests/autopack/diagnostics/test_retrieval_triggers.py

âœ… ALLOWED ROOTS (you may ONLY create files under these prefixes):
  - docs/autopack/
  - src/autopack/
  - tests/autopack/

ðŸš« OUTSIDE-MANIFEST FILES (hard violation):
  - src/autopack/diagnostics/__init__.py
  - tests/autopack/diagnostics/__init__.py

âŒ MISSING FILES:
  - docs/autopack/diagnostics_deep_retrieval.md

ðŸ”§ ACTION REQUIRED:
Please regenerate the patch with files in the correct locations.
Ensure all file paths match the deliverables specification exactly.
[2025-12-20 19:31:12] INFO: [MemoryService] Stored decision log
[2025-12-20 19:31:12] INFO: [Doctor] Not invoking: per-phase limit reached (2/2)
[2025-12-20 19:31:12] INFO: [Re-Plan] Max replans (1) reached for diagnostics-deep-retrieval
[2025-12-20 19:31:12] INFO: [diagnostics-deep-retrieval] Updated counters in DB: retry=5, epoch=1, escalation=0 (reason: DELIVERABLES_VALIDATION_FAILED)
[2025-12-20 19:31:12] ERROR: [diagnostics-deep-retrieval] All 5 attempts exhausted. Marking phase as FAILED.
[2025-12-20 19:31:12] INFO: [ARCHIVE_CONSOLIDATOR] Logged new error: Phase diagnostics-deep-retrieval max attempts exhausted
[2025-12-20 19:31:12] INFO: [diagnostics-deep-retrieval] Marked FAILED in database (reason: MAX_ATTEMPTS_EXHAUSTED)
[2025-12-20 19:31:12] WARNING: Phase diagnostics-deep-retrieval finished with status: FAILED
[2025-12-20 19:31:12] INFO: Waiting 10s before next phase...
[2025-12-20 19:31:22] INFO: Iteration 7: Fetching run status...
[2025-12-20 19:31:22] INFO: [diagnostics-iteration-loop] Found executable phase: state=PhaseState.QUEUED, attempts=0/None
[2025-12-20 19:31:22] INFO: [BUILD-041] Next phase: diagnostics-iteration-loop
[2025-12-20 19:31:22] INFO: [diagnostics-iteration-loop] Step 1/4: Generating code with Builder (via LlmService)...
[2025-12-20 19:31:23] INFO: [Context] Loaded 7 recently modified files for fresh context
[2025-12-20 19:31:23] INFO: [Context] Total: 21 files loaded for Builder context (modified=7, mentioned=0)
[2025-12-20 19:31:23] INFO: [TOKEN_BUDGET] Context loading: ~19998 tokens (99% of 20000 budget)
[2025-12-20 19:31:23] INFO: [diagnostics-iteration-loop] Loaded 21 files for context
[2025-12-20 19:31:23] INFO: [diagnostics-iteration-loop] Learning context: 0 rules, 5 hints
[2025-12-20 19:31:23] INFO: [diagnostics-iteration-loop] Retrieved 653 chars of context from memory
[2025-12-20 19:31:23] INFO: [diagnostics-iteration-loop] Built deliverables contract: 5 required paths, 0 forbidden patterns
[2025-12-20 19:31:23] INFO: [ModelSelector] Selected claude-sonnet-4-5 for builder (complexity=low, attempt=0, intra_tier=0)
[2025-12-20 19:31:26] INFO: HTTP Request: POST https://api.anthropic.com/v1/messages "HTTP/1.1 200 OK"
[2025-12-20 19:31:26] INFO: [diagnostics-iteration-loop] Deliverables manifest gate PASSED (5 paths)
[2025-12-20 19:31:26] INFO: [ModelSelector] Complexity escalated: MEDIUM -> high for phase diagnostics-iteration-loop
[2025-12-20 19:31:26] INFO: [ModelSelector] Selected claude-sonnet-4-5 for builder (complexity=high, attempt=0, intra_tier=0)
[2025-12-20 19:31:26] INFO: [MODEL-SELECT] Builder: model=claude-sonnet-4-5, complexity=MEDIUM->high, attempt=0, category=IMPLEMENT_FEATURE
[2025-12-20 19:31:26] WARNING: [TOKEN_SOFT_CAP] run_id=autopack-diagnostics-parity-v2 phase_id=diagnostics-iteration-loop est_total=33742 soft_cap=32000 (prompt=22274 completion=11468 complexity=medium)
[2025-12-20 19:31:29] INFO: HTTP Request: POST https://api.anthropic.com/v1/messages "HTTP/1.1 200 OK"
[2025-12-20 19:34:28] INFO: [TOKEN_BUDGET] phase=diagnostics-iteration-loop complexity=medium input=29554 output=16384/16384 total=45938 utilization=100.0% model=claude-sonnet-4-5
[2025-12-20 19:34:28] WARNING: [Builder] Output was truncated (stop_reason=max_tokens)
[2025-12-20 19:34:28] WARNING: [TOKEN_BUDGET] TRUNCATION: phase=diagnostics-iteration-loop used 16384/16384 tokens (100% utilization) - consider increasing max_tokens for this complexity level
[2025-12-20 19:34:28] WARNING: [Builder] WARNING: Full-file JSON parse failed; requesting regeneration (no legacy diff fallback)
[2025-12-20 19:34:28] WARNING: [Builder] Wrote failing full-file output to builder_fullfile_failure_latest.json
[2025-12-20 19:34:28] INFO: [Builder] Attempting JSON repair on malformed output...
[2025-12-20 19:34:28] WARNING: [JsonRepair] All repair strategies failed for error: Failed to parse JSON with 'files' array
[2025-12-20 19:34:28] ERROR: LLM output invalid format - expected JSON with 'files' array (repair also failed) (stop_reason=max_tokens)
First 500 chars: ```json
{
  "summary": "Implement diagnostics iteration loop enhancements for Cursor-like steering with evidence requests and human response ingestion",
  "files": [
    {
      "path": "src/autopack/diagnostics/evidence_requests.py",
      "mode": "create",
      "new_content": "\"\"\"Evidence Request System for Diagnostics Iteration Loop.\n\nProvides mechanisms for Autopack to explicitly request missing evidence\nwithout token blowups, enabling Cursor-like iterative steering.\n\"\"\"\n\nimport
[2025-12-20 19:34:28] WARNING: [diagnostics-iteration-loop] Falling back to structured_edit after full-file parse/truncation failure
[2025-12-20 19:34:28] INFO: [ModelSelector] Complexity escalated: MEDIUM -> high for phase diagnostics-iteration-loop
[2025-12-20 19:34:28] INFO: [ModelSelector] Selected claude-sonnet-4-5 for builder (complexity=high, attempt=0, intra_tier=0)
[2025-12-20 19:34:28] INFO: [MODEL-SELECT] Builder: model=claude-sonnet-4-5, complexity=MEDIUM->high, attempt=0, category=IMPLEMENT_FEATURE
[2025-12-20 19:34:30] INFO: HTTP Request: POST https://api.anthropic.com/v1/messages "HTTP/1.1 200 OK"
[2025-12-20 19:37:44] INFO: [TOKEN_BUDGET] phase=diagnostics-iteration-loop complexity=medium input=2415 output=16384/16384 total=18799 utilization=100.0% model=claude-sonnet-4-5
[2025-12-20 19:37:44] WARNING: [Builder] Output was truncated (stop_reason=max_tokens)
[2025-12-20 19:37:44] WARNING: [TOKEN_BUDGET] TRUNCATION: phase=diagnostics-iteration-loop used 16384/16384 tokens (100% utilization) - consider increasing max_tokens for this complexity level
[2025-12-20 19:37:44] INFO: [Builder] Attempting JSON repair on malformed structured_edit output...
[2025-12-20 19:37:44] WARNING: [JsonRepair] All repair strategies failed for error: Unterminated string starting at: line 26 column 22 (char 46102)
[2025-12-20 19:37:44] ERROR: LLM output invalid format - expected JSON with 'operations' array (stop_reason=max_tokens)
First 500 chars: ```json
{
  "files": [
    {
      "path": "src/autopack/diagnostics/evidence_requests.py",
      "mode": "create",
      "new_content": "\"\"\"Evidence request system for diagnostic iteration loops.\n\nProvides mechanisms for Autopack to explicitly request missing evidence\nfrom humans during diagnostic phases, enabling Cursor-like steering without\ntoken blowups.\n\"\"\"\n\nfrom dataclasses import dataclass, field\nfrom typing import List, Optional, Dict, Any\nfrom enum import Enum\nimport jso
[2025-12-20 19:37:44] ERROR: [diagnostics-iteration-loop] Builder failed: LLM output invalid format - expected JSON with 'operations' array (stop_reason=max_tokens)
[2025-12-20 19:37:44] INFO: [TOKEN_ESCALATION] phase=diagnostics-iteration-loop attempt=1 tokens=8192â†’12288 (truncation detected, auto-retrying)
[2025-12-20 19:37:44] INFO: [MemoryService] Stored decision log
[2025-12-20 19:37:44] INFO: [diagnostics-iteration-loop] Updated counters in DB: retry=1, epoch=0, escalation=0 (reason: TOKEN_ESCALATION)
[2025-12-20 19:37:44] WARNING: [diagnostics-iteration-loop] Attempt 1/5 failed, will escalate model for next retry
[2025-12-20 19:37:44] WARNING: Phase diagnostics-iteration-loop finished with status: TOKEN_ESCALATION
[2025-12-20 19:37:44] INFO: Waiting 10s before next phase...
[2025-12-20 19:37:54] INFO: Iteration 8: Fetching run status...
[2025-12-20 19:37:54] INFO: [diagnostics-iteration-loop] Found executable phase: state=PhaseState.QUEUED, attempts=0/None
[2025-12-20 19:37:54] INFO: [BUILD-041] Next phase: diagnostics-iteration-loop
[2025-12-20 19:37:54] INFO: [diagnostics-iteration-loop] Step 1/4: Generating code with Builder (via LlmService)...
[2025-12-20 19:37:54] INFO: [Context] Loaded 7 recently modified files for fresh context
[2025-12-20 19:37:55] INFO: [Context] Total: 21 files loaded for Builder context (modified=7, mentioned=0)
[2025-12-20 19:37:55] INFO: [TOKEN_BUDGET] Context loading: ~19998 tokens (99% of 20000 budget)
[2025-12-20 19:37:55] INFO: [diagnostics-iteration-loop] Loaded 21 files for context
[2025-12-20 19:37:55] INFO: [diagnostics-iteration-loop] Learning context: 0 rules, 5 hints
[2025-12-20 19:37:55] INFO: [diagnostics-iteration-loop] Retrieved 653 chars of context from memory
[2025-12-20 19:37:55] INFO: [diagnostics-iteration-loop] Built deliverables contract: 5 required paths, 0 forbidden patterns
[2025-12-20 19:37:55] INFO: [ModelSelector] Selected claude-opus-4-5 for builder (complexity=low, attempt=1, intra_tier=1)
[2025-12-20 19:37:57] INFO: HTTP Request: POST https://api.anthropic.com/v1/messages "HTTP/1.1 200 OK"
[2025-12-20 19:37:57] INFO: [diagnostics-iteration-loop] Deliverables manifest gate PASSED (5 paths)
[2025-12-20 19:37:57] INFO: [ModelSelector] Complexity escalated: MEDIUM -> high for phase diagnostics-iteration-loop
[2025-12-20 19:37:57] INFO: [ModelSelector] Selected claude-opus-4-5 for builder (complexity=high, attempt=1, intra_tier=1)
[2025-12-20 19:37:57] INFO: [MODEL-SELECT] Builder: model=claude-opus-4-5, complexity=MEDIUM->high, attempt=1, category=IMPLEMENT_FEATURE
[2025-12-20 19:37:57] WARNING: [TOKEN_SOFT_CAP] run_id=autopack-diagnostics-parity-v2 phase_id=diagnostics-iteration-loop est_total=33742 soft_cap=32000 (prompt=22274 completion=11468 complexity=medium)
[2025-12-20 19:38:00] INFO: HTTP Request: POST https://api.anthropic.com/v1/messages "HTTP/1.1 200 OK"
[2025-12-20 19:40:46] INFO: [TOKEN_BUDGET] phase=diagnostics-iteration-loop complexity=medium input=29554 output=16384/16384 total=45938 utilization=100.0% model=claude-opus-4-5
[2025-12-20 19:40:46] WARNING: [Builder] Output was truncated (stop_reason=max_tokens)
[2025-12-20 19:40:46] WARNING: [TOKEN_BUDGET] TRUNCATION: phase=diagnostics-iteration-loop used 16384/16384 tokens (100% utilization) - consider increasing max_tokens for this complexity level
[2025-12-20 19:40:46] INFO: [Builder] Generated 6 file diffs locally from full-file content
[2025-12-20 19:40:46] INFO: [diagnostics-iteration-loop] Builder succeeded (45938 tokens)
[2025-12-20 19:40:46] INFO: [diagnostics-iteration-loop] Deliverables validation:
[2025-12-20 19:40:46] INFO:   Expected: 5 files
[2025-12-20 19:40:46] INFO:   Found in patch: 6 files
[2025-12-20 19:40:46] ERROR: [diagnostics-iteration-loop] âŒ Deliverables validation FAILED
[2025-12-20 19:40:46] ERROR: [diagnostics-iteration-loop]    Missing 1 required deliverables:
[2025-12-20 19:40:46] ERROR: [diagnostics-iteration-loop]      - docs/autopack/diagnostics_iteration_loop.md
[2025-12-20 19:40:46] ERROR: [diagnostics-iteration-loop]    
ðŸš« Files created OUTSIDE the approved manifest (hard violation):
[2025-12-20 19:40:46] ERROR: [diagnostics-iteration-loop]      - src/autopack/diagnostics/__init__.py
[2025-12-20 19:40:46] ERROR: [diagnostics-iteration-loop]      - tests/autopack/diagnostics/__init__.py
[2025-12-20 19:40:46] ERROR: [diagnostics-iteration-loop] Deliverables validation failed
[2025-12-20 19:40:46] ERROR: [diagnostics-iteration-loop] âŒ DELIVERABLES VALIDATION FAILED

Your patch does not create the required deliverable files.

ðŸ“‹ REQUIRED DELIVERABLES:
  âœ“ docs/autopack/diagnostics_iteration_loop.md
  âœ“ src/autopack/diagnostics/evidence_requests.py
  âœ“ src/autopack/diagnostics/human_response_parser.py
  âœ“ tests/autopack/diagnostics/test_evidence_requests.py
  âœ“ tests/autopack/diagnostics/test_human_response_parser.py

ðŸ“„ FILES IN YOUR PATCH:
  â€¢ src/autopack/diagnostics/__init__.py
  â€¢ src/autopack/diagnostics/evidence_requests.py
  â€¢ src/autopack/diagnostics/human_response_parser.py
  â€¢ tests/autopack/diagnostics/__init__.py
  â€¢ tests/autopack/diagnostics/test_evidence_requests.py
  â€¢ tests/autopack/diagnostics/test_human_response_parser.py

âœ… ALLOWED ROOTS (you may ONLY create files under these prefixes):
  - docs/autopack/
  - src/autopack/
  - tests/autopack/

ðŸš« OUTSIDE-MANIFEST FILES (hard violation):
  - src/autopack/diagnostics/__init__.py
  - tests/autopack/diagnostics/__init__.py

âŒ MISSING FILES:
  - docs/autopack/diagnostics_iteration_loop.md

ðŸ”§ ACTION REQUIRED:
Please regenerate the patch with files in the correct locations.
Ensure all file paths match the deliverables specification exactly.
[2025-12-20 19:40:47] INFO: [MemoryService] Stored decision log
[2025-12-20 19:40:47] INFO: [Doctor] Routine failure detected -> using cheap model
[2025-12-20 19:40:53] INFO: HTTP Request: POST https://api.anthropic.com/v1/messages "HTTP/1.1 200 OK"
[2025-12-20 19:40:53] INFO: [Doctor] Diagnosis complete: action=replan, confidence=0.75, phase=diagnostics-iteration-loop, model=claude-sonnet-4-5, is_complex=False, escalated=False, health_ratio=0.32
[2025-12-20 19:40:53] INFO: [Doctor] Diagnosis complete: action=replan, confidence=0.75, phase_calls=1, run_calls=3
[2025-12-20 19:40:53] INFO: [Doctor] Action: replan - triggering approach revision
[2025-12-20 19:40:53] INFO: [Re-Plan] Revising approach for diagnostics-iteration-loop due to doctor_replan:Phase failed deliverables validation after 2 build (attempt 1)
[2025-12-20 19:40:53] INFO: [GoalAnchor] Original intent: Diagnostics Parity (Stage 2B): Iteration loop enhancements for Cursor-like steering....
[2025-12-20 19:41:01] INFO: HTTP Request: POST https://api.anthropic.com/v1/messages "HTTP/1.1 200 OK"
[2025-12-20 19:41:01] INFO: [GoalAnchor] Alignment classification: narrower - Heuristic detection: revision appears to reduce scope
[2025-12-20 19:41:01] WARNING: [GoalAnchor] WARNING: Revision appears to narrow scope for diagnostics-iteration-loop. Original intent: 'Diagnostics Parity (Stage 2B): Iteration loop enha...' This may indicate goal drift.
[2025-12-20 19:41:01] INFO: [Re-Plan] Successfully revised phase diagnostics-iteration-loop
[2025-12-20 19:41:01] INFO: [Re-Plan] Original: Diagnostics Parity (Stage 2B): Iteration loop enhancements for Cursor-like steering.

Let Autopack a...
[2025-12-20 19:41:01] INFO: [Re-Plan] Revised: Implement iteration loop enhancements for Cursor-like steering in the diagnostics system by creating...
[2025-12-20 19:41:01] INFO: [GoalAnchor] REPLAN_TELEMETRY: run_id=autopack-diagnostics-parity-v2 phase_id=diagnostics-iteration-loop attempt=1 alignment=narrower replan_count_phase=1 replan_count_run=2
[2025-12-20 19:41:01] INFO: [ARCHIVE_CONSOLIDATOR] Logged build event: PHASE_REPLANNED
[2025-12-20 19:41:01] INFO: [MemoryService] Stored plan change
[2025-12-20 19:41:01] INFO: [MemoryService] Stored decision log
[2025-12-20 19:41:01] INFO: [Doctor] Replan successful, phase revised
[2025-12-20 19:41:01] INFO: [diagnostics-iteration-loop] Doctor triggered re-planning (epoch 0 â†’ 1), preserving retry progress (retry_attempt=1, escalation=0)
[2025-12-20 19:41:01] INFO: [diagnostics-iteration-loop] Updated counters in DB: retry=1, epoch=1, escalation=0 (reason: DOCTOR_REPLAN)
[2025-12-20 19:41:01] WARNING: Phase diagnostics-iteration-loop finished with status: REPLAN_REQUESTED
[2025-12-20 19:41:01] INFO: Waiting 10s before next phase...
[2025-12-20 19:41:11] INFO: Iteration 9: Fetching run status...
[2025-12-20 19:41:11] INFO: [AUTO-RESET] Found 1 FAILED phases with retries remaining
[2025-12-20 19:41:11] INFO: [AUTO-RESET] Resetting diagnostics-iteration-loop to QUEUED (retry_attempt: 1/5)
[2025-12-20 19:41:11] INFO: [diagnostics-iteration-loop] Found executable phase: state=PhaseState.QUEUED, attempts=1/None
[2025-12-20 19:41:11] INFO: [BUILD-041] Next phase: diagnostics-iteration-loop
[2025-12-20 19:41:11] INFO: [diagnostics-iteration-loop] Step 1/4: Generating code with Builder (via LlmService)...
[2025-12-20 19:41:11] INFO: [Context] Loaded 7 recently modified files for fresh context
[2025-12-20 19:41:12] INFO: [Context] Total: 21 files loaded for Builder context (modified=7, mentioned=0)
[2025-12-20 19:41:12] INFO: [TOKEN_BUDGET] Context loading: ~19998 tokens (99% of 20000 budget)
[2025-12-20 19:41:12] INFO: [diagnostics-iteration-loop] Loaded 21 files for context
[2025-12-20 19:41:12] INFO: [diagnostics-iteration-loop] Learning context: 0 rules, 5 hints
[2025-12-20 19:41:12] INFO: [diagnostics-iteration-loop] Retrieved 801 chars of context from memory
[2025-12-20 19:41:12] INFO: [diagnostics-iteration-loop] Built deliverables contract: 5 required paths, 0 forbidden patterns
[2025-12-20 19:41:12] INFO: [ModelSelector] Selected claude-opus-4-5 for builder (complexity=low, attempt=1, intra_tier=1)
[2025-12-20 19:41:17] INFO: HTTP Request: POST https://api.anthropic.com/v1/messages "HTTP/1.1 200 OK"
[2025-12-20 19:41:17] INFO: [diagnostics-iteration-loop] Deliverables manifest gate PASSED (5 paths)
[2025-12-20 19:41:17] INFO: [ModelSelector] Complexity escalated: MEDIUM -> high for phase diagnostics-iteration-loop
[2025-12-20 19:41:17] INFO: [ModelSelector] Selected claude-opus-4-5 for builder (complexity=high, attempt=1, intra_tier=1)
[2025-12-20 19:41:17] INFO: [MODEL-SELECT] Builder: model=claude-opus-4-5, complexity=MEDIUM->high, attempt=1, category=IMPLEMENT_FEATURE
[2025-12-20 19:41:17] WARNING: [TOKEN_SOFT_CAP] run_id=autopack-diagnostics-parity-v2 phase_id=diagnostics-iteration-loop est_total=33779 soft_cap=32000 (prompt=22311 completion=11468 complexity=medium)
[2025-12-20 19:41:20] INFO: HTTP Request: POST https://api.anthropic.com/v1/messages "HTTP/1.1 200 OK"
[2025-12-20 19:45:04] INFO: [TOKEN_BUDGET] phase=diagnostics-iteration-loop complexity=medium input=29597 output=16384/16384 total=45981 utilization=100.0% model=claude-opus-4-5
[2025-12-20 19:45:04] WARNING: [Builder] Output was truncated (stop_reason=max_tokens)
[2025-12-20 19:45:04] WARNING: [TOKEN_BUDGET] TRUNCATION: phase=diagnostics-iteration-loop used 16384/16384 tokens (100% utilization) - consider increasing max_tokens for this complexity level
[2025-12-20 19:45:05] INFO: [Builder] Generated 6 file diffs locally from full-file content
[2025-12-20 19:45:05] INFO: [diagnostics-iteration-loop] Builder succeeded (45981 tokens)
[2025-12-20 19:45:05] INFO: [diagnostics-iteration-loop] Deliverables validation:
[2025-12-20 19:45:05] INFO:   Expected: 5 files
[2025-12-20 19:45:05] INFO:   Found in patch: 6 files
[2025-12-20 19:45:05] ERROR: [diagnostics-iteration-loop] âŒ Deliverables validation FAILED
[2025-12-20 19:45:05] ERROR: [diagnostics-iteration-loop]    Missing 1 required deliverables:
[2025-12-20 19:45:05] ERROR: [diagnostics-iteration-loop]      - docs/autopack/diagnostics_iteration_loop.md
[2025-12-20 19:45:05] ERROR: [diagnostics-iteration-loop]    
ðŸš« Files created OUTSIDE the approved manifest (hard violation):
[2025-12-20 19:45:05] ERROR: [diagnostics-iteration-loop]      - src/autopack/diagnostics/__init__.py
[2025-12-20 19:45:05] ERROR: [diagnostics-iteration-loop]      - tests/autopack/diagnostics/__init__.py
[2025-12-20 19:45:05] ERROR: [diagnostics-iteration-loop] Deliverables validation failed
[2025-12-20 19:45:05] ERROR: [diagnostics-iteration-loop] âŒ DELIVERABLES VALIDATION FAILED

Your patch does not create the required deliverable files.

ðŸ“‹ REQUIRED DELIVERABLES:
  âœ“ docs/autopack/diagnostics_iteration_loop.md
  âœ“ src/autopack/diagnostics/evidence_requests.py
  âœ“ src/autopack/diagnostics/human_response_parser.py
  âœ“ tests/autopack/diagnostics/test_evidence_requests.py
  âœ“ tests/autopack/diagnostics/test_human_response_parser.py

ðŸ“„ FILES IN YOUR PATCH:
  â€¢ src/autopack/diagnostics/__init__.py
  â€¢ src/autopack/diagnostics/evidence_requests.py
  â€¢ src/autopack/diagnostics/human_response_parser.py
  â€¢ tests/autopack/diagnostics/__init__.py
  â€¢ tests/autopack/diagnostics/test_evidence_requests.py
  â€¢ tests/autopack/diagnostics/test_human_response_parser.py

âœ… ALLOWED ROOTS (you may ONLY create files under these prefixes):
  - docs/autopack/
  - src/autopack/
  - tests/autopack/

ðŸš« OUTSIDE-MANIFEST FILES (hard violation):
  - src/autopack/diagnostics/__init__.py
  - tests/autopack/diagnostics/__init__.py

âŒ MISSING FILES:
  - docs/autopack/diagnostics_iteration_loop.md

ðŸ”§ ACTION REQUIRED:
Please regenerate the patch with files in the correct locations.
Ensure all file paths match the deliverables specification exactly.
[2025-12-20 19:45:05] INFO: [MemoryService] Stored decision log
[2025-12-20 19:45:05] INFO: [Doctor] Complex failure detected -> using strong model
[2025-12-20 19:45:11] INFO: HTTP Request: POST https://api.anthropic.com/v1/messages "HTTP/1.1 200 OK"
[2025-12-20 19:45:11] INFO: [Doctor] Diagnosis complete: action=retry_with_fix, confidence=0.75, phase=diagnostics-iteration-loop, model=claude-opus-4-5, is_complex=True, escalated=False, health_ratio=0.36
[2025-12-20 19:45:11] INFO: [Doctor] Diagnosis complete: action=retry_with_fix, confidence=0.75, phase_calls=2, run_calls=4
[2025-12-20 19:45:11] INFO: [Doctor] Action: retry_with_fix - hint stored for next attempt
[2025-12-20 19:45:11] INFO: [MemoryService] Stored decision log
[2025-12-20 19:45:11] INFO: [Re-Plan] Max replans (1) reached for diagnostics-iteration-loop
[2025-12-20 19:45:11] INFO: [diagnostics-iteration-loop] Updated counters in DB: retry=2, epoch=1, escalation=0 (reason: DELIVERABLES_VALIDATION_FAILED)
[2025-12-20 19:45:11] WARNING: [diagnostics-iteration-loop] Attempt 2/5 failed, will escalate model for next retry
[2025-12-20 19:45:11] WARNING: Phase diagnostics-iteration-loop finished with status: DELIVERABLES_VALIDATION_FAILED
[2025-12-20 19:45:11] INFO: Waiting 10s before next phase...
[2025-12-20 19:45:21] INFO: Iteration 10: Fetching run status...
[2025-12-20 19:45:21] INFO: [AUTO-RESET] Found 1 FAILED phases with retries remaining
[2025-12-20 19:45:21] INFO: [AUTO-RESET] Resetting diagnostics-iteration-loop to QUEUED (retry_attempt: 2/5)
[2025-12-20 19:45:21] INFO: [diagnostics-iteration-loop] Found executable phase: state=PhaseState.QUEUED, attempts=2/None
[2025-12-20 19:45:21] INFO: [BUILD-041] Next phase: diagnostics-iteration-loop
[2025-12-20 19:45:21] INFO: [diagnostics-iteration-loop] Step 1/4: Generating code with Builder (via LlmService)...
[2025-12-20 19:45:22] INFO: [Context] Loaded 7 recently modified files for fresh context
[2025-12-20 19:45:22] INFO: [Context] Total: 21 files loaded for Builder context (modified=7, mentioned=0)
[2025-12-20 19:45:22] INFO: [TOKEN_BUDGET] Context loading: ~19998 tokens (99% of 20000 budget)
[2025-12-20 19:45:22] INFO: [diagnostics-iteration-loop] Loaded 21 files for context
[2025-12-20 19:45:22] INFO: [diagnostics-iteration-loop] Learning context: 0 rules, 5 hints
[2025-12-20 19:45:22] INFO: [diagnostics-iteration-loop] Retrieved 859 chars of context from memory
[2025-12-20 19:45:22] INFO: [diagnostics-iteration-loop] Built deliverables contract: 5 required paths, 0 forbidden patterns
[2025-12-20 19:45:22] INFO: [ModelSelector] Complexity escalated: low -> medium for phase diagnostics-iteration-loop:deliverables_manifest
[2025-12-20 19:45:22] INFO: [ModelSelector] Selected claude-sonnet-4-5 for builder (complexity=medium, attempt=2, intra_tier=0)
[2025-12-20 19:45:25] INFO: HTTP Request: POST https://api.anthropic.com/v1/messages "HTTP/1.1 200 OK"
[2025-12-20 19:45:25] INFO: [diagnostics-iteration-loop] Deliverables manifest gate PASSED (5 paths)
[2025-12-20 19:45:25] INFO: [ModelSelector] Complexity escalated: MEDIUM -> high for phase diagnostics-iteration-loop
[2025-12-20 19:45:25] INFO: [ModelSelector] Selected claude-opus-4-5 for builder (complexity=high, attempt=2, intra_tier=2)
[2025-12-20 19:45:25] INFO: [MODEL-SELECT] Builder: model=claude-opus-4-5, complexity=MEDIUM->high, attempt=2, category=IMPLEMENT_FEATURE
[2025-12-20 19:45:25] WARNING: [TOKEN_SOFT_CAP] run_id=autopack-diagnostics-parity-v2 phase_id=diagnostics-iteration-loop est_total=33793 soft_cap=32000 (prompt=22325 completion=11468 complexity=medium)
[2025-12-20 19:45:28] INFO: HTTP Request: POST https://api.anthropic.com/v1/messages "HTTP/1.1 200 OK"
[2025-12-20 19:48:18] INFO: [TOKEN_BUDGET] phase=diagnostics-iteration-loop complexity=medium input=29601 output=16384/16384 total=45985 utilization=100.0% model=claude-opus-4-5
[2025-12-20 19:48:18] WARNING: [Builder] Output was truncated (stop_reason=max_tokens)
[2025-12-20 19:48:18] WARNING: [TOKEN_BUDGET] TRUNCATION: phase=diagnostics-iteration-loop used 16384/16384 tokens (100% utilization) - consider increasing max_tokens for this complexity level
[2025-12-20 19:48:19] INFO: [Builder] Generated 8 file diffs locally from full-file content
[2025-12-20 19:48:19] INFO: [diagnostics-iteration-loop] Builder succeeded (45985 tokens)
[2025-12-20 19:48:19] INFO: [diagnostics-iteration-loop] Deliverables validation:
[2025-12-20 19:48:19] INFO:   Expected: 5 files
[2025-12-20 19:48:19] INFO:   Found in patch: 8 files
[2025-12-20 19:48:19] INFO: [diagnostics-iteration-loop] âœ… Deliverables validation PASSED
[2025-12-20 19:48:19] INFO: [diagnostics-iteration-loop]    Note: 3 additional files created (not required)
[2025-12-20 19:48:19] INFO: [diagnostics-iteration-loop] Step 2/5: Applying patch...
[2025-12-20 19:48:19] WARNING: [GoalDrift] Potential goal drift detected (similarity=-0.02 < 0.7)
[2025-12-20 19:48:19] WARNING: [GoalDrift] Goal: Diagnostics Parity (Stage 2A): Bounded deep retrieval escalation....
[2025-12-20 19:48:19] WARNING: [GoalDrift] Intent: Diagnostics Parity (Stage 2B): Iteration loop enhancements for Cursor-like steering.

Let Autopack a...
[2025-12-20 19:48:19] INFO: [GoalDrift:Advisory] Potential goal drift detected (similarity=-0.02 < 0.7)
[2025-12-20 19:48:19] WARNING: [diagnostics-iteration-loop] ADVISORY: Potential goal drift detected (similarity=-0.02 < 0.7)
[2025-12-20 19:48:19] INFO: Removing existing file for new file patch: src/autopack/diagnostics/__init__.py
[2025-12-20 19:48:19] ERROR: Patch validation failed - LLM generated incomplete/truncated patch:
  - File 'src/autopack/diagnostics/__init__.py' ends with unclosed quote: '"""'
[2025-12-20 19:48:19] ERROR: Patch content:
diff --git a/src/autopack/diagnostics/__init__.py b/src/autopack/diagnostics/__init__.py
new file mode 100644
index 0000000..1111111
--- /dev/null
+++ b/src/autopack/diagnostics/__init__.py
@@ -0,0 +1,5 @@
+"""Diagnostics package for Autopack.
+
+Provides evidence collection, request generation, and human response parsing
+for Cursor-like iteration loop steering.
+"""
diff --git a/src/autopack/diagnostics/evidence_requests.py b/src/autopack/diagnostics/evidence_requests.py
new file mode 100644
i...
[2025-12-20 19:48:19] ERROR: Exception during patch application: Patch validation failed - LLM generated incomplete/truncated patch:
  - File 'src/autopack/diagnostics/__init__.py' ends with unclosed quote: '"""'
[2025-12-20 19:48:19] ERROR: [diagnostics-iteration-loop] Failed to apply patch to filesystem: Patch validation failed - LLM generated incomplete/truncated patch:
  - File 'src/autopack/diagnostics/__init__.py' ends with unclosed quote: '"""'
[2025-12-20 19:48:19] INFO: Updated phase diagnostics-iteration-loop status to FAILED
[2025-12-20 19:48:19] INFO: [MemoryService] Stored decision log
[2025-12-20 19:48:19] INFO: [Doctor] Not invoking: per-phase limit reached (2/2)
[2025-12-20 19:48:19] INFO: [Re-Plan] Max replans (1) reached for diagnostics-iteration-loop
[2025-12-20 19:48:19] INFO: [diagnostics-iteration-loop] Updated counters in DB: retry=3, epoch=1, escalation=0 (reason: PATCH_FAILED)
[2025-12-20 19:48:19] WARNING: [diagnostics-iteration-loop] Attempt 3/5 failed, will escalate model for next retry
[2025-12-20 19:48:19] WARNING: Phase diagnostics-iteration-loop finished with status: PATCH_FAILED
[2025-12-20 19:48:19] INFO: Waiting 10s before next phase...
[2025-12-20 19:48:29] INFO: Iteration 11: Fetching run status...
[2025-12-20 19:48:29] INFO: [AUTO-RESET] Found 1 FAILED phases with retries remaining
[2025-12-20 19:48:29] INFO: [AUTO-RESET] Resetting diagnostics-iteration-loop to QUEUED (retry_attempt: 3/5)
[2025-12-20 19:48:29] INFO: [diagnostics-iteration-loop] Found executable phase: state=PhaseState.QUEUED, attempts=3/None
[2025-12-20 19:48:29] INFO: [BUILD-041] Next phase: diagnostics-iteration-loop
[2025-12-20 19:48:29] INFO: [diagnostics-iteration-loop] Step 1/4: Generating code with Builder (via LlmService)...
[2025-12-20 19:48:29] INFO: [Context] Loaded 7 recently modified files for fresh context
[2025-12-20 19:48:30] INFO: [Context] Total: 21 files loaded for Builder context (modified=7, mentioned=0)
[2025-12-20 19:48:30] INFO: [TOKEN_BUDGET] Context loading: ~19998 tokens (99% of 20000 budget)
[2025-12-20 19:48:30] INFO: [diagnostics-iteration-loop] Loaded 21 files for context
[2025-12-20 19:48:30] INFO: [diagnostics-iteration-loop] Learning context: 0 rules, 5 hints
[2025-12-20 19:48:30] INFO: [diagnostics-iteration-loop] Retrieved 859 chars of context from memory
[2025-12-20 19:48:30] INFO: [diagnostics-iteration-loop] Built deliverables contract: 5 required paths, 0 forbidden patterns
[2025-12-20 19:48:30] INFO: [ModelSelector] Complexity escalated: low -> medium for phase diagnostics-iteration-loop:deliverables_manifest
[2025-12-20 19:48:30] INFO: [ModelSelector] Selected claude-opus-4-5 for builder (complexity=medium, attempt=3, intra_tier=1)
[2025-12-20 19:48:33] INFO: HTTP Request: POST https://api.anthropic.com/v1/messages "HTTP/1.1 200 OK"
[2025-12-20 19:48:33] INFO: [diagnostics-iteration-loop] Deliverables manifest gate PASSED (5 paths)
[2025-12-20 19:48:33] INFO: [ModelSelector] Complexity escalated: MEDIUM -> high for phase diagnostics-iteration-loop
[2025-12-20 19:48:33] INFO: [ModelSelector] Selected claude-opus-4-5 for builder (complexity=high, attempt=3, intra_tier=3)
[2025-12-20 19:48:33] INFO: [MODEL-SELECT] Builder: model=claude-opus-4-5, complexity=MEDIUM->high, attempt=3, category=IMPLEMENT_FEATURE
[2025-12-20 19:48:33] WARNING: [TOKEN_SOFT_CAP] run_id=autopack-diagnostics-parity-v2 phase_id=diagnostics-iteration-loop est_total=33793 soft_cap=32000 (prompt=22325 completion=11468 complexity=medium)
[2025-12-20 19:48:36] INFO: HTTP Request: POST https://api.anthropic.com/v1/messages "HTTP/1.1 200 OK"
[2025-12-20 19:52:22] INFO: [TOKEN_BUDGET] phase=diagnostics-iteration-loop complexity=medium input=29601 output=16384/16384 total=45985 utilization=100.0% model=claude-opus-4-5
[2025-12-20 19:52:22] WARNING: [Builder] Output was truncated (stop_reason=max_tokens)
[2025-12-20 19:52:22] WARNING: [TOKEN_BUDGET] TRUNCATION: phase=diagnostics-iteration-loop used 16384/16384 tokens (100% utilization) - consider increasing max_tokens for this complexity level
[2025-12-20 19:52:23] INFO: [Builder] Generated 6 file diffs locally from full-file content
[2025-12-20 19:52:23] INFO: [diagnostics-iteration-loop] Builder succeeded (45985 tokens)
[2025-12-20 19:52:23] INFO: [diagnostics-iteration-loop] Deliverables validation:
[2025-12-20 19:52:23] INFO:   Expected: 5 files
[2025-12-20 19:52:23] INFO:   Found in patch: 6 files
[2025-12-20 19:52:23] ERROR: [diagnostics-iteration-loop] âŒ Deliverables validation FAILED
[2025-12-20 19:52:23] ERROR: [diagnostics-iteration-loop]    Missing 1 required deliverables:
[2025-12-20 19:52:23] ERROR: [diagnostics-iteration-loop]      - docs/autopack/diagnostics_iteration_loop.md
[2025-12-20 19:52:23] ERROR: [diagnostics-iteration-loop]    
ðŸš« Files created OUTSIDE the approved manifest (hard violation):
[2025-12-20 19:52:23] ERROR: [diagnostics-iteration-loop]      - src/autopack/diagnostics/__init__.py
[2025-12-20 19:52:23] ERROR: [diagnostics-iteration-loop]      - tests/autopack/diagnostics/__init__.py
[2025-12-20 19:52:23] ERROR: [diagnostics-iteration-loop] Deliverables validation failed
[2025-12-20 19:52:23] ERROR: [diagnostics-iteration-loop] âŒ DELIVERABLES VALIDATION FAILED

Your patch does not create the required deliverable files.

ðŸ“‹ REQUIRED DELIVERABLES:
  âœ“ docs/autopack/diagnostics_iteration_loop.md
  âœ“ src/autopack/diagnostics/evidence_requests.py
  âœ“ src/autopack/diagnostics/human_response_parser.py
  âœ“ tests/autopack/diagnostics/test_evidence_requests.py
  âœ“ tests/autopack/diagnostics/test_human_response_parser.py

ðŸ“„ FILES IN YOUR PATCH:
  â€¢ src/autopack/diagnostics/__init__.py
  â€¢ src/autopack/diagnostics/evidence_requests.py
  â€¢ src/autopack/diagnostics/human_response_parser.py
  â€¢ tests/autopack/diagnostics/__init__.py
  â€¢ tests/autopack/diagnostics/test_evidence_requests.py
  â€¢ tests/autopack/diagnostics/test_human_response_parser.py

âœ… ALLOWED ROOTS (you may ONLY create files under these prefixes):
  - docs/autopack/
  - src/autopack/
  - tests/autopack/

ðŸš« OUTSIDE-MANIFEST FILES (hard violation):
  - src/autopack/diagnostics/__init__.py
  - tests/autopack/diagnostics/__init__.py

âŒ MISSING FILES:
  - docs/autopack/diagnostics_iteration_loop.md

ðŸ”§ ACTION REQUIRED:
Please regenerate the patch with files in the correct locations.
Ensure all file paths match the deliverables specification exactly.
[2025-12-20 19:52:23] INFO: [MemoryService] Stored decision log
[2025-12-20 19:52:23] INFO: [Doctor] Not invoking: per-phase limit reached (2/2)
[2025-12-20 19:52:23] INFO: [Re-Plan] Max replans (1) reached for diagnostics-iteration-loop
[2025-12-20 19:52:23] INFO: [diagnostics-iteration-loop] Updated counters in DB: retry=4, epoch=1, escalation=0 (reason: DELIVERABLES_VALIDATION_FAILED)
[2025-12-20 19:52:23] WARNING: [diagnostics-iteration-loop] Attempt 4/5 failed, will escalate model for next retry
[2025-12-20 19:52:23] WARNING: Phase diagnostics-iteration-loop finished with status: DELIVERABLES_VALIDATION_FAILED
[2025-12-20 19:52:23] INFO: Waiting 10s before next phase...
[2025-12-20 19:52:33] INFO: Iteration 12: Fetching run status...
[2025-12-20 19:52:33] INFO: [AUTO-RESET] Found 1 FAILED phases with retries remaining
[2025-12-20 19:52:33] INFO: [AUTO-RESET] Resetting diagnostics-iteration-loop to QUEUED (retry_attempt: 4/5)
[2025-12-20 19:52:33] INFO: [diagnostics-iteration-loop] Found executable phase: state=PhaseState.QUEUED, attempts=4/None
[2025-12-20 19:52:33] INFO: [BUILD-041] Next phase: diagnostics-iteration-loop
[2025-12-20 19:52:33] INFO: [diagnostics-iteration-loop] Step 1/4: Generating code with Builder (via LlmService)...
[2025-12-20 19:52:33] INFO: [Context] Loaded 7 recently modified files for fresh context
[2025-12-20 19:52:33] INFO: [Context] Total: 21 files loaded for Builder context (modified=7, mentioned=0)
[2025-12-20 19:52:33] INFO: [TOKEN_BUDGET] Context loading: ~19998 tokens (99% of 20000 budget)
[2025-12-20 19:52:33] INFO: [diagnostics-iteration-loop] Loaded 21 files for context
[2025-12-20 19:52:33] INFO: [diagnostics-iteration-loop] Learning context: 0 rules, 5 hints
[2025-12-20 19:52:33] INFO: [diagnostics-iteration-loop] Retrieved 859 chars of context from memory
[2025-12-20 19:52:33] INFO: [diagnostics-iteration-loop] Built deliverables contract: 5 required paths, 0 forbidden patterns
[2025-12-20 19:52:33] INFO: [ModelSelector] Complexity escalated: low -> high for phase diagnostics-iteration-loop:deliverables_manifest
[2025-12-20 19:52:33] INFO: [ModelSelector] Selected claude-sonnet-4-5 for builder (complexity=high, attempt=4, intra_tier=0)
[2025-12-20 19:52:37] INFO: HTTP Request: POST https://api.anthropic.com/v1/messages "HTTP/1.1 200 OK"
[2025-12-20 19:52:37] INFO: [diagnostics-iteration-loop] Deliverables manifest gate PASSED (5 paths)
[2025-12-20 19:52:37] INFO: [ModelSelector] Complexity escalated: MEDIUM -> high for phase diagnostics-iteration-loop
[2025-12-20 19:52:37] INFO: [ModelSelector] Selected claude-opus-4-5 for builder (complexity=high, attempt=4, intra_tier=4)
[2025-12-20 19:52:37] INFO: [MODEL-SELECT] Builder: model=claude-opus-4-5, complexity=MEDIUM->high, attempt=4, category=IMPLEMENT_FEATURE
[2025-12-20 19:52:37] WARNING: [TOKEN_SOFT_CAP] run_id=autopack-diagnostics-parity-v2 phase_id=diagnostics-iteration-loop est_total=33793 soft_cap=32000 (prompt=22325 completion=11468 complexity=medium)
[2025-12-20 19:52:39] INFO: HTTP Request: POST https://api.anthropic.com/v1/messages "HTTP/1.1 200 OK"
[2025-12-20 19:56:15] INFO: [TOKEN_BUDGET] phase=diagnostics-iteration-loop complexity=medium input=29601 output=16384/16384 total=45985 utilization=100.0% model=claude-opus-4-5
[2025-12-20 19:56:15] WARNING: [Builder] Output was truncated (stop_reason=max_tokens)
[2025-12-20 19:56:15] WARNING: [TOKEN_BUDGET] TRUNCATION: phase=diagnostics-iteration-loop used 16384/16384 tokens (100% utilization) - consider increasing max_tokens for this complexity level
[2025-12-20 19:56:16] INFO: [Builder] Generated 6 file diffs locally from full-file content
[2025-12-20 19:56:16] INFO: [diagnostics-iteration-loop] Builder succeeded (45985 tokens)
[2025-12-20 19:56:16] INFO: [diagnostics-iteration-loop] Deliverables validation:
[2025-12-20 19:56:16] INFO:   Expected: 5 files
[2025-12-20 19:56:16] INFO:   Found in patch: 6 files
[2025-12-20 19:56:16] ERROR: [diagnostics-iteration-loop] âŒ Deliverables validation FAILED
[2025-12-20 19:56:16] ERROR: [diagnostics-iteration-loop]    Missing 1 required deliverables:
[2025-12-20 19:56:16] ERROR: [diagnostics-iteration-loop]      - docs/autopack/diagnostics_iteration_loop.md
[2025-12-20 19:56:16] ERROR: [diagnostics-iteration-loop]    
ðŸš« Files created OUTSIDE the approved manifest (hard violation):
[2025-12-20 19:56:16] ERROR: [diagnostics-iteration-loop]      - src/autopack/diagnostics/__init__.py
[2025-12-20 19:56:16] ERROR: [diagnostics-iteration-loop]      - tests/autopack/diagnostics/__init__.py
[2025-12-20 19:56:16] ERROR: [diagnostics-iteration-loop] Deliverables validation failed
[2025-12-20 19:56:16] ERROR: [diagnostics-iteration-loop] âŒ DELIVERABLES VALIDATION FAILED

Your patch does not create the required deliverable files.

ðŸ“‹ REQUIRED DELIVERABLES:
  âœ“ docs/autopack/diagnostics_iteration_loop.md
  âœ“ src/autopack/diagnostics/evidence_requests.py
  âœ“ src/autopack/diagnostics/human_response_parser.py
  âœ“ tests/autopack/diagnostics/test_evidence_requests.py
  âœ“ tests/autopack/diagnostics/test_human_response_parser.py

ðŸ“„ FILES IN YOUR PATCH:
  â€¢ src/autopack/diagnostics/__init__.py
  â€¢ src/autopack/diagnostics/evidence_requests.py
  â€¢ src/autopack/diagnostics/human_response_parser.py
  â€¢ tests/autopack/diagnostics/__init__.py
  â€¢ tests/autopack/diagnostics/test_evidence_requests.py
  â€¢ tests/autopack/diagnostics/test_human_response_parser.py

âœ… ALLOWED ROOTS (you may ONLY create files under these prefixes):
  - docs/autopack/
  - src/autopack/
  - tests/autopack/

ðŸš« OUTSIDE-MANIFEST FILES (hard violation):
  - src/autopack/diagnostics/__init__.py
  - tests/autopack/diagnostics/__init__.py

âŒ MISSING FILES:
  - docs/autopack/diagnostics_iteration_loop.md

ðŸ”§ ACTION REQUIRED:
Please regenerate the patch with files in the correct locations.
Ensure all file paths match the deliverables specification exactly.
[2025-12-20 19:56:16] INFO: [MemoryService] Stored decision log
[2025-12-20 19:56:16] INFO: [Doctor] Not invoking: per-phase limit reached (2/2)
[2025-12-20 19:56:16] INFO: [Re-Plan] Max replans (1) reached for diagnostics-iteration-loop
[2025-12-20 19:56:16] INFO: [diagnostics-iteration-loop] Updated counters in DB: retry=5, epoch=1, escalation=0 (reason: DELIVERABLES_VALIDATION_FAILED)
[2025-12-20 19:56:16] ERROR: [diagnostics-iteration-loop] All 5 attempts exhausted. Marking phase as FAILED.
[2025-12-20 19:56:16] INFO: [ARCHIVE_CONSOLIDATOR] Logged new error: Phase diagnostics-iteration-loop max attempts exhausted
[2025-12-20 19:56:16] INFO: [diagnostics-iteration-loop] Marked FAILED in database (reason: MAX_ATTEMPTS_EXHAUSTED)
[2025-12-20 19:56:16] WARNING: Phase diagnostics-iteration-loop finished with status: FAILED
[2025-12-20 19:56:16] INFO: Waiting 10s before next phase...
[2025-12-20 19:56:26] INFO: Iteration 13: Fetching run status...
[2025-12-20 19:56:26] INFO: No more executable phases, execution complete
[2025-12-20 19:56:26] INFO: Autonomous execution loop finished
[2025-12-20 19:56:26] INFO: [ARCHIVE_CONSOLIDATOR] Logged build event: RUN_COMPLETE
[2025-12-20 19:56:26] INFO: Learning Pipeline: Promoted 24 hints to persistent project rules
[2025-12-20 19:56:26] INFO: Learning Pipeline: Marked rules updated (total: 102 rules)
[2025-12-20 19:56:26] INFO: [PLANNING NOTICE] 24 new rules promoted. Future planning should incorporate 102 total project rules.
[2025-12-20 19:56:26] INFO: [LOCK] Released executor lock for run_id=autopack-diagnostics-parity-v2 (PID=79780)
