faiss library not installed; FaissStore will use in-memory fallback
[2025-12-21 12:43:58] INFO: [LOCK] Acquired executor lock for run_id=diagnostics-parity-phases-124 (PID=5936, host=Harry)
[2025-12-21 12:43:58] INFO: Applying pre-emptive encoding fix...
[2025-12-21 12:43:58] INFO: [Recovery] Fixing Unicode encoding error...
[2025-12-21 12:43:58] INFO: [Recovery] SUCCESS: Encoding fixed (UTF-8 enabled)
[2025-12-21 12:43:58] INFO: Database tables initialized
[2025-12-21 12:43:58] INFO: Loaded BuilderOutputConfig: max_lines_for_full_file=1000, max_lines_hard_limit=1000
[2025-12-21 12:43:58] INFO: Doctor execute_fix enabled: True
[2025-12-21 12:43:58] INFO: FileSizeTelemetry initialized: .autonomous_runs\autopack\file_size_telemetry.jsonl
[2025-12-21 12:44:04] INFO: [Qdrant] Connected to localhost:6333
[2025-12-21 12:44:04] INFO: [MemoryService] Using Qdrant backend
[2025-12-21 12:44:08] ERROR: [Qdrant] Failed to ensure collection 'code_docs': [WinError 10061] No connection could be made because the target machine actively refused it
[2025-12-21 12:44:08] WARNING: MemoryService initialization failed, running without memory: [WinError 10061] No connection could be made because the target machine actively refused it
[2025-12-21 12:44:08] INFO: [FileLayout] Project: autopack, Family: diagnostics-parity-phases-124, Base: .autonomous_runs\autopack\runs\diagnostics-parity-phases-124
[2025-12-21 12:44:08] INFO: Initialized autonomous executor for run: diagnostics-parity-phases-124
[2025-12-21 12:44:08] INFO: API URL: http://127.0.0.1:8001
[2025-12-21 12:44:08] INFO: Workspace: .
[2025-12-21 12:44:08] INFO: Running proactive startup checks from DEBUG_JOURNAL.md...
[2025-12-21 12:44:08] INFO: [HIGH] Checking: Windows Unicode Fix (PYTHONUTF8)
[2025-12-21 12:44:08] INFO:   Reason: Prevents UnicodeEncodeError with emoji characters in logs (Issue #3)
[2025-12-21 12:44:08] INFO:   Check PASSED
[2025-12-21 12:44:08] INFO: Startup checks complete
[2025-12-21 12:44:08] INFO: [HealthCheck:T0] API Keys: PASSED (0ms) - All required API keys present
[2025-12-21 12:44:08] INFO: [HealthCheck:T0] Database: PASSED (0ms) - Database accessible: c:\dev\Autopack\autopack.db
[2025-12-21 12:44:08] INFO: [HealthCheck:T0] Workspace: PASSED (0ms) - Workspace valid: c:\dev\Autopack
[2025-12-21 12:44:08] INFO: [HealthCheck:T0] Config: PASSED (27ms) - Configuration files valid
[2025-12-21 12:44:08] INFO: Starting autonomous execution loop...
[2025-12-21 12:44:08] INFO: Poll interval: 10s
[2025-12-21 12:44:08] INFO: Max iterations: 20
[2025-12-21 12:44:08] INFO: API server is already running
[2025-12-21 12:44:08] INFO: Initializing infrastructure...
[2025-12-21 12:44:11] INFO: LlmService: Initialized with ModelRouter and UsageRecorder
[2025-12-21 12:44:11] INFO: Quality Gate: Initialized
[2025-12-21 12:44:11] INFO: Iteration 1: Fetching run status...
[2025-12-21 12:44:11] INFO: [GoalAnchor] Initialized: Diagnostics Parity (Stage 1B): Cursor-ready prompt generator....
[2025-12-21 12:44:11] INFO: [diagnostics-handoff-bundle] Found executable phase: state=PhaseState.QUEUED, attempts=0/None
[2025-12-21 12:44:11] INFO: [BUILD-041] Next phase: diagnostics-handoff-bundle
[2025-12-21 12:44:11] INFO: [Context] Loaded 6 recently modified files for fresh context
[2025-12-21 12:44:14] INFO: [Context] Total: 18 files loaded for Builder context (modified=6, mentioned=0)
[2025-12-21 12:44:14] INFO: [TOKEN_BUDGET] Context loading: ~19999 tokens (99% of 20000 budget)
[2025-12-21 12:44:14] INFO: [diagnostics-handoff-bundle] Loaded 18 files for context
[2025-12-21 12:44:14] INFO: [diagnostics-handoff-bundle] diagnostics_handoff_bundle batching enabled: 4 batches (1, 1, 1, 1 files)
[2025-12-21 12:44:14] INFO: [diagnostics-handoff-bundle] Batch 1/4: 1 deliverables
[2025-12-21 12:44:14] INFO: [diagnostics-handoff-bundle] Built deliverables contract: 1 required paths, 0 forbidden patterns
[2025-12-21 12:44:14] INFO: [diagnostics-handoff-bundle] Deliverables manifest gate PASSED (batch 1, 1 paths)
[2025-12-21 12:44:14] INFO: [ModelSelector] Complexity escalated: MEDIUM -> high for phase diagnostics-handoff-bundle
[2025-12-21 12:44:14] INFO: [ModelSelector] Selected claude-sonnet-4-5 for builder (complexity=high, attempt=0, intra_tier=0)
[2025-12-21 12:44:14] INFO: [MODEL-SELECT] Builder: model=claude-sonnet-4-5, complexity=MEDIUM->high, attempt=0, category=IMPLEMENT_FEATURE
[2025-12-21 12:44:14] WARNING: CONSOLIDATED_DEBUG.md not found at c:\dev\Autopack\.autonomous_runs\file-organizer-app-v1\archive\CONSOLIDATED_DEBUG.md
[2025-12-21 12:44:14] WARNING: [TOKEN_SOFT_CAP] run_id=diagnostics-parity-phases-124 phase_id=diagnostics-handoff-bundle est_total=32356 soft_cap=32000 (prompt=20888 completion=11468 complexity=medium)
[2025-12-21 12:44:17] INFO: HTTP Request: POST https://api.anthropic.com/v1/messages "HTTP/1.1 200 OK"
[2025-12-21 12:44:59] INFO: [TOKEN_BUDGET] phase=diagnostics-handoff-bundle complexity=medium input=28538 output=3289/16384 total=31827 utilization=20.1% model=claude-sonnet-4-5
[2025-12-21 12:44:59] INFO: [Builder] Generated 1 file diffs locally from full-file content
[2025-12-21 12:44:59] INFO: [diagnostics-handoff-bundle] Builder succeeded (batch 1, 31827 tokens)
[2025-12-21 12:44:59] INFO: [diagnostics-handoff-bundle] Deliverables validation:
[2025-12-21 12:44:59] INFO:   Expected: 1 files
[2025-12-21 12:44:59] INFO:   Found in patch: 1 files
[2025-12-21 12:44:59] INFO: [diagnostics-handoff-bundle] ✅ Deliverables validation PASSED
[2025-12-21 12:44:59] INFO: Removing existing file for new file patch: src/autopack/diagnostics/handoff_bundler.py
[2025-12-21 12:44:59] INFO: Writing patch to temp_patch.diff
[2025-12-21 12:44:59] INFO: Checking if patch can be applied (dry run)...
[2025-12-21 12:44:59] INFO: Applying patch to filesystem...
[2025-12-21 12:44:59] INFO: Patch applied successfully - 1 files modified
[2025-12-21 12:44:59] INFO:   - src/autopack/diagnostics/handoff_bundler.py
[2025-12-21 12:44:59] INFO: [Validation] All 1 modified files validated successfully
[2025-12-21 12:44:59] INFO: [diagnostics-handoff-bundle] Patch applied successfully (batch 1)
[2025-12-21 12:44:59] WARNING: [Scope] Could not determine workspace from scope paths, using default: .
[2025-12-21 12:44:59] INFO: [Scope] Loaded 1 files from scope configuration
[2025-12-21 12:44:59] INFO: [Scope] Scope paths: ['src/autopack/diagnostics/handoff_bundler.py']
[2025-12-21 12:44:59] INFO: [Scope] Loaded paths: ['src/autopack/diagnostics/handoff_bundler.py']...
[2025-12-21 12:44:59] INFO: [diagnostics-handoff-bundle] Batch 2/4: 1 deliverables
[2025-12-21 12:44:59] INFO: [diagnostics-handoff-bundle] Built deliverables contract: 1 required paths, 0 forbidden patterns
[2025-12-21 12:44:59] INFO: [diagnostics-handoff-bundle] Deliverables manifest gate PASSED (batch 2, 1 paths)
[2025-12-21 12:44:59] INFO: [ModelSelector] Complexity escalated: MEDIUM -> high for phase diagnostics-handoff-bundle
[2025-12-21 12:44:59] INFO: [ModelSelector] Selected claude-sonnet-4-5 for builder (complexity=high, attempt=0, intra_tier=0)
[2025-12-21 12:44:59] INFO: [MODEL-SELECT] Builder: model=claude-sonnet-4-5, complexity=MEDIUM->high, attempt=0, category=IMPLEMENT_FEATURE
[2025-12-21 12:44:59] WARNING: CONSOLIDATED_DEBUG.md not found at c:\dev\Autopack\.autonomous_runs\file-organizer-app-v1\archive\CONSOLIDATED_DEBUG.md
[2025-12-21 12:45:02] INFO: HTTP Request: POST https://api.anthropic.com/v1/messages "HTTP/1.1 200 OK"
[2025-12-21 12:45:14] INFO: [TOKEN_BUDGET] phase=diagnostics-handoff-bundle complexity=medium input=3793 output=1066/16384 total=4859 utilization=6.5% model=claude-sonnet-4-5
[2025-12-21 12:45:14] INFO: [Builder] Generated 1 file diffs locally from full-file content
[2025-12-21 12:45:14] INFO: [diagnostics-handoff-bundle] Builder succeeded (batch 2, 4859 tokens)
[2025-12-21 12:45:14] INFO: [diagnostics-handoff-bundle] Deliverables validation:
[2025-12-21 12:45:14] INFO:   Expected: 1 files
[2025-12-21 12:45:14] INFO:   Found in patch: 1 files
[2025-12-21 12:45:14] INFO: [diagnostics-handoff-bundle] ✅ Deliverables validation PASSED
[2025-12-21 12:45:14] INFO: Removing existing file for new file patch: src/autopack/cli/commands/handoff.py
[2025-12-21 12:45:14] INFO: Writing patch to temp_patch.diff
[2025-12-21 12:45:14] INFO: Checking if patch can be applied (dry run)...
[2025-12-21 12:45:14] INFO: Applying patch to filesystem...
[2025-12-21 12:45:14] INFO: Patch applied successfully - 1 files modified
[2025-12-21 12:45:14] INFO:   - src/autopack/cli/commands/handoff.py
[2025-12-21 12:45:14] INFO: [Validation] All 1 modified files validated successfully
[2025-12-21 12:45:15] INFO: [diagnostics-handoff-bundle] Patch applied successfully (batch 2)
[2025-12-21 12:45:15] WARNING: [Scope] Could not determine workspace from scope paths, using default: .
[2025-12-21 12:45:15] INFO: [Scope] Loaded 1 files from scope configuration
[2025-12-21 12:45:15] INFO: [Scope] Scope paths: ['src/autopack/cli/commands/handoff.py']
[2025-12-21 12:45:15] INFO: [Scope] Loaded paths: ['src/autopack/cli/commands/handoff.py']...
[2025-12-21 12:45:15] INFO: [diagnostics-handoff-bundle] Batch 3/4: 1 deliverables
[2025-12-21 12:45:15] INFO: [diagnostics-handoff-bundle] Built deliverables contract: 1 required paths, 0 forbidden patterns
[2025-12-21 12:45:15] INFO: [diagnostics-handoff-bundle] Deliverables manifest gate PASSED (batch 3, 1 paths)
[2025-12-21 12:45:15] INFO: [ModelSelector] Complexity escalated: MEDIUM -> high for phase diagnostics-handoff-bundle
[2025-12-21 12:45:15] INFO: [ModelSelector] Selected claude-sonnet-4-5 for builder (complexity=high, attempt=0, intra_tier=0)
[2025-12-21 12:45:15] INFO: [MODEL-SELECT] Builder: model=claude-sonnet-4-5, complexity=MEDIUM->high, attempt=0, category=IMPLEMENT_FEATURE
[2025-12-21 12:45:15] WARNING: CONSOLIDATED_DEBUG.md not found at c:\dev\Autopack\.autonomous_runs\file-organizer-app-v1\archive\CONSOLIDATED_DEBUG.md
[2025-12-21 12:45:16] INFO: HTTP Request: POST https://api.anthropic.com/v1/messages "HTTP/1.1 200 OK"
[2025-12-21 12:46:02] INFO: [TOKEN_BUDGET] phase=diagnostics-handoff-bundle complexity=medium input=1916 output=4009/16384 total=5925 utilization=24.5% model=claude-sonnet-4-5
[2025-12-21 12:46:02] INFO: [Builder] Generated 1 file diffs locally from full-file content
[2025-12-21 12:46:02] INFO: [diagnostics-handoff-bundle] Builder succeeded (batch 3, 5925 tokens)
[2025-12-21 12:46:02] INFO: [diagnostics-handoff-bundle] Deliverables validation:
[2025-12-21 12:46:02] INFO:   Expected: 1 files
[2025-12-21 12:46:02] INFO:   Found in patch: 2 files
[2025-12-21 12:46:02] INFO: [diagnostics-handoff-bundle] ✅ Deliverables validation PASSED
[2025-12-21 12:46:02] INFO: [diagnostics-handoff-bundle]    Note: 1 additional files created (not required)
[2025-12-21 12:46:02] INFO: Removing existing file for new file patch: tests/autopack/diagnostics/test_handoff_bundler.py
[2025-12-21 12:46:02] WARNING: [Scope] BLOCKED: Patch attempts to modify file outside scope: /test.py
[2025-12-21 12:46:02] ERROR: [Scope] Patch rejected - 1 files outside scope
[2025-12-21 12:46:02] ERROR: [Isolation] Patch rejected - 1 violations (protected paths + scope)
[2025-12-21 12:46:02] ERROR: [Isolation] Patch rejected - protected path violations: Outside scope: /test.py
[2025-12-21 12:46:02] ERROR: [diagnostics-handoff-bundle] Failed to apply patch (batch 3): Patch rejected - protected path violations: Outside scope: /test.py
[2025-12-21 12:46:02] INFO: Updated phase diagnostics-handoff-bundle status to FAILED
[2025-12-21 12:46:42] INFO: [diagnostics-handoff-bundle] Updated counters in DB: retry=1, epoch=0, escalation=0 (reason: PATCH_FAILED)
[2025-12-21 12:46:42] WARNING: [diagnostics-handoff-bundle] Attempt 1/5 failed, will escalate model for next retry
[2025-12-21 12:46:42] WARNING: Phase diagnostics-handoff-bundle finished with status: PATCH_FAILED
[2025-12-21 12:46:42] INFO: Waiting 10s before next phase...
[2025-12-21 12:46:52] INFO: Iteration 2: Fetching run status...
[2025-12-21 12:46:52] INFO: [AUTO-RESET] Found 1 FAILED phases with retries remaining
[2025-12-21 12:46:52] INFO: [AUTO-RESET] Resetting diagnostics-handoff-bundle to QUEUED (retry_attempt: 1/5)
[2025-12-21 12:46:52] INFO: [diagnostics-handoff-bundle] Found executable phase: state=PhaseState.QUEUED, attempts=0/None
[2025-12-21 12:46:52] INFO: [BUILD-041] Next phase: diagnostics-handoff-bundle
[2025-12-21 12:46:52] INFO: [Context] Loaded 6 recently modified files for fresh context
[2025-12-21 12:46:53] INFO: [Context] Total: 18 files loaded for Builder context (modified=6, mentioned=0)
[2025-12-21 12:46:53] INFO: [TOKEN_BUDGET] Context loading: ~19999 tokens (99% of 20000 budget)
[2025-12-21 12:46:53] INFO: [diagnostics-handoff-bundle] Loaded 18 files for context
[2025-12-21 12:46:53] INFO: [diagnostics-handoff-bundle] diagnostics_handoff_bundle batching enabled: 4 batches (1, 1, 1, 1 files)
[2025-12-21 12:46:53] INFO: [diagnostics-handoff-bundle] Batch 1/4: 1 deliverables
[2025-12-21 12:46:53] INFO: [diagnostics-handoff-bundle] Built deliverables contract: 1 required paths, 0 forbidden patterns
[2025-12-21 12:46:53] INFO: [diagnostics-handoff-bundle] Skipping batch 1/4 on retry (attempt=1) - all deliverables already exist
[2025-12-21 12:46:53] WARNING: [Scope] Could not determine workspace from scope paths, using default: .
[2025-12-21 12:46:53] INFO: [Scope] Loaded 1 files from scope configuration
[2025-12-21 12:46:53] INFO: [Scope] Scope paths: ['src/autopack/diagnostics/handoff_bundler.py']
[2025-12-21 12:46:53] INFO: [Scope] Loaded paths: ['src/autopack/diagnostics/handoff_bundler.py']...
[2025-12-21 12:46:53] INFO: [diagnostics-handoff-bundle] Batch 2/4: 1 deliverables
[2025-12-21 12:46:53] INFO: [diagnostics-handoff-bundle] Built deliverables contract: 1 required paths, 0 forbidden patterns
[2025-12-21 12:46:53] INFO: [diagnostics-handoff-bundle] Skipping batch 2/4 on retry (attempt=1) - all deliverables already exist
[2025-12-21 12:46:53] WARNING: [Scope] Could not determine workspace from scope paths, using default: .
[2025-12-21 12:46:53] INFO: [Scope] Loaded 1 files from scope configuration
[2025-12-21 12:46:53] INFO: [Scope] Scope paths: ['src/autopack/cli/commands/handoff.py']
[2025-12-21 12:46:53] INFO: [Scope] Loaded paths: ['src/autopack/cli/commands/handoff.py']...
[2025-12-21 12:46:53] INFO: [diagnostics-handoff-bundle] Batch 3/4: 1 deliverables
[2025-12-21 12:46:53] INFO: [diagnostics-handoff-bundle] Built deliverables contract: 1 required paths, 0 forbidden patterns
[2025-12-21 12:46:53] INFO: [diagnostics-handoff-bundle] Deliverables manifest gate PASSED (batch 3, 1 paths)
[2025-12-21 12:46:53] INFO: [ModelSelector] Complexity escalated: MEDIUM -> high for phase diagnostics-handoff-bundle
[2025-12-21 12:46:53] INFO: [ModelSelector] Selected claude-opus-4-5 for builder (complexity=high, attempt=1, intra_tier=1)
[2025-12-21 12:46:53] INFO: [MODEL-SELECT] Builder: model=claude-opus-4-5, complexity=MEDIUM->high, attempt=1, category=IMPLEMENT_FEATURE
[2025-12-21 12:46:53] WARNING: CONSOLIDATED_DEBUG.md not found at c:\dev\Autopack\.autonomous_runs\file-organizer-app-v1\archive\CONSOLIDATED_DEBUG.md
[2025-12-21 12:46:58] INFO: Retrying request to /v1/messages in 0.479504 seconds
[2025-12-21 12:47:04] INFO: HTTP Request: POST https://api.anthropic.com/v1/messages "HTTP/1.1 200 OK"
[2025-12-21 12:47:41] INFO: [TOKEN_BUDGET] phase=diagnostics-handoff-bundle complexity=medium input=1916 output=3949/16384 total=5865 utilization=24.1% model=claude-opus-4-5
[2025-12-21 12:47:41] INFO: [Builder] Generated 1 file diffs locally from full-file content
[2025-12-21 12:47:41] INFO: [diagnostics-handoff-bundle] Builder succeeded (batch 3, 5865 tokens)
[2025-12-21 12:47:41] INFO: [diagnostics-handoff-bundle] Deliverables validation:
[2025-12-21 12:47:41] INFO:   Expected: 1 files
[2025-12-21 12:47:41] INFO:   Found in patch: 1 files
[2025-12-21 12:47:41] INFO: [diagnostics-handoff-bundle] ✅ Deliverables validation PASSED
[2025-12-21 12:47:41] INFO: Writing patch to temp_patch.diff
[2025-12-21 12:47:41] INFO: Checking if patch can be applied (dry run)...
[2025-12-21 12:47:41] INFO: Applying patch to filesystem...
[2025-12-21 12:47:41] INFO: Patch applied successfully - 1 files modified
[2025-12-21 12:47:41] INFO:   - tests/autopack/diagnostics/test_handoff_bundler.py
[2025-12-21 12:47:42] ERROR: [Validation] CORRUPTED: tests/autopack/diagnostics/test_handoff_bundler.py - Line 10: invalid syntax
[2025-12-21 12:47:42] ERROR: [Validation] 1 files corrupted after patch application
[2025-12-21 12:47:42] ERROR: [Integrity] Git apply corrupted 1 files - restoring
[2025-12-21 12:47:42] INFO: [Integrity] Removed corrupted new file: tests/autopack/diagnostics/test_handoff_bundler.py
[2025-12-21 12:47:42] ERROR: [diagnostics-handoff-bundle] Failed to apply patch (batch 3): Patch corrupted 1 files (restored 1, failed 0)
[2025-12-21 12:47:42] INFO: Updated phase diagnostics-handoff-bundle status to FAILED
[2025-12-21 12:48:22] INFO: [Doctor] Routine failure detected -> using cheap model
[2025-12-21 12:48:28] INFO: HTTP Request: POST https://api.anthropic.com/v1/messages "HTTP/1.1 200 OK"
[2025-12-21 12:48:28] INFO: [Doctor] Diagnosis complete: action=replan, confidence=0.75, phase=diagnostics-handoff-bundle, model=claude-sonnet-4-5, is_complex=False, escalated=False, health_ratio=0.08
[2025-12-21 12:48:28] INFO: [Doctor] Diagnosis complete: action=replan, confidence=0.75, phase_calls=1, run_calls=1
[2025-12-21 12:48:28] INFO: [Doctor] Action: replan - triggering approach revision
[2025-12-21 12:48:28] INFO: [Re-Plan] Revising approach for diagnostics-handoff-bundle due to doctor_replan:Two consecutive patch application failures suggest (attempt 1)
[2025-12-21 12:48:28] INFO: [GoalAnchor] Original intent: Diagnostics Parity (Stage 1A): Deterministic handoff bundle generator....
[2025-12-21 12:48:39] INFO: HTTP Request: POST https://api.anthropic.com/v1/messages "HTTP/1.1 200 OK"
[2025-12-21 12:48:39] INFO: [GoalAnchor] Alignment classification: narrower - Heuristic detection: revision appears to reduce scope
[2025-12-21 12:48:39] WARNING: [GoalAnchor] WARNING: Revision appears to narrow scope for diagnostics-handoff-bundle. Original intent: 'Diagnostics Parity (Stage 1A): Deterministic hando...' This may indicate goal drift.
[2025-12-21 12:48:39] INFO: [Re-Plan] Successfully revised phase diagnostics-handoff-bundle
[2025-12-21 12:48:39] INFO: [Re-Plan] Original: Diagnostics Parity (Stage 1A): Deterministic handoff bundle generator.

Generate a stable, reproduci...
[2025-12-21 12:48:39] INFO: [Re-Plan] Revised: Generate a stable, reproducible `handoff/` folder from a run directory using a staged file-by-file a...
[2025-12-21 12:48:39] INFO: [GoalAnchor] REPLAN_TELEMETRY: run_id=diagnostics-parity-phases-124 phase_id=diagnostics-handoff-bundle attempt=1 alignment=narrower replan_count_phase=1 replan_count_run=1
[2025-12-21 12:48:39] INFO: [ARCHIVE_CONSOLIDATOR] Logged build event: PHASE_REPLANNED
[2025-12-21 12:48:39] INFO: [Doctor] Replan successful, phase revised
[2025-12-21 12:48:39] INFO: [diagnostics-handoff-bundle] Doctor triggered re-planning (epoch 0 → 1), preserving retry progress (retry_attempt=1, escalation=0)
[2025-12-21 12:48:39] INFO: [diagnostics-handoff-bundle] Updated counters in DB: retry=1, epoch=1, escalation=0 (reason: DOCTOR_REPLAN)
[2025-12-21 12:48:39] WARNING: Phase diagnostics-handoff-bundle finished with status: REPLAN_REQUESTED
[2025-12-21 12:48:39] INFO: Waiting 10s before next phase...
[2025-12-21 12:48:49] INFO: Iteration 3: Fetching run status...
[2025-12-21 12:48:49] INFO: [AUTO-RESET] Found 1 FAILED phases with retries remaining
[2025-12-21 12:48:49] INFO: [AUTO-RESET] Resetting diagnostics-handoff-bundle to QUEUED (retry_attempt: 1/5)
[2025-12-21 12:48:49] INFO: [diagnostics-handoff-bundle] Found executable phase: state=PhaseState.QUEUED, attempts=0/None
[2025-12-21 12:48:49] INFO: [BUILD-041] Next phase: diagnostics-handoff-bundle
[2025-12-21 12:48:49] INFO: [Context] Loaded 6 recently modified files for fresh context
[2025-12-21 12:48:49] INFO: [Context] Total: 18 files loaded for Builder context (modified=6, mentioned=0)
[2025-12-21 12:48:49] INFO: [TOKEN_BUDGET] Context loading: ~19999 tokens (99% of 20000 budget)
[2025-12-21 12:48:49] INFO: [diagnostics-handoff-bundle] Loaded 18 files for context
[2025-12-21 12:48:49] INFO: [diagnostics-handoff-bundle] diagnostics_handoff_bundle batching enabled: 4 batches (1, 1, 1, 1 files)
[2025-12-21 12:48:49] INFO: [diagnostics-handoff-bundle] Batch 1/4: 1 deliverables
[2025-12-21 12:48:49] INFO: [diagnostics-handoff-bundle] Built deliverables contract: 1 required paths, 0 forbidden patterns
[2025-12-21 12:48:49] INFO: [diagnostics-handoff-bundle] Skipping batch 1/4 on retry (attempt=1) - all deliverables already exist
[2025-12-21 12:48:49] WARNING: [Scope] Could not determine workspace from scope paths, using default: .
[2025-12-21 12:48:49] INFO: [Scope] Loaded 1 files from scope configuration
[2025-12-21 12:48:49] INFO: [Scope] Scope paths: ['src/autopack/diagnostics/handoff_bundler.py']
[2025-12-21 12:48:49] INFO: [Scope] Loaded paths: ['src/autopack/diagnostics/handoff_bundler.py']...
[2025-12-21 12:48:49] INFO: [diagnostics-handoff-bundle] Batch 2/4: 1 deliverables
[2025-12-21 12:48:49] INFO: [diagnostics-handoff-bundle] Built deliverables contract: 1 required paths, 0 forbidden patterns
[2025-12-21 12:48:49] INFO: [diagnostics-handoff-bundle] Skipping batch 2/4 on retry (attempt=1) - all deliverables already exist
[2025-12-21 12:48:49] WARNING: [Scope] Could not determine workspace from scope paths, using default: .
[2025-12-21 12:48:49] INFO: [Scope] Loaded 1 files from scope configuration
[2025-12-21 12:48:49] INFO: [Scope] Scope paths: ['src/autopack/cli/commands/handoff.py']
[2025-12-21 12:48:49] INFO: [Scope] Loaded paths: ['src/autopack/cli/commands/handoff.py']...
[2025-12-21 12:48:49] INFO: [diagnostics-handoff-bundle] Batch 3/4: 1 deliverables
[2025-12-21 12:48:49] INFO: [diagnostics-handoff-bundle] Built deliverables contract: 1 required paths, 0 forbidden patterns
[2025-12-21 12:48:49] INFO: [diagnostics-handoff-bundle] Deliverables manifest gate PASSED (batch 3, 1 paths)
[2025-12-21 12:48:49] INFO: [ModelSelector] Complexity escalated: MEDIUM -> high for phase diagnostics-handoff-bundle
[2025-12-21 12:48:49] INFO: [ModelSelector] Selected claude-opus-4-5 for builder (complexity=high, attempt=1, intra_tier=1)
[2025-12-21 12:48:49] INFO: [MODEL-SELECT] Builder: model=claude-opus-4-5, complexity=MEDIUM->high, attempt=1, category=IMPLEMENT_FEATURE
[2025-12-21 12:48:49] WARNING: CONSOLIDATED_DEBUG.md not found at c:\dev\Autopack\.autonomous_runs\file-organizer-app-v1\archive\CONSOLIDATED_DEBUG.md
[2025-12-21 12:48:51] INFO: HTTP Request: POST https://api.anthropic.com/v1/messages "HTTP/1.1 200 OK"
[2025-12-21 12:49:45] INFO: [TOKEN_BUDGET] phase=diagnostics-handoff-bundle complexity=medium input=1916 output=5011/16384 total=6927 utilization=30.6% model=claude-opus-4-5
[2025-12-21 12:49:45] INFO: [Builder] Generated 1 file diffs locally from full-file content
[2025-12-21 12:49:45] INFO: [diagnostics-handoff-bundle] Builder succeeded (batch 3, 6927 tokens)
[2025-12-21 12:49:45] INFO: [diagnostics-handoff-bundle] Deliverables validation:
[2025-12-21 12:49:45] INFO:   Expected: 1 files
[2025-12-21 12:49:45] INFO:   Found in patch: 1 files
[2025-12-21 12:49:45] INFO: [diagnostics-handoff-bundle] ✅ Deliverables validation PASSED
[2025-12-21 12:49:45] INFO: Writing patch to temp_patch.diff
[2025-12-21 12:49:45] INFO: Checking if patch can be applied (dry run)...
[2025-12-21 12:49:45] INFO: Applying patch to filesystem...
[2025-12-21 12:49:45] INFO: Patch applied successfully - 1 files modified
[2025-12-21 12:49:45] INFO:   - tests/autopack/diagnostics/test_handoff_bundler.py
[2025-12-21 12:49:45] INFO: [Validation] All 1 modified files validated successfully
[2025-12-21 12:49:45] INFO: [diagnostics-handoff-bundle] Patch applied successfully (batch 3)
[2025-12-21 12:49:45] WARNING: [Scope] Could not determine workspace from scope paths, using default: .
[2025-12-21 12:49:45] INFO: [Scope] Loaded 1 files from scope configuration
[2025-12-21 12:49:45] INFO: [Scope] Scope paths: ['tests/autopack/diagnostics/test_handoff_bundler.py']
[2025-12-21 12:49:45] INFO: [Scope] Loaded paths: ['tests/autopack/diagnostics/test_handoff_bundler.py']...
[2025-12-21 12:49:45] INFO: [diagnostics-handoff-bundle] Batch 4/4: 1 deliverables
[2025-12-21 12:49:45] INFO: [diagnostics-handoff-bundle] Built deliverables contract: 1 required paths, 0 forbidden patterns
[2025-12-21 12:49:45] INFO: [diagnostics-handoff-bundle] Skipping batch 4/4 on retry (attempt=1) - all deliverables already exist
[2025-12-21 12:49:45] WARNING: [Scope] Could not determine workspace from scope paths, using default: .
[2025-12-21 12:49:45] INFO: [Scope] Loaded 1 files from scope configuration
[2025-12-21 12:49:45] INFO: [Scope] Scope paths: ['docs/autopack/diagnostics_handoff_bundle.md']
[2025-12-21 12:49:45] INFO: [Scope] Loaded paths: ['docs/autopack/diagnostics_handoff_bundle.md']...
[2025-12-21 12:49:45] INFO: [diagnostics-handoff-bundle] Step 3/5: Running CI checks...
[2025-12-21 12:49:45] INFO: [diagnostics-handoff-bundle] Running CI checks (pytest)...
[2025-12-21 12:50:01] INFO: [diagnostics-handoff-bundle] CI output written to: .autonomous_runs\diagnostics-parity-phases-124\ci\pytest_diagnostics-handoff-bundle.log
[2025-12-21 12:50:01] WARNING: [diagnostics-handoff-bundle] CI checks FAILED: return code 2
[2025-12-21 12:50:01] INFO: [diagnostics-handoff-bundle] Step 4/5: Reviewing patch with Auditor (via LlmService)...
[2025-12-21 12:50:01] INFO: [ModelSelector] Complexity escalated: MEDIUM -> high for phase diagnostics-handoff-bundle
[2025-12-21 12:50:01] INFO: [ModelSelector] Selected claude-opus-4-5 for auditor (complexity=high, attempt=1, intra_tier=1)
[2025-12-21 12:50:01] INFO: [MODEL-SELECT] Auditor: model=claude-opus-4-5, complexity=MEDIUM->high, attempt=1, category=IMPLEMENT_FEATURE
[2025-12-21 12:50:01] WARNING: CONSOLIDATED_DEBUG.md not found at c:\dev\Autopack\.autonomous_runs\file-organizer-app-v1\archive\CONSOLIDATED_DEBUG.md
[2025-12-21 12:50:15] INFO: HTTP Request: POST https://api.anthropic.com/v1/messages "HTTP/1.1 200 OK"
[2025-12-21 12:50:15] INFO: [diagnostics-handoff-bundle] Auditor completed: approved=False, issues=1
[2025-12-21 12:50:15] INFO: [diagnostics-handoff-bundle] Step 5/5: Applying Quality Gate...
[2025-12-21 12:50:15] INFO: [diagnostics-handoff-bundle] Quality Gate: needs_review
[2025-12-21 12:50:15] INFO: Updated phase diagnostics-handoff-bundle status to COMPLETE
[2025-12-21 12:50:15] INFO: [diagnostics-handoff-bundle] Phase completed successfully (batched)
[2025-12-21 12:50:15] INFO: [diagnostics-handoff-bundle] Marked COMPLETE in database
[2025-12-21 12:50:15] INFO: [diagnostics-handoff-bundle] Phase completed successfully on attempt 2
[2025-12-21 12:50:15] INFO: Phase diagnostics-handoff-bundle completed successfully
[2025-12-21 12:50:15] INFO: Waiting 10s before next phase...
[2025-12-21 12:50:25] INFO: Iteration 4: Fetching run status...
[2025-12-21 12:50:25] INFO: No more executable phases, execution complete
[2025-12-21 12:50:25] INFO: Autonomous execution loop finished
[2025-12-21 12:50:25] INFO: [ARCHIVE_CONSOLIDATOR] Logged build event: RUN_COMPLETE
[2025-12-21 12:50:25] INFO: Learning Pipeline: Promoted 22 hints to persistent project rules
[2025-12-21 12:50:25] INFO: Learning Pipeline: Marked rules updated (total: 70 rules)
[2025-12-21 12:50:25] INFO: [PLANNING NOTICE] 22 new rules promoted. Future planning should incorporate 70 total project rules.
[2025-12-21 12:50:25] INFO: [LOCK] Released executor lock for run_id=diagnostics-parity-phases-124 (PID=5936)
[Quality Gate] Phase diagnostics-handoff-bundle
Category: IMPLEMENT_FEATURE
Quality Level: NEEDS_REVIEW

Issues (blocking):
  ✗ CI tests failed: pytest exited with code 2
