faiss library not installed; FaissStore will use in-memory fallback
[2025-12-21 01:26:15] ERROR: [LOCK] Another executor is already running for run_id=diagnostics-parity-phases-124 (could not read lock file: [Errno 13] Permission denied)
[2025-12-21 01:26:15] ERROR: Another executor is already running for run_id=diagnostics-parity-phases-124. Exiting to prevent duplicate work and token waste.
faiss library not installed; FaissStore will use in-memory fallback
[2025-12-21 01:27:14] INFO: [LOCK] Acquired executor lock for run_id=diagnostics-parity-phases-124 (PID=51344, host=Harry)
[2025-12-21 01:27:14] INFO: Applying pre-emptive encoding fix...
[2025-12-21 01:27:14] INFO: [Recovery] Fixing Unicode encoding error...
[2025-12-21 01:27:14] INFO: [Recovery] SUCCESS: Encoding fixed (UTF-8 enabled)
[2025-12-21 01:27:14] INFO: Database tables initialized
[2025-12-21 01:27:14] INFO: Loaded BuilderOutputConfig: max_lines_for_full_file=1000, max_lines_hard_limit=1000
[2025-12-21 01:27:14] INFO: Doctor execute_fix enabled: True
[2025-12-21 01:27:14] INFO: FileSizeTelemetry initialized: .autonomous_runs\autopack\file_size_telemetry.jsonl
[2025-12-21 01:27:20] INFO: [Qdrant] Connected to localhost:6333
[2025-12-21 01:27:20] INFO: [MemoryService] Using Qdrant backend
[2025-12-21 01:27:24] ERROR: [Qdrant] Failed to ensure collection 'code_docs': [WinError 10061] No connection could be made because the target machine actively refused it
[2025-12-21 01:27:24] WARNING: MemoryService initialization failed, running without memory: [WinError 10061] No connection could be made because the target machine actively refused it
[2025-12-21 01:27:24] INFO: [FileLayout] Project: autopack, Family: diagnostics-parity-phases-124, Base: .autonomous_runs\autopack\runs\diagnostics-parity-phases-124
[2025-12-21 01:27:24] INFO: Initialized autonomous executor for run: diagnostics-parity-phases-124
[2025-12-21 01:27:24] INFO: API URL: http://127.0.0.1:8001
[2025-12-21 01:27:24] INFO: Workspace: .
[2025-12-21 01:27:24] INFO: Running proactive startup checks from DEBUG_JOURNAL.md...
[2025-12-21 01:27:24] INFO: [HIGH] Checking: Windows Unicode Fix (PYTHONUTF8)
[2025-12-21 01:27:24] INFO:   Reason: Prevents UnicodeEncodeError with emoji characters in logs (Issue #3)
[2025-12-21 01:27:24] INFO:   Check PASSED
[2025-12-21 01:27:24] INFO: Startup checks complete
[2025-12-21 01:27:24] INFO: [HealthCheck:T0] API Keys: PASSED (0ms) - All required API keys present
[2025-12-21 01:27:24] INFO: [HealthCheck:T0] Database: PASSED (0ms) - Database accessible: c:\dev\Autopack\autopack.db
[2025-12-21 01:27:24] INFO: [HealthCheck:T0] Workspace: PASSED (0ms) - Workspace valid: c:\dev\Autopack
[2025-12-21 01:27:24] INFO: [HealthCheck:T0] Config: PASSED (23ms) - Configuration files valid
[2025-12-21 01:27:24] INFO: Starting autonomous execution loop...
[2025-12-21 01:27:24] INFO: Poll interval: 10s
[2025-12-21 01:27:24] INFO: Max iterations: 100
[2025-12-21 01:27:24] INFO: API server is already running
[2025-12-21 01:27:24] INFO: Initializing infrastructure...
[2025-12-21 01:27:28] INFO: LlmService: Initialized with ModelRouter and UsageRecorder
[2025-12-21 01:27:28] INFO: Quality Gate: Initialized
[2025-12-21 01:27:28] INFO: Iteration 1: Fetching run status...
[2025-12-21 01:27:28] INFO: [GoalAnchor] Initialized: Diagnostics Parity (Stage 1B): Cursor-ready prompt generator....
[2025-12-21 01:27:28] INFO: [AUTO-RESET] Found 1 FAILED phases with retries remaining
[2025-12-21 01:27:28] INFO: [AUTO-RESET] Resetting diagnostics-cursor-prompt to QUEUED (retry_attempt: 3/5)
[2025-12-21 01:27:28] INFO: [diagnostics-cursor-prompt] Found executable phase: state=PhaseState.QUEUED, attempts=5/None
[2025-12-21 01:27:28] INFO: [BUILD-041] Next phase: diagnostics-cursor-prompt
[2025-12-21 01:27:29] INFO: [Context] Loaded 6 recently modified files for fresh context
[2025-12-21 01:27:29] INFO: [Context] Total: 18 files loaded for Builder context (modified=6, mentioned=0)
[2025-12-21 01:27:29] INFO: [TOKEN_BUDGET] Context loading: ~19999 tokens (99% of 20000 budget)
[2025-12-21 01:27:29] INFO: [diagnostics-cursor-prompt] Loaded 18 files for context
[2025-12-21 01:27:29] INFO: [diagnostics-cursor-prompt] Learning context: 0 rules, 5 hints
[2025-12-21 01:27:29] INFO: [diagnostics-cursor-prompt] diagnostics_cursor_prompt batching enabled: 4 batches (1, 1, 1, 1 files)
[2025-12-21 01:27:29] INFO: [diagnostics-cursor-prompt] Batch 1/4: 1 deliverables
[2025-12-21 01:27:29] INFO: [diagnostics-cursor-prompt] Built deliverables contract: 1 required paths, 0 forbidden patterns
[2025-12-21 01:27:29] INFO: [diagnostics-cursor-prompt] Skipping batch 1/4 on retry (attempt=3) - all deliverables already exist
[2025-12-21 01:27:29] WARNING: [Scope] Could not determine workspace from scope paths, using default: .
[2025-12-21 01:27:29] INFO: [Scope] Loaded 1 files from scope configuration
[2025-12-21 01:27:29] INFO: [Scope] Scope paths: ['src/autopack/diagnostics/cursor_prompt_generator.py']
[2025-12-21 01:27:29] INFO: [Scope] Loaded paths: ['src/autopack/diagnostics/cursor_prompt_generator.py']...
[2025-12-21 01:27:29] INFO: [diagnostics-cursor-prompt] Batch 2/4: 1 deliverables
[2025-12-21 01:27:29] INFO: [diagnostics-cursor-prompt] Built deliverables contract: 1 required paths, 0 forbidden patterns
[2025-12-21 01:27:29] INFO: [diagnostics-cursor-prompt] Skipping batch 2/4 on retry (attempt=3) - all deliverables already exist
[2025-12-21 01:27:29] WARNING: [Scope] Could not determine workspace from scope paths, using default: .
[2025-12-21 01:27:29] INFO: [Scope] Loaded 1 files from scope configuration
[2025-12-21 01:27:29] INFO: [Scope] Scope paths: ['src/autopack/dashboard/server.py']
[2025-12-21 01:27:29] INFO: [Scope] Loaded paths: ['src/autopack/dashboard/server.py']...
[2025-12-21 01:27:29] INFO: [diagnostics-cursor-prompt] Batch 3/4: 1 deliverables
[2025-12-21 01:27:29] INFO: [diagnostics-cursor-prompt] Built deliverables contract: 1 required paths, 0 forbidden patterns
[2025-12-21 01:27:29] INFO: [diagnostics-cursor-prompt] Skipping batch 3/4 on retry (attempt=3) - all deliverables already exist
[2025-12-21 01:27:29] WARNING: [Scope] Could not determine workspace from scope paths, using default: .
[2025-12-21 01:27:29] INFO: [Scope] Loaded 1 files from scope configuration
[2025-12-21 01:27:29] INFO: [Scope] Scope paths: ['tests/autopack/diagnostics/test_cursor_prompt_generator.py']
[2025-12-21 01:27:29] INFO: [Scope] Loaded paths: ['tests/autopack/diagnostics/test_cursor_prompt_generator.py']...
[2025-12-21 01:27:29] INFO: [diagnostics-cursor-prompt] Batch 4/4: 1 deliverables
[2025-12-21 01:27:29] INFO: [diagnostics-cursor-prompt] Built deliverables contract: 1 required paths, 0 forbidden patterns
[2025-12-21 01:27:29] INFO: [diagnostics-cursor-prompt] Skipping batch 4/4 on retry (attempt=3) - all deliverables already exist
[2025-12-21 01:27:29] WARNING: [Scope] Could not determine workspace from scope paths, using default: .
[2025-12-21 01:27:29] INFO: [Scope] Loaded 1 files from scope configuration
[2025-12-21 01:27:29] INFO: [Scope] Scope paths: ['docs/autopack/diagnostics_cursor_prompt.md']
[2025-12-21 01:27:29] INFO: [Scope] Loaded paths: ['docs/autopack/diagnostics_cursor_prompt.md']...
[2025-12-21 01:27:29] INFO: [diagnostics-cursor-prompt] Step 3/5: Running CI checks...
[2025-12-21 01:27:29] INFO: [diagnostics-cursor-prompt] Running CI checks (pytest)...
[2025-12-21 01:27:47] INFO: [diagnostics-cursor-prompt] CI output written to: .autonomous_runs\diagnostics-parity-phases-124\ci\pytest_diagnostics-cursor-prompt.log
[2025-12-21 01:27:47] WARNING: [diagnostics-cursor-prompt] CI checks FAILED: return code 2
[2025-12-21 01:27:47] INFO: [diagnostics-cursor-prompt] Step 4/5: Reviewing patch with Auditor (via LlmService)...
[2025-12-21 01:27:47] INFO: [ModelSelector] Complexity escalated: MEDIUM -> high for phase diagnostics-cursor-prompt
[2025-12-21 01:27:47] INFO: [ModelSelector] Selected claude-opus-4-5 for auditor (complexity=high, attempt=3, intra_tier=3)
[2025-12-21 01:27:47] INFO: [MODEL-SELECT] Auditor: model=claude-opus-4-5, complexity=MEDIUM->high, attempt=3, category=IMPLEMENT_FEATURE
[2025-12-21 01:27:47] WARNING: CONSOLIDATED_DEBUG.md not found at c:\dev\Autopack\.autonomous_runs\file-organizer-app-v1\archive\CONSOLIDATED_DEBUG.md
[2025-12-21 01:27:53] INFO: HTTP Request: POST https://api.anthropic.com/v1/messages "HTTP/1.1 200 OK"
[2025-12-21 01:27:53] INFO: [diagnostics-cursor-prompt] Auditor completed: approved=False, issues=1
[2025-12-21 01:27:53] INFO: [diagnostics-cursor-prompt] Step 5/5: Applying Quality Gate...
[2025-12-21 01:27:53] INFO: [diagnostics-cursor-prompt] Quality Gate: needs_review
[2025-12-21 01:27:53] INFO: Updated phase diagnostics-cursor-prompt status to COMPLETE
[2025-12-21 01:27:53] INFO: [diagnostics-cursor-prompt] Phase completed successfully (batched)
[2025-12-21 01:27:53] INFO: [diagnostics-cursor-prompt] Marked COMPLETE in database
[2025-12-21 01:27:53] INFO: [diagnostics-cursor-prompt] Phase completed successfully on attempt 4
[2025-12-21 01:27:53] INFO: Phase diagnostics-cursor-prompt completed successfully
[2025-12-21 01:27:53] INFO: Waiting 10s before next phase...
[2025-12-21 01:28:03] INFO: Iteration 2: Fetching run status...
[2025-12-21 01:28:03] INFO: [diagnostics-second-opinion-triage] Found executable phase: state=PhaseState.QUEUED, attempts=0/None
[2025-12-21 01:28:03] INFO: [BUILD-041] Next phase: diagnostics-second-opinion-triage
[2025-12-21 01:28:03] INFO: [Context] Loaded 6 recently modified files for fresh context
[2025-12-21 01:28:03] INFO: [Context] Total: 18 files loaded for Builder context (modified=6, mentioned=0)
[2025-12-21 01:28:03] INFO: [TOKEN_BUDGET] Context loading: ~19999 tokens (99% of 20000 budget)
[2025-12-21 01:28:03] INFO: [diagnostics-second-opinion-triage] Loaded 18 files for context
[2025-12-21 01:28:03] INFO: [diagnostics-second-opinion-triage] Learning context: 0 rules, 5 hints
[2025-12-21 01:28:03] INFO: [diagnostics-second-opinion-triage] diagnostics_second_opinion batching enabled: 3 batches (1, 1, 1 files)
[2025-12-21 01:28:03] INFO: [diagnostics-second-opinion-triage] Batch 1/3: 1 deliverables
[2025-12-21 01:28:03] INFO: [diagnostics-second-opinion-triage] Built deliverables contract: 1 required paths, 1 forbidden patterns
[2025-12-21 01:28:03] INFO: [diagnostics-second-opinion-triage] Deliverables manifest gate PASSED (batch 1, 1 paths)
[2025-12-21 01:28:03] INFO: [ModelSelector] Complexity escalated: MEDIUM -> high for phase diagnostics-second-opinion-triage
[2025-12-21 01:28:03] INFO: [ModelSelector] Selected claude-sonnet-4-5 for builder (complexity=high, attempt=0, intra_tier=0)
[2025-12-21 01:28:03] INFO: [MODEL-SELECT] Builder: model=claude-sonnet-4-5, complexity=MEDIUM->high, attempt=0, category=IMPLEMENT_FEATURE
[2025-12-21 01:28:03] WARNING: CONSOLIDATED_DEBUG.md not found at c:\dev\Autopack\.autonomous_runs\file-organizer-app-v1\archive\CONSOLIDATED_DEBUG.md
[2025-12-21 01:28:03] WARNING: [TOKEN_SOFT_CAP] run_id=diagnostics-parity-phases-124 phase_id=diagnostics-second-opinion-triage est_total=32616 soft_cap=32000 (prompt=21148 completion=11468 complexity=medium)
[2025-12-21 01:28:06] INFO: HTTP Request: POST https://api.anthropic.com/v1/messages "HTTP/1.1 200 OK"
[2025-12-21 01:29:05] INFO: [TOKEN_BUDGET] phase=diagnostics-second-opinion-triage complexity=medium input=28827 output=4951/16384 total=33778 utilization=30.2% model=claude-sonnet-4-5
[2025-12-21 01:29:05] INFO: [Builder] Generated 1 file diffs locally from full-file content
[2025-12-21 01:29:05] INFO: [diagnostics-second-opinion-triage] Builder succeeded (batch 1, 33778 tokens)
[2025-12-21 01:29:05] INFO: [diagnostics-second-opinion-triage] Deliverables validation:
[2025-12-21 01:29:05] INFO:   Expected: 1 files
[2025-12-21 01:29:05] INFO:   Found in patch: 1 files
[2025-12-21 01:29:05] INFO: [diagnostics-second-opinion-triage] ✅ Deliverables validation PASSED
[2025-12-21 01:29:05] INFO: Removing existing file for new file patch: src/autopack/diagnostics/second_opinion.py
[2025-12-21 01:29:05] INFO: Writing patch to temp_patch.diff
[2025-12-21 01:29:05] INFO: Checking if patch can be applied (dry run)...
[2025-12-21 01:29:05] INFO: Applying patch to filesystem...
[2025-12-21 01:29:05] INFO: Patch applied successfully - 1 files modified
[2025-12-21 01:29:05] INFO:   - src/autopack/diagnostics/second_opinion.py
[2025-12-21 01:29:05] INFO: [Validation] All 1 modified files validated successfully
[2025-12-21 01:29:05] INFO: [diagnostics-second-opinion-triage] Patch applied successfully (batch 1)
[2025-12-21 01:29:05] WARNING: [Scope] Could not determine workspace from scope paths, using default: .
[2025-12-21 01:29:05] INFO: [Scope] Loaded 1 files from scope configuration
[2025-12-21 01:29:05] INFO: [Scope] Scope paths: ['src/autopack/diagnostics/second_opinion.py']
[2025-12-21 01:29:05] INFO: [Scope] Loaded paths: ['src/autopack/diagnostics/second_opinion.py']...
[2025-12-21 01:29:05] INFO: [diagnostics-second-opinion-triage] Batch 2/3: 1 deliverables
[2025-12-21 01:29:05] INFO: [diagnostics-second-opinion-triage] Built deliverables contract: 1 required paths, 1 forbidden patterns
[2025-12-21 01:29:05] INFO: [diagnostics-second-opinion-triage] Deliverables manifest gate PASSED (batch 2, 1 paths)
[2025-12-21 01:29:05] INFO: [ModelSelector] Complexity escalated: MEDIUM -> high for phase diagnostics-second-opinion-triage
[2025-12-21 01:29:05] INFO: [ModelSelector] Selected claude-sonnet-4-5 for builder (complexity=high, attempt=0, intra_tier=0)
[2025-12-21 01:29:05] INFO: [MODEL-SELECT] Builder: model=claude-sonnet-4-5, complexity=MEDIUM->high, attempt=0, category=IMPLEMENT_FEATURE
[2025-12-21 01:29:05] WARNING: CONSOLIDATED_DEBUG.md not found at c:\dev\Autopack\.autonomous_runs\file-organizer-app-v1\archive\CONSOLIDATED_DEBUG.md
[2025-12-21 01:29:07] INFO: HTTP Request: POST https://api.anthropic.com/v1/messages "HTTP/1.1 200 OK"
[2025-12-21 01:30:05] INFO: [TOKEN_BUDGET] phase=diagnostics-second-opinion-triage complexity=medium input=5473 output=5857/16384 total=11330 utilization=35.7% model=claude-sonnet-4-5
[2025-12-21 01:30:05] INFO: [Builder] Generated 1 file diffs locally from full-file content
[2025-12-21 01:30:05] INFO: [diagnostics-second-opinion-triage] Builder succeeded (batch 2, 11330 tokens)
[2025-12-21 01:30:05] INFO: [diagnostics-second-opinion-triage] Deliverables validation:
[2025-12-21 01:30:05] INFO:   Expected: 1 files
[2025-12-21 01:30:05] INFO:   Found in patch: 1 files
[2025-12-21 01:30:05] INFO: [diagnostics-second-opinion-triage] ✅ Deliverables validation PASSED
[2025-12-21 01:30:05] INFO: Removing existing file for new file patch: tests/autopack/diagnostics/test_second_opinion.py
[2025-12-21 01:30:05] INFO: Writing patch to temp_patch.diff
[2025-12-21 01:30:05] INFO: Checking if patch can be applied (dry run)...
[2025-12-21 01:30:05] INFO: Applying patch to filesystem...
[2025-12-21 01:30:05] INFO: Patch applied successfully - 1 files modified
[2025-12-21 01:30:05] INFO:   - tests/autopack/diagnostics/test_second_opinion.py
[2025-12-21 01:30:05] INFO: [Validation] All 1 modified files validated successfully
[2025-12-21 01:30:05] INFO: [diagnostics-second-opinion-triage] Patch applied successfully (batch 2)
[2025-12-21 01:30:05] WARNING: [Scope] Could not determine workspace from scope paths, using default: .
[2025-12-21 01:30:05] INFO: [Scope] Loaded 1 files from scope configuration
[2025-12-21 01:30:05] INFO: [Scope] Scope paths: ['tests/autopack/diagnostics/test_second_opinion.py']
[2025-12-21 01:30:05] INFO: [Scope] Loaded paths: ['tests/autopack/diagnostics/test_second_opinion.py']...
[2025-12-21 01:30:05] INFO: [diagnostics-second-opinion-triage] Batch 3/3: 1 deliverables
[2025-12-21 01:30:05] INFO: [diagnostics-second-opinion-triage] Built deliverables contract: 1 required paths, 1 forbidden patterns
[2025-12-21 01:30:05] INFO: [diagnostics-second-opinion-triage] Deliverables manifest gate PASSED (batch 3, 1 paths)
[2025-12-21 01:30:05] INFO: [ModelSelector] Complexity escalated: MEDIUM -> high for phase diagnostics-second-opinion-triage
[2025-12-21 01:30:05] INFO: [ModelSelector] Selected claude-sonnet-4-5 for builder (complexity=high, attempt=0, intra_tier=0)
[2025-12-21 01:30:05] INFO: [MODEL-SELECT] Builder: model=claude-sonnet-4-5, complexity=MEDIUM->high, attempt=0, category=IMPLEMENT_FEATURE
[2025-12-21 01:30:05] WARNING: CONSOLIDATED_DEBUG.md not found at c:\dev\Autopack\.autonomous_runs\file-organizer-app-v1\archive\CONSOLIDATED_DEBUG.md
[2025-12-21 01:30:08] INFO: HTTP Request: POST https://api.anthropic.com/v1/messages "HTTP/1.1 200 OK"
[2025-12-21 01:31:29] INFO: [TOKEN_BUDGET] phase=diagnostics-second-opinion-triage complexity=medium input=6233 output=5825/16384 total=12058 utilization=35.6% model=claude-sonnet-4-5
[2025-12-21 01:31:29] INFO: [Builder] Generated 1 file diffs locally from full-file content
[2025-12-21 01:31:29] INFO: [diagnostics-second-opinion-triage] Builder succeeded (batch 3, 12058 tokens)
[2025-12-21 01:31:29] INFO: [diagnostics-second-opinion-triage] Deliverables validation:
[2025-12-21 01:31:29] INFO:   Expected: 1 files
[2025-12-21 01:31:29] INFO:   Found in patch: 1 files
[2025-12-21 01:31:29] INFO: [diagnostics-second-opinion-triage] ✅ Deliverables validation PASSED
[2025-12-21 01:31:29] INFO: Removing existing file for new file patch: docs/autopack/diagnostics_second_opinion.md
[2025-12-21 01:31:29] INFO: Writing patch to temp_patch.diff
[2025-12-21 01:31:29] INFO: Checking if patch can be applied (dry run)...
[2025-12-21 01:31:29] INFO: Applying patch to filesystem...
[2025-12-21 01:31:29] INFO: Patch applied successfully - 1 files modified
[2025-12-21 01:31:29] INFO:   - docs/autopack/diagnostics_second_opinion.md
[2025-12-21 01:31:29] INFO: [Validation] All 1 modified files validated successfully
[2025-12-21 01:31:29] INFO: [diagnostics-second-opinion-triage] Patch applied successfully (batch 3)
[2025-12-21 01:31:29] WARNING: [Scope] Could not determine workspace from scope paths, using default: .
[2025-12-21 01:31:29] INFO: [Scope] Loaded 1 files from scope configuration
[2025-12-21 01:31:29] INFO: [Scope] Scope paths: ['docs/autopack/diagnostics_second_opinion.md']
[2025-12-21 01:31:29] INFO: [Scope] Loaded paths: ['docs/autopack/diagnostics_second_opinion.md']...
[2025-12-21 01:31:29] INFO: [diagnostics-second-opinion-triage] Step 3/5: Running CI checks...
[2025-12-21 01:31:29] INFO: [diagnostics-second-opinion-triage] Running CI checks (pytest)...
[2025-12-21 01:31:44] INFO: [diagnostics-second-opinion-triage] CI output written to: .autonomous_runs\diagnostics-parity-phases-124\ci\pytest_diagnostics-second-opinion-triage.log
[2025-12-21 01:31:44] WARNING: [diagnostics-second-opinion-triage] CI checks FAILED: return code 2
[2025-12-21 01:31:44] INFO: [diagnostics-second-opinion-triage] Step 4/5: Reviewing patch with Auditor (via LlmService)...
[2025-12-21 01:31:44] INFO: [ModelSelector] Complexity escalated: MEDIUM -> high for phase diagnostics-second-opinion-triage
[2025-12-21 01:31:44] INFO: [ModelSelector] Selected claude-sonnet-4-5 for auditor (complexity=high, attempt=0, intra_tier=0)
[2025-12-21 01:31:44] INFO: [MODEL-SELECT] Auditor: model=claude-sonnet-4-5, complexity=MEDIUM->high, attempt=0, category=IMPLEMENT_FEATURE
[2025-12-21 01:31:44] WARNING: CONSOLIDATED_DEBUG.md not found at c:\dev\Autopack\.autonomous_runs\file-organizer-app-v1\archive\CONSOLIDATED_DEBUG.md
[2025-12-21 01:32:04] INFO: HTTP Request: POST https://api.anthropic.com/v1/messages "HTTP/1.1 200 OK"
[2025-12-21 01:32:04] INFO: [diagnostics-second-opinion-triage] Auditor completed: approved=False, issues=1
[2025-12-21 01:32:04] INFO: [diagnostics-second-opinion-triage] Step 5/5: Applying Quality Gate...
[2025-12-21 01:32:04] INFO: [diagnostics-second-opinion-triage] Quality Gate: needs_review
[2025-12-21 01:32:04] INFO: Updated phase diagnostics-second-opinion-triage status to COMPLETE
[2025-12-21 01:32:04] INFO: [diagnostics-second-opinion-triage] Phase completed successfully (batched)
[2025-12-21 01:32:04] INFO: [diagnostics-second-opinion-triage] Marked COMPLETE in database
[2025-12-21 01:32:04] INFO: [diagnostics-second-opinion-triage] Phase completed successfully on attempt 1
[2025-12-21 01:32:04] INFO: Phase diagnostics-second-opinion-triage completed successfully
[2025-12-21 01:32:04] INFO: Waiting 10s before next phase...
[2025-12-21 01:32:14] INFO: Iteration 3: Fetching run status...
[2025-12-21 01:32:14] INFO: No more executable phases, execution complete
[2025-12-21 01:32:14] INFO: Autonomous execution loop finished
[2025-12-21 01:32:14] INFO: [ARCHIVE_CONSOLIDATOR] Logged build event: RUN_COMPLETE
[2025-12-21 01:32:14] INFO: Learning Pipeline: Promoted 19 hints to persistent project rules
[2025-12-21 01:32:14] INFO: Learning Pipeline: Marked rules updated (total: 70 rules)
[2025-12-21 01:32:14] INFO: [PLANNING NOTICE] 19 new rules promoted. Future planning should incorporate 70 total project rules.
[2025-12-21 01:32:14] INFO: [LOCK] Released executor lock for run_id=diagnostics-parity-phases-124 (PID=51344)
[Quality Gate] Phase diagnostics-cursor-prompt
Category: IMPLEMENT_FEATURE
Quality Level: NEEDS_REVIEW

Issues (blocking):
  ✗ CI tests failed: pytest exited with code 2
[Quality Gate] Phase diagnostics-second-opinion-triage
Category: IMPLEMENT_FEATURE
Quality Level: NEEDS_REVIEW

Issues (blocking):
  ✗ CI tests failed: pytest exited with code 2
