faiss library not installed; FaissStore will use in-memory fallback
[2025-12-21 00:54:46] INFO: [LOCK] Acquired executor lock for run_id=diagnostics-parity-phases-124 (PID=1852, host=Harry)
[2025-12-21 00:54:46] INFO: Applying pre-emptive encoding fix...
[2025-12-21 00:54:46] INFO: [Recovery] Fixing Unicode encoding error...
[2025-12-21 00:54:46] INFO: [Recovery] SUCCESS: Encoding fixed (UTF-8 enabled)
[2025-12-21 00:54:46] INFO: Database tables initialized
[2025-12-21 00:54:46] INFO: Loaded BuilderOutputConfig: max_lines_for_full_file=1000, max_lines_hard_limit=1000
[2025-12-21 00:54:47] INFO: Doctor execute_fix enabled: True
[2025-12-21 00:54:47] INFO: FileSizeTelemetry initialized: .autonomous_runs\autopack\file_size_telemetry.jsonl
[2025-12-21 00:54:52] INFO: [Qdrant] Connected to localhost:6333
[2025-12-21 00:54:52] INFO: [MemoryService] Using Qdrant backend
[2025-12-21 00:54:56] ERROR: [Qdrant] Failed to ensure collection 'code_docs': [WinError 10061] No connection could be made because the target machine actively refused it
[2025-12-21 00:54:56] WARNING: MemoryService initialization failed, running without memory: [WinError 10061] No connection could be made because the target machine actively refused it
[2025-12-21 00:54:56] INFO: [FileLayout] Project: autopack, Family: diagnostics-parity-phases-124, Base: .autonomous_runs\autopack\runs\diagnostics-parity-phases-124
[2025-12-21 00:54:56] INFO: Initialized autonomous executor for run: diagnostics-parity-phases-124
[2025-12-21 00:54:56] INFO: API URL: http://127.0.0.1:8001
[2025-12-21 00:54:56] INFO: Workspace: .
[2025-12-21 00:54:56] INFO: Running proactive startup checks from DEBUG_JOURNAL.md...
[2025-12-21 00:54:56] INFO: [HIGH] Checking: Windows Unicode Fix (PYTHONUTF8)
[2025-12-21 00:54:56] INFO:   Reason: Prevents UnicodeEncodeError with emoji characters in logs (Issue #3)
[2025-12-21 00:54:56] INFO:   Check PASSED
[2025-12-21 00:54:56] INFO: Startup checks complete
[2025-12-21 00:54:56] INFO: [HealthCheck:T0] API Keys: PASSED (0ms) - All required API keys present
[2025-12-21 00:54:56] INFO: [HealthCheck:T0] Database: PASSED (0ms) - Database accessible: c:\dev\Autopack\autopack.db
[2025-12-21 00:54:56] INFO: [HealthCheck:T0] Workspace: PASSED (0ms) - Workspace valid: c:\dev\Autopack
[2025-12-21 00:54:56] INFO: [HealthCheck:T0] Config: PASSED (32ms) - Configuration files valid
[2025-12-21 00:54:56] INFO: Starting autonomous execution loop...
[2025-12-21 00:54:56] INFO: Poll interval: 10s
[2025-12-21 00:54:56] INFO: Max iterations: 100
[2025-12-21 00:54:56] INFO: API server is already running
[2025-12-21 00:54:56] INFO: Initializing infrastructure...
[2025-12-21 00:55:00] INFO: LlmService: Initialized with ModelRouter and UsageRecorder
[2025-12-21 00:55:00] INFO: Quality Gate: Initialized
[2025-12-21 00:55:00] INFO: Iteration 1: Fetching run status...
[2025-12-21 00:55:00] INFO: [GoalAnchor] Initialized: Diagnostics Parity (Stage 1B): Cursor-ready prompt generator....
[2025-12-21 00:55:00] INFO: [diagnostics-handoff-bundle] Found executable phase: state=PhaseState.QUEUED, attempts=0/None
[2025-12-21 00:55:00] INFO: [BUILD-041] Next phase: diagnostics-handoff-bundle
[2025-12-21 00:55:00] INFO: [diagnostics-handoff-bundle] Step 1/4: Generating code with Builder (via LlmService)...
[2025-12-21 00:55:00] INFO: [Context] Loaded 6 recently modified files for fresh context
[2025-12-21 00:55:00] INFO: [Context] Total: 18 files loaded for Builder context (modified=6, mentioned=0)
[2025-12-21 00:55:00] INFO: [TOKEN_BUDGET] Context loading: ~19999 tokens (99% of 20000 budget)
[2025-12-21 00:55:00] INFO: [diagnostics-handoff-bundle] Loaded 18 files for context
[2025-12-21 00:55:00] INFO: [diagnostics-handoff-bundle] Built deliverables contract: 4 required paths, 0 forbidden patterns
[2025-12-21 00:55:00] INFO: [diagnostics-handoff-bundle] Deliverables manifest gate PASSED (4 paths)
[2025-12-21 00:55:00] INFO: [ModelSelector] Complexity escalated: MEDIUM -> high for phase diagnostics-handoff-bundle
[2025-12-21 00:55:00] INFO: [ModelSelector] Selected claude-sonnet-4-5 for builder (complexity=high, attempt=0, intra_tier=0)
[2025-12-21 00:55:00] INFO: [MODEL-SELECT] Builder: model=claude-sonnet-4-5, complexity=MEDIUM->high, attempt=0, category=IMPLEMENT_FEATURE
[2025-12-21 00:55:00] WARNING: CONSOLIDATED_DEBUG.md not found at c:\dev\Autopack\.autonomous_runs\file-organizer-app-v1\archive\CONSOLIDATED_DEBUG.md
[2025-12-21 00:55:00] WARNING: [TOKEN_SOFT_CAP] run_id=diagnostics-parity-phases-124 phase_id=diagnostics-handoff-bundle est_total=32276 soft_cap=32000 (prompt=20808 completion=11468 complexity=medium)
[2025-12-21 00:55:09] INFO: Retrying request to /v1/messages in 0.410763 seconds
[2025-12-21 00:55:14] INFO: Retrying request to /v1/messages in 0.814215 seconds
[2025-12-21 00:55:20] ERROR: [Builder] Unhandled exception during execute_phase: Request timed out or interrupted. This could be due to a network timeout, dropped connection, or request cancellation. See https://docs.anthropic.com/en/api/errors#long-requests for more details.
Traceback:
Traceback (most recent call last):
  File "C:\Python\Lib\site-packages\httpx\_transports\default.py", line 66, in map_httpcore_exceptions
    yield
  File "C:\Python\Lib\site-packages\httpx\_transports\default.py", line 228, in handle_request
    resp = self._pool.handle_request(req)
           ^^^^^^^^^^^^^^^^^^^^^^^^^^^^^^
  File "C:\Python\Lib\site-packages\httpcore\_sync\connection_pool.py", line 216, in handle_request
    raise exc from None
  File "C:\Python\Lib\site-packages\httpcore\_sync\connection_pool.py", line 196, in handle_request
    response = connection.handle_request(
               ^^^^^^^^^^^^^^^^^^^^^^^^^^
  File "C:\Python\Lib\site-packages\httpcore\_sync\connection.py", line 99, in handle_request
    raise exc
  File "C:\Python\Lib\site-packages\httpcore\_sync\connection.py", line 76, in handle_request
    stream = self._connect(request)
             ^^^^^^^^^^^^^^^^^^^^^^
  File "C:\Python\Lib\site-packages\httpcore\_sync\connection.py", line 122, in _connect
    stream = self._network_backend.connect_tcp(**kwargs)
             ^^^^^^^^^^^^^^^^^^^^^^^^^^^^^^^^^^^^^^^^^^^
  File "C:\Python\Lib\site-packages\httpcore\_backends\sync.py", line 205, in connect_tcp
    with map_exceptions(exc_map):
  File "C:\Python\Lib\contextlib.py", line 158, in __exit__
    self.gen.throw(value)
  File "C:\Python\Lib\site-packages\httpcore\_exceptions.py", line 14, in map_exceptions
    raise to_exc(exc) from exc
httpcore.ConnectTimeout: timed out

The above exception was the direct cause of the following exception:

Traceback (most recent call last):
  File "C:\Python\Lib\site-packages\anthropic\_base_client.py", line 1049, in request
    response = self._client.send(
               ^^^^^^^^^^^^^^^^^^
  File "C:\Python\Lib\site-packages\httpx\_client.py", line 901, in send
    response = self._send_handling_auth(
               ^^^^^^^^^^^^^^^^^^^^^^^^^
  File "C:\Python\Lib\site-packages\httpx\_client.py", line 929, in _send_handling_auth
    response = self._send_handling_redirects(
               ^^^^^^^^^^^^^^^^^^^^^^^^^^^^^^
  File "C:\Python\Lib\site-packages\httpx\_client.py", line 966, in _send_handling_redirects
    response = self._send_single_request(request)
               ^^^^^^^^^^^^^^^^^^^^^^^^^^^^^^^^^^
  File "C:\Python\Lib\site-packages\httpx\_client.py", line 1002, in _send_single_request
    response = transport.handle_request(request)
               ^^^^^^^^^^^^^^^^^^^^^^^^^^^^^^^^^
  File "C:\Python\Lib\site-packages\httpx\_transports\default.py", line 227, in handle_request
    with map_httpcore_exceptions():
  File "C:\Python\Lib\contextlib.py", line 158, in __exit__
    self.gen.throw(value)
  File "C:\Python\Lib\site-packages\httpx\_transports\default.py", line 83, in map_httpcore_exceptions
    raise mapped_exc(message) from exc
httpx.ConnectTimeout: timed out

The above exception was the direct cause of the following exception:

Traceback (most recent call last):
  File "c:\dev\Autopack\src\autopack\anthropic_clients.py", line 392, in execute_phase
    with self.client.messages.stream(
  File "C:\Python\Lib\site-packages\anthropic\lib\streaming\_messages.py", line 154, in __enter__
    raw_stream = self.__api_request()
                 ^^^^^^^^^^^^^^^^^^^^
  File "C:\Python\Lib\site-packages\anthropic\_base_client.py", line 1326, in post
    return cast(ResponseT, self.request(cast_to, opts, stream=stream, stream_cls=stream_cls))
                           ^^^^^^^^^^^^^^^^^^^^^^^^^^^^^^^^^^^^^^^^^^^^^^^^^^^^^^^^^^^^^^^^^
  File "C:\Python\Lib\site-packages\anthropic\_base_client.py", line 1067, in request
    raise APITimeoutError(request=request) from err
anthropic.APITimeoutError: Request timed out or interrupted. This could be due to a network timeout, dropped connection, or request cancellation. See https://docs.anthropic.com/en/api/errors#long-requests for more details.

[2025-12-21 00:55:20] WARNING: [ModelRouter] Disabling provider anthropic: infra_error for model claude-sonnet-4-5 in phase diagnostics-handoff-bundle (Request timed out or interrupted. This could be due to a network timeout, dropped connection, or request cancellation. See https://docs.anthropic.com/en/api/errors#long-requests for more details.)
[2025-12-21 00:55:20] WARNING: [diagnostics-handoff-bundle] Infra error detected (retryable): Request timed out or interrupted. This could be due to a network timeout, dropped connection, or request cancellation. See https://docs.anthropic.com/en/api/errors#long-requests for more details.. Backing off 5s before retry.
[2025-12-21 00:56:06] INFO: [diagnostics-handoff-bundle] Updated counters in DB: retry=1, epoch=0, escalation=0 (reason: INFRA_RETRY)
[2025-12-21 00:56:06] WARNING: [diagnostics-handoff-bundle] Attempt 1/5 failed, will escalate model for next retry
[2025-12-21 00:56:06] WARNING: Phase diagnostics-handoff-bundle finished with status: INFRA_RETRY
[2025-12-21 00:56:06] INFO: Waiting 10s before next phase...
[2025-12-21 00:56:16] INFO: Iteration 2: Fetching run status...
[2025-12-21 00:56:16] INFO: [diagnostics-handoff-bundle] Found executable phase: state=PhaseState.QUEUED, attempts=0/None
[2025-12-21 00:56:16] INFO: [BUILD-041] Next phase: diagnostics-handoff-bundle
[2025-12-21 00:56:16] INFO: [diagnostics-handoff-bundle] Step 1/4: Generating code with Builder (via LlmService)...
[2025-12-21 00:56:16] INFO: [Context] Loaded 6 recently modified files for fresh context
[2025-12-21 00:56:16] INFO: [Context] Total: 18 files loaded for Builder context (modified=6, mentioned=0)
[2025-12-21 00:56:16] INFO: [TOKEN_BUDGET] Context loading: ~19999 tokens (99% of 20000 budget)
[2025-12-21 00:56:16] INFO: [diagnostics-handoff-bundle] Loaded 18 files for context
[2025-12-21 00:56:16] INFO: [diagnostics-handoff-bundle] Built deliverables contract: 4 required paths, 0 forbidden patterns
[2025-12-21 00:56:16] INFO: [diagnostics-handoff-bundle] Deliverables manifest gate PASSED (4 paths)
[2025-12-21 00:56:16] INFO: [ModelSelector] Complexity escalated: MEDIUM -> high for phase diagnostics-handoff-bundle
[2025-12-21 00:56:16] INFO: [ModelSelector] Selected claude-opus-4-5 for builder (complexity=high, attempt=1, intra_tier=1)
[2025-12-21 00:56:16] WARNING: [ModelRouter] Provider anthropic disabled, using fallback model claude-sonnet-4-5 for role=builder, category=IMPLEMENT_FEATURE, complexity=high
[2025-12-21 00:56:16] INFO: [MODEL-SELECT] Builder: model=claude-sonnet-4-5, complexity=MEDIUM->high, attempt=1, category=IMPLEMENT_FEATURE
[2025-12-21 00:56:16] WARNING: CONSOLIDATED_DEBUG.md not found at c:\dev\Autopack\.autonomous_runs\file-organizer-app-v1\archive\CONSOLIDATED_DEBUG.md
[2025-12-21 00:56:16] WARNING: [TOKEN_SOFT_CAP] run_id=diagnostics-parity-phases-124 phase_id=diagnostics-handoff-bundle est_total=32276 soft_cap=32000 (prompt=20808 completion=11468 complexity=medium)
[2025-12-21 00:56:19] INFO: HTTP Request: POST https://api.anthropic.com/v1/messages "HTTP/1.1 200 OK"
[2025-12-21 00:57:25] INFO: [TOKEN_BUDGET] phase=diagnostics-handoff-bundle complexity=medium input=28455 output=5910/16384 total=34365 utilization=36.1% model=claude-sonnet-4-5
[2025-12-21 00:57:25] INFO: [Builder] Generated 3 file diffs locally from full-file content
[2025-12-21 00:57:25] INFO: [diagnostics-handoff-bundle] Builder succeeded (34365 tokens)
[2025-12-21 00:57:25] INFO: [diagnostics-handoff-bundle] Deliverables validation:
[2025-12-21 00:57:25] INFO:   Expected: 4 files
[2025-12-21 00:57:25] INFO:   Found in patch: 4 files
[2025-12-21 00:57:25] ERROR: [diagnostics-handoff-bundle] âŒ Deliverables validation FAILED
[2025-12-21 00:57:25] ERROR: [diagnostics-handoff-bundle]    Missing 4 required deliverables:
[2025-12-21 00:57:25] ERROR: [diagnostics-handoff-bundle]      - docs/autopack/diagnostics_handoff_bundle.md
[2025-12-21 00:57:25] ERROR: [diagnostics-handoff-bundle]      - src/autopack/cli/commands/handoff.py
[2025-12-21 00:57:25] ERROR: [diagnostics-handoff-bundle]      - src/autopack/diagnostics/handoff_bundler.py
[2025-12-21 00:57:25] ERROR: [diagnostics-handoff-bundle]      - tests/autopack/diagnostics/test_handoff_bundler.py
[2025-12-21 00:57:25] ERROR: [diagnostics-handoff-bundle]    
ðŸš« Files created OUTSIDE allowed roots (hard violation):
[2025-12-21 00:57:25] ERROR: [diagnostics-handoff-bundle]      - file.py/n")
[2025-12-21 00:57:25] ERROR: [diagnostics-handoff-bundle]      - tests/test_handoff_generator.py
[2025-12-21 00:57:25] ERROR: [diagnostics-handoff-bundle]    
ðŸš« Files created OUTSIDE the approved manifest (hard violation):
[2025-12-21 00:57:25] ERROR: [diagnostics-handoff-bundle]      - file.py/n")
[2025-12-21 00:57:25] ERROR: [diagnostics-handoff-bundle]      - src/autopack/diagnostics/__init__.py
[2025-12-21 00:57:25] ERROR: [diagnostics-handoff-bundle]      - src/autopack/diagnostics/handoff_generator.py
[2025-12-21 00:57:25] ERROR: [diagnostics-handoff-bundle]      - tests/test_handoff_generator.py
[2025-12-21 00:57:25] ERROR: [diagnostics-handoff-bundle] Deliverables validation failed
[2025-12-21 00:57:25] ERROR: [diagnostics-handoff-bundle] âŒ DELIVERABLES VALIDATION FAILED

Your patch does not create the required deliverable files.

ðŸ“‹ REQUIRED DELIVERABLES:
  âœ“ docs/autopack/diagnostics_handoff_bundle.md
  âœ“ src/autopack/cli/commands/handoff.py
  âœ“ src/autopack/diagnostics/handoff_bundler.py
  âœ“ tests/autopack/diagnostics/test_handoff_bundler.py

ðŸ“„ FILES IN YOUR PATCH:
  â€¢ file.py/n")
  â€¢ src/autopack/diagnostics/__init__.py
  â€¢ src/autopack/diagnostics/handoff_generator.py
  â€¢ tests/test_handoff_generator.py

âœ… ALLOWED ROOTS (you may ONLY create files under these prefixes):
  - docs/autopack/
  - src/autopack/
  - tests/autopack/

ðŸš« OUTSIDE-ALLOWED FILES (hard violation):
  - file.py/n")
  - tests/test_handoff_generator.py

ðŸš« OUTSIDE-MANIFEST FILES (hard violation):
  - file.py/n")
  - src/autopack/diagnostics/__init__.py
  - src/autopack/diagnostics/handoff_generator.py
  - tests/test_handoff_generator.py

âŒ MISSING FILES:
  - docs/autopack/diagnostics_handoff_bundle.md
  - src/autopack/cli/commands/handoff.py
  - src/autopack/diagnostics/handoff_bundler.py
  - tests/autopack/diagnostics/test_handoff_bundler.py

ðŸ”§ ACTION REQUIRED:
Please regenerate the patch with files in the correct locations.
Ensure all file paths match the deliverables specification exactly.
[2025-12-21 00:58:05] INFO: [Doctor] Routine failure detected -> using cheap model
[2025-12-21 00:58:11] INFO: HTTP Request: POST https://api.anthropic.com/v1/messages "HTTP/1.1 200 OK"
[2025-12-21 00:58:11] INFO: [Doctor] Diagnosis complete: action=retry_with_fix, confidence=0.75, phase=diagnostics-handoff-bundle, model=claude-sonnet-4-5, is_complex=False, escalated=False, health_ratio=0.08
[2025-12-21 00:58:11] INFO: [Doctor] Diagnosis complete: action=retry_with_fix, confidence=0.75, phase_calls=1, run_calls=1
[2025-12-21 00:58:11] INFO: [Doctor] Action: retry_with_fix - hint stored for next attempt
[2025-12-21 00:58:11] INFO: [diagnostics-handoff-bundle] Updated counters in DB: retry=2, epoch=0, escalation=0 (reason: DELIVERABLES_VALIDATION_FAILED)
[2025-12-21 00:58:11] WARNING: [diagnostics-handoff-bundle] Attempt 2/5 failed, will escalate model for next retry
[2025-12-21 00:58:11] WARNING: Phase diagnostics-handoff-bundle finished with status: DELIVERABLES_VALIDATION_FAILED
[2025-12-21 00:58:11] INFO: Waiting 10s before next phase...
[2025-12-21 00:58:21] INFO: Iteration 3: Fetching run status...
[2025-12-21 00:58:21] INFO: [AUTO-RESET] Found 1 FAILED phases with retries remaining
[2025-12-21 00:58:21] INFO: [AUTO-RESET] Resetting diagnostics-handoff-bundle to QUEUED (retry_attempt: 2/5)
[2025-12-21 00:58:21] INFO: [diagnostics-handoff-bundle] Found executable phase: state=PhaseState.QUEUED, attempts=1/None
[2025-12-21 00:58:21] INFO: [BUILD-041] Next phase: diagnostics-handoff-bundle
[2025-12-21 00:58:21] INFO: [diagnostics-handoff-bundle] Step 1/4: Generating code with Builder (via LlmService)...
[2025-12-21 00:58:21] INFO: [Context] Loaded 6 recently modified files for fresh context
[2025-12-21 00:58:22] INFO: [Context] Total: 18 files loaded for Builder context (modified=6, mentioned=0)
[2025-12-21 00:58:22] INFO: [TOKEN_BUDGET] Context loading: ~19999 tokens (99% of 20000 budget)
[2025-12-21 00:58:22] INFO: [diagnostics-handoff-bundle] Loaded 18 files for context
[2025-12-21 00:58:22] INFO: [diagnostics-handoff-bundle] Built deliverables contract: 4 required paths, 0 forbidden patterns
[2025-12-21 00:58:22] INFO: [diagnostics-handoff-bundle] Deliverables manifest gate PASSED (4 paths)
[2025-12-21 00:58:22] INFO: [ModelSelector] Complexity escalated: MEDIUM -> high for phase diagnostics-handoff-bundle
[2025-12-21 00:58:22] INFO: [ModelSelector] Selected claude-opus-4-5 for builder (complexity=high, attempt=2, intra_tier=2)
[2025-12-21 00:58:22] WARNING: [ModelRouter] Provider anthropic disabled, using fallback model claude-sonnet-4-5 for role=builder, category=IMPLEMENT_FEATURE, complexity=high
[2025-12-21 00:58:22] INFO: [MODEL-SELECT] Builder: model=claude-sonnet-4-5, complexity=MEDIUM->high, attempt=2, category=IMPLEMENT_FEATURE
[2025-12-21 00:58:22] WARNING: CONSOLIDATED_DEBUG.md not found at c:\dev\Autopack\.autonomous_runs\file-organizer-app-v1\archive\CONSOLIDATED_DEBUG.md
[2025-12-21 00:58:22] WARNING: [TOKEN_SOFT_CAP] run_id=diagnostics-parity-phases-124 phase_id=diagnostics-handoff-bundle est_total=32276 soft_cap=32000 (prompt=20808 completion=11468 complexity=medium)
[2025-12-21 00:58:27] INFO: Retrying request to /v1/messages in 0.407730 seconds
[2025-12-21 00:58:32] INFO: Retrying request to /v1/messages in 0.836447 seconds
[2025-12-21 00:58:38] ERROR: [Builder] Unhandled exception during execute_phase: Request timed out or interrupted. This could be due to a network timeout, dropped connection, or request cancellation. See https://docs.anthropic.com/en/api/errors#long-requests for more details.
Traceback:
Traceback (most recent call last):
  File "C:\Python\Lib\site-packages\httpx\_transports\default.py", line 66, in map_httpcore_exceptions
    yield
  File "C:\Python\Lib\site-packages\httpx\_transports\default.py", line 228, in handle_request
    resp = self._pool.handle_request(req)
           ^^^^^^^^^^^^^^^^^^^^^^^^^^^^^^
  File "C:\Python\Lib\site-packages\httpcore\_sync\connection_pool.py", line 216, in handle_request
    raise exc from None
  File "C:\Python\Lib\site-packages\httpcore\_sync\connection_pool.py", line 196, in handle_request
    response = connection.handle_request(
               ^^^^^^^^^^^^^^^^^^^^^^^^^^
  File "C:\Python\Lib\site-packages\httpcore\_sync\connection.py", line 99, in handle_request
    raise exc
  File "C:\Python\Lib\site-packages\httpcore\_sync\connection.py", line 76, in handle_request
    stream = self._connect(request)
             ^^^^^^^^^^^^^^^^^^^^^^
  File "C:\Python\Lib\site-packages\httpcore\_sync\connection.py", line 122, in _connect
    stream = self._network_backend.connect_tcp(**kwargs)
             ^^^^^^^^^^^^^^^^^^^^^^^^^^^^^^^^^^^^^^^^^^^
  File "C:\Python\Lib\site-packages\httpcore\_backends\sync.py", line 205, in connect_tcp
    with map_exceptions(exc_map):
  File "C:\Python\Lib\contextlib.py", line 158, in __exit__
    self.gen.throw(value)
  File "C:\Python\Lib\site-packages\httpcore\_exceptions.py", line 14, in map_exceptions
    raise to_exc(exc) from exc
httpcore.ConnectTimeout: timed out

The above exception was the direct cause of the following exception:

Traceback (most recent call last):
  File "C:\Python\Lib\site-packages\anthropic\_base_client.py", line 1049, in request
    response = self._client.send(
               ^^^^^^^^^^^^^^^^^^
  File "C:\Python\Lib\site-packages\httpx\_client.py", line 901, in send
    response = self._send_handling_auth(
               ^^^^^^^^^^^^^^^^^^^^^^^^^
  File "C:\Python\Lib\site-packages\httpx\_client.py", line 929, in _send_handling_auth
    response = self._send_handling_redirects(
               ^^^^^^^^^^^^^^^^^^^^^^^^^^^^^^
  File "C:\Python\Lib\site-packages\httpx\_client.py", line 966, in _send_handling_redirects
    response = self._send_single_request(request)
               ^^^^^^^^^^^^^^^^^^^^^^^^^^^^^^^^^^
  File "C:\Python\Lib\site-packages\httpx\_client.py", line 1002, in _send_single_request
    response = transport.handle_request(request)
               ^^^^^^^^^^^^^^^^^^^^^^^^^^^^^^^^^
  File "C:\Python\Lib\site-packages\httpx\_transports\default.py", line 227, in handle_request
    with map_httpcore_exceptions():
  File "C:\Python\Lib\contextlib.py", line 158, in __exit__
    self.gen.throw(value)
  File "C:\Python\Lib\site-packages\httpx\_transports\default.py", line 83, in map_httpcore_exceptions
    raise mapped_exc(message) from exc
httpx.ConnectTimeout: timed out

The above exception was the direct cause of the following exception:

Traceback (most recent call last):
  File "c:\dev\Autopack\src\autopack\anthropic_clients.py", line 392, in execute_phase
    with self.client.messages.stream(
  File "C:\Python\Lib\site-packages\anthropic\lib\streaming\_messages.py", line 154, in __enter__
    raw_stream = self.__api_request()
                 ^^^^^^^^^^^^^^^^^^^^
  File "C:\Python\Lib\site-packages\anthropic\_base_client.py", line 1326, in post
    return cast(ResponseT, self.request(cast_to, opts, stream=stream, stream_cls=stream_cls))
                           ^^^^^^^^^^^^^^^^^^^^^^^^^^^^^^^^^^^^^^^^^^^^^^^^^^^^^^^^^^^^^^^^^
  File "C:\Python\Lib\site-packages\anthropic\_base_client.py", line 1067, in request
    raise APITimeoutError(request=request) from err
anthropic.APITimeoutError: Request timed out or interrupted. This could be due to a network timeout, dropped connection, or request cancellation. See https://docs.anthropic.com/en/api/errors#long-requests for more details.

[2025-12-21 00:58:38] WARNING: [diagnostics-handoff-bundle] Infra error detected (retryable): Request timed out or interrupted. This could be due to a network timeout, dropped connection, or request cancellation. See https://docs.anthropic.com/en/api/errors#long-requests for more details.. Backing off 15s before retry.
[2025-12-21 00:58:38] WARNING: [diagnostics-handoff-bundle] Disabled provider anthropic for this run after repeated infra errors.
[2025-12-21 00:59:33] INFO: [Doctor] Complex failure detected -> using strong model
[2025-12-21 00:59:40] INFO: HTTP Request: POST https://api.anthropic.com/v1/messages "HTTP/1.1 200 OK"
[2025-12-21 00:59:40] INFO: [Doctor] Diagnosis complete: action=retry_with_fix, confidence=0.75, phase=diagnostics-handoff-bundle, model=claude-opus-4-5, is_complex=True, escalated=False, health_ratio=0.12
[2025-12-21 00:59:40] INFO: [Doctor] Diagnosis complete: action=retry_with_fix, confidence=0.75, phase_calls=2, run_calls=2
[2025-12-21 00:59:40] INFO: [Doctor] Action: retry_with_fix - hint stored for next attempt
[2025-12-21 00:59:40] INFO: [diagnostics-handoff-bundle] Updated counters in DB: retry=3, epoch=0, escalation=0 (reason: INFRA_RETRY)
[2025-12-21 00:59:40] WARNING: [diagnostics-handoff-bundle] Attempt 3/5 failed, will escalate model for next retry
[2025-12-21 00:59:40] WARNING: Phase diagnostics-handoff-bundle finished with status: INFRA_RETRY
[2025-12-21 00:59:40] INFO: Waiting 10s before next phase...
[2025-12-21 00:59:50] INFO: Iteration 4: Fetching run status...
[2025-12-21 00:59:50] INFO: [diagnostics-handoff-bundle] Found executable phase: state=PhaseState.QUEUED, attempts=1/None
[2025-12-21 00:59:50] INFO: [BUILD-041] Next phase: diagnostics-handoff-bundle
[2025-12-21 00:59:50] INFO: [diagnostics-handoff-bundle] Step 1/4: Generating code with Builder (via LlmService)...
[2025-12-21 00:59:50] INFO: [Context] Loaded 6 recently modified files for fresh context
[2025-12-21 00:59:50] INFO: [Context] Total: 18 files loaded for Builder context (modified=6, mentioned=0)
[2025-12-21 00:59:50] INFO: [TOKEN_BUDGET] Context loading: ~19999 tokens (99% of 20000 budget)
[2025-12-21 00:59:50] INFO: [diagnostics-handoff-bundle] Loaded 18 files for context
[2025-12-21 00:59:50] INFO: [diagnostics-handoff-bundle] Built deliverables contract: 4 required paths, 0 forbidden patterns
[2025-12-21 00:59:50] INFO: [diagnostics-handoff-bundle] Deliverables manifest gate PASSED (4 paths)
[2025-12-21 00:59:50] INFO: [ModelSelector] Complexity escalated: MEDIUM -> high for phase diagnostics-handoff-bundle
[2025-12-21 00:59:50] INFO: [ModelSelector] Selected claude-opus-4-5 for builder (complexity=high, attempt=3, intra_tier=3)
[2025-12-21 00:59:50] WARNING: [ModelRouter] Provider anthropic disabled, using fallback model claude-sonnet-4-5 for role=builder, category=IMPLEMENT_FEATURE, complexity=high
[2025-12-21 00:59:50] INFO: [MODEL-SELECT] Builder: model=claude-sonnet-4-5, complexity=MEDIUM->high, attempt=3, category=IMPLEMENT_FEATURE
[2025-12-21 00:59:50] WARNING: CONSOLIDATED_DEBUG.md not found at c:\dev\Autopack\.autonomous_runs\file-organizer-app-v1\archive\CONSOLIDATED_DEBUG.md
[2025-12-21 00:59:50] WARNING: [TOKEN_SOFT_CAP] run_id=diagnostics-parity-phases-124 phase_id=diagnostics-handoff-bundle est_total=32276 soft_cap=32000 (prompt=20808 completion=11468 complexity=medium)
[2025-12-21 00:59:52] INFO: HTTP Request: POST https://api.anthropic.com/v1/messages "HTTP/1.1 200 OK"
[2025-12-21 01:01:11] INFO: [TOKEN_BUDGET] phase=diagnostics-handoff-bundle complexity=medium input=28455 output=6916/16384 total=35371 utilization=42.2% model=claude-sonnet-4-5
[2025-12-21 01:01:11] INFO: [Builder] Generated 4 file diffs locally from full-file content
[2025-12-21 01:01:11] INFO: [diagnostics-handoff-bundle] Builder succeeded (35371 tokens)
[2025-12-21 01:01:11] INFO: [diagnostics-handoff-bundle] Deliverables validation:
[2025-12-21 01:01:11] INFO:   Expected: 4 files
[2025-12-21 01:01:11] INFO:   Found in patch: 5 files
[2025-12-21 01:01:11] ERROR: [diagnostics-handoff-bundle] âŒ Deliverables validation FAILED
[2025-12-21 01:01:11] ERROR: [diagnostics-handoff-bundle]    Missing 4 required deliverables:
[2025-12-21 01:01:11] ERROR: [diagnostics-handoff-bundle]      - docs/autopack/diagnostics_handoff_bundle.md
[2025-12-21 01:01:11] ERROR: [diagnostics-handoff-bundle]      - src/autopack/cli/commands/handoff.py
[2025-12-21 01:01:11] ERROR: [diagnostics-handoff-bundle]      - src/autopack/diagnostics/handoff_bundler.py
[2025-12-21 01:01:11] ERROR: [diagnostics-handoff-bundle]      - tests/autopack/diagnostics/test_handoff_bundler.py
[2025-12-21 01:01:11] ERROR: [diagnostics-handoff-bundle]    
ðŸš« Files created OUTSIDE allowed roots (hard violation):
[2025-12-21 01:01:11] ERROR: [diagnostics-handoff-bundle]      - file.py/n")
[2025-12-21 01:01:11] ERROR: [diagnostics-handoff-bundle]      - scripts/generate_handoff.py
[2025-12-21 01:01:11] ERROR: [diagnostics-handoff-bundle]      - tests/test_handoff_generator.py
[2025-12-21 01:01:11] ERROR: [diagnostics-handoff-bundle]    
ðŸš« Files created OUTSIDE the approved manifest (hard violation):
[2025-12-21 01:01:11] ERROR: [diagnostics-handoff-bundle]      - file.py/n")
[2025-12-21 01:01:11] ERROR: [diagnostics-handoff-bundle]      - scripts/generate_handoff.py
[2025-12-21 01:01:11] ERROR: [diagnostics-handoff-bundle]      - src/autopack/diagnostics/__init__.py
[2025-12-21 01:01:11] ERROR: [diagnostics-handoff-bundle]      - src/autopack/diagnostics/handoff_generator.py
[2025-12-21 01:01:11] ERROR: [diagnostics-handoff-bundle]      - tests/test_handoff_generator.py
[2025-12-21 01:01:11] ERROR: [diagnostics-handoff-bundle] Deliverables validation failed
[2025-12-21 01:01:11] ERROR: [diagnostics-handoff-bundle] âŒ DELIVERABLES VALIDATION FAILED

Your patch does not create the required deliverable files.

ðŸ“‹ REQUIRED DELIVERABLES:
  âœ“ docs/autopack/diagnostics_handoff_bundle.md
  âœ“ src/autopack/cli/commands/handoff.py
  âœ“ src/autopack/diagnostics/handoff_bundler.py
  âœ“ tests/autopack/diagnostics/test_handoff_bundler.py

ðŸ“„ FILES IN YOUR PATCH:
  â€¢ file.py/n")
  â€¢ scripts/generate_handoff.py
  â€¢ src/autopack/diagnostics/__init__.py
  â€¢ src/autopack/diagnostics/handoff_generator.py
  â€¢ tests/test_handoff_generator.py

âœ… ALLOWED ROOTS (you may ONLY create files under these prefixes):
  - docs/autopack/
  - src/autopack/
  - tests/autopack/

ðŸš« OUTSIDE-ALLOWED FILES (hard violation):
  - file.py/n")
  - scripts/generate_handoff.py
  - tests/test_handoff_generator.py

ðŸš« OUTSIDE-MANIFEST FILES (hard violation):
  - file.py/n")
  - scripts/generate_handoff.py
  - src/autopack/diagnostics/__init__.py
  - src/autopack/diagnostics/handoff_generator.py
  - tests/test_handoff_generator.py

âŒ MISSING FILES:
  - docs/autopack/diagnostics_handoff_bundle.md
  - src/autopack/cli/commands/handoff.py
  - src/autopack/diagnostics/handoff_bundler.py
  - tests/autopack/diagnostics/test_handoff_bundler.py

ðŸ”§ ACTION REQUIRED:
Please regenerate the patch with files in the correct locations.
Ensure all file paths match the deliverables specification exactly.
[2025-12-21 01:01:51] INFO: [Doctor] Not invoking: per-phase limit reached (2/2)
[2025-12-21 01:01:51] INFO: [diagnostics-handoff-bundle] Updated counters in DB: retry=4, epoch=0, escalation=0 (reason: DELIVERABLES_VALIDATION_FAILED)
[2025-12-21 01:01:51] WARNING: [diagnostics-handoff-bundle] Attempt 4/5 failed, will escalate model for next retry
[2025-12-21 01:01:51] WARNING: Phase diagnostics-handoff-bundle finished with status: DELIVERABLES_VALIDATION_FAILED
[2025-12-21 01:01:51] INFO: Waiting 10s before next phase...
[2025-12-21 01:02:01] INFO: Iteration 5: Fetching run status...
[2025-12-21 01:02:01] INFO: [AUTO-RESET] Found 1 FAILED phases with retries remaining
[2025-12-21 01:02:01] INFO: [AUTO-RESET] Resetting diagnostics-handoff-bundle to QUEUED (retry_attempt: 4/5)
[2025-12-21 01:02:01] INFO: [diagnostics-handoff-bundle] Found executable phase: state=PhaseState.QUEUED, attempts=2/None
[2025-12-21 01:02:01] INFO: [BUILD-041] Next phase: diagnostics-handoff-bundle
[2025-12-21 01:02:01] INFO: [diagnostics-handoff-bundle] Step 1/4: Generating code with Builder (via LlmService)...
[2025-12-21 01:02:01] INFO: [Context] Loaded 6 recently modified files for fresh context
[2025-12-21 01:02:02] INFO: [Context] Total: 18 files loaded for Builder context (modified=6, mentioned=0)
[2025-12-21 01:02:02] INFO: [TOKEN_BUDGET] Context loading: ~19999 tokens (99% of 20000 budget)
[2025-12-21 01:02:02] INFO: [diagnostics-handoff-bundle] Loaded 18 files for context
[2025-12-21 01:02:02] INFO: [diagnostics-handoff-bundle] Built deliverables contract: 4 required paths, 0 forbidden patterns
[2025-12-21 01:02:02] INFO: [diagnostics-handoff-bundle] Deliverables manifest gate PASSED (4 paths)
[2025-12-21 01:02:02] INFO: [ModelSelector] Complexity escalated: MEDIUM -> high for phase diagnostics-handoff-bundle
[2025-12-21 01:02:02] INFO: [ModelSelector] Selected claude-opus-4-5 for builder (complexity=high, attempt=4, intra_tier=4)
[2025-12-21 01:02:02] WARNING: [ModelRouter] Provider anthropic disabled, using fallback model claude-sonnet-4-5 for role=builder, category=IMPLEMENT_FEATURE, complexity=high
[2025-12-21 01:02:02] INFO: [MODEL-SELECT] Builder: model=claude-sonnet-4-5, complexity=MEDIUM->high, attempt=4, category=IMPLEMENT_FEATURE
[2025-12-21 01:02:02] WARNING: CONSOLIDATED_DEBUG.md not found at c:\dev\Autopack\.autonomous_runs\file-organizer-app-v1\archive\CONSOLIDATED_DEBUG.md
[2025-12-21 01:02:02] WARNING: [TOKEN_SOFT_CAP] run_id=diagnostics-parity-phases-124 phase_id=diagnostics-handoff-bundle est_total=32276 soft_cap=32000 (prompt=20808 completion=11468 complexity=medium)
[2025-12-21 01:02:05] INFO: HTTP Request: POST https://api.anthropic.com/v1/messages "HTTP/1.1 200 OK"
[2025-12-21 01:03:22] INFO: [TOKEN_BUDGET] phase=diagnostics-handoff-bundle complexity=medium input=28455 output=7078/16384 total=35533 utilization=43.2% model=claude-sonnet-4-5
[2025-12-21 01:03:22] INFO: [Builder] Generated 3 file diffs locally from full-file content
[2025-12-21 01:03:22] INFO: [diagnostics-handoff-bundle] Builder succeeded (35533 tokens)
[2025-12-21 01:03:22] INFO: [diagnostics-handoff-bundle] Deliverables validation:
[2025-12-21 01:03:22] INFO:   Expected: 4 files
[2025-12-21 01:03:22] INFO:   Found in patch: 3 files
[2025-12-21 01:03:22] ERROR: [diagnostics-handoff-bundle] âŒ Deliverables validation FAILED
[2025-12-21 01:03:22] ERROR: [diagnostics-handoff-bundle]    Missing 4 required deliverables:
[2025-12-21 01:03:22] ERROR: [diagnostics-handoff-bundle]      - docs/autopack/diagnostics_handoff_bundle.md
[2025-12-21 01:03:22] ERROR: [diagnostics-handoff-bundle]      - src/autopack/cli/commands/handoff.py
[2025-12-21 01:03:22] ERROR: [diagnostics-handoff-bundle]      - src/autopack/diagnostics/handoff_bundler.py
[2025-12-21 01:03:22] ERROR: [diagnostics-handoff-bundle]      - tests/autopack/diagnostics/test_handoff_bundler.py
[2025-12-21 01:03:22] ERROR: [diagnostics-handoff-bundle]    
ðŸš« Files created OUTSIDE allowed roots (hard violation):
[2025-12-21 01:03:22] ERROR: [diagnostics-handoff-bundle]      - tests/test_handoff_generator.py
[2025-12-21 01:03:22] ERROR: [diagnostics-handoff-bundle]    
ðŸš« Files created OUTSIDE the approved manifest (hard violation):
[2025-12-21 01:03:22] ERROR: [diagnostics-handoff-bundle]      - src/autopack/diagnostics/__init__.py
[2025-12-21 01:03:22] ERROR: [diagnostics-handoff-bundle]      - src/autopack/diagnostics/handoff_generator.py
[2025-12-21 01:03:22] ERROR: [diagnostics-handoff-bundle]      - tests/test_handoff_generator.py
[2025-12-21 01:03:22] ERROR: [diagnostics-handoff-bundle] Deliverables validation failed
[2025-12-21 01:03:22] ERROR: [diagnostics-handoff-bundle] âŒ DELIVERABLES VALIDATION FAILED

Your patch does not create the required deliverable files.

ðŸ“‹ REQUIRED DELIVERABLES:
  âœ“ docs/autopack/diagnostics_handoff_bundle.md
  âœ“ src/autopack/cli/commands/handoff.py
  âœ“ src/autopack/diagnostics/handoff_bundler.py
  âœ“ tests/autopack/diagnostics/test_handoff_bundler.py

ðŸ“„ FILES IN YOUR PATCH:
  â€¢ src/autopack/diagnostics/__init__.py
  â€¢ src/autopack/diagnostics/handoff_generator.py
  â€¢ tests/test_handoff_generator.py

âœ… ALLOWED ROOTS (you may ONLY create files under these prefixes):
  - docs/autopack/
  - src/autopack/
  - tests/autopack/

ðŸš« OUTSIDE-ALLOWED FILES (hard violation):
  - tests/test_handoff_generator.py

ðŸš« OUTSIDE-MANIFEST FILES (hard violation):
  - src/autopack/diagnostics/__init__.py
  - src/autopack/diagnostics/handoff_generator.py
  - tests/test_handoff_generator.py

âŒ MISSING FILES:
  - docs/autopack/diagnostics_handoff_bundle.md
  - src/autopack/cli/commands/handoff.py
  - src/autopack/diagnostics/handoff_bundler.py
  - tests/autopack/diagnostics/test_handoff_bundler.py

ðŸ”§ ACTION REQUIRED:
Please regenerate the patch with files in the correct locations.
Ensure all file paths match the deliverables specification exactly.
[2025-12-21 01:04:02] INFO: [Doctor] Not invoking: per-phase limit reached (2/2)
[2025-12-21 01:04:02] INFO: [REPLAN-TRIGGER] reason=similar_errors type=deliverables_validation_failed phase=diagnostics-handoff-bundle attempt=5 count=2 similarity_threshold=0.8
[2025-12-21 01:04:02] INFO: [diagnostics-handoff-bundle] Triggering mid-run re-planning due to deliverables_validation_failed
[2025-12-21 01:04:02] INFO: [Re-Plan] Revising approach for diagnostics-handoff-bundle due to deliverables_validation_failed (attempt 1)
[2025-12-21 01:04:02] INFO: [GoalAnchor] Original intent: Diagnostics Parity (Stage 1A): Deterministic handoff bundle generator....
[2025-12-21 01:04:02] INFO: [Re-Plan] Skipping re-planning because provider 'anthropic' is disabled for this run/process
[2025-12-21 01:04:02] WARNING: [diagnostics-handoff-bundle] Re-planning failed, continuing with original approach
[2025-12-21 01:04:02] INFO: [diagnostics-handoff-bundle] Updated counters in DB: retry=5, epoch=0, escalation=0 (reason: DELIVERABLES_VALIDATION_FAILED)
[2025-12-21 01:04:02] ERROR: [diagnostics-handoff-bundle] All 5 attempts exhausted. Marking phase as FAILED.
[2025-12-21 01:04:02] ERROR: [diagnostics-handoff-bundle] Attempt 5 raised exception: cannot import name 'log_error' from 'autopack.error_reporter' (c:\dev\Autopack\src\autopack\error_reporter.py)
[2025-12-21 01:04:02] ERROR: [ERROR_REPORT] ImportError in executor: cannot import name 'log_error' from 'autopack.error_reporter' (c:\dev\Autopack\src\autopack\error_reporter.py)
[2025-12-21 01:04:02] ERROR: [ERROR_REPORT] Full details: c:\dev\Autopack\.autonomous_runs\diagnostics-parity-phases-124\errors\20251220_140402_executor_ImportError.json
[2025-12-21 01:04:02] INFO: [ERROR_REPORT] Written to c:\dev\Autopack\.autonomous_runs\diagnostics-parity-phases-124\errors\20251220_140402_executor_ImportError.json
[2025-12-21 01:04:43] INFO: [Doctor] Not invoking: per-phase limit reached (2/2)
[2025-12-21 01:04:43] INFO: [diagnostics-handoff-bundle] Updated counters in DB: retry=5, epoch=0, escalation=0 (reason: EXCEPTION: ImportError)
[2025-12-21 01:04:43] ERROR: [diagnostics-handoff-bundle] All 5 attempts exhausted after exception. Marking phase as FAILED.
[2025-12-21 01:04:43] ERROR: Fatal error: cannot import name 'log_error' from 'autopack.error_reporter' (c:\dev\Autopack\src\autopack\error_reporter.py)
[2025-12-21 01:04:43] ERROR: Traceback:
Traceback (most recent call last):
  File "c:\dev\Autopack\src\autopack\autonomous_executor.py", line 1652, in execute_phase
    from .error_reporter import log_error
ImportError: cannot import name 'log_error' from 'autopack.error_reporter' (c:\dev\Autopack\src\autopack\error_reporter.py)

During handling of the above exception, another exception occurred:

Traceback (most recent call last):
  File "c:\dev\Autopack\src\autopack\autonomous_executor.py", line 7255, in main
    executor.run_autonomous_loop(
  File "c:\dev\Autopack\src\autopack\autonomous_executor.py", line 6905, in run_autonomous_loop
    success, status = self.execute_phase(next_phase)
                      ^^^^^^^^^^^^^^^^^^^^^^^^^^^^^^
  File "c:\dev\Autopack\src\autopack\autonomous_executor.py", line 1785, in execute_phase
    from .error_reporter import log_error
ImportError: cannot import name 'log_error' from 'autopack.error_reporter' (c:\dev\Autopack\src\autopack\error_reporter.py)

[2025-12-21 01:04:43] INFO: [LOCK] Released executor lock for run_id=diagnostics-parity-phases-124 (PID=1852)
faiss library not installed; FaissStore will use in-memory fallback
[2025-12-21 01:13:50] INFO: [LOCK] Acquired executor lock for run_id=diagnostics-parity-phases-124 (PID=26568, host=Harry)
[2025-12-21 01:13:50] INFO: Applying pre-emptive encoding fix...
[2025-12-21 01:13:50] INFO: [Recovery] Fixing Unicode encoding error...
[2025-12-21 01:13:50] INFO: [Recovery] SUCCESS: Encoding fixed (UTF-8 enabled)
[2025-12-21 01:13:50] INFO: Database tables initialized
[2025-12-21 01:13:50] INFO: Loaded BuilderOutputConfig: max_lines_for_full_file=1000, max_lines_hard_limit=1000
[2025-12-21 01:13:50] INFO: Doctor execute_fix enabled: True
[2025-12-21 01:13:50] INFO: FileSizeTelemetry initialized: .autonomous_runs\autopack\file_size_telemetry.jsonl
[2025-12-21 01:13:55] INFO: [Qdrant] Connected to localhost:6333
[2025-12-21 01:13:55] INFO: [MemoryService] Using Qdrant backend
[2025-12-21 01:14:00] ERROR: [Qdrant] Failed to ensure collection 'code_docs': [WinError 10061] No connection could be made because the target machine actively refused it
[2025-12-21 01:14:00] WARNING: MemoryService initialization failed, running without memory: [WinError 10061] No connection could be made because the target machine actively refused it
[2025-12-21 01:14:00] INFO: [FileLayout] Project: autopack, Family: diagnostics-parity-phases-124, Base: .autonomous_runs\autopack\runs\diagnostics-parity-phases-124
[2025-12-21 01:14:00] INFO: Initialized autonomous executor for run: diagnostics-parity-phases-124
[2025-12-21 01:14:00] INFO: API URL: http://127.0.0.1:8001
[2025-12-21 01:14:00] INFO: Workspace: .
[2025-12-21 01:14:00] INFO: Running proactive startup checks from DEBUG_JOURNAL.md...
[2025-12-21 01:14:00] INFO: [HIGH] Checking: Windows Unicode Fix (PYTHONUTF8)
[2025-12-21 01:14:00] INFO:   Reason: Prevents UnicodeEncodeError with emoji characters in logs (Issue #3)
[2025-12-21 01:14:00] INFO:   Check PASSED
[2025-12-21 01:14:00] INFO: Startup checks complete
[2025-12-21 01:14:00] INFO: [HealthCheck:T0] API Keys: PASSED (0ms) - All required API keys present
[2025-12-21 01:14:00] INFO: [HealthCheck:T0] Database: PASSED (0ms) - Database accessible: c:\dev\Autopack\autopack.db
[2025-12-21 01:14:00] INFO: [HealthCheck:T0] Workspace: PASSED (0ms) - Workspace valid: c:\dev\Autopack
[2025-12-21 01:14:00] INFO: [HealthCheck:T0] Config: PASSED (22ms) - Configuration files valid
[2025-12-21 01:14:00] INFO: Starting autonomous execution loop...
[2025-12-21 01:14:00] INFO: Poll interval: 10s
[2025-12-21 01:14:00] INFO: Max iterations: 100
[2025-12-21 01:14:00] INFO: API server is already running
[2025-12-21 01:14:00] INFO: Initializing infrastructure...
[2025-12-21 01:14:03] INFO: LlmService: Initialized with ModelRouter and UsageRecorder
[2025-12-21 01:14:03] INFO: Quality Gate: Initialized
[2025-12-21 01:14:03] INFO: Iteration 1: Fetching run status...
[2025-12-21 01:14:03] INFO: [GoalAnchor] Initialized: Diagnostics Parity (Stage 1B): Cursor-ready prompt generator....
[2025-12-21 01:14:03] INFO: [diagnostics-handoff-bundle] Found executable phase: state=PhaseState.QUEUED, attempts=0/None
[2025-12-21 01:14:03] INFO: [BUILD-041] Next phase: diagnostics-handoff-bundle
[2025-12-21 01:14:03] WARNING: [diagnostics-handoff-bundle] Phase has already exhausted all attempts (5/5). Marking as FAILED.
[2025-12-21 01:14:03] INFO: [diagnostics-handoff-bundle] Marked FAILED in database (reason: MAX_ATTEMPTS_EXHAUSTED)
[2025-12-21 01:14:03] WARNING: Phase diagnostics-handoff-bundle finished with status: FAILED
[2025-12-21 01:14:03] INFO: Waiting 10s before next phase...
[2025-12-21 01:14:13] INFO: Iteration 2: Fetching run status...
[2025-12-21 01:14:13] INFO: [diagnostics-cursor-prompt] Found executable phase: state=PhaseState.QUEUED, attempts=0/None
[2025-12-21 01:14:13] INFO: [BUILD-041] Next phase: diagnostics-cursor-prompt
[2025-12-21 01:14:13] INFO: [diagnostics-cursor-prompt] Step 1/4: Generating code with Builder (via LlmService)...
[2025-12-21 01:14:13] INFO: [Context] Loaded 6 recently modified files for fresh context
[2025-12-21 01:14:13] INFO: [Context] Total: 18 files loaded for Builder context (modified=6, mentioned=0)
[2025-12-21 01:14:13] INFO: [TOKEN_BUDGET] Context loading: ~19999 tokens (99% of 20000 budget)
[2025-12-21 01:14:13] INFO: [diagnostics-cursor-prompt] Loaded 18 files for context
[2025-12-21 01:14:13] INFO: [diagnostics-cursor-prompt] Learning context: 0 rules, 5 hints
[2025-12-21 01:14:13] INFO: [diagnostics-cursor-prompt] Built deliverables contract: 4 required paths, 0 forbidden patterns
[2025-12-21 01:14:13] INFO: [diagnostics-cursor-prompt] Deliverables manifest gate PASSED (4 paths)
[2025-12-21 01:14:13] INFO: [ModelSelector] Complexity escalated: MEDIUM -> high for phase diagnostics-cursor-prompt
[2025-12-21 01:14:13] INFO: [ModelSelector] Selected claude-sonnet-4-5 for builder (complexity=high, attempt=0, intra_tier=0)
[2025-12-21 01:14:13] INFO: [MODEL-SELECT] Builder: model=claude-sonnet-4-5, complexity=MEDIUM->high, attempt=0, category=IMPLEMENT_FEATURE
[2025-12-21 01:14:13] WARNING: CONSOLIDATED_DEBUG.md not found at c:\dev\Autopack\.autonomous_runs\file-organizer-app-v1\archive\CONSOLIDATED_DEBUG.md
[2025-12-21 01:14:13] WARNING: [TOKEN_SOFT_CAP] run_id=diagnostics-parity-phases-124 phase_id=diagnostics-cursor-prompt est_total=32512 soft_cap=32000 (prompt=21044 completion=11468 complexity=medium)
[2025-12-21 01:14:16] INFO: HTTP Request: POST https://api.anthropic.com/v1/messages "HTTP/1.1 200 OK"
[2025-12-21 01:16:05] INFO: [TOKEN_BUDGET] phase=diagnostics-cursor-prompt complexity=medium input=28726 output=8277/16384 total=37003 utilization=50.5% model=claude-sonnet-4-5
[2025-12-21 01:16:05] INFO: [Builder] Generated 3 file diffs locally from full-file content
[2025-12-21 01:16:05] INFO: [diagnostics-cursor-prompt] Builder succeeded (37003 tokens)
[2025-12-21 01:16:05] INFO: [diagnostics-cursor-prompt] Deliverables validation:
[2025-12-21 01:16:05] INFO:   Expected: 4 files
[2025-12-21 01:16:05] INFO:   Found in patch: 3 files
[2025-12-21 01:16:05] ERROR: [diagnostics-cursor-prompt] âŒ Deliverables validation FAILED
[2025-12-21 01:16:05] ERROR: [diagnostics-cursor-prompt]    Missing 2 required deliverables:
[2025-12-21 01:16:05] ERROR: [diagnostics-cursor-prompt]      - src/autopack/dashboard/server.py
[2025-12-21 01:16:05] ERROR: [diagnostics-cursor-prompt]      - tests/autopack/diagnostics/test_cursor_prompt_generator.py
[2025-12-21 01:16:05] ERROR: [diagnostics-cursor-prompt]    
ðŸš« Files created OUTSIDE the approved manifest (hard violation):
[2025-12-21 01:16:05] ERROR: [diagnostics-cursor-prompt]      - src/autopack/cli/commands/cursor_prompt.py
[2025-12-21 01:16:05] ERROR: [diagnostics-cursor-prompt] Deliverables validation failed
[2025-12-21 01:16:05] ERROR: [diagnostics-cursor-prompt] âŒ DELIVERABLES VALIDATION FAILED

Your patch does not create the required deliverable files.

ðŸ“‹ REQUIRED DELIVERABLES:
  âœ“ docs/autopack/diagnostics_cursor_prompt.md
  âœ“ src/autopack/dashboard/server.py
  âœ“ src/autopack/diagnostics/cursor_prompt_generator.py
  âœ“ tests/autopack/diagnostics/test_cursor_prompt_generator.py

ðŸ“„ FILES IN YOUR PATCH:
  â€¢ docs/autopack/diagnostics_cursor_prompt.md
  â€¢ src/autopack/cli/commands/cursor_prompt.py
  â€¢ src/autopack/diagnostics/cursor_prompt_generator.py

âœ… ALLOWED ROOTS (you may ONLY create files under these prefixes):
  - docs/autopack/
  - src/autopack/
  - tests/autopack/

ðŸš« OUTSIDE-MANIFEST FILES (hard violation):
  - src/autopack/cli/commands/cursor_prompt.py

âŒ MISSING FILES:
  - src/autopack/dashboard/server.py
  - tests/autopack/diagnostics/test_cursor_prompt_generator.py

ðŸ”§ ACTION REQUIRED:
Please regenerate the patch with files in the correct locations.
Ensure all file paths match the deliverables specification exactly.
[2025-12-21 01:16:46] INFO: [diagnostics-cursor-prompt] Updated counters in DB: retry=1, epoch=0, escalation=0 (reason: DELIVERABLES_VALIDATION_FAILED)
[2025-12-21 01:16:46] WARNING: [diagnostics-cursor-prompt] Attempt 1/5 failed, will escalate model for next retry
[2025-12-21 01:16:46] WARNING: Phase diagnostics-cursor-prompt finished with status: DELIVERABLES_VALIDATION_FAILED
[2025-12-21 01:16:46] INFO: Waiting 10s before next phase...
[2025-12-21 01:16:56] INFO: Iteration 3: Fetching run status...
[2025-12-21 01:16:56] INFO: [AUTO-RESET] Found 1 FAILED phases with retries remaining
[2025-12-21 01:16:56] INFO: [AUTO-RESET] Resetting diagnostics-cursor-prompt to QUEUED (retry_attempt: 1/5)
[2025-12-21 01:16:56] INFO: [diagnostics-cursor-prompt] Found executable phase: state=PhaseState.QUEUED, attempts=1/None
[2025-12-21 01:16:56] INFO: [BUILD-041] Next phase: diagnostics-cursor-prompt
[2025-12-21 01:16:56] INFO: [diagnostics-cursor-prompt] Step 1/4: Generating code with Builder (via LlmService)...
[2025-12-21 01:16:56] INFO: [Context] Loaded 6 recently modified files for fresh context
[2025-12-21 01:16:56] INFO: [Context] Total: 18 files loaded for Builder context (modified=6, mentioned=0)
[2025-12-21 01:16:56] INFO: [TOKEN_BUDGET] Context loading: ~19999 tokens (99% of 20000 budget)
[2025-12-21 01:16:56] INFO: [diagnostics-cursor-prompt] Loaded 18 files for context
[2025-12-21 01:16:56] INFO: [diagnostics-cursor-prompt] Learning context: 0 rules, 5 hints
[2025-12-21 01:16:56] INFO: [diagnostics-cursor-prompt] Built deliverables contract: 4 required paths, 0 forbidden patterns
[2025-12-21 01:16:56] INFO: [diagnostics-cursor-prompt] Deliverables manifest gate PASSED (4 paths)
[2025-12-21 01:16:56] INFO: [ModelSelector] Complexity escalated: MEDIUM -> high for phase diagnostics-cursor-prompt
[2025-12-21 01:16:56] INFO: [ModelSelector] Selected claude-opus-4-5 for builder (complexity=high, attempt=1, intra_tier=1)
[2025-12-21 01:16:56] INFO: [MODEL-SELECT] Builder: model=claude-opus-4-5, complexity=MEDIUM->high, attempt=1, category=IMPLEMENT_FEATURE
[2025-12-21 01:16:56] WARNING: CONSOLIDATED_DEBUG.md not found at c:\dev\Autopack\.autonomous_runs\file-organizer-app-v1\archive\CONSOLIDATED_DEBUG.md
[2025-12-21 01:16:56] WARNING: [TOKEN_SOFT_CAP] run_id=diagnostics-parity-phases-124 phase_id=diagnostics-cursor-prompt est_total=32513 soft_cap=32000 (prompt=21045 completion=11468 complexity=medium)
[2025-12-21 01:16:58] INFO: HTTP Request: POST https://api.anthropic.com/v1/messages "HTTP/1.1 200 OK"
[2025-12-21 01:18:49] INFO: [TOKEN_BUDGET] phase=diagnostics-cursor-prompt complexity=medium input=28727 output=7840/16384 total=36567 utilization=47.9% model=claude-opus-4-5
[2025-12-21 01:18:50] INFO: [Builder] Generated 4 file diffs locally from full-file content
[2025-12-21 01:18:50] INFO: [diagnostics-cursor-prompt] Builder succeeded (36567 tokens)
[2025-12-21 01:18:50] INFO: [diagnostics-cursor-prompt] Deliverables validation:
[2025-12-21 01:18:50] INFO:   Expected: 4 files
[2025-12-21 01:18:50] INFO:   Found in patch: 4 files
[2025-12-21 01:18:50] ERROR: [diagnostics-cursor-prompt] âŒ Deliverables validation FAILED
[2025-12-21 01:18:50] ERROR: [diagnostics-cursor-prompt]    Missing 2 required deliverables:
[2025-12-21 01:18:50] ERROR: [diagnostics-cursor-prompt]      - src/autopack/dashboard/server.py
[2025-12-21 01:18:50] ERROR: [diagnostics-cursor-prompt]      - tests/autopack/diagnostics/test_cursor_prompt_generator.py (found at: tests/test_cursor_prompt_generator.py)
[2025-12-21 01:18:50] ERROR: [diagnostics-cursor-prompt]    
âš ï¸  File placement issue detected:
[2025-12-21 01:18:50] ERROR: [diagnostics-cursor-prompt]       Builder created files in wrong locations.
[2025-12-21 01:18:50] ERROR: [diagnostics-cursor-prompt]       Please verify file paths match the deliverables specification.
[2025-12-21 01:18:50] ERROR: [diagnostics-cursor-prompt]    
ðŸš« Files created OUTSIDE allowed roots (hard violation):
[2025-12-21 01:18:50] ERROR: [diagnostics-cursor-prompt]      - tests/test_cursor_prompt_generator.py
[2025-12-21 01:18:50] ERROR: [diagnostics-cursor-prompt]    
ðŸš« Files created OUTSIDE the approved manifest (hard violation):
[2025-12-21 01:18:50] ERROR: [diagnostics-cursor-prompt]      - src/autopack/diagnostics/__init__.py
[2025-12-21 01:18:50] ERROR: [diagnostics-cursor-prompt]      - tests/test_cursor_prompt_generator.py
[2025-12-21 01:18:50] ERROR: [diagnostics-cursor-prompt] Deliverables validation failed
[2025-12-21 01:18:50] ERROR: [diagnostics-cursor-prompt] âŒ DELIVERABLES VALIDATION FAILED

Your patch does not create the required deliverable files.

ðŸ“‹ REQUIRED DELIVERABLES:
  âœ“ docs/autopack/diagnostics_cursor_prompt.md
  âœ“ src/autopack/dashboard/server.py
  âœ“ src/autopack/diagnostics/cursor_prompt_generator.py
  âœ“ tests/autopack/diagnostics/test_cursor_prompt_generator.py

ðŸ“„ FILES IN YOUR PATCH:
  â€¢ docs/autopack/diagnostics_cursor_prompt.md
  â€¢ src/autopack/diagnostics/__init__.py
  â€¢ src/autopack/diagnostics/cursor_prompt_generator.py
  â€¢ tests/test_cursor_prompt_generator.py

âš ï¸  WRONG FILE LOCATIONS:
  Expected: tests/autopack/diagnostics/test_cursor_prompt_generator.py
  Created:  tests/test_cursor_prompt_generator.py

âœ… ALLOWED ROOTS (you may ONLY create files under these prefixes):
  - docs/autopack/
  - src/autopack/
  - tests/autopack/

ðŸš« OUTSIDE-ALLOWED FILES (hard violation):
  - tests/test_cursor_prompt_generator.py

ðŸš« OUTSIDE-MANIFEST FILES (hard violation):
  - src/autopack/diagnostics/__init__.py
  - tests/test_cursor_prompt_generator.py

âŒ MISSING FILES:
  - src/autopack/dashboard/server.py
  - tests/autopack/diagnostics/test_cursor_prompt_generator.py

ðŸ”§ ACTION REQUIRED:
Please regenerate the patch with files in the correct locations.
Ensure all file paths match the deliverables specification exactly.
[2025-12-21 01:19:30] INFO: [Doctor] Routine failure detected -> using cheap model
[2025-12-21 01:19:37] INFO: HTTP Request: POST https://api.anthropic.com/v1/messages "HTTP/1.1 200 OK"
[2025-12-21 01:19:37] INFO: [Doctor] Diagnosis complete: action=replan, confidence=0.75, phase=diagnostics-cursor-prompt, model=claude-sonnet-4-5, is_complex=False, escalated=False, health_ratio=0.08
[2025-12-21 01:19:37] INFO: [Doctor] Diagnosis complete: action=replan, confidence=0.75, phase_calls=1, run_calls=1
[2025-12-21 01:19:37] INFO: [Doctor] Action: replan - triggering approach revision
[2025-12-21 01:19:37] INFO: [Re-Plan] Revising approach for diagnostics-cursor-prompt due to doctor_replan:Deliverables validation failed twice, indicating t (attempt 1)
[2025-12-21 01:19:37] INFO: [GoalAnchor] Original intent: Diagnostics Parity (Stage 1B): Cursor-ready prompt generator....
[2025-12-21 01:19:46] INFO: HTTP Request: POST https://api.anthropic.com/v1/messages "HTTP/1.1 200 OK"
[2025-12-21 01:19:46] INFO: [GoalAnchor] Alignment classification: same_scope - No obvious scope change detected (Phase 1 heuristic)
[2025-12-21 01:19:46] INFO: [Re-Plan] Successfully revised phase diagnostics-cursor-prompt
[2025-12-21 01:19:46] INFO: [Re-Plan] Original: Diagnostics Parity (Stage 1B): Cursor-ready prompt generator.

Produce a single copy/paste prompt th...
[2025-12-21 01:19:46] INFO: [Re-Plan] Revised: Generate a comprehensive Cursor-ready diagnostic prompt by first creating the handoff bundle compone...
[2025-12-21 01:19:46] INFO: [GoalAnchor] REPLAN_TELEMETRY: run_id=diagnostics-parity-phases-124 phase_id=diagnostics-cursor-prompt attempt=1 alignment=same_scope replan_count_phase=1 replan_count_run=1
[2025-12-21 01:19:46] INFO: [ARCHIVE_CONSOLIDATOR] Logged build event: PHASE_REPLANNED
[2025-12-21 01:19:46] INFO: [Doctor] Replan successful, phase revised
[2025-12-21 01:19:46] INFO: [diagnostics-cursor-prompt] Doctor triggered re-planning (epoch 0 â†’ 1), preserving retry progress (retry_attempt=1, escalation=0)
[2025-12-21 01:19:46] INFO: [diagnostics-cursor-prompt] Updated counters in DB: retry=1, epoch=1, escalation=0 (reason: DOCTOR_REPLAN)
[2025-12-21 01:19:46] WARNING: Phase diagnostics-cursor-prompt finished with status: REPLAN_REQUESTED
[2025-12-21 01:19:46] INFO: Waiting 10s before next phase...
[2025-12-21 01:19:56] INFO: Iteration 4: Fetching run status...
[2025-12-21 01:19:56] INFO: [AUTO-RESET] Found 1 FAILED phases with retries remaining
[2025-12-21 01:19:56] INFO: [AUTO-RESET] Resetting diagnostics-cursor-prompt to QUEUED (retry_attempt: 1/5)
[2025-12-21 01:19:56] INFO: [diagnostics-cursor-prompt] Found executable phase: state=PhaseState.QUEUED, attempts=2/None
[2025-12-21 01:19:56] INFO: [BUILD-041] Next phase: diagnostics-cursor-prompt
[2025-12-21 01:19:56] INFO: [diagnostics-cursor-prompt] Step 1/4: Generating code with Builder (via LlmService)...
[2025-12-21 01:19:56] INFO: [Context] Loaded 6 recently modified files for fresh context
[2025-12-21 01:19:56] INFO: [Context] Total: 18 files loaded for Builder context (modified=6, mentioned=0)
[2025-12-21 01:19:56] INFO: [TOKEN_BUDGET] Context loading: ~19999 tokens (99% of 20000 budget)
[2025-12-21 01:19:56] INFO: [diagnostics-cursor-prompt] Loaded 18 files for context
[2025-12-21 01:19:56] INFO: [diagnostics-cursor-prompt] Learning context: 0 rules, 5 hints
[2025-12-21 01:19:56] INFO: [diagnostics-cursor-prompt] Built deliverables contract: 4 required paths, 0 forbidden patterns
[2025-12-21 01:19:56] INFO: [diagnostics-cursor-prompt] Deliverables manifest gate PASSED (4 paths)
[2025-12-21 01:19:56] INFO: [ModelSelector] Complexity escalated: MEDIUM -> high for phase diagnostics-cursor-prompt
[2025-12-21 01:19:56] INFO: [ModelSelector] Selected claude-opus-4-5 for builder (complexity=high, attempt=1, intra_tier=1)
[2025-12-21 01:19:56] INFO: [MODEL-SELECT] Builder: model=claude-opus-4-5, complexity=MEDIUM->high, attempt=1, category=IMPLEMENT_FEATURE
[2025-12-21 01:19:56] WARNING: CONSOLIDATED_DEBUG.md not found at c:\dev\Autopack\.autonomous_runs\file-organizer-app-v1\archive\CONSOLIDATED_DEBUG.md
[2025-12-21 01:19:57] WARNING: [TOKEN_SOFT_CAP] run_id=diagnostics-parity-phases-124 phase_id=diagnostics-cursor-prompt est_total=32513 soft_cap=32000 (prompt=21045 completion=11468 complexity=medium)
[2025-12-21 01:19:58] INFO: HTTP Request: POST https://api.anthropic.com/v1/messages "HTTP/1.1 200 OK"
[2025-12-21 01:21:23] INFO: [TOKEN_BUDGET] phase=diagnostics-cursor-prompt complexity=medium input=28727 output=6110/16384 total=34837 utilization=37.3% model=claude-opus-4-5
[2025-12-21 01:21:23] INFO: [Builder] Generated 3 file diffs locally from full-file content
[2025-12-21 01:21:23] INFO: [diagnostics-cursor-prompt] Builder succeeded (34837 tokens)
[2025-12-21 01:21:23] INFO: [diagnostics-cursor-prompt] Deliverables validation:
[2025-12-21 01:21:23] INFO:   Expected: 4 files
[2025-12-21 01:21:23] INFO:   Found in patch: 3 files
[2025-12-21 01:21:23] ERROR: [diagnostics-cursor-prompt] âŒ Deliverables validation FAILED
[2025-12-21 01:21:23] ERROR: [diagnostics-cursor-prompt]    Missing 2 required deliverables:
[2025-12-21 01:21:23] ERROR: [diagnostics-cursor-prompt]      - src/autopack/dashboard/server.py
[2025-12-21 01:21:23] ERROR: [diagnostics-cursor-prompt]      - tests/autopack/diagnostics/test_cursor_prompt_generator.py
[2025-12-21 01:21:23] ERROR: [diagnostics-cursor-prompt]    
ðŸš« Files created OUTSIDE the approved manifest (hard violation):
[2025-12-21 01:21:23] ERROR: [diagnostics-cursor-prompt]      - src/autopack/diagnostics/__init__.py
[2025-12-21 01:21:23] ERROR: [diagnostics-cursor-prompt] Deliverables validation failed
[2025-12-21 01:21:23] ERROR: [diagnostics-cursor-prompt] âŒ DELIVERABLES VALIDATION FAILED

Your patch does not create the required deliverable files.

ðŸ“‹ REQUIRED DELIVERABLES:
  âœ“ docs/autopack/diagnostics_cursor_prompt.md
  âœ“ src/autopack/dashboard/server.py
  âœ“ src/autopack/diagnostics/cursor_prompt_generator.py
  âœ“ tests/autopack/diagnostics/test_cursor_prompt_generator.py

ðŸ“„ FILES IN YOUR PATCH:
  â€¢ docs/autopack/diagnostics_cursor_prompt.md
  â€¢ src/autopack/diagnostics/__init__.py
  â€¢ src/autopack/diagnostics/cursor_prompt_generator.py

âœ… ALLOWED ROOTS (you may ONLY create files under these prefixes):
  - docs/autopack/
  - src/autopack/
  - tests/autopack/

ðŸš« OUTSIDE-MANIFEST FILES (hard violation):
  - src/autopack/diagnostics/__init__.py

âŒ MISSING FILES:
  - src/autopack/dashboard/server.py
  - tests/autopack/diagnostics/test_cursor_prompt_generator.py

ðŸ”§ ACTION REQUIRED:
Please regenerate the patch with files in the correct locations.
Ensure all file paths match the deliverables specification exactly.
[2025-12-21 01:22:04] INFO: [Doctor] Complex failure detected -> using strong model
[2025-12-21 01:22:10] INFO: HTTP Request: POST https://api.anthropic.com/v1/messages "HTTP/1.1 200 OK"
[2025-12-21 01:22:10] INFO: [Doctor] Diagnosis complete: action=retry_with_fix, confidence=0.75, phase=diagnostics-cursor-prompt, model=claude-opus-4-5, is_complex=True, escalated=False, health_ratio=0.12
[2025-12-21 01:22:10] INFO: [Doctor] Diagnosis complete: action=retry_with_fix, confidence=0.75, phase_calls=2, run_calls=2
[2025-12-21 01:22:10] INFO: [Doctor] Action: retry_with_fix - hint stored for next attempt
[2025-12-21 01:22:10] INFO: [Re-Plan] Max replans (1) reached for diagnostics-cursor-prompt
[2025-12-21 01:22:10] INFO: [diagnostics-cursor-prompt] Updated counters in DB: retry=2, epoch=1, escalation=0 (reason: DELIVERABLES_VALIDATION_FAILED)
[2025-12-21 01:22:10] WARNING: [diagnostics-cursor-prompt] Attempt 2/5 failed, will escalate model for next retry
[2025-12-21 01:22:10] WARNING: Phase diagnostics-cursor-prompt finished with status: DELIVERABLES_VALIDATION_FAILED
[2025-12-21 01:22:10] INFO: Waiting 10s before next phase...
[2025-12-21 01:22:20] INFO: Iteration 5: Fetching run status...
[2025-12-21 01:22:20] INFO: [AUTO-RESET] Found 1 FAILED phases with retries remaining
[2025-12-21 01:22:20] INFO: [AUTO-RESET] Resetting diagnostics-cursor-prompt to QUEUED (retry_attempt: 2/5)
[2025-12-21 01:22:20] INFO: [diagnostics-cursor-prompt] Found executable phase: state=PhaseState.QUEUED, attempts=3/None
[2025-12-21 01:22:20] INFO: [BUILD-041] Next phase: diagnostics-cursor-prompt
[2025-12-21 01:22:20] INFO: [diagnostics-cursor-prompt] Step 1/4: Generating code with Builder (via LlmService)...
[2025-12-21 01:22:20] INFO: [Context] Loaded 6 recently modified files for fresh context
[2025-12-21 01:22:21] INFO: [Context] Total: 18 files loaded for Builder context (modified=6, mentioned=0)
[2025-12-21 01:22:21] INFO: [TOKEN_BUDGET] Context loading: ~19999 tokens (99% of 20000 budget)
[2025-12-21 01:22:21] INFO: [diagnostics-cursor-prompt] Loaded 18 files for context
[2025-12-21 01:22:21] INFO: [diagnostics-cursor-prompt] Learning context: 0 rules, 5 hints
[2025-12-21 01:22:21] INFO: [diagnostics-cursor-prompt] Built deliverables contract: 4 required paths, 0 forbidden patterns
[2025-12-21 01:22:21] INFO: [diagnostics-cursor-prompt] Deliverables manifest gate PASSED (4 paths)
[2025-12-21 01:22:21] INFO: [ModelSelector] Complexity escalated: MEDIUM -> high for phase diagnostics-cursor-prompt
[2025-12-21 01:22:21] INFO: [ModelSelector] Selected claude-opus-4-5 for builder (complexity=high, attempt=2, intra_tier=2)
[2025-12-21 01:22:21] INFO: [MODEL-SELECT] Builder: model=claude-opus-4-5, complexity=MEDIUM->high, attempt=2, category=IMPLEMENT_FEATURE
[2025-12-21 01:22:21] WARNING: CONSOLIDATED_DEBUG.md not found at c:\dev\Autopack\.autonomous_runs\file-organizer-app-v1\archive\CONSOLIDATED_DEBUG.md
[2025-12-21 01:22:21] WARNING: [TOKEN_SOFT_CAP] run_id=diagnostics-parity-phases-124 phase_id=diagnostics-cursor-prompt est_total=32513 soft_cap=32000 (prompt=21045 completion=11468 complexity=medium)
[2025-12-21 01:22:23] INFO: HTTP Request: POST https://api.anthropic.com/v1/messages "HTTP/1.1 200 OK"
[2025-12-21 01:24:24] INFO: [TOKEN_BUDGET] phase=diagnostics-cursor-prompt complexity=medium input=28727 output=8888/16384 total=37615 utilization=54.2% model=claude-opus-4-5
[2025-12-21 01:24:25] INFO: [Builder] Generated 4 file diffs locally from full-file content
[2025-12-21 01:24:25] INFO: [diagnostics-cursor-prompt] Builder succeeded (37615 tokens)
[2025-12-21 01:24:25] INFO: [diagnostics-cursor-prompt] Deliverables validation:
[2025-12-21 01:24:25] INFO:   Expected: 4 files
[2025-12-21 01:24:25] INFO:   Found in patch: 4 files
[2025-12-21 01:24:25] ERROR: [diagnostics-cursor-prompt] âŒ Deliverables validation FAILED
[2025-12-21 01:24:25] ERROR: [diagnostics-cursor-prompt]    Missing 3 required deliverables:
[2025-12-21 01:24:25] ERROR: [diagnostics-cursor-prompt]      - docs/autopack/diagnostics_cursor_prompt.md
[2025-12-21 01:24:25] ERROR: [diagnostics-cursor-prompt]      - src/autopack/dashboard/server.py
[2025-12-21 01:24:25] ERROR: [diagnostics-cursor-prompt]      - tests/autopack/diagnostics/test_cursor_prompt_generator.py (found at: tests/test_cursor_prompt_generator.py)
[2025-12-21 01:24:25] ERROR: [diagnostics-cursor-prompt]    
âš ï¸  File placement issue detected:
[2025-12-21 01:24:25] ERROR: [diagnostics-cursor-prompt]       Builder created files in wrong locations.
[2025-12-21 01:24:25] ERROR: [diagnostics-cursor-prompt]       Please verify file paths match the deliverables specification.
[2025-12-21 01:24:25] ERROR: [diagnostics-cursor-prompt]    
ðŸš« Files created OUTSIDE allowed roots (hard violation):
[2025-12-21 01:24:25] ERROR: [diagnostics-cursor-prompt]      - tests/test_cursor_prompt_generator.py
[2025-12-21 01:24:25] ERROR: [diagnostics-cursor-prompt]    
ðŸš« Files created OUTSIDE the approved manifest (hard violation):
[2025-12-21 01:24:25] ERROR: [diagnostics-cursor-prompt]      - docs/autopack/cursor_prompt_generator.md
[2025-12-21 01:24:25] ERROR: [diagnostics-cursor-prompt]      - src/autopack/diagnostics/__init__.py
[2025-12-21 01:24:25] ERROR: [diagnostics-cursor-prompt]      - tests/test_cursor_prompt_generator.py
[2025-12-21 01:24:25] ERROR: [diagnostics-cursor-prompt] Deliverables validation failed
[2025-12-21 01:24:25] ERROR: [diagnostics-cursor-prompt] âŒ DELIVERABLES VALIDATION FAILED

Your patch does not create the required deliverable files.

ðŸ“‹ REQUIRED DELIVERABLES:
  âœ“ docs/autopack/diagnostics_cursor_prompt.md
  âœ“ src/autopack/dashboard/server.py
  âœ“ src/autopack/diagnostics/cursor_prompt_generator.py
  âœ“ tests/autopack/diagnostics/test_cursor_prompt_generator.py

ðŸ“„ FILES IN YOUR PATCH:
  â€¢ docs/autopack/cursor_prompt_generator.md
  â€¢ src/autopack/diagnostics/__init__.py
  â€¢ src/autopack/diagnostics/cursor_prompt_generator.py
  â€¢ tests/test_cursor_prompt_generator.py

âš ï¸  WRONG FILE LOCATIONS:
  Expected: tests/autopack/diagnostics/test_cursor_prompt_generator.py
  Created:  tests/test_cursor_prompt_generator.py

âœ… ALLOWED ROOTS (you may ONLY create files under these prefixes):
  - docs/autopack/
  - src/autopack/
  - tests/autopack/

ðŸš« OUTSIDE-ALLOWED FILES (hard violation):
  - tests/test_cursor_prompt_generator.py

ðŸš« OUTSIDE-MANIFEST FILES (hard violation):
  - docs/autopack/cursor_prompt_generator.md
  - src/autopack/diagnostics/__init__.py
  - tests/test_cursor_prompt_generator.py

âŒ MISSING FILES:
  - docs/autopack/diagnostics_cursor_prompt.md
  - src/autopack/dashboard/server.py
  - tests/autopack/diagnostics/test_cursor_prompt_generator.py

ðŸ”§ ACTION REQUIRED:
Please regenerate the patch with files in the correct locations.
Ensure all file paths match the deliverables specification exactly.
[2025-12-21 01:25:05] INFO: [Doctor] Not invoking: per-phase limit reached (2/2)
[2025-12-21 01:25:05] INFO: [Re-Plan] Max replans (1) reached for diagnostics-cursor-prompt
[2025-12-21 01:25:05] INFO: [diagnostics-cursor-prompt] Updated counters in DB: retry=3, epoch=1, escalation=0 (reason: DELIVERABLES_VALIDATION_FAILED)
[2025-12-21 01:25:05] WARNING: [diagnostics-cursor-prompt] Attempt 3/5 failed, will escalate model for next retry
[2025-12-21 01:25:05] WARNING: Phase diagnostics-cursor-prompt finished with status: DELIVERABLES_VALIDATION_FAILED
[2025-12-21 01:25:05] INFO: Waiting 10s before next phase...
[2025-12-21 01:25:15] INFO: Iteration 6: Fetching run status...
[2025-12-21 01:25:15] INFO: [AUTO-RESET] Found 1 FAILED phases with retries remaining
[2025-12-21 01:25:15] INFO: [AUTO-RESET] Resetting diagnostics-cursor-prompt to QUEUED (retry_attempt: 3/5)
[2025-12-21 01:25:15] INFO: [diagnostics-cursor-prompt] Found executable phase: state=PhaseState.QUEUED, attempts=4/None
[2025-12-21 01:25:15] INFO: [BUILD-041] Next phase: diagnostics-cursor-prompt
[2025-12-21 01:25:15] INFO: [diagnostics-cursor-prompt] Step 1/4: Generating code with Builder (via LlmService)...
[2025-12-21 01:25:15] INFO: [Context] Loaded 6 recently modified files for fresh context
[2025-12-21 01:25:16] INFO: [Context] Total: 18 files loaded for Builder context (modified=6, mentioned=0)
[2025-12-21 01:25:16] INFO: [TOKEN_BUDGET] Context loading: ~19999 tokens (99% of 20000 budget)
[2025-12-21 01:25:16] INFO: [diagnostics-cursor-prompt] Loaded 18 files for context
[2025-12-21 01:25:16] INFO: [diagnostics-cursor-prompt] Learning context: 0 rules, 5 hints
[2025-12-21 01:25:16] INFO: [diagnostics-cursor-prompt] Built deliverables contract: 4 required paths, 0 forbidden patterns
[2025-12-21 01:25:16] INFO: [diagnostics-cursor-prompt] Deliverables manifest gate PASSED (4 paths)
[2025-12-21 01:25:16] INFO: [ModelSelector] Complexity escalated: MEDIUM -> high for phase diagnostics-cursor-prompt
[2025-12-21 01:25:16] INFO: [ModelSelector] Selected claude-opus-4-5 for builder (complexity=high, attempt=3, intra_tier=3)
[2025-12-21 01:25:16] INFO: [MODEL-SELECT] Builder: model=claude-opus-4-5, complexity=MEDIUM->high, attempt=3, category=IMPLEMENT_FEATURE
[2025-12-21 01:25:16] WARNING: CONSOLIDATED_DEBUG.md not found at c:\dev\Autopack\.autonomous_runs\file-organizer-app-v1\archive\CONSOLIDATED_DEBUG.md
[2025-12-21 01:25:16] WARNING: [TOKEN_SOFT_CAP] run_id=diagnostics-parity-phases-124 phase_id=diagnostics-cursor-prompt est_total=32521 soft_cap=32000 (prompt=21053 completion=11468 complexity=medium)
[2025-12-21 01:25:18] INFO: HTTP Request: POST https://api.anthropic.com/v1/messages "HTTP/1.1 200 OK"
[2025-12-21 01:26:22] INFO: [TOKEN_BUDGET] phase=diagnostics-cursor-prompt complexity=medium input=28741 output=4375/16384 total=33116 utilization=26.7% model=claude-opus-4-5
[2025-12-21 01:26:23] INFO: [Builder] Generated 3 file diffs locally from full-file content
[2025-12-21 01:26:23] INFO: [diagnostics-cursor-prompt] Builder succeeded (33116 tokens)
[2025-12-21 01:26:23] INFO: [diagnostics-cursor-prompt] Deliverables validation:
[2025-12-21 01:26:23] INFO:   Expected: 4 files
[2025-12-21 01:26:23] INFO:   Found in patch: 3 files
[2025-12-21 01:26:23] ERROR: [diagnostics-cursor-prompt] âŒ Deliverables validation FAILED
[2025-12-21 01:26:23] ERROR: [diagnostics-cursor-prompt]    Missing 4 required deliverables:
[2025-12-21 01:26:23] ERROR: [diagnostics-cursor-prompt]      - docs/autopack/diagnostics_cursor_prompt.md
[2025-12-21 01:26:23] ERROR: [diagnostics-cursor-prompt]      - src/autopack/dashboard/server.py
[2025-12-21 01:26:23] ERROR: [diagnostics-cursor-prompt]      - src/autopack/diagnostics/cursor_prompt_generator.py
[2025-12-21 01:26:23] ERROR: [diagnostics-cursor-prompt]      - tests/autopack/diagnostics/test_cursor_prompt_generator.py
[2025-12-21 01:26:23] ERROR: [diagnostics-cursor-prompt]    
ðŸš« Files created OUTSIDE the approved manifest (hard violation):
[2025-12-21 01:26:23] ERROR: [diagnostics-cursor-prompt]      - docs/autopack/diagnostics_prompt_generator.md
[2025-12-21 01:26:23] ERROR: [diagnostics-cursor-prompt]      - src/autopack/diagnostics/__init__.py
[2025-12-21 01:26:23] ERROR: [diagnostics-cursor-prompt]      - src/autopack/diagnostics/prompt_generator.py
[2025-12-21 01:26:23] ERROR: [diagnostics-cursor-prompt] Deliverables validation failed
[2025-12-21 01:26:23] ERROR: [diagnostics-cursor-prompt] âŒ DELIVERABLES VALIDATION FAILED

Your patch does not create the required deliverable files.

ðŸ“‹ REQUIRED DELIVERABLES:
  âœ“ docs/autopack/diagnostics_cursor_prompt.md
  âœ“ src/autopack/dashboard/server.py
  âœ“ src/autopack/diagnostics/cursor_prompt_generator.py
  âœ“ tests/autopack/diagnostics/test_cursor_prompt_generator.py

ðŸ“„ FILES IN YOUR PATCH:
  â€¢ docs/autopack/diagnostics_prompt_generator.md
  â€¢ src/autopack/diagnostics/__init__.py
  â€¢ src/autopack/diagnostics/prompt_generator.py

âœ… ALLOWED ROOTS (you may ONLY create files under these prefixes):
  - docs/autopack/
  - src/autopack/
  - tests/autopack/

ðŸš« OUTSIDE-MANIFEST FILES (hard violation):
  - docs/autopack/diagnostics_prompt_generator.md
  - src/autopack/diagnostics/__init__.py
  - src/autopack/diagnostics/prompt_generator.py

âŒ MISSING FILES:
  - docs/autopack/diagnostics_cursor_prompt.md
  - src/autopack/dashboard/server.py
  - src/autopack/diagnostics/cursor_prompt_generator.py
  - tests/autopack/diagnostics/test_cursor_prompt_generator.py

ðŸ”§ ACTION REQUIRED:
Please regenerate the patch with files in the correct locations.
Ensure all file paths match the deliverables specification exactly.
