faiss library not installed; FaissStore will use in-memory fallback
[2025-12-29 17:37:49] INFO: Applying pre-emptive encoding fix...
[2025-12-29 17:37:49] INFO: [Recovery] Fixing Unicode encoding error...
======================================================================
DATABASE IDENTITY
======================================================================
DATABASE_URL: sqlite:///C:/dev/Autopack/telemetry_seed_final_green3.db
SQLite file: C:\dev\Autopack\telemetry_seed_final_green3.db
Last modified: 2025-12-29T06:37:23.676125+00:00

Row counts:
  Runs: 1
  Phases: 10
  LLM usage events: 0
======================================================================

[drain_one_phase] Re-queueing FAILED phase -> QUEUED: telemetry-collection-v4 / telemetry-p1-string-util
[drain_one_phase] ===== ENVIRONMENT IDENTITY =====
[drain_one_phase] DATABASE_URL: sqlite:///C:/dev/Autopack/telemetry_seed_final_green3.db
[drain_one_phase] AUTOPACK_API_URL: http://localhost:63038
[drain_one_phase] ================================
[drain_one_phase] Draining: telemetry-collection-v4 / telemetry-p1-string-util

[2025-12-29 17:37:49] INFO: [Recovery] SUCCESS: Encoding fixed (UTF-8 enabled)
[2025-12-29 17:37:49] INFO: Database tables initialized
[2025-12-29 17:37:49] INFO: Loaded BuilderOutputConfig: max_lines_for_full_file=1000, max_lines_hard_limit=1000
[2025-12-29 17:37:49] INFO: Doctor execute_fix enabled: True
[2025-12-29 17:37:49] INFO: FileSizeTelemetry initialized: c:\dev\Autopack\.autonomous_runs\autopack\file_size_telemetry.jsonl
[2025-12-29 17:37:59] WARNING: [Qdrant] Connection check failed for localhost:6333: [WinError 10061] No connection could be made because the target machine actively refused it
[2025-12-29 17:38:00] WARNING: [MemoryService] Qdrant unavailable at localhost:6333; falling back to FAISS ([WinError 10061] No connection could be made because the target machine actively refused it)
[2025-12-29 17:38:00] INFO: [FAISS] Created collection 'code_docs' with dim=1536
[2025-12-29 17:38:00] INFO: [FAISS] Created collection 'run_summaries' with dim=1536
[2025-12-29 17:38:00] INFO: [FAISS] Created collection 'errors_ci' with dim=1536
[2025-12-29 17:38:00] INFO: [FAISS] Created collection 'doctor_hints' with dim=1536
[2025-12-29 17:38:00] INFO: [FAISS] Created collection 'planning' with dim=1536
[2025-12-29 17:38:00] INFO: [MemoryService] Initialized (backend=faiss, enabled=True, top_k=5)
[2025-12-29 17:38:00] INFO: MemoryService initialized (enabled=True)
[2025-12-29 17:38:00] INFO: [FileLayout] Project: autopack, Family: telemetry-collection-v4, Base: .autonomous_runs\autopack\runs\telemetry-collection-v4
[2025-12-29 17:38:00] INFO: Initialized autonomous executor for run: telemetry-collection-v4
[2025-12-29 17:38:00] INFO: API URL: http://localhost:63038
[2025-12-29 17:38:00] INFO: Workspace: c:\dev\Autopack
[2025-12-29 17:38:00] INFO: Running proactive startup checks from DEBUG_JOURNAL.md...
[2025-12-29 17:38:00] INFO: [HIGH] Checking: Windows Unicode Fix (PYTHONUTF8)
[2025-12-29 17:38:00] INFO:   Reason: Prevents UnicodeEncodeError with emoji characters in logs (Issue #3)
[2025-12-29 17:38:00] INFO:   Check PASSED
[2025-12-29 17:38:00] INFO: [SchemaValidator] Starting database schema validation...
[2025-12-29 17:38:00] INFO: [SchemaValidator] ✅ Database schema validation PASSED
[2025-12-29 17:38:00] INFO: Startup checks complete
[2025-12-29 17:38:02] INFO: [BUILD-123v2] Manifest generator initialized (deterministic scope generation)
[2025-12-29 17:38:03] INFO: [HealthCheck:T0] API Keys: PASSED (0ms) - All required API keys present
[2025-12-29 17:38:03] INFO: [HealthCheck:T0] Database: PASSED (0ms) - Database accessible: c:\dev\Autopack\autopack.db
[2025-12-29 17:38:03] INFO: [HealthCheck:T0] Workspace: PASSED (0ms) - Workspace valid: c:\dev\Autopack
[2025-12-29 17:38:03] INFO: [HealthCheck:T0] Config: PASSED (51ms) - Configuration files valid
[2025-12-29 17:38:03] INFO: [HealthCheck:T0] Vector Memory: PASSED (1578ms) - Qdrant unreachable at localhost:6333; autostart attempted or unavailable. Falling back to FAISS.
[2025-12-29 17:38:03] INFO: [BUILD-127] Completion authority initialized (PhaseFinalizer + TestBaselineTracker)
[2025-12-29 17:38:03] INFO: [BUILD-127] Capturing T0 baseline at commit 626777fa...
[2025-12-29 17:38:03] INFO: [Baseline] Using cached baseline for commit 626777fa
[2025-12-29 17:38:03] INFO: [BUILD-127] T0 baseline: 0 tests, 0 passing, 0 failing, 17 errors
[2025-12-29 17:38:03] INFO: Starting autonomous execution loop...
[2025-12-29 17:38:03] INFO: Poll interval: 10s
[2025-12-29 17:38:03] INFO: Max iterations: 1
[2025-12-29 17:38:09] INFO: API server not detected at http://localhost:63038, attempting to start it...
[2025-12-29 17:38:09] INFO: Waiting for API server to start on localhost:63038...
[2025-12-29 17:38:12] INFO:   Still waiting... (1/30)
[2025-12-29 17:38:14] INFO: ✅ API server started successfully
[2025-12-29 17:38:14] INFO: ✅ Run 'telemetry-collection-v4' verified in API database
[2025-12-29 17:38:14] INFO: Initializing infrastructure...
[2025-12-29 17:38:17] INFO: LlmService: Initialized with ModelRouter and UsageRecorder
[2025-12-29 17:38:17] INFO: Quality Gate: Initialized
[2025-12-29 17:38:17] INFO: Iteration 1: Fetching run status...
[2025-12-29 17:38:17] INFO: [GoalAnchor] Initialized: Create a string utility module with capitalize_words and reverse_string functions...
[2025-12-29 17:38:17] INFO: [BUILD-041] Next phase: telemetry-p1-string-util
[2025-12-29 17:38:17] INFO: [Scope] Workspace root determined as repo root for bucket 'examples': C:\dev\Autopack
[2025-12-29 17:38:17] INFO: [telemetry-p1-string-util] Step 1/4: Generating code with Builder (via LlmService)...
[2025-12-29 17:38:17] INFO: [telemetry-p1-string-util] Using scope-aware context (overrides targeted context)
[2025-12-29 17:38:17] INFO: [Scope] Workspace root determined as repo root for bucket 'examples': C:\dev\Autopack
[2025-12-29 17:38:17] INFO: [Scope] Loaded 4 files from scope configuration
[2025-12-29 17:38:17] INFO: [Scope] Scope paths: ['examples/telemetry_utils/']
[2025-12-29 17:38:17] INFO: [Scope] Loaded paths: ['examples/telemetry_utils/number_utils.py', 'examples/telemetry_utils/string_helper.py', 'examples/telemetry_utils/string_utils.py', 'examples/telemetry_utils/__init__.py']...
[2025-12-29 17:38:17] INFO: [telemetry-p1-string-util] Loaded 4 files for context
[2025-12-29 17:38:17] INFO: [Scope] Workspace root determined as repo root for bucket 'examples': C:\dev\Autopack
[2025-12-29 17:38:17] INFO: [Scope] Validation passed: 4 files match scope configuration
[2025-12-29 17:38:17] INFO: [telemetry-p1-string-util] Built deliverables contract: 1 required paths, 0 forbidden patterns
[2025-12-29 17:38:17] INFO: [telemetry-p1-string-util] Deliverables manifest gate PASSED (1 paths)
[2025-12-29 17:38:17] INFO: [ModelSelector] Selected claude-opus-4-5 for builder (complexity=low, attempt=1, intra_tier=1)
[2025-12-29 17:38:17] INFO: [MODEL-SELECT] Builder: model=claude-opus-4-5, complexity=low->low, attempt=1, category=implementation
[2025-12-29 17:38:17] INFO: [TokenEstimator] Budget selection: base=8192, estimated=3419, with_buffer=4102, selected=8192, confidence=80.0%, buffer_margin=1.20x
[2025-12-29 17:38:17] INFO: [BUILD-129] Token estimate: 3419 output tokens (1 deliverables, confidence=0.80), selected budget: 8192 (P4 enforcement applied before API call)
[2025-12-29 17:38:17] WARNING: CONSOLIDATED_DEBUG.md not found at c:\dev\Autopack\.autonomous_runs\file-organizer-app-v1\archive\CONSOLIDATED_DEBUG.md
[2025-12-29 17:38:17] WARNING: [TOKEN_SOFT_CAP] run_id=telemetry-collection-v4 phase_id=telemetry-p1-string-util est_total=15650 soft_cap=12000 (prompt=4182 completion=11468 complexity=low)
[2025-12-29 17:38:17] INFO: [BUILD-129:P4] Final max_tokens enforcement: 16384 (token_selected_budget=8192)
[2025-12-29 17:38:19] INFO: HTTP Request: POST https://api.anthropic.com/v1/messages "HTTP/1.1 200 OK"
[2025-12-29 17:38:25] INFO: [TOKEN_BUDGET] phase=telemetry-p1-string-util complexity=low input=4828 output=795/16384 total=5623 utilization=4.9% model=claude-opus-4-5
[2025-12-29 17:38:25] INFO: [Builder] DEBUG: diff_parts is empty, checking for no-op success
[2025-12-29 17:38:25] INFO: [Builder] DEBUG: phase_spec type=<class 'dict'>, keys=['id', 'phase_id', 'run_id', 'tier_id', 'name', 'description', 'state', 'task_category', 'complexity', 'builder_mode', 'phase_index', 'scope', 'protected_paths', 'deliverables_contract', 'deliverables_manifest', '_estimated_output_tokens', 'metadata', 'change_size', 'allow_mass_addition']
[2025-12-29 17:38:25] INFO: [Builder] DEBUG: extracted deliverable_paths=[]
[2025-12-29 17:38:25] INFO: [Builder] DEBUG: repo_root=c:\dev\Autopack
[2025-12-29 17:38:25] INFO: [TokenEstimationV2] predicted_output=3419 actual_output=795 smape=124.5% selected_budget=8192 category=implementation complexity=low deliverables=1 success=False stop_reason=end_turn truncated=False model=claude-opus-4-5
[2025-12-29 17:38:25] ERROR: [telemetry-p1-string-util] Builder failed: No valid file changes generated
[2025-12-29 17:38:25] INFO: [Doctor] Routine failure detected -> using cheap model
[2025-12-29 17:38:33] INFO: HTTP Request: POST https://api.anthropic.com/v1/messages "HTTP/1.1 200 OK"
[2025-12-29 17:38:33] INFO: [Doctor] Diagnosis complete: action=retry_with_fix, confidence=0.75, phase=telemetry-p1-string-util, model=claude-sonnet-4-5, is_complex=False, escalated=False, health_ratio=0.00
[2025-12-29 17:38:33] INFO: [Doctor] Diagnosis complete: action=retry_with_fix, confidence=0.75, phase_calls=1, run_calls=1
[2025-12-29 17:38:33] INFO: [Doctor] Action: retry_with_fix - hint stored for next attempt
[2025-12-29 17:38:33] INFO: [MemoryService] Stored decision log
[2025-12-29 17:38:33] ERROR: [IssueTracker] Corrupt issue file (.autonomous_runs\telemetry-collection-v4\issues\phase_00_telemetry-p1-string-util_issues.json); recreating defaults
Traceback (most recent call last):
  File "c:\dev\Autopack\src\autopack\issue_tracker.py", line 72, in load_phase_issues
    return PhaseIssueFile.model_validate_json(raw)
           ^^^^^^^^^^^^^^^^^^^^^^^^^^^^^^^^^^^^^^^
  File "C:\Python\Lib\site-packages\pydantic\main.py", line 580, in model_validate_json
    return cls.__pydantic_validator__.validate_json(json_data, strict=strict, context=context)
           ^^^^^^^^^^^^^^^^^^^^^^^^^^^^^^^^^^^^^^^^^^^^^^^^^^^^^^^^^^^^^^^^^^^^^^^^^^^^^^^^^^^
pydantic_core._pydantic_core.ValidationError: 1 validation error for PhaseIssueFile
tier_id
  Input should be a valid string [type=string_type, input_value=1, input_type=int]
    For further information visit https://errors.pydantic.dev/2.7/v/string_type
C:\Python\Lib\site-packages\pydantic\main.py:398: UserWarning: Pydantic serializer warnings:
  Expected `str` but got `int` - serialized value may not be as expected
  return self.__pydantic_serializer__.to_json(
[2025-12-29 17:38:33] WARNING: [IssueTracker] Failed to record builder guardrail issue: 1 validation error for RunIssueIndexEntry
seen_in_tiers.0
  Input should be a valid string [type=string_type, input_value=1, input_type=int]
    For further information visit https://errors.pydantic.dev/2.7/v/string_type
[2025-12-29 17:38:33] INFO: Updated phase telemetry-p1-string-util status to FAILED
[2025-12-29 17:39:13] INFO: [MemoryService] Stored decision log
[2025-12-29 17:39:13] INFO: [RetrievalTrigger] Phase telemetry-p1-string-util attempt 1: Error messages lack context - triggering deep retrieval
[2025-12-29 17:39:13] INFO: [DeepRetrieval] Starting bounded retrieval for phase telemetry-p1-string-util (priority=medium)
[2025-12-29 17:39:14] INFO: [DeepRetrieval] Retrieved 0 run artifacts (0 bytes), 1 SOT files (15360 bytes), 0 memory entries (0 bytes)
[2025-12-29 17:39:14] INFO: [Doctor] Routine failure detected -> using cheap model
[2025-12-29 17:39:19] INFO: HTTP Request: POST https://api.anthropic.com/v1/messages "HTTP/1.1 200 OK"
[2025-12-29 17:39:19] INFO: [Doctor] Diagnosis complete: action=replan, confidence=0.75, phase=telemetry-p1-string-util, model=claude-sonnet-4-5, is_complex=False, escalated=False, health_ratio=0.04
[2025-12-29 17:39:19] INFO: [Doctor] Diagnosis complete: action=replan, confidence=0.75, phase_calls=2, run_calls=2
[2025-12-29 17:39:19] INFO: [Doctor] Action: replan - triggering approach revision
[2025-12-29 17:39:19] INFO: [Re-Plan] Revising approach for telemetry-p1-string-util due to doctor_replan:Auditor rejection after 2 Builder attempts indicat (attempt 1)
[2025-12-29 17:39:19] INFO: [GoalAnchor] Original intent: Create a string utility module with capitalize_words and reverse_string functions...
[2025-12-29 17:39:27] INFO: HTTP Request: POST https://api.anthropic.com/v1/messages "HTTP/1.1 200 OK"
[2025-12-29 17:39:27] INFO: [GoalAnchor] Alignment classification: narrower - Heuristic detection: revision appears to reduce scope
[2025-12-29 17:39:27] WARNING: [GoalAnchor] WARNING: Revision appears to narrow scope for telemetry-p1-string-util. Original intent: 'Create a string utility module with capitalize_wor...' This may indicate goal drift.
[2025-12-29 17:39:27] INFO: [Re-Plan] Successfully revised phase telemetry-p1-string-util
[2025-12-29 17:39:27] INFO: [Re-Plan] Original: Create a string utility module with capitalize_words and reverse_string functions...
[2025-12-29 17:39:27] INFO: [Re-Plan] Revised: Create a string utility module by implementing a new file named `string_utils.py` in the project roo...
[2025-12-29 17:39:27] INFO: [GoalAnchor] REPLAN_TELEMETRY: run_id=telemetry-collection-v4 phase_id=telemetry-p1-string-util attempt=1 alignment=narrower replan_count_phase=1 replan_count_run=1
[2025-12-29 17:39:27] INFO: [ARCHIVE_CONSOLIDATOR] Logged build event: PHASE_REPLANNED
[2025-12-29 17:39:27] INFO: [MemoryService] Stored plan change
[2025-12-29 17:39:27] INFO: [MemoryService] Stored decision log
[2025-12-29 17:39:27] INFO: [Doctor] Replan successful, phase revised
[2025-12-29 17:39:27] INFO: [telemetry-p1-string-util] Doctor triggered re-planning (epoch 0 → 1), preserving retry progress (retry_attempt=1, escalation=0)
[2025-12-29 17:39:27] INFO: [telemetry-p1-string-util] Updated counters in DB: retry=1, epoch=1, escalation=0 (reason: DOCTOR_REPLAN)
[2025-12-29 17:39:27] WARNING: Phase telemetry-p1-string-util finished with status: REPLAN_REQUESTED
[2025-12-29 17:39:27] INFO: Reached max iterations (1), stopping
[2025-12-29 17:39:27] INFO: Autonomous execution loop finished
[2025-12-29 17:39:27] INFO: [ARCHIVE_CONSOLIDATOR] Logged build event: RUN_PAUSED

[drain_one_phase] Final state: FAILED
[drain_one_phase] Phase did not complete successfully
[drain_one_phase] Failure reason: DOCTOR_REPLAN
[PROBE] Phase: telemetry-p1-string-util
[PROBE] DATABASE_URL: sqlite:///C:/dev/Autopack/telemetry_seed_final_green3.db
[PROBE] TELEMETRY_DB_ENABLED: 1

[PROBE] DB telemetry rows (before):
[PROBE]   - token_estimation_v2_events: 1
[PROBE]   - llm_usage_events: 0
[PROBE] Running drain_one_phase...


[PROBE] Drain exit code: 1
[PROBE] DB telemetry rows (after):
[PROBE]   - token_estimation_v2_events: 2 (INCREASED by 1 ✅)
[PROBE]   - llm_usage_events: 2 (INCREASED by 2 ✅)
[PROBE] Phase final state: FAILED
[PROBE] Files array: UNKNOWN (phase failed, not due to empty files)
[PROBE] Failure reason: DOCTOR_REPLAN

[PROBE] ========== VERDICT ==========
[PROBE] ❌ FAILED - phase did not complete successfully
[PROBE] Check logs and fix issues before draining remaining phases
[PROBE] Failure reason: DOCTOR_REPLAN
