faiss library not installed; FaissStore will use in-memory fallback
[2025-12-29 16:07:08] INFO: Applying pre-emptive encoding fix...
[2025-12-29 16:07:08] INFO: [Recovery] Fixing Unicode encoding error...
======================================================================
DATABASE IDENTITY
======================================================================
DATABASE_URL: sqlite:///C:/dev/Autopack/telemetry_seed_debug_A.db
SQLite file: C:\dev\Autopack\telemetry_seed_debug_A.db
Last modified: 2025-12-29T05:06:13.821596+00:00

Row counts:
  Runs: 1
  Phases: 10
  LLM usage events: 0
======================================================================

[drain_one_phase] ===== ENVIRONMENT IDENTITY =====
[drain_one_phase] DATABASE_URL: sqlite:///C:/dev/Autopack/telemetry_seed_debug_A.db
[drain_one_phase] AUTOPACK_API_URL: http://localhost:65022
[drain_one_phase] ================================
[drain_one_phase] Draining: telemetry-collection-v4 / telemetry-p1-string-util

[2025-12-29 16:07:08] INFO: [Recovery] SUCCESS: Encoding fixed (UTF-8 enabled)
[2025-12-29 16:07:08] INFO: Database tables initialized
[2025-12-29 16:07:08] INFO: Loaded BuilderOutputConfig: max_lines_for_full_file=1000, max_lines_hard_limit=1000
[2025-12-29 16:07:08] INFO: Doctor execute_fix enabled: True
[2025-12-29 16:07:08] INFO: FileSizeTelemetry initialized: c:\dev\Autopack\.autonomous_runs\autopack\file_size_telemetry.jsonl
[2025-12-29 16:07:18] WARNING: [Qdrant] Connection check failed for localhost:6333: [WinError 10061] No connection could be made because the target machine actively refused it
[2025-12-29 16:07:20] WARNING: [MemoryService] Qdrant unavailable at localhost:6333; falling back to FAISS ([WinError 10061] No connection could be made because the target machine actively refused it)
[2025-12-29 16:07:20] INFO: [FAISS] Created collection 'code_docs' with dim=1536
[2025-12-29 16:07:20] INFO: [FAISS] Created collection 'run_summaries' with dim=1536
[2025-12-29 16:07:20] INFO: [FAISS] Created collection 'errors_ci' with dim=1536
[2025-12-29 16:07:20] INFO: [FAISS] Created collection 'doctor_hints' with dim=1536
[2025-12-29 16:07:20] INFO: [FAISS] Created collection 'planning' with dim=1536
[2025-12-29 16:07:20] INFO: [MemoryService] Initialized (backend=faiss, enabled=True, top_k=5)
[2025-12-29 16:07:20] INFO: MemoryService initialized (enabled=True)
[2025-12-29 16:07:20] INFO: [FileLayout] Project: autopack, Family: telemetry-collection-v4, Base: .autonomous_runs\autopack\runs\telemetry-collection-v4
[2025-12-29 16:07:20] INFO: Initialized autonomous executor for run: telemetry-collection-v4
[2025-12-29 16:07:20] INFO: API URL: http://localhost:65022
[2025-12-29 16:07:20] INFO: Workspace: c:\dev\Autopack
[2025-12-29 16:07:20] INFO: Running proactive startup checks from DEBUG_JOURNAL.md...
[2025-12-29 16:07:20] INFO: [HIGH] Checking: Windows Unicode Fix (PYTHONUTF8)
[2025-12-29 16:07:20] INFO:   Reason: Prevents UnicodeEncodeError with emoji characters in logs (Issue #3)
[2025-12-29 16:07:20] INFO:   Check PASSED
[2025-12-29 16:07:20] INFO: [SchemaValidator] Starting database schema validation...
[2025-12-29 16:07:20] INFO: [SchemaValidator] ✅ Database schema validation PASSED
[2025-12-29 16:07:20] INFO: Startup checks complete
[2025-12-29 16:07:21] INFO: [BUILD-123v2] Manifest generator initialized (deterministic scope generation)
[2025-12-29 16:07:23] INFO: [HealthCheck:T0] API Keys: PASSED (0ms) - All required API keys present
[2025-12-29 16:07:23] INFO: [HealthCheck:T0] Database: PASSED (0ms) - Database accessible: c:\dev\Autopack\autopack.db
[2025-12-29 16:07:23] INFO: [HealthCheck:T0] Workspace: PASSED (0ms) - Workspace valid: c:\dev\Autopack
[2025-12-29 16:07:23] INFO: [HealthCheck:T0] Config: PASSED (58ms) - Configuration files valid
[2025-12-29 16:07:23] INFO: [HealthCheck:T0] Vector Memory: PASSED (1779ms) - Qdrant unreachable at localhost:6333; autostart attempted or unavailable. Falling back to FAISS.
[2025-12-29 16:07:23] INFO: [BUILD-127] Completion authority initialized (PhaseFinalizer + TestBaselineTracker)
[2025-12-29 16:07:23] INFO: [BUILD-127] Capturing T0 baseline at commit 78820b3d...
[2025-12-29 16:07:23] INFO: [Baseline] Using cached baseline for commit 78820b3d
[2025-12-29 16:07:23] INFO: [BUILD-127] T0 baseline: 0 tests, 0 passing, 0 failing, 17 errors
[2025-12-29 16:07:23] INFO: Starting autonomous execution loop...
[2025-12-29 16:07:23] INFO: Poll interval: 10s
[2025-12-29 16:07:23] INFO: Max iterations: 1
[2025-12-29 16:07:29] INFO: API server not detected at http://localhost:65022, attempting to start it...
[2025-12-29 16:07:29] INFO: Waiting for API server to start on localhost:65022...
[2025-12-29 16:07:32] INFO:   Still waiting... (1/30)
[2025-12-29 16:07:33] INFO: ✅ API server started successfully
[2025-12-29 16:07:33] INFO: ✅ Run 'telemetry-collection-v4' verified in API database
[2025-12-29 16:07:33] INFO: Initializing infrastructure...
[2025-12-29 16:07:37] INFO: LlmService: Initialized with ModelRouter and UsageRecorder
[2025-12-29 16:07:37] INFO: Quality Gate: Initialized
[2025-12-29 16:07:37] INFO: Iteration 1: Fetching run status...
[2025-12-29 16:07:37] INFO: [AutoFix] Updated 10 queued phases in DB
[2025-12-29 16:07:37] INFO: [GoalAnchor] Initialized: Create a string utility module with capitalize_words and reverse_string functions...
[2025-12-29 16:07:37] INFO: [BUILD-041] Next phase: telemetry-p1-string-util
[2025-12-29 16:07:37] INFO: [Scope] Workspace root determined as repo root for bucket 'examples': C:\dev\Autopack
[2025-12-29 16:07:37] INFO: [telemetry-p1-string-util] Step 1/4: Generating code with Builder (via LlmService)...
[2025-12-29 16:07:37] INFO: [telemetry-p1-string-util] Using scope-aware context (overrides targeted context)
[2025-12-29 16:07:37] INFO: [Scope] Workspace root determined as repo root for bucket 'examples': C:\dev\Autopack
[2025-12-29 16:07:37] INFO: [Scope] Loaded 4 files from scope configuration
[2025-12-29 16:07:37] INFO: [Scope] Scope paths: ['examples/telemetry_utils/']
[2025-12-29 16:07:37] INFO: [Scope] Loaded paths: ['examples/telemetry_utils/number_utils.py', 'examples/telemetry_utils/string_helper.py', 'examples/telemetry_utils/string_utils.py', 'examples/telemetry_utils/__init__.py']...
[2025-12-29 16:07:37] INFO: [telemetry-p1-string-util] Loaded 4 files for context
[2025-12-29 16:07:37] INFO: [Scope] Workspace root determined as repo root for bucket 'examples': C:\dev\Autopack
[2025-12-29 16:07:37] INFO: [Scope] Validation passed: 4 files match scope configuration
[2025-12-29 16:07:37] INFO: [telemetry-p1-string-util] Built deliverables contract: 1 required paths, 0 forbidden patterns
[2025-12-29 16:07:37] INFO: [telemetry-p1-string-util] Deliverables manifest gate PASSED (1 paths)
[2025-12-29 16:07:37] INFO: [ModelSelector] Selected claude-sonnet-4-5 for builder (complexity=low, attempt=0, intra_tier=0)
[2025-12-29 16:07:37] INFO: [MODEL-SELECT] Builder: model=claude-sonnet-4-5, complexity=low->low, attempt=0, category=implementation
[2025-12-29 16:07:37] INFO: [TokenEstimator] Budget selection: base=8192, estimated=3419, with_buffer=4102, selected=8192, confidence=80.0%, buffer_margin=1.20x
[2025-12-29 16:07:37] INFO: [BUILD-129] Token estimate: 3419 output tokens (1 deliverables, confidence=0.80), selected budget: 8192 (P4 enforcement applied before API call)
[2025-12-29 16:07:37] WARNING: CONSOLIDATED_DEBUG.md not found at c:\dev\Autopack\.autonomous_runs\file-organizer-app-v1\archive\CONSOLIDATED_DEBUG.md
[2025-12-29 16:07:37] WARNING: [TOKEN_SOFT_CAP] run_id=telemetry-collection-v4 phase_id=telemetry-p1-string-util est_total=15650 soft_cap=12000 (prompt=4182 completion=11468 complexity=low)
[2025-12-29 16:07:37] INFO: [BUILD-129:P4] Final max_tokens enforcement: 16384 (token_selected_budget=8192)
[2025-12-29 16:07:39] INFO: HTTP Request: POST https://api.anthropic.com/v1/messages "HTTP/1.1 200 OK"
[2025-12-29 16:08:06] INFO: [TOKEN_BUDGET] phase=telemetry-p1-string-util complexity=low input=4828 output=828/16384 total=5656 utilization=5.1% model=claude-sonnet-4-5
[2025-12-29 16:08:06] WARNING: [Builder] Diff generation: examples/telemetry_utils/string_helper.py exists but old_content empty; treating as modify (not new file mode)
[2025-12-29 16:08:06] INFO: [TokenEstimationV2] predicted_output=3419 actual_output=828 smape=122.0% selected_budget=8192 category=implementation complexity=low deliverables=1 success=False stop_reason=end_turn truncated=False model=claude-sonnet-4-5
[2025-12-29 16:08:06] ERROR: [telemetry-p1-string-util] Builder failed: No valid file changes generated
[2025-12-29 16:08:06] ERROR: [IssueTracker] Corrupt issue file (.autonomous_runs\telemetry-collection-v4\issues\phase_00_telemetry-p1-string-util_issues.json); recreating defaults
Traceback (most recent call last):
  File "c:\dev\Autopack\src\autopack\issue_tracker.py", line 72, in load_phase_issues
    return PhaseIssueFile.model_validate_json(raw)
           ^^^^^^^^^^^^^^^^^^^^^^^^^^^^^^^^^^^^^^^
  File "C:\Python\Lib\site-packages\pydantic\main.py", line 580, in model_validate_json
    return cls.__pydantic_validator__.validate_json(json_data, strict=strict, context=context)
           ^^^^^^^^^^^^^^^^^^^^^^^^^^^^^^^^^^^^^^^^^^^^^^^^^^^^^^^^^^^^^^^^^^^^^^^^^^^^^^^^^^^
pydantic_core._pydantic_core.ValidationError: 1 validation error for PhaseIssueFile
tier_id
  Input should be a valid string [type=string_type, input_value=1, input_type=int]
    For further information visit https://errors.pydantic.dev/2.7/v/string_type
C:\Python\Lib\site-packages\pydantic\main.py:398: UserWarning: Pydantic serializer warnings:
  Expected `str` but got `int` - serialized value may not be as expected
  return self.__pydantic_serializer__.to_json(
[2025-12-29 16:08:06] WARNING: [IssueTracker] Failed to record builder guardrail issue: 1 validation error for RunIssueIndexEntry
seen_in_tiers.0
  Input should be a valid string [type=string_type, input_value=1, input_type=int]
    For further information visit https://errors.pydantic.dev/2.7/v/string_type
[2025-12-29 16:08:06] INFO: Updated phase telemetry-p1-string-util status to FAILED
[2025-12-29 16:08:46] INFO: [MemoryService] Stored decision log
[2025-12-29 16:08:46] INFO: [RetrievalTrigger] Phase telemetry-p1-string-util attempt 1: Error messages lack context - triggering deep retrieval
[2025-12-29 16:08:46] INFO: [DeepRetrieval] Starting bounded retrieval for phase telemetry-p1-string-util (priority=medium)
[2025-12-29 16:08:47] INFO: [DeepRetrieval] Retrieved 0 run artifacts (0 bytes), 1 SOT files (15360 bytes), 0 memory entries (0 bytes)
[2025-12-29 16:08:47] INFO: [telemetry-p1-string-util] Updated counters in DB: retry=1, epoch=0, escalation=0 (reason: FAILED)
[2025-12-29 16:08:47] WARNING: [telemetry-p1-string-util] Attempt 1/5 failed, will escalate model for next retry
[2025-12-29 16:08:47] WARNING: Phase telemetry-p1-string-util finished with status: FAILED
[2025-12-29 16:08:47] INFO: Reached max iterations (1), stopping
[2025-12-29 16:08:47] INFO: Autonomous execution loop finished
[2025-12-29 16:08:47] INFO: [ARCHIVE_CONSOLIDATOR] Logged build event: RUN_PAUSED

[drain_one_phase] Final state: FAILED
[drain_one_phase] Phase did not complete successfully
[drain_one_phase] Failure reason: FAILED
[PROBE] Phase: telemetry-p1-string-util
[PROBE] DATABASE_URL: sqlite:///C:/dev/Autopack/telemetry_seed_debug_A.db
[PROBE] TELEMETRY_DB_ENABLED: 1

[PROBE] DB telemetry rows (before):
[PROBE]   - token_estimation_v2_events: 0
[PROBE]   - llm_usage_events: 0
[PROBE] Running drain_one_phase...


[PROBE] Drain exit code: 1
[PROBE] DB telemetry rows (after):
[PROBE]   - token_estimation_v2_events: 1 (INCREASED by 1 ✅)
[PROBE]   - llm_usage_events: 0 (NO INCREASE ❌)
[PROBE] Phase final state: FAILED
[PROBE] Files array: UNKNOWN (phase failed, not due to empty files)
[PROBE] Failure reason: FAILED

[PROBE] ========== VERDICT ==========
[PROBE] ❌ FAILED - phase did not complete successfully
[PROBE] Check logs and fix issues before draining remaining phases
[PROBE] Failure reason: FAILED
