[2025-11-30 22:41:09] INFO: Applying pre-emptive encoding fix...
[2025-11-30 22:41:09] INFO: [Recovery] Fixing Unicode encoding error...
[2025-11-30 22:41:09] INFO: [Recovery] SUCCESS: Encoding fixed (UTF-8 enabled)
[2025-11-30 22:41:09] INFO: Database tables initialized
[2025-11-30 22:41:09] INFO: Initialized autonomous executor for run: escalation-validation-20251130
[2025-11-30 22:41:09] INFO: API URL: http://localhost:8000
[2025-11-30 22:41:09] INFO: Workspace: .
[2025-11-30 22:41:09] INFO: Running proactive startup checks from DEBUG_JOURNAL.md...
[2025-11-30 22:41:09] INFO: [HIGH] Checking: Windows Unicode Fix (PYTHONUTF8)
[2025-11-30 22:41:09] INFO:   Reason: Prevents UnicodeEncodeError with emoji characters in logs (Issue #3)
[2025-11-30 22:41:09] INFO:   Check PASSED
[2025-11-30 22:41:09] INFO: Startup checks complete
[2025-11-30 22:41:09] INFO: Starting autonomous execution loop...
[2025-11-30 22:41:09] INFO: Poll interval: 10s
[2025-11-30 22:41:09] INFO: Initializing infrastructure...
[2025-11-30 22:41:13] INFO: LlmService: Initialized with ModelRouter and UsageRecorder
[2025-11-30 22:41:14] INFO: [DEPRECATED] Builder: Anthropic (Claude Sonnet 4.5) - Use LlmService instead
[2025-11-30 22:41:16] INFO: [DEPRECATED] Auditor: Dual (OpenAI + Anthropic) - Use LlmService instead
[2025-11-30 22:41:16] INFO: Quality Gate: Initialized
[2025-11-30 22:41:16] INFO: Iteration 1: Fetching run status...
[2025-11-30 22:41:16] INFO: Next phase: low-success-simple
[2025-11-30 22:41:16] INFO: Executing phase: low-success-simple
[2025-11-30 22:41:16] INFO: [low-success-simple] Step 1/4: Generating code with Builder (via LlmService)...
[2025-11-30 22:41:16] INFO: [low-success-simple] Loaded 30 files for context
[2025-11-30 22:41:16] INFO: [DEBUG] file_context type: <class 'dict'>
[2025-11-30 22:41:16] INFO: [DEBUG] file_context keys: ['existing_files']
[2025-11-30 22:41:16] INFO: [DEBUG] files type: <class 'dict'>
[2025-11-30 22:41:16] INFO: [DEBUG] files keys (first 3): ['package.json', 'requirements.txt', 'pyproject.toml']
[2025-11-30 22:41:16] INFO: [DEBUG] Processing file: package.json
[2025-11-30 22:41:16] INFO: [DEBUG]   content type: <class 'str'>
[2025-11-30 22:41:16] INFO: [DEBUG]   content preview: {
  "name": "autopack-frontend",
  "version": "0.1.0",
  "private": true,
  "type": "module",
  "scr
[2025-11-30 22:41:16] INFO: [DEBUG] Processing file: requirements.txt
[2025-11-30 22:41:16] INFO: [DEBUG]   content type: <class 'str'>
[2025-11-30 22:41:16] INFO: [DEBUG]   content preview: # Core FastAPI dependencies
fastapi>=0.104.0
uvicorn[standard]>=0.24.0
pydantic>=2.5.0
pydantic-sett
[2025-11-30 22:41:16] INFO: [DEBUG] Processing file: pyproject.toml
[2025-11-30 22:41:16] INFO: [DEBUG]   content type: <class 'str'>
[2025-11-30 22:41:16] INFO: [DEBUG]   content preview: [project]
name = "autopack"
version = "0.1.0"
description = "Supervisor/orchestrator implementing th
[2025-11-30 22:41:16] INFO: [DEBUG] Processing file: README.md
[2025-11-30 22:41:16] INFO: [DEBUG]   content type: <class 'str'>
[2025-11-30 22:41:16] INFO: [DEBUG]   content preview: # Autopack Framework

**Autonomous AI Code Generation Framework**

Autopack is a framework for orche
[2025-11-30 22:41:16] INFO: [DEBUG] Processing file: .gitignore
[2025-11-30 22:41:16] INFO: [DEBUG]   content type: <class 'str'>
[2025-11-30 22:41:16] INFO: [DEBUG]   content preview: # Python
__pycache__/
*.py[cod]
*$py.class
*.so
.Python
env/
venv/
ENV/
build/
develop-eggs/
dist/
d
[2025-11-30 22:41:20] INFO: HTTP Request: POST https://api.anthropic.com/v1/messages "HTTP/1.1 200 OK"
[2025-11-30 22:41:20] INFO: [low-success-simple] Builder succeeded (1494 tokens)
[2025-11-30 22:41:20] WARNING: Failed to post builder result: 500 Server Error: Internal Server Error for url: http://localhost:8000/runs/escalation-validation-20251130/phases/low-success-simple/builder_result
[2025-11-30 22:41:20] INFO: [ARCHIVE_CONSOLIDATOR] Logged new error: API failure: POST builder_result
[2025-11-30 22:41:20] INFO: [low-success-simple] Step 2/5: Applying patch...
[2025-11-30 22:41:20] INFO: Writing patch to temp_patch.diff
[2025-11-30 22:41:20] INFO: Checking if patch can be applied (dry run)...
[2025-11-30 22:41:20] WARNING: Strict patch check failed: error: patch failed: src/autopack/config.py:1
error: src/autopack/config.py: patch does not apply
[2025-11-30 22:41:20] INFO: Retrying with lenient mode (--ignore-whitespace -C1)...
[2025-11-30 22:41:20] WARNING: Lenient mode also failed: error: patch failed: src/autopack/config.py:1
error: src/autopack/config.py: patch does not apply
[2025-11-30 22:41:20] INFO: Retrying with 3-way merge mode (-3)...
[2025-11-30 22:41:20] WARNING: All git apply modes failed, attempting direct file write fallback...
[2025-11-30 22:41:20] WARNING: Skipping src/autopack/config.py - cannot apply partial patch to existing file via direct write
[2025-11-30 22:41:20] ERROR: Direct file write also failed: error: repository lacks the necessary blob to perform 3-way merge.
Falling back to direct application...
error: patch failed: src/autopack/config.py:1
error: src/autopack/config.py: patch does not apply
[2025-11-30 22:41:20] ERROR: Patch content:
diff --git a/src/autopack/config.py b/src/autopack/config.py
index 0000000..1111111 100644
--- a/src/autopack/config.py
+++ b/src/autopack/config.py
@@ -1,3 +1,4 @@
+# Configuration module for Autopack settings
 """Configuration management for Autopack."""
 
 import os
...
[2025-11-30 22:41:20] ERROR: [low-success-simple] Failed to apply patch to filesystem: error: patch failed: src/autopack/config.py:1
error: src/autopack/config.py: patch does not apply
[2025-11-30 22:41:20] INFO: Updated phase low-success-simple status to FAILED
[2025-11-30 22:41:20] WARNING: Phase low-success-simple finished with status: PATCH_FAILED
[2025-11-30 22:41:20] INFO: Waiting 10s before next phase...
[2025-11-30 22:41:30] INFO: Iteration 2: Fetching run status...
[2025-11-30 22:41:30] INFO: Next phase: low-needs-escalation
[2025-11-30 22:41:30] INFO: Executing phase: low-needs-escalation
[2025-11-30 22:41:30] INFO: [low-needs-escalation] Step 1/4: Generating code with Builder (via LlmService)...
[2025-11-30 22:41:30] INFO: [low-needs-escalation] Loaded 30 files for context
[2025-11-30 22:41:30] INFO: [DEBUG] file_context type: <class 'dict'>
[2025-11-30 22:41:30] INFO: [DEBUG] file_context keys: ['existing_files']
[2025-11-30 22:41:30] INFO: [DEBUG] files type: <class 'dict'>
[2025-11-30 22:41:30] INFO: [DEBUG] files keys (first 3): ['package.json', 'requirements.txt', 'pyproject.toml']
[2025-11-30 22:41:30] INFO: [DEBUG] Processing file: package.json
[2025-11-30 22:41:30] INFO: [DEBUG]   content type: <class 'str'>
[2025-11-30 22:41:30] INFO: [DEBUG]   content preview: {
  "name": "autopack-frontend",
  "version": "0.1.0",
  "private": true,
  "type": "module",
  "scr
[2025-11-30 22:41:30] INFO: [DEBUG] Processing file: requirements.txt
[2025-11-30 22:41:30] INFO: [DEBUG]   content type: <class 'str'>
[2025-11-30 22:41:30] INFO: [DEBUG]   content preview: # Core FastAPI dependencies
fastapi>=0.104.0
uvicorn[standard]>=0.24.0
pydantic>=2.5.0
pydantic-sett
[2025-11-30 22:41:30] INFO: [DEBUG] Processing file: pyproject.toml
[2025-11-30 22:41:30] INFO: [DEBUG]   content type: <class 'str'>
[2025-11-30 22:41:30] INFO: [DEBUG]   content preview: [project]
name = "autopack"
version = "0.1.0"
description = "Supervisor/orchestrator implementing th
[2025-11-30 22:41:30] INFO: [DEBUG] Processing file: README.md
[2025-11-30 22:41:30] INFO: [DEBUG]   content type: <class 'str'>
[2025-11-30 22:41:30] INFO: [DEBUG]   content preview: # Autopack Framework

**Autonomous AI Code Generation Framework**

Autopack is a framework for orche
[2025-11-30 22:41:30] INFO: [DEBUG] Processing file: .gitignore
[2025-11-30 22:41:30] INFO: [DEBUG]   content type: <class 'str'>
[2025-11-30 22:41:30] INFO: [DEBUG]   content preview: # Python
__pycache__/
*.py[cod]
*$py.class
*.so
.Python
env/
venv/
ENV/
build/
develop-eggs/
dist/
d
[2025-11-30 22:41:41] INFO: HTTP Request: POST https://api.anthropic.com/v1/messages "HTTP/1.1 200 OK"
[2025-11-30 22:41:41] INFO: [low-needs-escalation] Builder succeeded (2119 tokens)
[2025-11-30 22:41:41] INFO: [low-needs-escalation] Step 2/5: Applying patch...
[2025-11-30 22:41:41] INFO: Removing existing file for new file patch: src/autopack/utils.py
[2025-11-30 22:41:41] INFO: Writing patch to temp_patch.diff
[2025-11-30 22:41:41] INFO: Checking if patch can be applied (dry run)...
[2025-11-30 22:41:41] INFO: Applying patch to filesystem...
[2025-11-30 22:41:41] INFO: Patch applied successfully - 1 files modified
[2025-11-30 22:41:41] INFO:   - src/autopack/utils.py
[2025-11-30 22:41:41] INFO: [Validation] All 1 modified files validated successfully
[2025-11-30 22:41:41] INFO: [low-needs-escalation] Patch applied successfully to filesystem
[2025-11-30 22:41:41] INFO: [low-needs-escalation] Step 3/5: Running CI checks...
[2025-11-30 22:41:41] INFO: [low-needs-escalation] Running CI checks (pytest)...
[2025-11-30 22:41:45] WARNING: [low-needs-escalation] CI detected possible collection error - pytest failed (code 4) but no test counts found
[2025-11-30 22:41:45] WARNING: [low-needs-escalation] CI checks FAILED: 0/0 passed, 0 failed, 0 errors
[2025-11-30 22:41:45] INFO: [low-needs-escalation] Step 4/5: Reviewing patch with Auditor (via LlmService)...
[2025-11-30 22:41:47] INFO: HTTP Request: POST https://api.openai.com/v1/chat/completions "HTTP/1.1 200 OK"
[2025-11-30 22:41:47] INFO: [low-needs-escalation] Auditor completed: approved=True, issues=0
[2025-11-30 22:41:47] INFO: [low-needs-escalation] Step 5/5: Applying Quality Gate...
[2025-11-30 22:41:47] INFO: [low-needs-escalation] Quality Gate: needs_review
[2025-11-30 22:41:47] INFO: Updated phase low-needs-escalation status to COMPLETE
[2025-11-30 22:41:47] INFO: [low-needs-escalation] Phase completed successfully
[2025-11-30 22:41:47] WARNING: File not found: C:\dev\Autopack\.autonomous_runs\autopack\archive\CONSOLIDATED_BUILD.md
[2025-11-30 22:41:47] INFO: [ARCHIVE_CONSOLIDATOR] Logged build event: PHASE_COMPLETE
[2025-11-30 22:41:47] INFO: Phase low-needs-escalation completed successfully
[2025-11-30 22:41:47] INFO: Waiting 10s before next phase...
[2025-11-30 22:41:57] INFO: Iteration 3: Fetching run status...
[2025-11-30 22:41:57] INFO: Next phase: medium-standard
[2025-11-30 22:41:57] INFO: Executing phase: medium-standard
[2025-11-30 22:41:57] INFO: [medium-standard] Step 1/4: Generating code with Builder (via LlmService)...
[2025-11-30 22:41:57] INFO: [medium-standard] Loaded 30 files for context
[2025-11-30 22:41:57] INFO: [DEBUG] file_context type: <class 'dict'>
[2025-11-30 22:41:57] INFO: [DEBUG] file_context keys: ['existing_files']
[2025-11-30 22:41:57] INFO: [DEBUG] files type: <class 'dict'>
[2025-11-30 22:41:57] INFO: [DEBUG] files keys (first 3): ['package.json', 'requirements.txt', 'pyproject.toml']
[2025-11-30 22:41:57] INFO: [DEBUG] Processing file: package.json
[2025-11-30 22:41:57] INFO: [DEBUG]   content type: <class 'str'>
[2025-11-30 22:41:57] INFO: [DEBUG]   content preview: {
  "name": "autopack-frontend",
  "version": "0.1.0",
  "private": true,
  "type": "module",
  "scr
[2025-11-30 22:41:57] INFO: [DEBUG] Processing file: requirements.txt
[2025-11-30 22:41:57] INFO: [DEBUG]   content type: <class 'str'>
[2025-11-30 22:41:57] INFO: [DEBUG]   content preview: # Core FastAPI dependencies
fastapi>=0.104.0
uvicorn[standard]>=0.24.0
pydantic>=2.5.0
pydantic-sett
[2025-11-30 22:41:57] INFO: [DEBUG] Processing file: pyproject.toml
[2025-11-30 22:41:57] INFO: [DEBUG]   content type: <class 'str'>
[2025-11-30 22:41:57] INFO: [DEBUG]   content preview: [project]
name = "autopack"
version = "0.1.0"
description = "Supervisor/orchestrator implementing th
[2025-11-30 22:41:57] INFO: [DEBUG] Processing file: README.md
[2025-11-30 22:41:57] INFO: [DEBUG]   content type: <class 'str'>
[2025-11-30 22:41:57] INFO: [DEBUG]   content preview: # Autopack Framework

**Autonomous AI Code Generation Framework**

Autopack is a framework for orche
[2025-11-30 22:41:57] INFO: [DEBUG] Processing file: .gitignore
[2025-11-30 22:41:57] INFO: [DEBUG]   content type: <class 'str'>
[2025-11-30 22:41:57] INFO: [DEBUG]   content preview: # Python
__pycache__/
*.py[cod]
*$py.class
*.so
.Python
env/
venv/
ENV/
build/
develop-eggs/
dist/
d
[2025-11-30 22:42:07] INFO: HTTP Request: POST https://api.anthropic.com/v1/messages "HTTP/1.1 200 OK"
[2025-11-30 22:42:07] INFO: [medium-standard] Builder succeeded (2157 tokens)
[2025-11-30 22:42:07] WARNING: Failed to post builder result: 500 Server Error: Internal Server Error for url: http://localhost:8000/runs/escalation-validation-20251130/phases/medium-standard/builder_result
[2025-11-30 22:42:07] INFO: [ARCHIVE_CONSOLIDATOR] Logged new error: API failure: POST builder_result
[2025-11-30 22:42:07] INFO: [medium-standard] Step 2/5: Applying patch...
[2025-11-30 22:42:07] INFO: Writing patch to temp_patch.diff
[2025-11-30 22:42:07] INFO: Checking if patch can be applied (dry run)...
[2025-11-30 22:42:07] WARNING: Strict patch check failed: error: patch failed: src/autopack/main.py:1
error: src/autopack/main.py: patch does not apply
[2025-11-30 22:42:07] INFO: Retrying with lenient mode (--ignore-whitespace -C1)...
[2025-11-30 22:42:07] WARNING: Lenient mode also failed: error: patch failed: src/autopack/main.py:1
error: src/autopack/main.py: patch does not apply
[2025-11-30 22:42:07] INFO: Retrying with 3-way merge mode (-3)...
[2025-11-30 22:42:07] WARNING: All git apply modes failed, attempting direct file write fallback...
[2025-11-30 22:42:07] WARNING: Skipping src/autopack/main.py - cannot apply partial patch to existing file via direct write
[2025-11-30 22:42:07] WARNING: Skipping requirements.txt - cannot apply partial patch to existing file via direct write
[2025-11-30 22:42:07] ERROR: Direct file write also failed: error: repository lacks the necessary blob to perform 3-way merge.
Falling back to direct application...
error: patch failed: src/autopack/main.py:1
error: src/autopack/main.py: patch does not apply
error: requirements.txt: does not match index
[2025-11-30 22:42:07] ERROR: Patch content:
diff --git a/src/autopack/main.py b/src/autopack/main.py
index 1234567..abcdef0 100644
--- a/src/autopack/main.py
+++ b/src/autopack/main.py
@@ -1,6 +1,9 @@
 """Main FastAPI application entry point."""
+from pathlib import Path
+from typing import Any, Dict
 
 from fastapi import FastAPI
+import yaml
 
 app = FastAPI(
     title="Autopack API",
@@ -888,3 +888,43 @@ app = FastAPI(
 def health_check():
     """Health check endpoint."""
     return {"status": "healthy"}
+
+
+@app.get("/api/escalati...
[2025-11-30 22:42:07] ERROR: [medium-standard] Failed to apply patch to filesystem: error: patch failed: src/autopack/main.py:1
error: src/autopack/main.py: patch does not apply
[2025-11-30 22:42:07] INFO: Updated phase medium-standard status to FAILED
[2025-11-30 22:42:07] WARNING: Phase medium-standard finished with status: PATCH_FAILED
[2025-11-30 22:42:07] INFO: Waiting 10s before next phase...
[2025-11-30 22:42:17] INFO: Iteration 4: Fetching run status...
[2025-11-30 22:42:17] INFO: Next phase: impossible-task
[2025-11-30 22:42:17] INFO: Executing phase: impossible-task
[2025-11-30 22:42:17] INFO: [impossible-task] Step 1/4: Generating code with Builder (via LlmService)...
[2025-11-30 22:42:17] INFO: [impossible-task] Loaded 30 files for context
[2025-11-30 22:42:17] INFO: [DEBUG] file_context type: <class 'dict'>
[2025-11-30 22:42:17] INFO: [DEBUG] file_context keys: ['existing_files']
[2025-11-30 22:42:17] INFO: [DEBUG] files type: <class 'dict'>
[2025-11-30 22:42:17] INFO: [DEBUG] files keys (first 3): ['package.json', 'requirements.txt', 'pyproject.toml']
[2025-11-30 22:42:17] INFO: [DEBUG] Processing file: package.json
[2025-11-30 22:42:17] INFO: [DEBUG]   content type: <class 'str'>
[2025-11-30 22:42:17] INFO: [DEBUG]   content preview: {
  "name": "autopack-frontend",
  "version": "0.1.0",
  "private": true,
  "type": "module",
  "scr
[2025-11-30 22:42:17] INFO: [DEBUG] Processing file: requirements.txt
[2025-11-30 22:42:17] INFO: [DEBUG]   content type: <class 'str'>
[2025-11-30 22:42:17] INFO: [DEBUG]   content preview: # Core FastAPI dependencies
fastapi>=0.104.0
uvicorn[standard]>=0.24.0
pydantic>=2.5.0
pydantic-sett
[2025-11-30 22:42:17] INFO: [DEBUG] Processing file: pyproject.toml
[2025-11-30 22:42:17] INFO: [DEBUG]   content type: <class 'str'>
[2025-11-30 22:42:17] INFO: [DEBUG]   content preview: [project]
name = "autopack"
version = "0.1.0"
description = "Supervisor/orchestrator implementing th
[2025-11-30 22:42:17] INFO: [DEBUG] Processing file: README.md
[2025-11-30 22:42:17] INFO: [DEBUG]   content type: <class 'str'>
[2025-11-30 22:42:17] INFO: [DEBUG]   content preview: # Autopack Framework

**Autonomous AI Code Generation Framework**

Autopack is a framework for orche
[2025-11-30 22:42:17] INFO: [DEBUG] Processing file: .gitignore
[2025-11-30 22:42:17] INFO: [DEBUG]   content type: <class 'str'>
[2025-11-30 22:42:17] INFO: [DEBUG]   content preview: # Python
__pycache__/
*.py[cod]
*$py.class
*.so
.Python
env/
venv/
ENV/
build/
develop-eggs/
dist/
d
[2025-11-30 22:42:30] INFO: HTTP Request: POST https://api.anthropic.com/v1/messages "HTTP/1.1 200 OK"
[2025-11-30 22:42:30] INFO: [impossible-task] Builder succeeded (2076 tokens)
[2025-11-30 22:42:30] WARNING: Failed to post builder result: 500 Server Error: Internal Server Error for url: http://localhost:8000/runs/escalation-validation-20251130/phases/impossible-task/builder_result
[2025-11-30 22:42:30] INFO: [ARCHIVE_CONSOLIDATOR] Logged new error: API failure: POST builder_result
[2025-11-30 22:42:30] INFO: [impossible-task] Step 2/5: Applying patch...
[2025-11-30 22:42:30] INFO: Writing patch to temp_patch.diff
[2025-11-30 22:42:30] INFO: Checking if patch can be applied (dry run)...
[2025-11-30 22:42:30] WARNING: Strict patch check failed: error: nonexistent/path/impossible.py: No such file or directory
[2025-11-30 22:42:30] INFO: Retrying with lenient mode (--ignore-whitespace -C1)...
[2025-11-30 22:42:30] WARNING: Lenient mode also failed: error: nonexistent/path/impossible.py: No such file or directory
[2025-11-30 22:42:30] INFO: Retrying with 3-way merge mode (-3)...
[2025-11-30 22:42:30] WARNING: All git apply modes failed, attempting direct file write fallback...
[2025-11-30 22:42:30] WARNING: Skipping nonexistent/path/impossible.py - cannot apply partial patch to existing file via direct write
[2025-11-30 22:42:30] ERROR: Direct file write also failed: error: nonexistent/path/impossible.py: does not exist in index
[2025-11-30 22:42:30] ERROR: Patch content:
diff --git a/nonexistent/path/impossible.py b/nonexistent/path/impossible.py
index 0000000..1111111 100644
--- a/nonexistent/path/impossible.py
+++ b/nonexistent/path/impossible.py
@@ -0,0 +0,42 @@
+"""
+Quantum Computing Support Module
+
+This module provides quantum computing capabilities.
+Note: This file does not exist and this patch will fail.
+"""
+
+from typing import List, Optional
+import numpy as np
+
+
+class QuantumProcessor:
+    """Quantum computing processor for advanced calculati...
[2025-11-30 22:42:30] ERROR: [impossible-task] Failed to apply patch to filesystem: error: nonexistent/path/impossible.py: No such file or directory
[2025-11-30 22:42:30] INFO: Updated phase impossible-task status to FAILED
[2025-11-30 22:42:30] WARNING: Phase impossible-task finished with status: PATCH_FAILED
[2025-11-30 22:42:30] INFO: Waiting 10s before next phase...
[2025-11-30 22:42:40] INFO: Iteration 5: Fetching run status...
[2025-11-30 22:42:40] INFO: Next phase: high-direct-strong
[2025-11-30 22:42:40] INFO: Executing phase: high-direct-strong
[2025-11-30 22:42:40] INFO: [high-direct-strong] Step 1/4: Generating code with Builder (via LlmService)...
[2025-11-30 22:42:40] INFO: [high-direct-strong] Loaded 30 files for context
[2025-11-30 22:42:40] INFO: [DEBUG] file_context type: <class 'dict'>
[2025-11-30 22:42:40] INFO: [DEBUG] file_context keys: ['existing_files']
[2025-11-30 22:42:40] INFO: [DEBUG] files type: <class 'dict'>
[2025-11-30 22:42:40] INFO: [DEBUG] files keys (first 3): ['package.json', 'requirements.txt', 'pyproject.toml']
[2025-11-30 22:42:40] INFO: [DEBUG] Processing file: package.json
[2025-11-30 22:42:40] INFO: [DEBUG]   content type: <class 'str'>
[2025-11-30 22:42:40] INFO: [DEBUG]   content preview: {
  "name": "autopack-frontend",
  "version": "0.1.0",
  "private": true,
  "type": "module",
  "scr
[2025-11-30 22:42:40] INFO: [DEBUG] Processing file: requirements.txt
[2025-11-30 22:42:40] INFO: [DEBUG]   content type: <class 'str'>
[2025-11-30 22:42:40] INFO: [DEBUG]   content preview: # Core FastAPI dependencies
fastapi>=0.104.0
uvicorn[standard]>=0.24.0
pydantic>=2.5.0
pydantic-sett
[2025-11-30 22:42:40] INFO: [DEBUG] Processing file: pyproject.toml
[2025-11-30 22:42:40] INFO: [DEBUG]   content type: <class 'str'>
[2025-11-30 22:42:40] INFO: [DEBUG]   content preview: [project]
name = "autopack"
version = "0.1.0"
description = "Supervisor/orchestrator implementing th
[2025-11-30 22:42:40] INFO: [DEBUG] Processing file: README.md
[2025-11-30 22:42:40] INFO: [DEBUG]   content type: <class 'str'>
[2025-11-30 22:42:40] INFO: [DEBUG]   content preview: # Autopack Framework

**Autonomous AI Code Generation Framework**

Autopack is a framework for orche
[2025-11-30 22:42:40] INFO: [DEBUG] Processing file: .gitignore
[2025-11-30 22:42:40] INFO: [DEBUG]   content type: <class 'str'>
[2025-11-30 22:42:40] INFO: [DEBUG]   content preview: # Python
__pycache__/
*.py[cod]
*$py.class
*.so
.Python
env/
venv/
ENV/
build/
develop-eggs/
dist/
d
[2025-11-30 22:44:18] INFO: HTTP Request: POST https://api.anthropic.com/v1/messages "HTTP/1.1 200 OK"
[2025-11-30 22:44:18] INFO: [high-direct-strong] Builder succeeded (10224 tokens)
[2025-11-30 22:44:18] INFO: [high-direct-strong] Step 2/5: Applying patch...
[2025-11-30 22:44:18] INFO: Removing existing file for new file patch: src/autopack/exceptions.py
[2025-11-30 22:44:18] INFO: Removing existing file for new file patch: tests/test_autonomous_executor.py
[2025-11-30 22:44:18] INFO: Writing patch to temp_patch.diff
[2025-11-30 22:44:18] INFO: Checking if patch can be applied (dry run)...
[2025-11-30 22:44:18] WARNING: Strict patch check failed: error: patch fragment without header at line 24: @@ -1,6 +1,27 @@ logger = logging.getLogger(__name__)?
[2025-11-30 22:44:18] INFO: Retrying with lenient mode (--ignore-whitespace -C1)...
[2025-11-30 22:44:18] WARNING: Lenient mode also failed: error: patch fragment without header at line 24: @@ -1,6 +1,27 @@ logger = logging.getLogger(__name__)?
[2025-11-30 22:44:18] INFO: Retrying with 3-way merge mode (-3)...
[2025-11-30 22:44:18] WARNING: All git apply modes failed, attempting direct file write fallback...
[2025-11-30 22:44:18] WARNING: Skipping src/autopack/autonomous_executor.py - cannot apply partial patch to existing file via direct write
[2025-11-30 22:44:18] INFO: Directly wrote file: src/autopack/exceptions.py
[2025-11-30 22:44:18] INFO: Directly wrote file: tests/test_autonomous_executor.py
[2025-11-30 22:44:18] INFO: Direct file write succeeded - 2 files written
[2025-11-30 22:44:18] INFO:   - src/autopack/exceptions.py
[2025-11-30 22:44:18] INFO:   - tests/test_autonomous_executor.py
[2025-11-30 22:44:18] INFO: [Validation] All 2 modified files validated successfully
[2025-11-30 22:44:18] INFO: [high-direct-strong] Patch applied successfully to filesystem
[2025-11-30 22:44:18] INFO: [high-direct-strong] Step 3/5: Running CI checks...
[2025-11-30 22:44:18] INFO: [high-direct-strong] Running CI checks (pytest)...
[2025-11-30 22:44:22] WARNING: [high-direct-strong] CI detected possible collection error - pytest failed (code 4) but no test counts found
[2025-11-30 22:44:22] WARNING: [high-direct-strong] CI checks FAILED: 0/0 passed, 0 failed, 0 errors
[2025-11-30 22:44:22] INFO: [high-direct-strong] Step 4/5: Reviewing patch with Auditor (via LlmService)...
[2025-11-30 22:44:25] INFO: HTTP Request: POST https://api.openai.com/v1/chat/completions "HTTP/1.1 200 OK"
[2025-11-30 22:44:25] INFO: [high-direct-strong] Auditor completed: approved=True, issues=2
[2025-11-30 22:44:25] INFO: [high-direct-strong] Step 5/5: Applying Quality Gate...
[2025-11-30 22:44:25] INFO: [high-direct-strong] Quality Gate: needs_review
[2025-11-30 22:44:25] INFO: Updated phase high-direct-strong status to COMPLETE
[2025-11-30 22:44:25] INFO: [high-direct-strong] Phase completed successfully
[2025-11-30 22:44:25] WARNING: File not found: C:\dev\Autopack\.autonomous_runs\autopack\archive\CONSOLIDATED_BUILD.md
[2025-11-30 22:44:25] INFO: [ARCHIVE_CONSOLIDATOR] Logged build event: PHASE_COMPLETE
[2025-11-30 22:44:25] INFO: Phase high-direct-strong completed successfully
[2025-11-30 22:44:25] INFO: Waiting 10s before next phase...
[2025-11-30 22:44:35] INFO: Iteration 6: Fetching run status...
[2025-11-30 22:44:35] INFO: No more QUEUED phases, execution complete
[2025-11-30 22:44:35] INFO: Autonomous execution loop finished
[2025-11-30 22:44:35] WARNING: File not found: C:\dev\Autopack\.autonomous_runs\autopack\archive\CONSOLIDATED_BUILD.md
[2025-11-30 22:44:35] INFO: [ARCHIVE_CONSOLIDATOR] Logged build event: RUN_COMPLETE
[Quality Gate] Phase low-needs-escalation
Category: backend
Quality Level: NEEDS_REVIEW

Issues (blocking):
  ✗ CI tests failed: Unknown error
[Quality Gate] Phase high-direct-strong
Category: core_backend_high
Quality Level: NEEDS_REVIEW

Issues (blocking):
  ✗ CI tests failed: Unknown error
