[2025-11-30 22:05:41] INFO: Applying pre-emptive encoding fix...
[2025-11-30 22:05:41] INFO: [Recovery] Fixing Unicode encoding error...
[2025-11-30 22:05:41] INFO: [Recovery] SUCCESS: Encoding fixed (UTF-8 enabled)
[2025-11-30 22:05:41] INFO: Database tables initialized
[2025-11-30 22:05:41] INFO: Initialized autonomous executor for run: backend-fixes-v6-20251130
[2025-11-30 22:05:41] INFO: API URL: http://localhost:8000
[2025-11-30 22:05:41] INFO: Workspace: .
[2025-11-30 22:05:41] INFO: Running proactive startup checks from DEBUG_JOURNAL.md...
[2025-11-30 22:05:41] INFO: [HIGH] Checking: Windows Unicode Fix (PYTHONUTF8)
[2025-11-30 22:05:41] INFO:   Reason: Prevents UnicodeEncodeError with emoji characters in logs (Issue #3)
[2025-11-30 22:05:41] INFO:   Check PASSED
[2025-11-30 22:05:41] INFO: Startup checks complete
[2025-11-30 22:05:41] INFO: Starting autonomous execution loop...
[2025-11-30 22:05:41] INFO: Poll interval: 10s
[2025-11-30 22:05:41] INFO: Initializing infrastructure...
[2025-11-30 22:05:44] INFO: LlmService: Initialized with ModelRouter and UsageRecorder
[2025-11-30 22:05:45] INFO: [DEPRECATED] Builder: Anthropic (Claude Sonnet 4.5) - Use LlmService instead
[2025-11-30 22:05:47] INFO: [DEPRECATED] Auditor: Dual (OpenAI + Anthropic) - Use LlmService instead
[2025-11-30 22:05:47] INFO: Quality Gate: Initialized
[2025-11-30 22:05:47] INFO: Iteration 1: Fetching run status...
[2025-11-30 22:05:47] INFO: Next phase: fix-bcrypt-password
[2025-11-30 22:05:47] INFO: Executing phase: fix-bcrypt-password
[2025-11-30 22:05:47] INFO: [fix-bcrypt-password] Step 1/4: Generating code with Builder (via LlmService)...
[2025-11-30 22:05:47] INFO: [fix-bcrypt-password] Loaded 30 files for context
[2025-11-30 22:05:51] INFO: HTTP Request: POST https://api.openai.com/v1/chat/completions "HTTP/1.1 200 OK"
[2025-11-30 22:05:51] INFO: [fix-bcrypt-password] Builder succeeded (41690 tokens)
[2025-11-30 22:05:51] WARNING: Failed to post builder result: 500 Server Error: Internal Server Error for url: http://localhost:8000/runs/backend-fixes-v6-20251130/phases/fix-bcrypt-password/builder_result
[2025-11-30 22:05:51] INFO: [ARCHIVE_CONSOLIDATOR] Logged new error: API failure: POST builder_result
[2025-11-30 22:05:51] INFO: [fix-bcrypt-password] Step 2/5: Applying patch...
[2025-11-30 22:05:51] INFO: Writing patch to temp_patch.diff
[2025-11-30 22:05:51] INFO: Checking if patch can be applied (dry run)...
[2025-11-30 22:05:51] WARNING: Strict patch check failed: error: patch failed: src/backend/core/security.py:1
error: src/backend/core/security.py: patch does not apply
[2025-11-30 22:05:51] INFO: Retrying with lenient mode (--ignore-whitespace -C1)...
[2025-11-30 22:05:51] WARNING: Lenient mode also failed: error: patch failed: src/backend/core/security.py:1
error: src/backend/core/security.py: patch does not apply
[2025-11-30 22:05:51] INFO: Retrying with 3-way merge mode (-3)...
[2025-11-30 22:05:51] WARNING: All git apply modes failed, attempting direct file write fallback...
[2025-11-30 22:05:51] WARNING: Skipping src/backend/core/security.py - cannot apply partial patch to existing file via direct write
[2025-11-30 22:05:51] ERROR: Direct file write also failed: error: src/backend/core/security.py: does not exist in index
[2025-11-30 22:05:51] ERROR: Patch content:
diff --git a/src/backend/core/security.py b/src/backend/core/security.py
index e69de29..d6f8e3b 100644
--- a/src/backend/core/security.py
+++ b/src/backend/core/security.py
@@ -1,0 +1,13 @@
+import bcrypt
+
+def hash_password(password: str) -> str:
+    """
+    Hash a password using bcrypt, ensuring it is no longer than 72 bytes.
+
+    Args:
+        password (str): The password to hash.
+
+    Returns:
+        str: The hashed password.
+    """
+    return bcrypt.hashpw(password[:72].encode(...
[2025-11-30 22:05:51] ERROR: [fix-bcrypt-password] Failed to apply patch to filesystem: error: patch failed: src/backend/core/security.py:1
error: src/backend/core/security.py: patch does not apply
[2025-11-30 22:05:51] WARNING: Failed to update phase fix-bcrypt-password status: 500 Server Error: Internal Server Error for url: http://localhost:8000/runs/backend-fixes-v6-20251130/phases/fix-bcrypt-password/update_status
[2025-11-30 22:05:51] WARNING: Phase fix-bcrypt-password finished with status: PATCH_FAILED
[2025-11-30 22:05:51] INFO: Waiting 10s before next phase...
[2025-11-30 22:06:01] INFO: Iteration 2: Fetching run status...
[2025-11-30 22:06:01] INFO: Next phase: fix-bcrypt-password
[2025-11-30 22:06:01] INFO: Executing phase: fix-bcrypt-password
[2025-11-30 22:06:01] INFO: [fix-bcrypt-password] Step 1/4: Generating code with Builder (via LlmService)...
[2025-11-30 22:06:01] INFO: [fix-bcrypt-password] Loaded 30 files for context
[2025-11-30 22:06:07] INFO: HTTP Request: POST https://api.openai.com/v1/chat/completions "HTTP/1.1 200 OK"
[2025-11-30 22:06:07] INFO: [fix-bcrypt-password] Builder succeeded (42002 tokens)
[2025-11-30 22:06:07] WARNING: Failed to post builder result: 500 Server Error: Internal Server Error for url: http://localhost:8000/runs/backend-fixes-v6-20251130/phases/fix-bcrypt-password/builder_result
[2025-11-30 22:06:07] INFO: [ARCHIVE_CONSOLIDATOR] Logged new error: API failure: POST builder_result
[2025-11-30 22:06:07] INFO: [fix-bcrypt-password] Step 2/5: Applying patch...
[2025-11-30 22:06:07] INFO: Writing patch to temp_patch.diff
[2025-11-30 22:06:07] INFO: Checking if patch can be applied (dry run)...
[2025-11-30 22:06:07] WARNING: Strict patch check failed: error: patch failed: src/backend/core/security.py:1
error: src/backend/core/security.py: patch does not apply
error: patch failed: tests/backend/test_auth.py:1
error: tests/backend/test_auth.py: patch does not apply
[2025-11-30 22:06:07] INFO: Retrying with lenient mode (--ignore-whitespace -C1)...
[2025-11-30 22:06:07] WARNING: Lenient mode also failed: error: patch failed: src/backend/core/security.py:1
error: src/backend/core/security.py: patch does not apply
error: patch failed: tests/backend/test_auth.py:1
error: tests/backend/test_auth.py: patch does not apply
[2025-11-30 22:06:07] INFO: Retrying with 3-way merge mode (-3)...
[2025-11-30 22:06:07] WARNING: All git apply modes failed, attempting direct file write fallback...
[2025-11-30 22:06:07] WARNING: Skipping src/backend/core/security.py - cannot apply partial patch to existing file via direct write
[2025-11-30 22:06:07] WARNING: Skipping tests/backend/test_auth.py - cannot apply partial patch to existing file via direct write
[2025-11-30 22:06:07] ERROR: Direct file write also failed: error: src/backend/core/security.py: does not exist in index
Applied patch to 'tests/backend/test_auth.py' with conflicts.
[2025-11-30 22:06:07] ERROR: Patch content:
diff --git a/src/backend/core/security.py b/src/backend/core/security.py
index e69de29..c1f5e3b 100644
--- a/src/backend/core/security.py
+++ b/src/backend/core/security.py
@@ -1,0 +1,14 @@
+import bcrypt
+
+def hash_password(password: str) -> str:
+    """
+    Hash a password using bcrypt, ensuring it is not longer than 72 bytes.
+
+    Args:
+        password (str): The password to hash.
+
+    Returns:
+        str: The hashed password.
+    """
+    password = password[:72]  # Truncate pass...
[2025-11-30 22:06:07] ERROR: [fix-bcrypt-password] Failed to apply patch to filesystem: error: patch failed: src/backend/core/security.py:1
error: src/backend/core/security.py: patch does not apply
error: patch failed: tests/backend/test_auth.py:1
error: tests/backend/test_auth.py: patch does not apply
[2025-11-30 22:06:07] WARNING: Failed to update phase fix-bcrypt-password status: 500 Server Error: Internal Server Error for url: http://localhost:8000/runs/backend-fixes-v6-20251130/phases/fix-bcrypt-password/update_status
[2025-11-30 22:06:07] WARNING: Phase fix-bcrypt-password finished with status: PATCH_FAILED
[2025-11-30 22:06:07] INFO: Waiting 10s before next phase...
[2025-11-30 22:06:17] INFO: Iteration 3: Fetching run status...
[2025-11-30 22:06:17] INFO: Next phase: fix-bcrypt-password
[2025-11-30 22:06:17] INFO: Executing phase: fix-bcrypt-password
[2025-11-30 22:06:17] INFO: [fix-bcrypt-password] Step 1/4: Generating code with Builder (via LlmService)...
[2025-11-30 22:06:17] INFO: [fix-bcrypt-password] Loaded 30 files for context
[2025-11-30 22:06:21] INFO: HTTP Request: POST https://api.openai.com/v1/chat/completions "HTTP/1.1 200 OK"
[2025-11-30 22:06:21] INFO: [fix-bcrypt-password] Builder succeeded (41711 tokens)
[2025-11-30 22:06:21] WARNING: Failed to post builder result: 500 Server Error: Internal Server Error for url: http://localhost:8000/runs/backend-fixes-v6-20251130/phases/fix-bcrypt-password/builder_result
[2025-11-30 22:06:21] INFO: [ARCHIVE_CONSOLIDATOR] Logged new error: API failure: POST builder_result
[2025-11-30 22:06:21] INFO: [fix-bcrypt-password] Step 2/5: Applying patch...
[2025-11-30 22:06:21] INFO: Writing patch to temp_patch.diff
[2025-11-30 22:06:21] INFO: Checking if patch can be applied (dry run)...
[2025-11-30 22:06:22] WARNING: Strict patch check failed: error: patch failed: src/backend/core/security.py:1
error: src/backend/core/security.py: patch does not apply
[2025-11-30 22:06:22] INFO: Retrying with lenient mode (--ignore-whitespace -C1)...
[2025-11-30 22:06:22] WARNING: Lenient mode also failed: error: patch failed: src/backend/core/security.py:1
error: src/backend/core/security.py: patch does not apply
[2025-11-30 22:06:22] INFO: Retrying with 3-way merge mode (-3)...
[2025-11-30 22:06:22] WARNING: All git apply modes failed, attempting direct file write fallback...
[2025-11-30 22:06:22] WARNING: Skipping src/backend/core/security.py - cannot apply partial patch to existing file via direct write
[2025-11-30 22:06:22] ERROR: Direct file write also failed: error: src/backend/core/security.py: does not exist in index
[2025-11-30 22:06:22] ERROR: Patch content:
diff --git a/src/backend/core/security.py b/src/backend/core/security.py
index e69de29..d4f7e8a 100644
--- a/src/backend/core/security.py
+++ b/src/backend/core/security.py
@@ -1,0 +1,15 @@
+import bcrypt
+
+def hash_password(password: str) -> str:
+    """
+    Hash a password using bcrypt, ensuring it is no longer than 72 bytes.
+
+    Args:
+        password (str): The password to hash.
+
+    Returns:
+        str: The bcrypt hash of the password.
+    """
+    # Truncate the password to 72 ...
[2025-11-30 22:06:22] ERROR: [fix-bcrypt-password] Failed to apply patch to filesystem: error: patch failed: src/backend/core/security.py:1
error: src/backend/core/security.py: patch does not apply
[2025-11-30 22:06:22] WARNING: Failed to update phase fix-bcrypt-password status: 500 Server Error: Internal Server Error for url: http://localhost:8000/runs/backend-fixes-v6-20251130/phases/fix-bcrypt-password/update_status
[2025-11-30 22:06:22] WARNING: Phase fix-bcrypt-password finished with status: PATCH_FAILED
[2025-11-30 22:06:22] CRITICAL: [ESCALATION] Phase fix-bcrypt-password failed 3 times consecutively. Skipping phase and continuing to next. Manual intervention required.
[2025-11-30 22:06:22] INFO: [ARCHIVE_CONSOLIDATOR] Logged new error: ESCALATION: PHASE_FAILURE (3/3)
[2025-11-30 22:06:22] CRITICAL: [ESCALATION] PHASE_FAILURE - Phase 'fix-bcrypt-password' failed 3 consecutive times with status 'PATCH_FAILED' (occurred 3 times, threshold: 3)
[2025-11-30 22:06:22] WARNING: [Self-Troubleshoot] Phase fix-bcrypt-password not found in database
[2025-11-30 22:06:22] WARNING: Failed to update phase fix-bcrypt-password status: 500 Server Error: Internal Server Error for url: http://localhost:8000/runs/backend-fixes-v6-20251130/phases/fix-bcrypt-password/update_status
[2025-11-30 22:06:22] INFO: [Self-Troubleshoot] Force-marked phase fix-bcrypt-password as FAILED via API (attempt 1)
[2025-11-30 22:06:22] INFO: Waiting 10s before next phase...
[2025-11-30 22:06:32] INFO: Iteration 4: Fetching run status...
[2025-11-30 22:06:32] INFO: Next phase: fix-bcrypt-password
[2025-11-30 22:06:32] WARNING: [Escalation] Skipping phase fix-bcrypt-password - previously escalated (attempt 1)
[2025-11-30 22:06:32] WARNING: [Self-Troubleshoot] Phase fix-bcrypt-password not found in database
[2025-11-30 22:06:32] WARNING: Failed to update phase fix-bcrypt-password status: 500 Server Error: Internal Server Error for url: http://localhost:8000/runs/backend-fixes-v6-20251130/phases/fix-bcrypt-password/update_status
[2025-11-30 22:06:32] INFO: [Self-Troubleshoot] Force-marked phase fix-bcrypt-password as FAILED via API (attempt 1)
[2025-11-30 22:06:34] INFO: Iteration 5: Fetching run status...
[2025-11-30 22:06:34] INFO: Next phase: fix-bcrypt-password
[2025-11-30 22:06:34] WARNING: [Escalation] Skipping phase fix-bcrypt-password - previously escalated (attempt 2)
[2025-11-30 22:06:34] WARNING: [Self-Troubleshoot] Phase fix-bcrypt-password not found in database
[2025-11-30 22:06:34] WARNING: Failed to update phase fix-bcrypt-password status: 500 Server Error: Internal Server Error for url: http://localhost:8000/runs/backend-fixes-v6-20251130/phases/fix-bcrypt-password/update_status
[2025-11-30 22:06:34] INFO: [Self-Troubleshoot] Force-marked phase fix-bcrypt-password as FAILED via API (attempt 1)
[2025-11-30 22:06:36] INFO: Iteration 6: Fetching run status...
[2025-11-30 22:06:36] INFO: Next phase: fix-bcrypt-password
[2025-11-30 22:06:36] WARNING: [Escalation] Skipping phase fix-bcrypt-password - previously escalated (attempt 3)
[2025-11-30 22:06:36] WARNING: [Self-Troubleshoot] Phase fix-bcrypt-password not found in database
[2025-11-30 22:06:36] WARNING: Failed to update phase fix-bcrypt-password status: 500 Server Error: Internal Server Error for url: http://localhost:8000/runs/backend-fixes-v6-20251130/phases/fix-bcrypt-password/update_status
[2025-11-30 22:06:36] INFO: [Self-Troubleshoot] Force-marked phase fix-bcrypt-password as FAILED via API (attempt 1)
[2025-11-30 22:06:38] INFO: Iteration 7: Fetching run status...
[2025-11-30 22:06:38] INFO: Next phase: fix-bcrypt-password
[2025-11-30 22:06:38] WARNING: [Escalation] Skipping phase fix-bcrypt-password - previously escalated (attempt 4)
[2025-11-30 22:06:38] WARNING: [Self-Troubleshoot] Phase fix-bcrypt-password not found in database
[2025-11-30 22:06:38] WARNING: Failed to update phase fix-bcrypt-password status: 500 Server Error: Internal Server Error for url: http://localhost:8000/runs/backend-fixes-v6-20251130/phases/fix-bcrypt-password/update_status
[2025-11-30 22:06:38] INFO: [Self-Troubleshoot] Force-marked phase fix-bcrypt-password as FAILED via API (attempt 1)
[2025-11-30 22:06:40] INFO: Iteration 8: Fetching run status...
[2025-11-30 22:06:40] INFO: Next phase: fix-bcrypt-password
[2025-11-30 22:06:40] WARNING: [Escalation] Skipping phase fix-bcrypt-password - previously escalated (attempt 5)
[2025-11-30 22:06:40] WARNING: [Self-Troubleshoot] Phase fix-bcrypt-password not found in database
[2025-11-30 22:06:40] WARNING: Failed to update phase fix-bcrypt-password status: 500 Server Error: Internal Server Error for url: http://localhost:8000/runs/backend-fixes-v6-20251130/phases/fix-bcrypt-password/update_status
[2025-11-30 22:06:40] INFO: [Self-Troubleshoot] Force-marked phase fix-bcrypt-password as FAILED via API (attempt 1)
[2025-11-30 22:06:42] INFO: Iteration 9: Fetching run status...
[2025-11-30 22:06:42] INFO: Next phase: fix-bcrypt-password
[2025-11-30 22:06:42] WARNING: [Escalation] Skipping phase fix-bcrypt-password - previously escalated (attempt 6)
[2025-11-30 22:06:42] WARNING: [Self-Troubleshoot] Phase fix-bcrypt-password not found in database
[2025-11-30 22:06:42] WARNING: Failed to update phase fix-bcrypt-password status: 500 Server Error: Internal Server Error for url: http://localhost:8000/runs/backend-fixes-v6-20251130/phases/fix-bcrypt-password/update_status
[2025-11-30 22:06:42] INFO: [Self-Troubleshoot] Force-marked phase fix-bcrypt-password as FAILED via API (attempt 1)
[2025-11-30 22:06:44] INFO: Iteration 10: Fetching run status...
[2025-11-30 22:06:44] INFO: Next phase: fix-bcrypt-password
[2025-11-30 22:06:44] WARNING: [Escalation] Skipping phase fix-bcrypt-password - previously escalated (attempt 7)
[2025-11-30 22:06:44] WARNING: [Self-Troubleshoot] Phase fix-bcrypt-password not found in database
[2025-11-30 22:06:44] WARNING: Failed to update phase fix-bcrypt-password status: 500 Server Error: Internal Server Error for url: http://localhost:8000/runs/backend-fixes-v6-20251130/phases/fix-bcrypt-password/update_status
[2025-11-30 22:06:44] INFO: [Self-Troubleshoot] Force-marked phase fix-bcrypt-password as FAILED via API (attempt 1)
[2025-11-30 22:06:46] INFO: Iteration 11: Fetching run status...
[2025-11-30 22:06:46] INFO: Next phase: fix-bcrypt-password
[2025-11-30 22:06:46] WARNING: [Escalation] Skipping phase fix-bcrypt-password - previously escalated (attempt 8)
[2025-11-30 22:06:46] WARNING: [Self-Troubleshoot] Phase fix-bcrypt-password not found in database
[2025-11-30 22:06:46] WARNING: Failed to update phase fix-bcrypt-password status: 500 Server Error: Internal Server Error for url: http://localhost:8000/runs/backend-fixes-v6-20251130/phases/fix-bcrypt-password/update_status
[2025-11-30 22:06:46] INFO: [Self-Troubleshoot] Force-marked phase fix-bcrypt-password as FAILED via API (attempt 1)
[2025-11-30 22:06:48] INFO: Iteration 12: Fetching run status...
[2025-11-30 22:06:48] INFO: Next phase: fix-bcrypt-password
[2025-11-30 22:06:48] WARNING: [Escalation] Skipping phase fix-bcrypt-password - previously escalated (attempt 9)
[2025-11-30 22:06:48] WARNING: [Self-Troubleshoot] Phase fix-bcrypt-password not found in database
[2025-11-30 22:06:48] WARNING: Failed to update phase fix-bcrypt-password status: 500 Server Error: Internal Server Error for url: http://localhost:8000/runs/backend-fixes-v6-20251130/phases/fix-bcrypt-password/update_status
[2025-11-30 22:06:48] INFO: [Self-Troubleshoot] Force-marked phase fix-bcrypt-password as FAILED via API (attempt 1)
[2025-11-30 22:06:50] INFO: Iteration 13: Fetching run status...
[2025-11-30 22:06:50] INFO: Next phase: fix-bcrypt-password
[2025-11-30 22:06:50] WARNING: [Escalation] Skipping phase fix-bcrypt-password - previously escalated (attempt 10)
[2025-11-30 22:06:50] WARNING: [Self-Troubleshoot] Phase fix-bcrypt-password not found in database
[2025-11-30 22:06:50] WARNING: Failed to update phase fix-bcrypt-password status: 500 Server Error: Internal Server Error for url: http://localhost:8000/runs/backend-fixes-v6-20251130/phases/fix-bcrypt-password/update_status
[2025-11-30 22:06:50] INFO: [Self-Troubleshoot] Force-marked phase fix-bcrypt-password as FAILED via API (attempt 1)
[2025-11-30 22:06:52] INFO: Iteration 14: Fetching run status...
[2025-11-30 22:06:52] INFO: Next phase: fix-bcrypt-password
[2025-11-30 22:06:52] ERROR: [FATAL] Phase fix-bcrypt-password stuck after 10 skip attempts. Aborting run.
[2025-11-30 22:06:52] INFO: Autonomous execution loop finished
[2025-11-30 22:06:52] WARNING: File not found: C:\dev\Autopack\.autonomous_runs\autopack\archive\CONSOLIDATED_BUILD.md
[2025-11-30 22:06:52] INFO: [ARCHIVE_CONSOLIDATOR] Logged build event: RUN_COMPLETE
