[2025-11-30 19:59:09] INFO: Applying pre-emptive encoding fix...
[2025-11-30 19:59:09] INFO: [Recovery] Fixing Unicode encoding error...
[2025-11-30 19:59:09] INFO: [Recovery] SUCCESS: Encoding fixed (UTF-8 enabled)
[2025-11-30 19:59:09] INFO: Database tables initialized
[2025-11-30 19:59:09] INFO: Initialized autonomous executor for run: fileorg-backend-fixes-v5-20251130
[2025-11-30 19:59:09] INFO: API URL: http://localhost:8000
[2025-11-30 19:59:09] INFO: Workspace: .
[2025-11-30 19:59:09] INFO: Running proactive startup checks from DEBUG_JOURNAL.md...
[2025-11-30 19:59:09] INFO: [HIGH] Checking: Windows Unicode Fix (PYTHONUTF8)
[2025-11-30 19:59:09] INFO:   Reason: Prevents UnicodeEncodeError with emoji characters in logs (Issue #3)
[2025-11-30 19:59:09] INFO:   Check PASSED
[2025-11-30 19:59:09] INFO: Startup checks complete
[2025-11-30 19:59:09] INFO: Starting autonomous execution loop...
[2025-11-30 19:59:09] INFO: Poll interval: 10s
[2025-11-30 19:59:09] INFO: Initializing infrastructure...
[2025-11-30 19:59:12] INFO: LlmService: Initialized with ModelRouter and UsageRecorder
[2025-11-30 19:59:13] INFO: [DEPRECATED] Builder: Anthropic (Claude Sonnet 4.5) - Use LlmService instead
[2025-11-30 19:59:15] INFO: [DEPRECATED] Auditor: Dual (OpenAI + Anthropic) - Use LlmService instead
[2025-11-30 19:59:15] INFO: Quality Gate: Initialized
[2025-11-30 19:59:15] INFO: Iteration 1: Fetching run status...
[2025-11-30 19:59:15] INFO: Next phase: P1
[2025-11-30 19:59:15] INFO: Executing phase: P1
[2025-11-30 19:59:15] INFO: [P1] Step 1/4: Generating code with Builder (via LlmService)...
[2025-11-30 19:59:15] INFO: [P1] Loaded 30 files for context
[2025-11-30 19:59:15] INFO: [DEBUG] file_context type: <class 'dict'>
[2025-11-30 19:59:15] INFO: [DEBUG] file_context keys: ['existing_files']
[2025-11-30 19:59:15] INFO: [DEBUG] files type: <class 'dict'>
[2025-11-30 19:59:15] INFO: [DEBUG] files keys (first 3): ['package.json', 'requirements.txt', 'pyproject.toml']
[2025-11-30 19:59:15] INFO: [DEBUG] Processing file: package.json
[2025-11-30 19:59:15] INFO: [DEBUG]   content type: <class 'str'>
[2025-11-30 19:59:15] INFO: [DEBUG]   content preview: {
  "name": "autopack-frontend",
  "version": "0.1.0",
  "private": true,
  "type": "module",
  "scr
[2025-11-30 19:59:15] INFO: [DEBUG] Processing file: requirements.txt
[2025-11-30 19:59:15] INFO: [DEBUG]   content type: <class 'str'>
[2025-11-30 19:59:15] INFO: [DEBUG]   content preview: # Core FastAPI dependencies
fastapi>=0.104.0
uvicorn[standard]>=0.24.0
pydantic>=2.5.0
pydantic-sett
[2025-11-30 19:59:15] INFO: [DEBUG] Processing file: pyproject.toml
[2025-11-30 19:59:15] INFO: [DEBUG]   content type: <class 'str'>
[2025-11-30 19:59:15] INFO: [DEBUG]   content preview: [project]
name = "autopack"
version = "0.1.0"
description = "Supervisor/orchestrator implementing th
[2025-11-30 19:59:15] INFO: [DEBUG] Processing file: README.md
[2025-11-30 19:59:15] INFO: [DEBUG]   content type: <class 'str'>
[2025-11-30 19:59:15] INFO: [DEBUG]   content preview: # Autopack Framework

**Autonomous AI Code Generation Framework**

Autopack is a framework for orche
[2025-11-30 19:59:15] INFO: [DEBUG] Processing file: .gitignore
[2025-11-30 19:59:15] INFO: [DEBUG]   content type: <class 'str'>
[2025-11-30 19:59:15] INFO: [DEBUG]   content preview: # Python
__pycache__/
*.py[cod]
*$py.class
*.so
.Python
env/
venv/
ENV/
build/
develop-eggs/
dist/
d
[2025-11-30 19:59:38] INFO: HTTP Request: POST https://api.anthropic.com/v1/messages "HTTP/1.1 200 OK"
[2025-11-30 19:59:38] INFO: [P1] Builder succeeded (3353 tokens)
[2025-11-30 19:59:39] INFO: [P1] Step 2/5: Applying patch...
[2025-11-30 19:59:39] INFO: Removing existing file for new file patch: tests/backend/conftest.py
[2025-11-30 19:59:39] INFO: Removing existing file for new file patch: tests/backend/__init__.py
[2025-11-30 19:59:39] INFO: Removing existing file for new file patch: tests/backend/test_health.py
[2025-11-30 19:59:39] INFO: Removing existing file for new file patch: src/backend/__init__.py
[2025-11-30 19:59:39] INFO: Removing existing file for new file patch: src/backend/main.py
[2025-11-30 19:59:39] INFO: Removing existing file for new file patch: src/backend/api/__init__.py
[2025-11-30 19:59:39] INFO: Removing existing file for new file patch: src/backend/api/health.py
[2025-11-30 19:59:39] INFO: Removing existing file for new file patch: src/backend/database.py
[2025-11-30 19:59:39] INFO: Writing patch to temp_patch.diff
[2025-11-30 19:59:39] INFO: Checking if patch can be applied (dry run)...
[2025-11-30 19:59:39] WARNING: Strict patch check failed: error: patch failed: requirements.txt:19
error: requirements.txt: patch does not apply
[2025-11-30 19:59:39] INFO: Retrying with lenient mode (--ignore-whitespace -C1)...
[2025-11-30 19:59:39] INFO: Lenient mode check passed
[2025-11-30 19:59:39] INFO: Applying patch to filesystem...
[2025-11-30 19:59:39] INFO: Patch applied successfully - 9 files modified
[2025-11-30 19:59:39] INFO:   - tests/backend/conftest.py
[2025-11-30 19:59:39] INFO:   - tests/backend/__init__.py
[2025-11-30 19:59:39] INFO:   - tests/backend/test_health.py
[2025-11-30 19:59:39] INFO:   - src/backend/__init__.py
[2025-11-30 19:59:39] INFO:   - src/backend/main.py
[2025-11-30 19:59:39] INFO:   - src/backend/api/__init__.py
[2025-11-30 19:59:39] INFO:   - src/backend/api/health.py
[2025-11-30 19:59:39] INFO:   - src/backend/database.py
[2025-11-30 19:59:39] INFO:   - requirements.txt
[2025-11-30 19:59:39] INFO: [P1] Patch applied successfully to filesystem
[2025-11-30 19:59:39] INFO: [P1] Step 3/5: Running CI checks...
[2025-11-30 19:59:39] INFO: [P1] Running CI checks (pytest)...
[2025-11-30 19:59:40] WARNING: [P1] CI checks FAILED: 0/0 passed, 0 failed, 0 errors
[2025-11-30 19:59:40] INFO: [P1] Step 4/5: Reviewing patch with Auditor (via LlmService)...
[2025-11-30 19:59:44] INFO: HTTP Request: POST https://api.openai.com/v1/chat/completions "HTTP/1.1 200 OK"
[2025-11-30 19:59:44] INFO: [P1] Auditor completed: approved=False, issues=4
[2025-11-30 19:59:44] INFO: [P1] Step 5/5: Applying Quality Gate...
[2025-11-30 19:59:44] INFO: [P1] Quality Gate: needs_review
[2025-11-30 19:59:44] INFO: Updated phase P1 status to COMPLETE
[2025-11-30 19:59:44] INFO: [P1] Phase completed successfully
[2025-11-30 19:59:44] INFO: [ARCHIVE_CONSOLIDATOR] Logged build event: PHASE_COMPLETE
[2025-11-30 19:59:44] INFO: Phase P1 completed successfully
[2025-11-30 19:59:44] INFO: Waiting 10s before next phase...
[2025-11-30 19:59:54] INFO: Iteration 2: Fetching run status...
[2025-11-30 19:59:54] INFO: Next phase: P2
[2025-11-30 19:59:54] INFO: Executing phase: P2
[2025-11-30 19:59:54] INFO: [P2] Step 1/4: Generating code with Builder (via LlmService)...
[2025-11-30 19:59:54] INFO: [P2] Loaded 30 files for context
[2025-11-30 19:59:54] INFO: [DEBUG] file_context type: <class 'dict'>
[2025-11-30 19:59:54] INFO: [DEBUG] file_context keys: ['existing_files']
[2025-11-30 19:59:54] INFO: [DEBUG] files type: <class 'dict'>
[2025-11-30 19:59:54] INFO: [DEBUG] files keys (first 3): ['package.json', 'requirements.txt', 'pyproject.toml']
[2025-11-30 19:59:54] INFO: [DEBUG] Processing file: package.json
[2025-11-30 19:59:54] INFO: [DEBUG]   content type: <class 'str'>
[2025-11-30 19:59:54] INFO: [DEBUG]   content preview: {
  "name": "autopack-frontend",
  "version": "0.1.0",
  "private": true,
  "type": "module",
  "scr
[2025-11-30 19:59:54] INFO: [DEBUG] Processing file: requirements.txt
[2025-11-30 19:59:54] INFO: [DEBUG]   content type: <class 'str'>
[2025-11-30 19:59:54] INFO: [DEBUG]   content preview: # Core FastAPI dependencies
fastapi>=0.104.0
uvicorn[standard]>=0.24.0
pydantic>=2.5.0
pydantic-sett
[2025-11-30 19:59:54] INFO: [DEBUG] Processing file: pyproject.toml
[2025-11-30 19:59:54] INFO: [DEBUG]   content type: <class 'str'>
[2025-11-30 19:59:54] INFO: [DEBUG]   content preview: [project]
name = "autopack"
version = "0.1.0"
description = "Supervisor/orchestrator implementing th
[2025-11-30 19:59:54] INFO: [DEBUG] Processing file: README.md
[2025-11-30 19:59:54] INFO: [DEBUG]   content type: <class 'str'>
[2025-11-30 19:59:54] INFO: [DEBUG]   content preview: # Autopack Framework

**Autonomous AI Code Generation Framework**

Autopack is a framework for orche
[2025-11-30 19:59:54] INFO: [DEBUG] Processing file: .gitignore
[2025-11-30 19:59:54] INFO: [DEBUG]   content type: <class 'str'>
[2025-11-30 19:59:54] INFO: [DEBUG]   content preview: # Python
__pycache__/
*.py[cod]
*$py.class
*.so
.Python
env/
venv/
ENV/
build/
develop-eggs/
dist/
d
[2025-11-30 20:00:20] INFO: HTTP Request: POST https://api.anthropic.com/v1/messages "HTTP/1.1 200 OK"
[2025-11-30 20:00:20] INFO: [P2] Builder succeeded (3761 tokens)
[2025-11-30 20:00:20] ERROR: [P2] Patch validation failed (422): Patch validation failed:
  - [invalid_hunk_header] (line 18): Invalid hunk header format: @@ -0,0 +1 @@
  - [invalid_hunk_header] (line 24): Invalid hunk header format: @@ -1 +1,52 @@
  - [invalid_hunk_header] (line 219): Invalid hunk header format: @@ -0,0 +1 @@
  - [invalid_hunk_header] (line 225): Invalid hunk header format: @@ -1 +1,15 @@
[2025-11-30 20:00:20] INFO: [P2] Phase 2.3: Validation errors indicate malformed patch - LLM should regenerate
[2025-11-30 20:00:20] INFO: [ARCHIVE_CONSOLIDATOR] Logged new error: Patch validation failure (422)
[2025-11-30 20:00:20] WARNING: Failed to post builder result: Patch validation failed: Patch validation failed:
  - [invalid_hunk_header] (line 18): Invalid hunk header format: @@ -0,0 +1 @@
  - [invalid_hunk_header] (line 24): Invalid hunk header format: @@ -1 +1,52 @@
  - [invalid_hunk_header] (line 219): Invalid hunk header format: @@ -0,0 +1 @@
  - [invalid_hunk_header] (line 225): Invalid hunk header format: @@ -1 +1,15 @@
[2025-11-30 20:00:20] INFO: [ARCHIVE_CONSOLIDATOR] Logged new error: API failure: POST builder_result
[2025-11-30 20:00:20] INFO: [P2] Step 2/5: Applying patch...
[2025-11-30 20:00:20] INFO: Removing existing file for new file patch: src/backend/__init__.py
[2025-11-30 20:00:20] INFO: Removing existing file for new file patch: src/backend/api/__init__.py
[2025-11-30 20:00:20] INFO: Removing existing file for new file patch: pytest.ini
[2025-11-30 20:00:20] INFO: Writing patch to temp_patch.diff
[2025-11-30 20:00:20] INFO: Checking if patch can be applied (dry run)...
[2025-11-30 20:00:20] WARNING: Strict patch check failed: error: patch failed: src/backend/tests/conftest.py:1
error: src/backend/tests/conftest.py: patch does not apply
error: src/backend/tests/test_health.py: No such file or directory
error: src/backend/tests/test_health.py: No such file or directory
error: patch failed: pytest.ini:1
error: pytest.ini: patch does not apply
[2025-11-30 20:00:20] INFO: Retrying with lenient mode (--ignore-whitespace -C1)...
[2025-11-30 20:00:20] WARNING: Lenient mode also failed: error: patch failed: src/backend/tests/conftest.py:1
error: src/backend/tests/conftest.py: patch does not apply
error: src/backend/tests/test_health.py: No such file or directory
error: src/backend/tests/test_health.py: No such file or directory
error: patch failed: pytest.ini:1
error: pytest.ini: patch does not apply
[2025-11-30 20:00:20] INFO: Retrying with 3-way merge mode (-3)...
[2025-11-30 20:00:20] WARNING: All git apply modes failed, attempting direct file write fallback...
[2025-11-30 20:00:20] INFO: Directly wrote file: src/backend/tests/conftest.py
[2025-11-30 20:00:20] WARNING: Skipping src/backend/tests/conftest.py - cannot apply partial patch to existing file via direct write
[2025-11-30 20:00:20] WARNING: Skipping src/backend/tests/test_health.py - cannot apply partial patch to existing file via direct write
[2025-11-30 20:00:20] WARNING: Skipping src/backend/tests/test_health.py - cannot apply partial patch to existing file via direct write
[2025-11-30 20:00:20] INFO: Directly wrote file: pytest.ini
[2025-11-30 20:00:20] WARNING: Skipping pytest.ini - cannot apply partial patch to existing file via direct write
[2025-11-30 20:00:20] INFO: Direct file write succeeded - 2 files written
[2025-11-30 20:00:20] INFO:   - src/backend/tests/conftest.py
[2025-11-30 20:00:20] INFO:   - pytest.ini
[2025-11-30 20:00:20] INFO: [P2] Patch applied successfully to filesystem
[2025-11-30 20:00:20] INFO: [P2] Step 3/5: Running CI checks...
[2025-11-30 20:00:20] INFO: [P2] Running CI checks (pytest)...
[2025-11-30 20:00:21] WARNING: [P2] CI checks FAILED: 0/0 passed, 0 failed, 0 errors
[2025-11-30 20:00:21] INFO: [P2] Step 4/5: Reviewing patch with Auditor (via LlmService)...
[2025-11-30 20:00:26] INFO: HTTP Request: POST https://api.openai.com/v1/chat/completions "HTTP/1.1 200 OK"
[2025-11-30 20:00:26] INFO: [P2] Auditor completed: approved=True, issues=2
[2025-11-30 20:00:26] INFO: [P2] Step 5/5: Applying Quality Gate...
[2025-11-30 20:00:26] INFO: [P2] Quality Gate: needs_review
[2025-11-30 20:00:26] INFO: Updated phase P2 status to COMPLETE
[2025-11-30 20:00:26] INFO: [P2] Phase completed successfully
[2025-11-30 20:00:26] INFO: [ARCHIVE_CONSOLIDATOR] Logged build event: PHASE_COMPLETE
[2025-11-30 20:00:26] INFO: Phase P2 completed successfully
[2025-11-30 20:00:26] INFO: Waiting 10s before next phase...
[2025-11-30 20:00:36] INFO: Iteration 3: Fetching run status...
[2025-11-30 20:00:37] INFO: Next phase: P3
[2025-11-30 20:00:37] INFO: Executing phase: P3
[2025-11-30 20:00:37] INFO: [P3] Step 1/4: Generating code with Builder (via LlmService)...
[2025-11-30 20:00:37] INFO: [P3] Loaded 30 files for context
[2025-11-30 20:00:37] INFO: [DEBUG] file_context type: <class 'dict'>
[2025-11-30 20:00:37] INFO: [DEBUG] file_context keys: ['existing_files']
[2025-11-30 20:00:37] INFO: [DEBUG] files type: <class 'dict'>
[2025-11-30 20:00:37] INFO: [DEBUG] files keys (first 3): ['package.json', 'requirements.txt', 'pyproject.toml']
[2025-11-30 20:00:37] INFO: [DEBUG] Processing file: package.json
[2025-11-30 20:00:37] INFO: [DEBUG]   content type: <class 'str'>
[2025-11-30 20:00:37] INFO: [DEBUG]   content preview: {
  "name": "autopack-frontend",
  "version": "0.1.0",
  "private": true,
  "type": "module",
  "scr
[2025-11-30 20:00:37] INFO: [DEBUG] Processing file: requirements.txt
[2025-11-30 20:00:37] INFO: [DEBUG]   content type: <class 'str'>
[2025-11-30 20:00:37] INFO: [DEBUG]   content preview: # Core FastAPI dependencies
fastapi>=0.104.0
uvicorn[standard]>=0.24.0
pydantic>=2.5.0
pydantic-sett
[2025-11-30 20:00:37] INFO: [DEBUG] Processing file: pyproject.toml
[2025-11-30 20:00:37] INFO: [DEBUG]   content type: <class 'str'>
[2025-11-30 20:00:37] INFO: [DEBUG]   content preview: [project]
name = "autopack"
version = "0.1.0"
description = "Supervisor/orchestrator implementing th
[2025-11-30 20:00:37] INFO: [DEBUG] Processing file: README.md
[2025-11-30 20:00:37] INFO: [DEBUG]   content type: <class 'str'>
[2025-11-30 20:00:37] INFO: [DEBUG]   content preview: # Autopack Framework

**Autonomous AI Code Generation Framework**

Autopack is a framework for orche
[2025-11-30 20:00:37] INFO: [DEBUG] Processing file: .gitignore
[2025-11-30 20:00:37] INFO: [DEBUG]   content type: <class 'str'>
[2025-11-30 20:00:37] INFO: [DEBUG]   content preview: # Python
__pycache__/
*.py[cod]
*$py.class
*.so
.Python
env/
venv/
ENV/
build/
develop-eggs/
dist/
d
[2025-11-30 20:01:22] INFO: HTTP Request: POST https://api.anthropic.com/v1/messages "HTTP/1.1 200 OK"
[2025-11-30 20:01:22] INFO: [P3] Builder succeeded (5388 tokens)
[2025-11-30 20:01:22] WARNING: Failed to post builder result: 500 Server Error: Internal Server Error for url: http://localhost:8000/runs/fileorg-backend-fixes-v5-20251130/phases/P3/builder_result
[2025-11-30 20:01:22] INFO: [ARCHIVE_CONSOLIDATOR] Logged new error: API failure: POST builder_result
[2025-11-30 20:01:22] INFO: [P3] Step 2/5: Applying patch...
[2025-11-30 20:01:22] INFO: Writing patch to temp_patch.diff
[2025-11-30 20:01:22] INFO: Checking if patch can be applied (dry run)...
[2025-11-30 20:01:22] WARNING: Strict patch check failed: error: patch fragment without header at line 45: @@ -24,6 +24,8 @@ class PhaseComplexity(str, Enum):?
[2025-11-30 20:01:22] INFO: Retrying with lenient mode (--ignore-whitespace -C1)...
[2025-11-30 20:01:22] WARNING: Lenient mode also failed: error: patch fragment without header at line 45: @@ -24,6 +24,8 @@ class PhaseComplexity(str, Enum):?
[2025-11-30 20:01:22] INFO: Retrying with 3-way merge mode (-3)...
[2025-11-30 20:01:22] WARNING: All git apply modes failed, attempting direct file write fallback...
[2025-11-30 20:01:22] WARNING: Skipping src/backend/config.py - cannot apply partial patch to existing file via direct write
[2025-11-30 20:01:22] WARNING: Skipping src/backend/models/phase.py - cannot apply partial patch to existing file via direct write
[2025-11-30 20:01:22] WARNING: Skipping src/backend/models/build.py - cannot apply partial patch to existing file via direct write
[2025-11-30 20:01:22] WARNING: Skipping src/backend/models/agent.py - cannot apply partial patch to existing file via direct write
[2025-11-30 20:01:22] WARNING: Skipping src/backend/models/validation.py - cannot apply partial patch to existing file via direct write
[2025-11-30 20:01:22] WARNING: Skipping tests/test_config.py - cannot apply partial patch to existing file via direct write
[2025-11-30 20:01:22] WARNING: Skipping tests/test_models.py - cannot apply partial patch to existing file via direct write
[2025-11-30 20:01:22] ERROR: Direct file write also failed: error: patch fragment without header at line 45: @@ -24,6 +24,8 @@ class PhaseComplexity(str, Enum):?
[2025-11-30 20:01:22] ERROR: Patch content:
diff --git a/src/backend/config.py b/src/backend/config.py
index 1234567..abcdef0 100644
--- a/src/backend/config.py
+++ b/src/backend/config.py
@@ -1,11 +1,14 @@
 """Configuration management for the application."""
 
 from pydantic import Field
-from pydantic_settings import BaseSettings
+from pydantic_settings import BaseSettings, SettingsConfigDict
 
 
 class Settings(BaseSettings):
     """Application settings loaded from environment variables."""
+    
+    model_config = SettingsConfigDict...
[2025-11-30 20:01:22] ERROR: [P3] Failed to apply patch to filesystem: error: patch fragment without header at line 45: @@ -24,6 +24,8 @@ class PhaseComplexity(str, Enum):?
[2025-11-30 20:01:22] INFO: Updated phase P3 status to FAILED
[2025-11-30 20:01:22] WARNING: Phase P3 finished with status: PATCH_FAILED
[2025-11-30 20:01:22] INFO: Waiting 10s before next phase...
[2025-11-30 20:01:32] INFO: Iteration 4: Fetching run status...
[2025-11-30 20:01:32] INFO: Next phase: P4
[2025-11-30 20:01:32] INFO: Executing phase: P4
[2025-11-30 20:01:32] INFO: [P4] Step 1/4: Generating code with Builder (via LlmService)...
[2025-11-30 20:01:32] INFO: [P4] Loaded 30 files for context
[2025-11-30 20:01:32] INFO: [DEBUG] file_context type: <class 'dict'>
[2025-11-30 20:01:32] INFO: [DEBUG] file_context keys: ['existing_files']
[2025-11-30 20:01:32] INFO: [DEBUG] files type: <class 'dict'>
[2025-11-30 20:01:32] INFO: [DEBUG] files keys (first 3): ['package.json', 'requirements.txt', 'pyproject.toml']
[2025-11-30 20:01:32] INFO: [DEBUG] Processing file: package.json
[2025-11-30 20:01:32] INFO: [DEBUG]   content type: <class 'str'>
[2025-11-30 20:01:32] INFO: [DEBUG]   content preview: {
  "name": "autopack-frontend",
  "version": "0.1.0",
  "private": true,
  "type": "module",
  "scr
[2025-11-30 20:01:32] INFO: [DEBUG] Processing file: requirements.txt
[2025-11-30 20:01:32] INFO: [DEBUG]   content type: <class 'str'>
[2025-11-30 20:01:32] INFO: [DEBUG]   content preview: # Core FastAPI dependencies
fastapi>=0.104.0
uvicorn[standard]>=0.24.0
pydantic>=2.5.0
pydantic-sett
[2025-11-30 20:01:32] INFO: [DEBUG] Processing file: pyproject.toml
[2025-11-30 20:01:32] INFO: [DEBUG]   content type: <class 'str'>
[2025-11-30 20:01:32] INFO: [DEBUG]   content preview: [project]
name = "autopack"
version = "0.1.0"
description = "Supervisor/orchestrator implementing th
[2025-11-30 20:01:32] INFO: [DEBUG] Processing file: README.md
[2025-11-30 20:01:32] INFO: [DEBUG]   content type: <class 'str'>
[2025-11-30 20:01:32] INFO: [DEBUG]   content preview: # Autopack Framework

**Autonomous AI Code Generation Framework**

Autopack is a framework for orche
[2025-11-30 20:01:32] INFO: [DEBUG] Processing file: .gitignore
[2025-11-30 20:01:32] INFO: [DEBUG]   content type: <class 'str'>
[2025-11-30 20:01:32] INFO: [DEBUG]   content preview: # Python
__pycache__/
*.py[cod]
*$py.class
*.so
.Python
env/
venv/
ENV/
build/
develop-eggs/
dist/
d
[2025-11-30 20:02:13] INFO: HTTP Request: POST https://api.anthropic.com/v1/messages "HTTP/1.1 200 OK"
[2025-11-30 20:02:13] INFO: [P4] Builder succeeded (5103 tokens)
[2025-11-30 20:02:13] INFO: [P4] Step 2/5: Applying patch...
[2025-11-30 20:02:13] INFO: Removing existing file for new file patch: tests/test_database.py
[2025-11-30 20:02:13] INFO: Writing patch to temp_patch.diff
[2025-11-30 20:02:13] INFO: Checking if patch can be applied (dry run)...
[2025-11-30 20:02:13] WARNING: Strict patch check failed: error: patch fragment without header at line 150: @@ -14,7 +14,11 @@ class Settings(BaseSettings):?
[2025-11-30 20:02:13] INFO: Retrying with lenient mode (--ignore-whitespace -C1)...
[2025-11-30 20:02:13] WARNING: Lenient mode also failed: error: patch fragment without header at line 150: @@ -14,7 +14,11 @@ class Settings(BaseSettings):?
[2025-11-30 20:02:13] INFO: Retrying with 3-way merge mode (-3)...
[2025-11-30 20:02:13] WARNING: All git apply modes failed, attempting direct file write fallback...
[2025-11-30 20:02:13] WARNING: Skipping src/backend/core/database.py - cannot apply partial patch to existing file via direct write
[2025-11-30 20:02:13] WARNING: Skipping src/backend/models/build.py - cannot apply partial patch to existing file via direct write
[2025-11-30 20:02:13] WARNING: Skipping src/backend/models/phase.py - cannot apply partial patch to existing file via direct write
[2025-11-30 20:02:13] WARNING: Skipping src/backend/core/config.py - cannot apply partial patch to existing file via direct write
[2025-11-30 20:02:13] WARNING: Skipping tests/conftest.py - cannot apply partial patch to existing file via direct write
[2025-11-30 20:02:13] WARNING: Skipping tests/test_api_health.py - cannot apply partial patch to existing file via direct write
[2025-11-30 20:02:13] INFO: Directly wrote file: tests/test_database.py
[2025-11-30 20:02:13] INFO: Direct file write succeeded - 1 files written
[2025-11-30 20:02:13] INFO:   - tests/test_database.py
[2025-11-30 20:02:13] INFO: [P4] Patch applied successfully to filesystem
[2025-11-30 20:02:13] INFO: [P4] Step 3/5: Running CI checks...
[2025-11-30 20:02:13] INFO: [P4] Running CI checks (pytest)...
[2025-11-30 20:02:14] WARNING: [P4] CI checks FAILED: 0/0 passed, 0 failed, 0 errors
[2025-11-30 20:02:14] INFO: [P4] Step 4/5: Reviewing patch with Auditor (via LlmService)...
[2025-11-30 20:02:18] INFO: HTTP Request: POST https://api.openai.com/v1/chat/completions "HTTP/1.1 200 OK"
[2025-11-30 20:02:18] INFO: [P4] Auditor completed: approved=False, issues=3
[2025-11-30 20:02:18] INFO: [P4] Step 5/5: Applying Quality Gate...
[2025-11-30 20:02:18] INFO: [P4] Quality Gate: needs_review
[2025-11-30 20:02:18] INFO: Updated phase P4 status to COMPLETE
[2025-11-30 20:02:18] INFO: [P4] Phase completed successfully
[2025-11-30 20:02:18] INFO: [ARCHIVE_CONSOLIDATOR] Logged build event: PHASE_COMPLETE
[2025-11-30 20:02:18] INFO: Phase P4 completed successfully
[2025-11-30 20:02:18] INFO: Waiting 10s before next phase...
[2025-11-30 20:02:28] INFO: Iteration 5: Fetching run status...
[2025-11-30 20:02:29] INFO: Next phase: P5
[2025-11-30 20:02:29] INFO: Executing phase: P5
[2025-11-30 20:02:29] INFO: [P5] Step 1/4: Generating code with Builder (via LlmService)...
[2025-11-30 20:02:29] INFO: [P5] Loaded 30 files for context
[2025-11-30 20:02:29] INFO: [DEBUG] file_context type: <class 'dict'>
[2025-11-30 20:02:29] INFO: [DEBUG] file_context keys: ['existing_files']
[2025-11-30 20:02:29] INFO: [DEBUG] files type: <class 'dict'>
[2025-11-30 20:02:29] INFO: [DEBUG] files keys (first 3): ['package.json', 'requirements.txt', 'pyproject.toml']
[2025-11-30 20:02:29] INFO: [DEBUG] Processing file: package.json
[2025-11-30 20:02:29] INFO: [DEBUG]   content type: <class 'str'>
[2025-11-30 20:02:29] INFO: [DEBUG]   content preview: {
  "name": "autopack-frontend",
  "version": "0.1.0",
  "private": true,
  "type": "module",
  "scr
[2025-11-30 20:02:29] INFO: [DEBUG] Processing file: requirements.txt
[2025-11-30 20:02:29] INFO: [DEBUG]   content type: <class 'str'>
[2025-11-30 20:02:29] INFO: [DEBUG]   content preview: # Core FastAPI dependencies
fastapi>=0.104.0
uvicorn[standard]>=0.24.0
pydantic>=2.5.0
pydantic-sett
[2025-11-30 20:02:29] INFO: [DEBUG] Processing file: pyproject.toml
[2025-11-30 20:02:29] INFO: [DEBUG]   content type: <class 'str'>
[2025-11-30 20:02:29] INFO: [DEBUG]   content preview: [project]
name = "autopack"
version = "0.1.0"
description = "Supervisor/orchestrator implementing th
[2025-11-30 20:02:29] INFO: [DEBUG] Processing file: README.md
[2025-11-30 20:02:29] INFO: [DEBUG]   content type: <class 'str'>
[2025-11-30 20:02:29] INFO: [DEBUG]   content preview: # Autopack Framework

**Autonomous AI Code Generation Framework**

Autopack is a framework for orche
[2025-11-30 20:02:29] INFO: [DEBUG] Processing file: .gitignore
[2025-11-30 20:02:29] INFO: [DEBUG]   content type: <class 'str'>
[2025-11-30 20:02:29] INFO: [DEBUG]   content preview: # Python
__pycache__/
*.py[cod]
*$py.class
*.so
.Python
env/
venv/
ENV/
build/
develop-eggs/
dist/
d
[2025-11-30 20:02:57] INFO: HTTP Request: POST https://api.anthropic.com/v1/messages "HTTP/1.1 200 OK"
[2025-11-30 20:02:57] INFO: [P5] Builder succeeded (3969 tokens)
[2025-11-30 20:02:58] INFO: [P5] Step 2/5: Applying patch...
[2025-11-30 20:02:58] INFO: Removing existing file for new file patch: tests/test_auth.py
[2025-11-30 20:02:58] INFO: Writing patch to temp_patch.diff
[2025-11-30 20:02:58] INFO: Checking if patch can be applied (dry run)...
[2025-11-30 20:02:58] WARNING: Strict patch check failed: error: patch fragment without header at line 70: @@ -10,7 +10,7 @@ from ..config import settings?
[2025-11-30 20:02:58] INFO: Retrying with lenient mode (--ignore-whitespace -C1)...
[2025-11-30 20:02:58] WARNING: Lenient mode also failed: error: patch fragment without header at line 70: @@ -10,7 +10,7 @@ from ..config import settings?
[2025-11-30 20:02:58] INFO: Retrying with 3-way merge mode (-3)...
[2025-11-30 20:02:58] WARNING: All git apply modes failed, attempting direct file write fallback...
[2025-11-30 20:02:58] WARNING: Skipping requirements.txt - cannot apply partial patch to existing file via direct write
[2025-11-30 20:02:58] WARNING: Skipping pyproject.toml - cannot apply partial patch to existing file via direct write
[2025-11-30 20:02:58] WARNING: Skipping src/backend/auth/password.py - cannot apply partial patch to existing file via direct write
[2025-11-30 20:02:58] WARNING: Skipping src/backend/auth/jwt.py - cannot apply partial patch to existing file via direct write
[2025-11-30 20:02:58] WARNING: Skipping src/backend/config.py - cannot apply partial patch to existing file via direct write
[2025-11-30 20:02:58] INFO: Directly wrote file: tests/test_auth.py
[2025-11-30 20:02:58] INFO: Direct file write succeeded - 1 files written
[2025-11-30 20:02:58] INFO:   - tests/test_auth.py
[2025-11-30 20:02:58] INFO: [P5] Patch applied successfully to filesystem
[2025-11-30 20:02:58] INFO: [P5] Step 3/5: Running CI checks...
[2025-11-30 20:02:58] INFO: [P5] Running CI checks (pytest)...
[2025-11-30 20:02:59] WARNING: [P5] CI checks FAILED: 0/0 passed, 0 failed, 0 errors
[2025-11-30 20:02:59] INFO: [P5] Step 4/5: Reviewing patch with Auditor (via LlmService)...
[2025-11-30 20:03:02] INFO: HTTP Request: POST https://api.openai.com/v1/chat/completions "HTTP/1.1 200 OK"
[2025-11-30 20:03:02] INFO: [P5] Auditor completed: approved=True, issues=2
[2025-11-30 20:03:02] INFO: [P5] Step 5/5: Applying Quality Gate...
[2025-11-30 20:03:02] INFO: [P5] Quality Gate: needs_review
[2025-11-30 20:03:03] INFO: Updated phase P5 status to COMPLETE
[2025-11-30 20:03:03] INFO: [P5] Phase completed successfully
[2025-11-30 20:03:03] INFO: [ARCHIVE_CONSOLIDATOR] Logged build event: PHASE_COMPLETE
[2025-11-30 20:03:03] INFO: Phase P5 completed successfully
[2025-11-30 20:03:03] INFO: Waiting 10s before next phase...
[2025-11-30 20:03:13] INFO: Iteration 6: Fetching run status...
[2025-11-30 20:03:13] INFO: Next phase: P6
[2025-11-30 20:03:13] INFO: Executing phase: P6
[2025-11-30 20:03:13] INFO: [P6] Step 1/4: Generating code with Builder (via LlmService)...
[2025-11-30 20:03:13] INFO: [P6] Loaded 30 files for context
[2025-11-30 20:03:13] INFO: [DEBUG] file_context type: <class 'dict'>
[2025-11-30 20:03:13] INFO: [DEBUG] file_context keys: ['existing_files']
[2025-11-30 20:03:13] INFO: [DEBUG] files type: <class 'dict'>
[2025-11-30 20:03:13] INFO: [DEBUG] files keys (first 3): ['package.json', 'requirements.txt', 'pyproject.toml']
[2025-11-30 20:03:13] INFO: [DEBUG] Processing file: package.json
[2025-11-30 20:03:13] INFO: [DEBUG]   content type: <class 'str'>
[2025-11-30 20:03:13] INFO: [DEBUG]   content preview: {
  "name": "autopack-frontend",
  "version": "0.1.0",
  "private": true,
  "type": "module",
  "scr
[2025-11-30 20:03:13] INFO: [DEBUG] Processing file: requirements.txt
[2025-11-30 20:03:13] INFO: [DEBUG]   content type: <class 'str'>
[2025-11-30 20:03:13] INFO: [DEBUG]   content preview: # Core FastAPI dependencies
fastapi>=0.104.0
uvicorn[standard]>=0.24.0
pydantic>=2.5.0
pydantic-sett
[2025-11-30 20:03:13] INFO: [DEBUG] Processing file: pyproject.toml
[2025-11-30 20:03:13] INFO: [DEBUG]   content type: <class 'str'>
[2025-11-30 20:03:13] INFO: [DEBUG]   content preview: [project]
name = "autopack"
version = "0.1.0"
description = "Supervisor/orchestrator implementing th
[2025-11-30 20:03:13] INFO: [DEBUG] Processing file: README.md
[2025-11-30 20:03:13] INFO: [DEBUG]   content type: <class 'str'>
[2025-11-30 20:03:13] INFO: [DEBUG]   content preview: # Autopack Framework

**Autonomous AI Code Generation Framework**

Autopack is a framework for orche
[2025-11-30 20:03:13] INFO: [DEBUG] Processing file: .gitignore
[2025-11-30 20:03:13] INFO: [DEBUG]   content type: <class 'str'>
[2025-11-30 20:03:13] INFO: [DEBUG]   content preview: # Python
__pycache__/
*.py[cod]
*$py.class
*.so
.Python
env/
venv/
ENV/
build/
develop-eggs/
dist/
d
[2025-11-30 20:03:32] INFO: HTTP Request: POST https://api.anthropic.com/v1/messages "HTTP/1.1 200 OK"
[2025-11-30 20:03:32] INFO: [P6] Builder succeeded (3000 tokens)
[2025-11-30 20:03:32] ERROR: [P6] Patch validation failed (422): Patch validation failed:
  - [invalid_hunk_header] (line 153): Invalid hunk header format: @@ -0,0 +1 @@
  - [invalid_hunk_header] (line 160): Invalid hunk header format: @@ -0,0 +1 @@
  - [invalid_hunk_header] (line 167): Invalid hunk header format: @@ -0,0 +1 @@
  - [invalid_hunk_header] (line 174): Invalid hunk header format: @@ -0,0 +1 @@
[2025-11-30 20:03:32] INFO: [P6] Phase 2.3: Validation errors indicate malformed patch - LLM should regenerate
[2025-11-30 20:03:32] INFO: [ARCHIVE_CONSOLIDATOR] Logged new error: Patch validation failure (422)
[2025-11-30 20:03:32] WARNING: Failed to post builder result: Patch validation failed: Patch validation failed:
  - [invalid_hunk_header] (line 153): Invalid hunk header format: @@ -0,0 +1 @@
  - [invalid_hunk_header] (line 160): Invalid hunk header format: @@ -0,0 +1 @@
  - [invalid_hunk_header] (line 167): Invalid hunk header format: @@ -0,0 +1 @@
  - [invalid_hunk_header] (line 174): Invalid hunk header format: @@ -0,0 +1 @@
[2025-11-30 20:03:32] INFO: [ARCHIVE_CONSOLIDATOR] Logged new error: API failure: POST builder_result
[2025-11-30 20:03:32] INFO: [P6] Step 2/5: Applying patch...
[2025-11-30 20:03:32] INFO: Removing existing file for new file patch: tests/backend/conftest.py
[2025-11-30 20:03:32] INFO: Removing existing file for new file patch: tests/backend/test_health.py
[2025-11-30 20:03:32] INFO: Removing existing file for new file patch: tests/backend/__init__.py
[2025-11-30 20:03:32] INFO: Removing existing file for new file patch: tests/__init__.py
[2025-11-30 20:03:32] INFO: Writing patch to temp_patch.diff
[2025-11-30 20:03:32] INFO: Checking if patch can be applied (dry run)...
[2025-11-30 20:03:32] WARNING: Strict patch check failed: error: patch fragment without header at line 58: @@ -2,3 +2,9 @@ app.add_middleware(?
[2025-11-30 20:03:32] INFO: Retrying with lenient mode (--ignore-whitespace -C1)...
[2025-11-30 20:03:32] WARNING: Lenient mode also failed: error: patch fragment without header at line 58: @@ -2,3 +2,9 @@ app.add_middleware(?
[2025-11-30 20:03:32] INFO: Retrying with 3-way merge mode (-3)...
[2025-11-30 20:03:32] WARNING: All git apply modes failed, attempting direct file write fallback...
[2025-11-30 20:03:32] WARNING: Skipping src/backend/api/health.py - cannot apply partial patch to existing file via direct write
[2025-11-30 20:03:32] WARNING: Skipping src/backend/main.py - cannot apply partial patch to existing file via direct write
[2025-11-30 20:03:32] INFO: Directly wrote file: tests/backend/conftest.py
[2025-11-30 20:03:32] INFO: Directly wrote file: tests/backend/test_health.py
[2025-11-30 20:03:32] INFO: Directly wrote file: tests/backend/__init__.py
[2025-11-30 20:03:32] INFO: Directly wrote file: src/backend/__init__.py
[2025-11-30 20:03:32] INFO: Directly wrote file: src/backend/api/__init__.py
[2025-11-30 20:03:32] INFO: Directly wrote file: tests/__init__.py
[2025-11-30 20:03:32] INFO: Direct file write succeeded - 6 files written
[2025-11-30 20:03:32] INFO:   - tests/backend/conftest.py
[2025-11-30 20:03:32] INFO:   - tests/backend/test_health.py
[2025-11-30 20:03:32] INFO:   - tests/backend/__init__.py
[2025-11-30 20:03:32] INFO:   - src/backend/__init__.py
[2025-11-30 20:03:32] INFO:   - src/backend/api/__init__.py
[2025-11-30 20:03:32] INFO:   - tests/__init__.py
[2025-11-30 20:03:32] INFO: [P6] Patch applied successfully to filesystem
[2025-11-30 20:03:32] INFO: [P6] Step 3/5: Running CI checks...
[2025-11-30 20:03:32] INFO: [P6] Running CI checks (pytest)...
[2025-11-30 20:03:33] WARNING: [P6] CI checks FAILED: 0/0 passed, 0 failed, 0 errors
[2025-11-30 20:03:33] INFO: [P6] Step 4/5: Reviewing patch with Auditor (via LlmService)...
[2025-11-30 20:03:35] INFO: HTTP Request: POST https://api.openai.com/v1/chat/completions "HTTP/1.1 200 OK"
[2025-11-30 20:03:35] INFO: [P6] Auditor completed: approved=True, issues=1
[2025-11-30 20:03:35] INFO: [P6] Step 5/5: Applying Quality Gate...
[2025-11-30 20:03:35] INFO: [P6] Quality Gate: needs_review
[2025-11-30 20:03:35] INFO: Updated phase P6 status to COMPLETE
[2025-11-30 20:03:35] INFO: [P6] Phase completed successfully
[2025-11-30 20:03:35] INFO: [ARCHIVE_CONSOLIDATOR] Logged build event: PHASE_COMPLETE
[2025-11-30 20:03:35] INFO: Phase P6 completed successfully
[2025-11-30 20:03:35] INFO: Waiting 10s before next phase...
[2025-11-30 20:03:45] INFO: Iteration 7: Fetching run status...
[2025-11-30 20:03:45] INFO: Next phase: P7
[2025-11-30 20:03:45] INFO: Executing phase: P7
[2025-11-30 20:03:45] INFO: [P7] Step 1/4: Generating code with Builder (via LlmService)...
[2025-11-30 20:03:45] INFO: [P7] Loaded 30 files for context
[2025-11-30 20:03:45] INFO: [DEBUG] file_context type: <class 'dict'>
[2025-11-30 20:03:45] INFO: [DEBUG] file_context keys: ['existing_files']
[2025-11-30 20:03:45] INFO: [DEBUG] files type: <class 'dict'>
[2025-11-30 20:03:45] INFO: [DEBUG] files keys (first 3): ['package.json', 'requirements.txt', 'pyproject.toml']
[2025-11-30 20:03:45] INFO: [DEBUG] Processing file: package.json
[2025-11-30 20:03:45] INFO: [DEBUG]   content type: <class 'str'>
[2025-11-30 20:03:45] INFO: [DEBUG]   content preview: {
  "name": "autopack-frontend",
  "version": "0.1.0",
  "private": true,
  "type": "module",
  "scr
[2025-11-30 20:03:45] INFO: [DEBUG] Processing file: requirements.txt
[2025-11-30 20:03:45] INFO: [DEBUG]   content type: <class 'str'>
[2025-11-30 20:03:45] INFO: [DEBUG]   content preview: # Core FastAPI dependencies
fastapi>=0.104.0
uvicorn[standard]>=0.24.0
pydantic>=2.5.0
pydantic-sett
[2025-11-30 20:03:45] INFO: [DEBUG] Processing file: pyproject.toml
[2025-11-30 20:03:45] INFO: [DEBUG]   content type: <class 'str'>
[2025-11-30 20:03:45] INFO: [DEBUG]   content preview: [project]
name = "autopack"
version = "0.1.0"
description = "Supervisor/orchestrator implementing th
[2025-11-30 20:03:45] INFO: [DEBUG] Processing file: README.md
[2025-11-30 20:03:45] INFO: [DEBUG]   content type: <class 'str'>
[2025-11-30 20:03:45] INFO: [DEBUG]   content preview: # Autopack Framework

**Autonomous AI Code Generation Framework**

Autopack is a framework for orche
[2025-11-30 20:03:45] INFO: [DEBUG] Processing file: .gitignore
[2025-11-30 20:03:45] INFO: [DEBUG]   content type: <class 'str'>
[2025-11-30 20:03:45] INFO: [DEBUG]   content preview: # Python
__pycache__/
*.py[cod]
*$py.class
*.so
.Python
env/
venv/
ENV/
build/
develop-eggs/
dist/
d
[2025-11-30 20:04:00] INFO: HTTP Request: POST https://api.anthropic.com/v1/messages "HTTP/1.1 200 OK"
[2025-11-30 20:04:00] INFO: [P7] Builder succeeded (2771 tokens)
[2025-11-30 20:04:00] ERROR: [P7] Patch validation failed (422): Patch validation failed:
  - [invalid_hunk_header] (line 118): Invalid hunk header format: @@ -0,0 +1 @@
  - [invalid_hunk_header] (line 125): Invalid hunk header format: @@ -0,0 +1 @@
  - [invalid_hunk_header] (line 132): Invalid hunk header format: @@ -0,0 +1 @@
[2025-11-30 20:04:00] INFO: [P7] Phase 2.3: Validation errors indicate malformed patch - LLM should regenerate
[2025-11-30 20:04:00] INFO: [ARCHIVE_CONSOLIDATOR] Logged new error: Patch validation failure (422)
[2025-11-30 20:04:00] WARNING: Failed to post builder result: Patch validation failed: Patch validation failed:
  - [invalid_hunk_header] (line 118): Invalid hunk header format: @@ -0,0 +1 @@
  - [invalid_hunk_header] (line 125): Invalid hunk header format: @@ -0,0 +1 @@
  - [invalid_hunk_header] (line 132): Invalid hunk header format: @@ -0,0 +1 @@
[2025-11-30 20:04:00] INFO: [ARCHIVE_CONSOLIDATOR] Logged new error: API failure: POST builder_result
[2025-11-30 20:04:00] INFO: [P7] Step 2/5: Applying patch...
[2025-11-30 20:04:00] INFO: Removing existing file for new file patch: tests/backend/test_health.py
[2025-11-30 20:04:00] INFO: Removing existing file for new file patch: src/backend/main.py
[2025-11-30 20:04:00] INFO: Removing existing file for new file patch: src/backend/__init__.py
[2025-11-30 20:04:00] INFO: Removing existing file for new file patch: tests/__init__.py
[2025-11-30 20:04:00] INFO: Removing existing file for new file patch: tests/backend/__init__.py
[2025-11-30 20:04:00] INFO: Removing existing file for new file patch: pytest.ini
[2025-11-30 20:04:00] INFO: Writing patch to temp_patch.diff
[2025-11-30 20:04:00] INFO: Checking if patch can be applied (dry run)...
[2025-11-30 20:04:00] INFO: Applying patch to filesystem...
[2025-11-30 20:04:00] INFO: Patch applied successfully - 6 files modified
[2025-11-30 20:04:00] INFO:   - tests/backend/test_health.py
[2025-11-30 20:04:00] INFO:   - src/backend/main.py
[2025-11-30 20:04:00] INFO:   - src/backend/__init__.py
[2025-11-30 20:04:00] INFO:   - tests/__init__.py
[2025-11-30 20:04:00] INFO:   - tests/backend/__init__.py
[2025-11-30 20:04:00] INFO:   - pytest.ini
[2025-11-30 20:04:00] INFO: [P7] Patch applied successfully to filesystem
[2025-11-30 20:04:00] INFO: [P7] Step 3/5: Running CI checks...
[2025-11-30 20:04:00] INFO: [P7] Running CI checks (pytest)...
[2025-11-30 20:04:01] WARNING: [P7] CI checks FAILED: 0/0 passed, 0 failed, 0 errors
[2025-11-30 20:04:01] INFO: [P7] Step 4/5: Reviewing patch with Auditor (via LlmService)...
[2025-11-30 20:04:03] INFO: HTTP Request: POST https://api.openai.com/v1/chat/completions "HTTP/1.1 200 OK"
[2025-11-30 20:04:03] INFO: [P7] Auditor completed: approved=True, issues=0
[2025-11-30 20:04:05] INFO: [P7] Step 5/5: Applying Quality Gate...
[2025-11-30 20:04:05] INFO: [P7] Quality Gate: needs_review
[2025-11-30 20:04:05] INFO: Updated phase P7 status to COMPLETE
[2025-11-30 20:04:05] INFO: [P7] Phase completed successfully
[2025-11-30 20:04:05] INFO: [ARCHIVE_CONSOLIDATOR] Logged build event: PHASE_COMPLETE
[2025-11-30 20:04:05] INFO: Phase P7 completed successfully
[2025-11-30 20:04:05] INFO: Waiting 10s before next phase...
[2025-11-30 20:04:15] INFO: Iteration 8: Fetching run status...
[2025-11-30 20:04:15] INFO: No more QUEUED phases, execution complete
[2025-11-30 20:04:15] INFO: Autonomous execution loop finished
[2025-11-30 20:04:15] INFO: [ARCHIVE_CONSOLIDATOR] Logged build event: RUN_COMPLETE
[Quality Gate] Phase P1
Category: bug_fix
Quality Level: NEEDS_REVIEW

Issues (blocking):
  ✗ CI tests failed: Unknown error
[Quality Gate] Phase P2
Category: bug_fix
Quality Level: NEEDS_REVIEW

Issues (blocking):
  ✗ CI tests failed: Unknown error
[Quality Gate] Phase P4
Category: bug_fix
Quality Level: NEEDS_REVIEW

Issues (blocking):
  ✗ CI tests failed: Unknown error
[Quality Gate] Phase P5
Category: bug_fix
Quality Level: NEEDS_REVIEW

Issues (blocking):
  ✗ CI tests failed: Unknown error
[Quality Gate] Phase P6
Category: bug_fix
Quality Level: NEEDS_REVIEW

Issues (blocking):
  ✗ CI tests failed: Unknown error
[Quality Gate] Phase P7
Category: bug_fix
Quality Level: NEEDS_REVIEW

Issues (blocking):
  ✗ CI tests failed: Unknown error
