faiss library not installed; FaissStore will use in-memory fallback
[2025-12-23 22:08:26] INFO: [LOCK] Acquired executor lock for run_id=build132-coverage-delta-integration (PID=154196, host=Harry)
[2025-12-23 22:08:26] INFO: Applying pre-emptive encoding fix...
[2025-12-23 22:08:26] INFO: [Recovery] Fixing Unicode encoding error...
[2025-12-23 22:08:26] INFO: [Recovery] SUCCESS: Encoding fixed (UTF-8 enabled)
[2025-12-23 22:08:26] INFO: Database tables initialized
[2025-12-23 22:08:26] INFO: Loaded BuilderOutputConfig: max_lines_for_full_file=1000, max_lines_hard_limit=1000
[2025-12-23 22:08:26] INFO: Doctor execute_fix enabled: True
[2025-12-23 22:08:26] INFO: FileSizeTelemetry initialized: .autonomous_runs\autopack\file_size_telemetry.jsonl
[2025-12-23 22:08:32] INFO: [Qdrant] Connected to localhost:6333
[2025-12-23 22:08:32] INFO: [MemoryService] Using Qdrant backend
[2025-12-23 22:08:36] ERROR: [Qdrant] Failed to ensure collection 'code_docs': [WinError 10061] No connection could be made because the target machine actively refused it
[2025-12-23 22:08:36] WARNING: MemoryService initialization failed, running without memory: [WinError 10061] No connection could be made because the target machine actively refused it
[2025-12-23 22:08:36] INFO: [FileLayout] Project: autopack, Family: build132-coverage-delta-integration, Base: .autonomous_runs\autopack\runs\build132-coverage-delta-integration
[2025-12-23 22:08:36] INFO: Initialized autonomous executor for run: build132-coverage-delta-integration
[2025-12-23 22:08:36] INFO: API URL: http://localhost:8000
[2025-12-23 22:08:36] INFO: Workspace: .
[2025-12-23 22:08:36] INFO: Running proactive startup checks from DEBUG_JOURNAL.md...
[2025-12-23 22:08:36] INFO: [HIGH] Checking: Windows Unicode Fix (PYTHONUTF8)
[2025-12-23 22:08:36] INFO:   Reason: Prevents UnicodeEncodeError with emoji characters in logs (Issue #3)
[2025-12-23 22:08:36] INFO:   Check PASSED
[2025-12-23 22:08:36] INFO: [SchemaValidator] Starting database schema validation...
[2025-12-23 22:08:36] INFO: [SchemaValidator] ‚úÖ Database schema validation PASSED
[2025-12-23 22:08:36] INFO: Startup checks complete
[2025-12-23 22:08:37] INFO: [BUILD-123v2] Manifest generator initialized (deterministic scope generation)
[2025-12-23 22:08:37] INFO: [HealthCheck:T0] API Keys: PASSED (0ms) - All required API keys present
[2025-12-23 22:08:37] INFO: [HealthCheck:T0] Database: PASSED (0ms) - Database accessible: C:\dev\Autopack\autopack.db
[2025-12-23 22:08:37] INFO: [HealthCheck:T0] Workspace: PASSED (0ms) - Workspace valid: C:\dev\Autopack
[2025-12-23 22:08:37] INFO: [HealthCheck:T0] Config: PASSED (22ms) - Configuration files valid
[2025-12-23 22:08:37] INFO: [BUILD-127] Completion authority initialized (PhaseFinalizer + TestBaselineTracker)
[2025-12-23 22:08:37] INFO: [BUILD-127] Capturing T0 baseline at commit 76165c5e...
[2025-12-23 22:08:37] INFO: [Baseline] Capturing baseline for commit 76165c5e
[2025-12-23 22:09:03] INFO: [Baseline] Captured: 0/0 passing, 0 failing, 0 errors
[2025-12-23 22:09:03] INFO: [BUILD-127] T0 baseline: 0 tests, 0 passing, 0 failing, 0 errors
[2025-12-23 22:09:03] INFO: Starting autonomous execution loop...
[2025-12-23 22:09:03] INFO: Poll interval: 10s
[2025-12-23 22:09:03] INFO: API server is already running
[2025-12-23 22:09:03] INFO: Initializing infrastructure...
[2025-12-23 22:09:06] INFO: LlmService: Initialized with ModelRouter and UsageRecorder
[2025-12-23 22:09:06] INFO: Quality Gate: Initialized
[2025-12-23 22:09:06] INFO: Iteration 1: Fetching run status...
[2025-12-23 22:09:06] INFO: [BUILD-041] Next phase: build132-phase1-enable-coverage
[2025-12-23 22:09:06] INFO: [BUILD-123v2] Phase 'build132-phase1-enable-coverage' has no scope - generating manifest...
[2025-12-23 22:09:06] INFO: Generating manifest for run: build132-coverage-delta-integration
[2025-12-23 22:09:06] INFO: Repo structure scanned successfully
[2025-12-23 22:09:06] INFO: [BUILD-128] Phase 'build132-phase1-enable-coverage' has deliverables - inferring scope from deliverables
[2025-12-23 22:09:06] INFO: [BUILD-128] Inferred category 'unknown' from deliverables (confidence=0.0%)
[2025-12-23 22:09:06] INFO: [BUILD-128] Generated scope: 2 paths, 0 context files
[2025-12-23 22:09:06] INFO: [BUILD-129] Added token estimate to phase: 462 output tokens (2 deliverables, confidence=0.80)
[2025-12-23 22:09:06] INFO: [BUILD-123v2] Generated scope for 'build132-phase1-enable-coverage': category=unknown, confidence=0.0%, files=2
[2025-12-23 22:09:06] WARNING: [BUILD-123v2] Low confidence (0.0%) for phase 'build132-phase1-enable-coverage' - scope may be incomplete. Builder may need to request expansion.
[2025-12-23 22:09:06] WARNING: [Scope] Could not determine workspace from scope paths, using default: .
[2025-12-23 22:09:06] INFO: [build132-phase1-enable-coverage] Step 1/4: Generating code with Builder (via LlmService)...
[2025-12-23 22:09:06] WARNING: [Scope] Could not determine workspace from scope paths, using default: .
[2025-12-23 22:09:06] INFO: [Scope] Loaded 2 files from scope configuration
[2025-12-23 22:09:06] INFO: [Scope] Scope paths: ['pytest.ini', '.gitignore']
[2025-12-23 22:09:06] INFO: [Scope] Loaded paths: ['pytest.ini', '.gitignore']...
[2025-12-23 22:09:06] INFO: [build132-phase1-enable-coverage] Loaded 2 files for context
[2025-12-23 22:09:06] WARNING: [Scope] Could not determine workspace from scope paths, using default: .
[2025-12-23 22:09:06] INFO: [Scope] Validation passed: 2 files match scope configuration
[2025-12-23 22:09:06] INFO: [build132-phase1-enable-coverage] Built deliverables contract: 2 required paths, 0 forbidden patterns
[2025-12-23 22:09:06] INFO: [build132-phase1-enable-coverage] Deliverables manifest gate PASSED (2 paths)
[2025-12-23 22:09:06] INFO: [ModelSelector] Selected claude-sonnet-4-5 for builder (complexity=low, attempt=0, intra_tier=0)
[2025-12-23 22:09:06] INFO: [MODEL-SELECT] Builder: model=claude-sonnet-4-5, complexity=low->low, attempt=0, category=configuration
[2025-12-23 22:09:06] INFO: [TokenEstimator] Budget selection: base=8192, estimated=462, with_buffer=554, selected=8192, confidence=80.0%
[2025-12-23 22:09:06] INFO: [BUILD-129] Token estimate: 462 output tokens (2 deliverables, confidence=0.80), selected budget: 8192
[2025-12-23 22:09:06] WARNING: CONSOLIDATED_DEBUG.md not found at C:\dev\Autopack\.autonomous_runs\file-organizer-app-v1\archive\CONSOLIDATED_DEBUG.md
[2025-12-23 22:09:06] WARNING: [TOKEN_SOFT_CAP] run_id=unknown phase_id=build132-phase1-enable-coverage est_total=12822 soft_cap=12000 (prompt=1354 completion=11468 complexity=low)
[2025-12-23 22:09:09] INFO: HTTP Request: POST https://api.anthropic.com/v1/messages "HTTP/1.1 200 OK"
[2025-12-23 22:09:15] INFO: [TOKEN_BUDGET] phase=build132-phase1-enable-coverage complexity=low input=1605 output=742/16384 total=2347 utilization=4.5% model=claude-sonnet-4-5
[2025-12-23 22:09:15] INFO: [TokenEstimationV2] predicted_output=462 actual_output=742 smape=46.5% selected_budget=8192 category=configuration complexity=low deliverables=2 success=False stop_reason=end_turn truncated=False model=claude-sonnet-4-5
[2025-12-23 22:09:15] ERROR: [build132-phase1-enable-coverage] Builder failed: No valid file changes generated
[2025-12-23 22:09:15] INFO: Updated phase build132-phase1-enable-coverage status to FAILED
[2025-12-23 22:09:15] WARNING: Failed to write run_summary from executor: name 'models' is not defined
[2025-12-23 22:09:27] INFO: [RetrievalTrigger] Phase build132-phase1-enable-coverage attempt 1: Error messages lack context - triggering deep retrieval
[2025-12-23 22:09:27] INFO: [DeepRetrieval] Starting bounded retrieval for phase build132-phase1-enable-coverage (priority=medium)
[2025-12-23 22:09:28] INFO: [DeepRetrieval] Retrieved 0 run artifacts (0 bytes), 1 SOT files (15360 bytes), 0 memory entries (0 bytes)
[2025-12-23 22:09:28] WARNING: [build132-phase1-enable-coverage] Attempt 1/5 failed, will escalate model for next retry
[2025-12-23 22:09:28] WARNING: Phase build132-phase1-enable-coverage finished with status: FAILED
[2025-12-23 22:09:28] INFO: Waiting 10s before next phase...
[2025-12-23 22:09:38] INFO: Iteration 2: Fetching run status...
[2025-12-23 22:09:38] INFO: [BUILD-041] Next phase: build132-phase2-coverage-tracker
[2025-12-23 22:09:38] INFO: [BUILD-123v2] Phase 'build132-phase2-coverage-tracker' has no scope - generating manifest...
[2025-12-23 22:09:38] INFO: Generating manifest for run: build132-coverage-delta-integration
[2025-12-23 22:09:38] INFO: Repo structure scanned successfully
[2025-12-23 22:09:38] INFO: [BUILD-128] Phase 'build132-phase2-coverage-tracker' has deliverables - inferring scope from deliverables
[2025-12-23 22:09:38] INFO: [BUILD-128] Inferred category 'backend' from deliverables (confidence=50.0%)
[2025-12-23 22:09:38] INFO: [BUILD-128] Generated scope: 2 paths, 1 context files
[2025-12-23 22:09:38] INFO: [BUILD-129] Added token estimate to phase: 858 output tokens (2 deliverables, confidence=0.80)
[2025-12-23 22:09:38] ERROR: Plan validation failed: Phase 'build132-phase2-coverage-tracker' validation failed: Protected paths in scope: src/autopack/coverage_tracker.py...
[2025-12-23 22:09:38] WARNING: [BUILD-123v2] Manifest generation failed for 'build132-phase2-coverage-tracker': Phase 'build132-phase2-coverage-tracker' validation failed: Protected paths in scope: src/autopack/coverage_tracker.py...
[2025-12-23 22:09:38] INFO: [build132-phase2-coverage-tracker] Step 1/4: Generating code with Builder (via LlmService)...
[2025-12-23 22:09:38] INFO: [Context] Loaded 3 recently modified files for fresh context
[2025-12-23 22:09:38] INFO: [Context] Loaded 1 files mentioned in phase description
[2025-12-23 22:09:38] INFO: [Context] Total: 17 files loaded for Builder context (modified=3, mentioned=1)
[2025-12-23 22:09:38] INFO: [TOKEN_BUDGET] Context loading: ~19999 tokens (99% of 20000 budget)
[2025-12-23 22:09:38] INFO: [build132-phase2-coverage-tracker] Loaded 17 files for context
[2025-12-23 22:09:38] INFO: [ModelSelector] Selected claude-sonnet-4-5 for builder (complexity=medium, attempt=0, intra_tier=0)
[2025-12-23 22:09:38] INFO: [MODEL-SELECT] Builder: model=claude-sonnet-4-5, complexity=medium->medium, attempt=0, category=implementation
[2025-12-23 22:09:38] INFO: [TokenEstimator] Budget selection: base=12288, estimated=822, with_buffer=986, selected=12288, confidence=80.0%
[2025-12-23 22:09:38] INFO: [BUILD-129] Token estimate: 822 output tokens (2 deliverables, confidence=0.80), selected budget: 12288
[2025-12-23 22:09:38] WARNING: CONSOLIDATED_DEBUG.md not found at C:\dev\Autopack\.autonomous_runs\file-organizer-app-v1\archive\CONSOLIDATED_DEBUG.md
[2025-12-23 22:09:38] WARNING: [TOKEN_SOFT_CAP] run_id=unknown phase_id=build132-phase2-coverage-tracker est_total=35195 soft_cap=32000 (prompt=23727 completion=11468 complexity=medium)
[2025-12-23 22:09:41] INFO: HTTP Request: POST https://api.anthropic.com/v1/messages "HTTP/1.1 200 OK"
[2025-12-23 22:10:14] INFO: [TOKEN_BUDGET] phase=build132-phase2-coverage-tracker complexity=medium input=31866 output=3137/16384 total=35003 utilization=19.1% model=claude-sonnet-4-5
[2025-12-23 22:10:14] INFO: [Builder] Generated 2 file diffs locally from full-file content
[2025-12-23 22:10:14] INFO: [TokenEstimationV2] predicted_output=822 actual_output=3137 smape=116.9% selected_budget=12288 category=implementation complexity=medium deliverables=2 success=True stop_reason=end_turn truncated=False model=claude-sonnet-4-5
[2025-12-23 22:10:14] INFO: [build132-phase2-coverage-tracker] Builder succeeded (35003 tokens)
[2025-12-23 22:10:14] INFO: [build132-phase2-coverage-tracker] No deliverables specified in scope, skipping validation
[2025-12-23 22:10:15] INFO: [build132-phase2-coverage-tracker] Step 2/5: Applying patch...
[2025-12-23 22:10:15] WARNING: [Isolation] BLOCKED: Patch attempts to modify protected path: src/autopack/coverage_tracker.py
[2025-12-23 22:10:15] ERROR: [Isolation] Patch rejected - 1 violations (protected paths + scope)
[2025-12-23 22:10:15] WARNING: [Governance] Protected path violation: 1 paths
[2025-12-23 22:10:15] INFO: [Governance:build132-phase2-coverage-tracker] Protected path violation detected: 1 paths
[2025-12-23 22:10:15] ERROR: [build132-phase2-coverage-tracker] Execution failed: 'AutonomousExecutor' object has no attribute 'db'
Traceback:
Traceback (most recent call last):
  File "C:\dev\Autopack\src\autopack\autonomous_executor.py", line 4505, in _execute_phase_with_recovery
    governance_handled = self._try_handle_governance_request(
                         ^^^^^^^^^^^^^^^^^^^^^^^^^^^^^^^^^^^^
  File "C:\dev\Autopack\src\autopack\autonomous_executor.py", line 7373, in _try_handle_governance_request
    db_session=self.db,
               ^^^^^^^
AttributeError: 'AutonomousExecutor' object has no attribute 'db'

[2025-12-23 22:10:15] INFO: [ARCHIVE_CONSOLIDATOR] Logged new error: Phase build132-phase2-coverage-tracker inner execution failure
[2025-12-23 22:10:15] INFO: Updated phase build132-phase2-coverage-tracker status to FAILED
[2025-12-23 22:10:15] WARNING: Failed to write run_summary from executor: name 'models' is not defined
[2025-12-23 22:10:26] INFO: [RetrievalTrigger] Phase build132-phase2-coverage-tracker attempt 1: Error messages lack context - triggering deep retrieval
[2025-12-23 22:10:26] INFO: [DeepRetrieval] Starting bounded retrieval for phase build132-phase2-coverage-tracker (priority=medium)
[2025-12-23 22:10:27] INFO: [DeepRetrieval] Retrieved 0 run artifacts (0 bytes), 1 SOT files (15360 bytes), 0 memory entries (0 bytes)
[2025-12-23 22:10:27] WARNING: [build132-phase2-coverage-tracker] Attempt 1/5 failed, will escalate model for next retry
[2025-12-23 22:10:27] WARNING: Phase build132-phase2-coverage-tracker finished with status: FAILED
[2025-12-23 22:10:27] INFO: Waiting 10s before next phase...
[2025-12-23 22:10:37] INFO: Iteration 3: Fetching run status...
[2025-12-23 22:10:37] INFO: [BUILD-041] Next phase: build132-phase3-executor-integration
[2025-12-23 22:10:37] INFO: [BUILD-123v2] Phase 'build132-phase3-executor-integration' has no scope - generating manifest...
[2025-12-23 22:10:37] INFO: Generating manifest for run: build132-coverage-delta-integration
[2025-12-23 22:10:37] INFO: Repo structure scanned successfully
[2025-12-23 22:10:37] INFO: [BUILD-128] Phase 'build132-phase3-executor-integration' has deliverables - inferring scope from deliverables
[2025-12-23 22:10:37] INFO: [BUILD-128] Inferred category 'backend' from deliverables (confidence=100.0%)
[2025-12-23 22:10:37] INFO: [BUILD-128] Generated scope: 1 paths, 1 context files
[2025-12-23 22:10:37] INFO: [BUILD-129] Added token estimate to phase: 936 output tokens (1 deliverables, confidence=0.80)
[2025-12-23 22:10:37] ERROR: Plan validation failed: Phase 'build132-phase3-executor-integration' validation failed: Protected paths in scope: src/autopack/autonomous_executor.py...
[2025-12-23 22:10:37] WARNING: [BUILD-123v2] Manifest generation failed for 'build132-phase3-executor-integration': Phase 'build132-phase3-executor-integration' validation failed: Protected paths in scope: src/autopack/autonomous_executor.py...
[2025-12-23 22:10:37] INFO: [build132-phase3-executor-integration] Step 1/4: Generating code with Builder (via LlmService)...
[2025-12-23 22:10:37] INFO: [Context] Loaded 3 recently modified files for fresh context
[2025-12-23 22:10:37] INFO: [Context] Loaded 2 files mentioned in phase description
[2025-12-23 22:10:37] INFO: [Context] Total: 17 files loaded for Builder context (modified=3, mentioned=2)
[2025-12-23 22:10:37] INFO: [TOKEN_BUDGET] Context loading: ~19999 tokens (99% of 20000 budget)
[2025-12-23 22:10:37] INFO: [build132-phase3-executor-integration] Loaded 17 files for context
[2025-12-23 22:10:37] INFO: [ModelSelector] Selected claude-sonnet-4-5 for builder (complexity=medium, attempt=0, intra_tier=0)
[2025-12-23 22:10:37] INFO: [MODEL-SELECT] Builder: model=claude-sonnet-4-5, complexity=medium->medium, attempt=0, category=integration
[2025-12-23 22:10:37] INFO: [TokenEstimator] Budget selection: base=12288, estimated=780, with_buffer=936, selected=12288, confidence=80.0%
[2025-12-23 22:10:37] INFO: [BUILD-129] Token estimate: 780 output tokens (1 deliverables, confidence=0.80), selected budget: 12288
[2025-12-23 22:10:37] WARNING: CONSOLIDATED_DEBUG.md not found at C:\dev\Autopack\.autonomous_runs\file-organizer-app-v1\archive\CONSOLIDATED_DEBUG.md
[2025-12-23 22:10:37] WARNING: [TOKEN_SOFT_CAP] run_id=unknown phase_id=build132-phase3-executor-integration est_total=34940 soft_cap=32000 (prompt=23472 completion=11468 complexity=medium)
[2025-12-23 22:10:40] INFO: HTTP Request: POST https://api.anthropic.com/v1/messages "HTTP/1.1 200 OK"
[2025-12-23 22:12:47] INFO: [TOKEN_BUDGET] phase=build132-phase3-executor-integration complexity=medium input=31939 output=7342/16384 total=39281 utilization=44.8% model=claude-sonnet-4-5
[2025-12-23 22:12:47] INFO: [Builder] Generated 1 file diffs locally from full-file content
[2025-12-23 22:12:47] INFO: [TokenEstimationV2] predicted_output=780 actual_output=7342 smape=161.6% selected_budget=12288 category=integration complexity=medium deliverables=1 success=True stop_reason=end_turn truncated=False model=claude-sonnet-4-5
[2025-12-23 22:12:47] INFO: [build132-phase3-executor-integration] Builder succeeded (39281 tokens)
[2025-12-23 22:12:47] INFO: [build132-phase3-executor-integration] No deliverables specified in scope, skipping validation
[2025-12-23 22:12:47] INFO: [build132-phase3-executor-integration] Step 2/5: Applying patch...
[2025-12-23 22:12:47] INFO: Removing existing file for new file patch: src/autopack/autonomous_executor.py
[2025-12-23 22:12:47] WARNING: [Isolation] BLOCKED: Patch attempts to modify protected path: src/autopack/autonomous_executor.py
[2025-12-23 22:12:47] ERROR: [Isolation] Patch rejected - 1 violations (protected paths + scope)
[2025-12-23 22:12:47] WARNING: [Governance] Protected path violation: 1 paths
[2025-12-23 22:12:47] INFO: [Governance:build132-phase3-executor-integration] Protected path violation detected: 1 paths
[2025-12-23 22:12:47] ERROR: [build132-phase3-executor-integration] Execution failed: 'AutonomousExecutor' object has no attribute 'db'
Traceback:
Traceback (most recent call last):
  File "C:\dev\Autopack\src\autopack\autonomous_executor.py", line 4505, in _execute_phase_with_recovery
  File "C:\dev\Autopack\src\autopack\autonomous_executor.py", line 7373, in _try_handle_governance_request
AttributeError: 'AutonomousExecutor' object has no attribute 'db'

[2025-12-23 22:12:47] INFO: [ARCHIVE_CONSOLIDATOR] Logged new error: Phase build132-phase3-executor-integration inner execution failure
[2025-12-23 22:12:47] INFO: Updated phase build132-phase3-executor-integration status to FAILED
[2025-12-23 22:12:47] WARNING: Failed to write run_summary from executor: name 'models' is not defined
[2025-12-23 22:12:58] INFO: [RetrievalTrigger] Phase build132-phase3-executor-integration attempt 1: Error messages lack context - triggering deep retrieval
[2025-12-23 22:12:58] INFO: [DeepRetrieval] Starting bounded retrieval for phase build132-phase3-executor-integration (priority=medium)
[2025-12-23 22:12:59] INFO: [DeepRetrieval] Retrieved 0 run artifacts (0 bytes), 1 SOT files (15360 bytes), 0 memory entries (0 bytes)
[2025-12-23 22:12:59] WARNING: [build132-phase3-executor-integration] Attempt 1/5 failed, will escalate model for next retry
[2025-12-23 22:12:59] WARNING: Phase build132-phase3-executor-integration finished with status: FAILED
[2025-12-23 22:12:59] INFO: Waiting 10s before next phase...
[2025-12-23 22:13:09] INFO: Iteration 4: Fetching run status...
[2025-12-23 22:13:09] INFO: [BUILD-041] Next phase: build132-phase4-documentation
[2025-12-23 22:13:09] INFO: [BUILD-123v2] Phase 'build132-phase4-documentation' has no scope - generating manifest...
[2025-12-23 22:13:09] INFO: Generating manifest for run: build132-coverage-delta-integration
[2025-12-23 22:13:09] INFO: Repo structure scanned successfully
[2025-12-23 22:13:09] INFO: [BUILD-128] Phase 'build132-phase4-documentation' has deliverables - inferring scope from deliverables
[2025-12-23 22:13:09] INFO: [BUILD-128] Inferred category 'documentation' from deliverables (confidence=33.3%)
[2025-12-23 22:13:09] INFO: [BUILD-128] Generated scope: 3 paths, 0 context files
[2025-12-23 22:13:09] INFO: [BUILD-129] Added token estimate to phase: 376 output tokens (3 deliverables, confidence=0.80)
[2025-12-23 22:13:09] INFO: [BUILD-123v2] Generated scope for 'build132-phase4-documentation': category=documentation, confidence=33.3%, files=3
[2025-12-23 22:13:09] WARNING: [Scope] Could not determine workspace from scope paths, using default: .
[2025-12-23 22:13:09] INFO: [build132-phase4-documentation] Step 1/4: Generating code with Builder (via LlmService)...
[2025-12-23 22:13:09] WARNING: [Scope] Could not determine workspace from scope paths, using default: .
[2025-12-23 22:13:09] INFO: [Scope] Loaded 3 files from scope configuration
[2025-12-23 22:13:09] INFO: [Scope] Scope paths: ['BUILD_HISTORY.md', 'BUILD_LOG.md', 'docs/BUILD-132_IMPLEMENTATION_STATUS.md']
[2025-12-23 22:13:09] INFO: [Scope] Loaded paths: ['BUILD_HISTORY.md', 'BUILD_LOG.md', 'docs/BUILD-132_IMPLEMENTATION_STATUS.md']...
[2025-12-23 22:13:09] INFO: [build132-phase4-documentation] Loaded 3 files for context
[2025-12-23 22:13:09] WARNING: [Scope] Could not determine workspace from scope paths, using default: .
[2025-12-23 22:13:09] INFO: [Scope] Validation passed: 3 files match scope configuration
[2025-12-23 22:13:09] INFO: [build132-phase4-documentation] Built deliverables contract: 3 required paths, 0 forbidden patterns
[2025-12-23 22:13:09] INFO: [build132-phase4-documentation] Deliverables manifest gate PASSED (3 paths)
[2025-12-23 22:13:09] INFO: [MODEL-SELECT] Builder: model=claude-sonnet-4-5, complexity=low->low, attempt=0, category=docs
[2025-12-23 22:13:09] INFO: [MODEL] Builder using claude-sonnet-4-5 due to: routing_policy:docs
[2025-12-23 22:13:09] INFO: [TokenEstimator] Budget selection: base=8192, estimated=471, with_buffer=565, selected=8192, confidence=80.0%
[2025-12-23 22:13:09] INFO: [BUILD-129] Token estimate: 471 output tokens (3 deliverables, confidence=0.80), selected budget: 8192
[2025-12-23 22:13:09] WARNING: CONSOLIDATED_DEBUG.md not found at C:\dev\Autopack\.autonomous_runs\file-organizer-app-v1\archive\CONSOLIDATED_DEBUG.md
[2025-12-23 22:13:09] WARNING: [TOKEN_SOFT_CAP] run_id=unknown phase_id=build132-phase4-documentation est_total=16696 soft_cap=12000 (prompt=5228 completion=11468 complexity=low)
[2025-12-23 22:13:14] INFO: Retrying request to /v1/messages in 0.428634 seconds
[2025-12-23 22:13:19] INFO: Retrying request to /v1/messages in 0.845008 seconds
[2025-12-23 22:13:24] INFO: HTTP Request: POST https://api.anthropic.com/v1/messages "HTTP/1.1 200 OK"
[2025-12-23 22:14:39] INFO: [TOKEN_BUDGET] phase=build132-phase4-documentation complexity=low input=5787 output=5267/16384 total=11054 utilization=32.1% model=claude-sonnet-4-5
[2025-12-23 22:14:39] INFO: [Builder] Generated 1 file diffs locally from full-file content
[2025-12-23 22:14:39] INFO: [TokenEstimationV2] predicted_output=471 actual_output=5267 smape=167.2% selected_budget=8192 category=docs complexity=low deliverables=3 success=True stop_reason=end_turn truncated=False model=claude-sonnet-4-5
[2025-12-23 22:14:39] INFO: [build132-phase4-documentation] Builder succeeded (11054 tokens)
[2025-12-23 22:14:39] INFO: [build132-phase4-documentation] Deliverables validation:
[2025-12-23 22:14:39] INFO:   Expected: 3 files
[2025-12-23 22:14:39] INFO:   Found in patch: 1 files
[2025-12-23 22:14:39] ERROR: [build132-phase4-documentation] ‚ùå Deliverables validation FAILED
[2025-12-23 22:14:39] ERROR: [build132-phase4-documentation]    Missing 2 required deliverables:
[2025-12-23 22:14:39] ERROR: [build132-phase4-documentation]      - BUILD_HISTORY.md
[2025-12-23 22:14:39] ERROR: [build132-phase4-documentation]      - BUILD_LOG.md
[2025-12-23 22:14:39] ERROR: [build132-phase4-documentation] Deliverables validation failed
[2025-12-23 22:14:39] ERROR: [build132-phase4-documentation] ‚ùå DELIVERABLES VALIDATION FAILED

Your patch does not create the required deliverable files.

üìã REQUIRED DELIVERABLES:
  ‚úì BUILD_HISTORY.md
  ‚úì BUILD_LOG.md
  ‚úì docs/BUILD-132_IMPLEMENTATION_STATUS.md

üìÑ FILES IN YOUR PATCH:
  ‚Ä¢ docs/BUILD-132_IMPLEMENTATION_STATUS.md

‚úÖ ALLOWED ROOTS (you may ONLY create files under these prefixes):
  - BUILD_HISTORY.md/
  - BUILD_LOG.md/
  - docs/

‚ùå MISSING FILES:
  - BUILD_HISTORY.md
  - BUILD_LOG.md

üîß ACTION REQUIRED:
Please regenerate the patch with files in the correct locations.
Ensure all file paths match the deliverables specification exactly.
[2025-12-23 22:14:50] INFO: [RetrievalTrigger] Phase build132-phase4-documentation attempt 1: Error messages lack context - triggering deep retrieval
[2025-12-23 22:14:50] INFO: [DeepRetrieval] Starting bounded retrieval for phase build132-phase4-documentation (priority=medium)
[2025-12-23 22:14:51] INFO: [DeepRetrieval] Retrieved 0 run artifacts (0 bytes), 1 SOT files (15360 bytes), 0 memory entries (0 bytes)
[2025-12-23 22:14:51] WARNING: [build132-phase4-documentation] Attempt 1/5 failed, will escalate model for next retry
[2025-12-23 22:14:51] WARNING: Phase build132-phase4-documentation finished with status: DELIVERABLES_VALIDATION_FAILED
[2025-12-23 22:14:51] INFO: Waiting 10s before next phase...
[2025-12-23 22:15:01] INFO: Iteration 5: Fetching run status...
[2025-12-23 22:15:01] INFO: [BUILD-041] Next phase: build132-phase4-documentation
[2025-12-23 22:15:01] INFO: [BUILD-123v2] Phase 'build132-phase4-documentation' has no scope - generating manifest...
[2025-12-23 22:15:01] INFO: Generating manifest for run: build132-coverage-delta-integration
[2025-12-23 22:15:01] INFO: Repo structure scanned successfully
[2025-12-23 22:15:01] INFO: [BUILD-128] Phase 'build132-phase4-documentation' has deliverables - inferring scope from deliverables
[2025-12-23 22:15:01] INFO: [BUILD-128] Inferred category 'documentation' from deliverables (confidence=33.3%)
[2025-12-23 22:15:01] INFO: [BUILD-128] Generated scope: 3 paths, 0 context files
[2025-12-23 22:15:01] INFO: [BUILD-129] Added token estimate to phase: 376 output tokens (3 deliverables, confidence=0.80)
[2025-12-23 22:15:01] INFO: [BUILD-123v2] Generated scope for 'build132-phase4-documentation': category=documentation, confidence=33.3%, files=3
[2025-12-23 22:15:01] WARNING: [Scope] Could not determine workspace from scope paths, using default: .
[2025-12-23 22:15:01] INFO: [build132-phase4-documentation] Step 1/4: Generating code with Builder (via LlmService)...
[2025-12-23 22:15:01] WARNING: [Scope] Could not determine workspace from scope paths, using default: .
[2025-12-23 22:15:01] INFO: [Scope] Loaded 3 files from scope configuration
[2025-12-23 22:15:01] INFO: [Scope] Scope paths: ['BUILD_HISTORY.md', 'BUILD_LOG.md', 'docs/BUILD-132_IMPLEMENTATION_STATUS.md']
[2025-12-23 22:15:01] INFO: [Scope] Loaded paths: ['BUILD_HISTORY.md', 'BUILD_LOG.md', 'docs/BUILD-132_IMPLEMENTATION_STATUS.md']...
[2025-12-23 22:15:01] INFO: [build132-phase4-documentation] Loaded 3 files for context
[2025-12-23 22:15:01] WARNING: [Scope] Could not determine workspace from scope paths, using default: .
[2025-12-23 22:15:01] INFO: [Scope] Validation passed: 3 files match scope configuration
[2025-12-23 22:15:01] INFO: [build132-phase4-documentation] Built deliverables contract: 3 required paths, 0 forbidden patterns
[2025-12-23 22:15:01] INFO: [build132-phase4-documentation] Deliverables manifest gate PASSED (3 paths)
[2025-12-23 22:15:01] INFO: [MODEL-SELECT] Builder: model=claude-sonnet-4-5, complexity=low->low, attempt=0, category=docs
[2025-12-23 22:15:01] INFO: [MODEL] Builder using claude-sonnet-4-5 due to: routing_policy:docs
[2025-12-23 22:15:01] INFO: [TokenEstimator] Budget selection: base=8192, estimated=471, with_buffer=565, selected=8192, confidence=80.0%
[2025-12-23 22:15:01] INFO: [BUILD-129] Token estimate: 471 output tokens (3 deliverables, confidence=0.80), selected budget: 8192
[2025-12-23 22:15:01] WARNING: CONSOLIDATED_DEBUG.md not found at C:\dev\Autopack\.autonomous_runs\file-organizer-app-v1\archive\CONSOLIDATED_DEBUG.md
[2025-12-23 22:15:01] WARNING: [TOKEN_SOFT_CAP] run_id=unknown phase_id=build132-phase4-documentation est_total=16696 soft_cap=12000 (prompt=5228 completion=11468 complexity=low)
[2025-12-23 22:15:03] INFO: HTTP Request: POST https://api.anthropic.com/v1/messages "HTTP/1.1 200 OK"
[2025-12-23 22:16:18] INFO: [TOKEN_BUDGET] phase=build132-phase4-documentation complexity=low input=5787 output=5267/16384 total=11054 utilization=32.1% model=claude-sonnet-4-5
[2025-12-23 22:16:18] INFO: [Builder] Generated 1 file diffs locally from full-file content
[2025-12-23 22:16:18] INFO: [TokenEstimationV2] predicted_output=471 actual_output=5267 smape=167.2% selected_budget=8192 category=docs complexity=low deliverables=3 success=True stop_reason=end_turn truncated=False model=claude-sonnet-4-5
[2025-12-23 22:16:18] INFO: [build132-phase4-documentation] Builder succeeded (11054 tokens)
[2025-12-23 22:16:18] INFO: [build132-phase4-documentation] Deliverables validation:
[2025-12-23 22:16:18] INFO:   Expected: 3 files
[2025-12-23 22:16:18] INFO:   Found in patch: 1 files
[2025-12-23 22:16:18] ERROR: [build132-phase4-documentation] ‚ùå Deliverables validation FAILED
[2025-12-23 22:16:18] ERROR: [build132-phase4-documentation]    Missing 2 required deliverables:
[2025-12-23 22:16:18] ERROR: [build132-phase4-documentation]      - BUILD_HISTORY.md
[2025-12-23 22:16:18] ERROR: [build132-phase4-documentation]      - BUILD_LOG.md
[2025-12-23 22:16:18] ERROR: [build132-phase4-documentation] Deliverables validation failed
[2025-12-23 22:16:18] ERROR: [build132-phase4-documentation] ‚ùå DELIVERABLES VALIDATION FAILED

Your patch does not create the required deliverable files.

üìã REQUIRED DELIVERABLES:
  ‚úì BUILD_HISTORY.md
  ‚úì BUILD_LOG.md
  ‚úì docs/BUILD-132_IMPLEMENTATION_STATUS.md

üìÑ FILES IN YOUR PATCH:
  ‚Ä¢ docs/BUILD-132_IMPLEMENTATION_STATUS.md

‚úÖ ALLOWED ROOTS (you may ONLY create files under these prefixes):
  - BUILD_HISTORY.md/
  - BUILD_LOG.md/
  - docs/

‚ùå MISSING FILES:
  - BUILD_HISTORY.md
  - BUILD_LOG.md

üîß ACTION REQUIRED:
Please regenerate the patch with files in the correct locations.
Ensure all file paths match the deliverables specification exactly.
[2025-12-23 22:16:29] INFO: [RetrievalTrigger] Phase build132-phase4-documentation attempt 1: Error messages lack context - triggering deep retrieval
[2025-12-23 22:16:29] INFO: [DeepRetrieval] Starting bounded retrieval for phase build132-phase4-documentation (priority=medium)
[2025-12-23 22:16:30] INFO: [DeepRetrieval] Retrieved 0 run artifacts (0 bytes), 1 SOT files (15360 bytes), 0 memory entries (0 bytes)
[2025-12-23 22:16:30] INFO: [REPLAN-TRIGGER] reason=similar_errors type=deliverables_validation_failed phase=build132-phase4-documentation attempt=2 count=2 similarity_threshold=0.8
[2025-12-23 22:16:30] INFO: [build132-phase4-documentation] Triggering mid-run re-planning due to deliverables_validation_failed
[2025-12-23 22:16:30] INFO: [Re-Plan] Revising approach for build132-phase4-documentation due to deliverables_validation_failed (attempt 1)
[2025-12-23 22:16:30] INFO: [GoalAnchor] Original intent: Update documentation to reflect BUILD-132 completion....
[2025-12-23 22:16:42] INFO: HTTP Request: POST https://api.anthropic.com/v1/messages "HTTP/1.1 200 OK"
[2025-12-23 22:16:42] INFO: [GoalAnchor] Alignment classification: broader - Revision appears to expand scope
[2025-12-23 22:16:42] INFO: [Re-Plan] Successfully revised phase build132-phase4-documentation
[2025-12-23 22:16:42] INFO: [Re-Plan] Original: Update documentation to reflect BUILD-132 completion.

Tasks:
1. Update BUILD_HISTORY.md:
   - Add B...
[2025-12-23 22:16:42] INFO: [Re-Plan] Revised: Update documentation to reflect BUILD-132 completion with explicit file content specifications and v...
[2025-12-23 22:16:42] INFO: [GoalAnchor] REPLAN_TELEMETRY: run_id=build132-coverage-delta-integration phase_id=build132-phase4-documentation attempt=1 alignment=broader replan_count_phase=1 replan_count_run=1
[2025-12-23 22:16:42] INFO: [ARCHIVE_CONSOLIDATOR] Logged build event: PHASE_REPLANNED
[2025-12-23 22:16:42] WARNING: Phase build132-phase4-documentation finished with status: REPLAN_REQUESTED
[2025-12-23 22:16:42] INFO: Waiting 10s before next phase...
[2025-12-23 22:16:52] INFO: Iteration 6: Fetching run status...
[2025-12-23 22:16:52] INFO: [BUILD-041] Next phase: build132-phase4-documentation
[2025-12-23 22:16:52] INFO: [BUILD-123v2] Phase 'build132-phase4-documentation' has no scope - generating manifest...
[2025-12-23 22:16:52] INFO: Generating manifest for run: build132-coverage-delta-integration
[2025-12-23 22:16:52] INFO: Repo structure scanned successfully
[2025-12-23 22:16:52] INFO: [BUILD-128] Phase 'build132-phase4-documentation' has deliverables - inferring scope from deliverables
[2025-12-23 22:16:52] INFO: [BUILD-128] Inferred category 'documentation' from deliverables (confidence=33.3%)
[2025-12-23 22:16:52] INFO: [BUILD-128] Generated scope: 3 paths, 0 context files
[2025-12-23 22:16:52] INFO: [BUILD-129] Added token estimate to phase: 376 output tokens (3 deliverables, confidence=0.80)
[2025-12-23 22:16:52] INFO: [BUILD-123v2] Generated scope for 'build132-phase4-documentation': category=documentation, confidence=33.3%, files=3
[2025-12-23 22:16:52] WARNING: [Scope] Could not determine workspace from scope paths, using default: .
[2025-12-23 22:16:52] INFO: [build132-phase4-documentation] Step 1/4: Generating code with Builder (via LlmService)...
[2025-12-23 22:16:52] WARNING: [Scope] Could not determine workspace from scope paths, using default: .
[2025-12-23 22:16:52] INFO: [Scope] Loaded 3 files from scope configuration
[2025-12-23 22:16:52] INFO: [Scope] Scope paths: ['BUILD_HISTORY.md', 'BUILD_LOG.md', 'docs/BUILD-132_IMPLEMENTATION_STATUS.md']
[2025-12-23 22:16:52] INFO: [Scope] Loaded paths: ['BUILD_HISTORY.md', 'BUILD_LOG.md', 'docs/BUILD-132_IMPLEMENTATION_STATUS.md']...
[2025-12-23 22:16:52] INFO: [build132-phase4-documentation] Loaded 3 files for context
[2025-12-23 22:16:52] WARNING: [Scope] Could not determine workspace from scope paths, using default: .
[2025-12-23 22:16:52] INFO: [Scope] Validation passed: 3 files match scope configuration
[2025-12-23 22:16:52] INFO: [build132-phase4-documentation] Built deliverables contract: 3 required paths, 0 forbidden patterns
[2025-12-23 22:16:52] INFO: [build132-phase4-documentation] Deliverables manifest gate PASSED (3 paths)
[2025-12-23 22:16:52] INFO: [MODEL-SELECT] Builder: model=claude-sonnet-4-5, complexity=low->low, attempt=0, category=docs
[2025-12-23 22:16:52] INFO: [MODEL] Builder using claude-sonnet-4-5 due to: routing_policy:docs
[2025-12-23 22:16:52] INFO: [TokenEstimator] Budget selection: base=8192, estimated=471, with_buffer=565, selected=8192, confidence=80.0%
[2025-12-23 22:16:52] INFO: [BUILD-129] Token estimate: 471 output tokens (3 deliverables, confidence=0.80), selected budget: 8192
[2025-12-23 22:16:52] WARNING: CONSOLIDATED_DEBUG.md not found at C:\dev\Autopack\.autonomous_runs\file-organizer-app-v1\archive\CONSOLIDATED_DEBUG.md
[2025-12-23 22:16:52] WARNING: [TOKEN_SOFT_CAP] run_id=unknown phase_id=build132-phase4-documentation est_total=16696 soft_cap=12000 (prompt=5228 completion=11468 complexity=low)
[2025-12-23 22:16:54] INFO: HTTP Request: POST https://api.anthropic.com/v1/messages "HTTP/1.1 200 OK"
[2025-12-23 22:18:09] INFO: [TOKEN_BUDGET] phase=build132-phase4-documentation complexity=low input=5787 output=5267/16384 total=11054 utilization=32.1% model=claude-sonnet-4-5
[2025-12-23 22:18:09] INFO: [Builder] Generated 1 file diffs locally from full-file content
[2025-12-23 22:18:09] INFO: [TokenEstimationV2] predicted_output=471 actual_output=5267 smape=167.2% selected_budget=8192 category=docs complexity=low deliverables=3 success=True stop_reason=end_turn truncated=False model=claude-sonnet-4-5
[2025-12-23 22:18:09] INFO: [build132-phase4-documentation] Builder succeeded (11054 tokens)
[2025-12-23 22:18:09] INFO: [build132-phase4-documentation] Deliverables validation:
[2025-12-23 22:18:09] INFO:   Expected: 3 files
[2025-12-23 22:18:09] INFO:   Found in patch: 1 files
[2025-12-23 22:18:09] ERROR: [build132-phase4-documentation] ‚ùå Deliverables validation FAILED
[2025-12-23 22:18:09] ERROR: [build132-phase4-documentation]    Missing 2 required deliverables:
[2025-12-23 22:18:09] ERROR: [build132-phase4-documentation]      - BUILD_HISTORY.md
[2025-12-23 22:18:09] ERROR: [build132-phase4-documentation]      - BUILD_LOG.md
[2025-12-23 22:18:09] ERROR: [build132-phase4-documentation] Deliverables validation failed
[2025-12-23 22:18:09] ERROR: [build132-phase4-documentation] ‚ùå DELIVERABLES VALIDATION FAILED

Your patch does not create the required deliverable files.

üìã REQUIRED DELIVERABLES:
  ‚úì BUILD_HISTORY.md
  ‚úì BUILD_LOG.md
  ‚úì docs/BUILD-132_IMPLEMENTATION_STATUS.md

üìÑ FILES IN YOUR PATCH:
  ‚Ä¢ docs/BUILD-132_IMPLEMENTATION_STATUS.md

‚úÖ ALLOWED ROOTS (you may ONLY create files under these prefixes):
  - BUILD_HISTORY.md/
  - BUILD_LOG.md/
  - docs/

‚ùå MISSING FILES:
  - BUILD_HISTORY.md
  - BUILD_LOG.md

üîß ACTION REQUIRED:
Please regenerate the patch with files in the correct locations.
Ensure all file paths match the deliverables specification exactly.
