faiss library not installed; FaissStore will use in-memory fallback
[2025-12-23 23:43:01] INFO: [LOCK] Acquired executor lock for run_id=build129-p2-validation (PID=3776, host=Harry)
[2025-12-23 23:43:01] INFO: Applying pre-emptive encoding fix...
[2025-12-23 23:43:01] INFO: [Recovery] Fixing Unicode encoding error...
[2025-12-23 23:43:01] INFO: [Recovery] SUCCESS: Encoding fixed (UTF-8 enabled)
[2025-12-23 23:43:01] INFO: Database tables initialized
[2025-12-23 23:43:01] INFO: Loaded BuilderOutputConfig: max_lines_for_full_file=1000, max_lines_hard_limit=1000
[2025-12-23 23:43:01] INFO: Doctor execute_fix enabled: True
[2025-12-23 23:43:01] INFO: FileSizeTelemetry initialized: .autonomous_runs\autopack\file_size_telemetry.jsonl
[2025-12-23 23:43:07] INFO: [Qdrant] Connected to localhost:6333
[2025-12-23 23:43:07] INFO: [MemoryService] Using Qdrant backend
[2025-12-23 23:43:11] ERROR: [Qdrant] Failed to ensure collection 'code_docs': [WinError 10061] No connection could be made because the target machine actively refused it
[2025-12-23 23:43:11] WARNING: MemoryService initialization failed, running without memory: [WinError 10061] No connection could be made because the target machine actively refused it
[2025-12-23 23:43:11] INFO: [FileLayout] Project: autopack, Family: build129-p2-validation, Base: .autonomous_runs\autopack\runs\build129-p2-validation
[2025-12-23 23:43:11] INFO: Initialized autonomous executor for run: build129-p2-validation
[2025-12-23 23:43:11] INFO: API URL: http://localhost:8000
[2025-12-23 23:43:11] INFO: Workspace: .
[2025-12-23 23:43:11] INFO: Running proactive startup checks from DEBUG_JOURNAL.md...
[2025-12-23 23:43:11] INFO: [HIGH] Checking: Windows Unicode Fix (PYTHONUTF8)
[2025-12-23 23:43:11] INFO:   Reason: Prevents UnicodeEncodeError with emoji characters in logs (Issue #3)
[2025-12-23 23:43:11] INFO:   Check PASSED
[2025-12-23 23:43:11] INFO: [SchemaValidator] Starting database schema validation...
[2025-12-23 23:43:11] INFO: [SchemaValidator] ✅ Database schema validation PASSED
[2025-12-23 23:43:11] INFO: Startup checks complete
[2025-12-23 23:43:12] INFO: [BUILD-123v2] Manifest generator initialized (deterministic scope generation)
[2025-12-23 23:43:12] INFO: [HealthCheck:T0] API Keys: PASSED (0ms) - All required API keys present
[2025-12-23 23:43:12] INFO: [HealthCheck:T0] Database: PASSED (0ms) - Database accessible: C:\dev\Autopack\autopack.db
[2025-12-23 23:43:12] INFO: [HealthCheck:T0] Workspace: PASSED (0ms) - Workspace valid: C:\dev\Autopack
[2025-12-23 23:43:12] INFO: [HealthCheck:T0] Config: PASSED (25ms) - Configuration files valid
[2025-12-23 23:43:12] INFO: [BUILD-127] Completion authority initialized (PhaseFinalizer + TestBaselineTracker)
[2025-12-23 23:43:12] INFO: [BUILD-127] Capturing T0 baseline at commit 76165c5e...
[2025-12-23 23:43:12] INFO: [Baseline] Using cached baseline for commit 76165c5e
[2025-12-23 23:43:12] INFO: [BUILD-127] T0 baseline: 0 tests, 0 passing, 0 failing, 0 errors
[2025-12-23 23:43:12] INFO: Starting autonomous execution loop...
[2025-12-23 23:43:12] INFO: Poll interval: 10s
[2025-12-23 23:43:12] INFO: API server is already running
[2025-12-23 23:43:12] INFO: Initializing infrastructure...
[2025-12-23 23:43:16] INFO: LlmService: Initialized with ModelRouter and UsageRecorder
[2025-12-23 23:43:16] INFO: Quality Gate: Initialized
[2025-12-23 23:43:16] INFO: Iteration 1: Fetching run status...
[2025-12-23 23:43:16] INFO: [BUILD-041] Next phase: build129-p2-val-1
[2025-12-23 23:43:16] INFO: [BUILD-123v2] Phase 'build129-p2-val-1' has no scope - generating manifest...
[2025-12-23 23:43:16] INFO: Generating manifest for run: build129-p2-validation
[2025-12-23 23:43:16] INFO: Repo structure scanned successfully
[2025-12-23 23:43:16] INFO: [BUILD-128] Phase 'build129-p2-val-1' has deliverables - inferring scope from deliverables
[2025-12-23 23:43:16] INFO: [BUILD-128] Inferred category 'tests' from deliverables (confidence=100.0%)
[2025-12-23 23:43:16] INFO: [BUILD-128] Generated scope: 2 paths, 1 context files
[2025-12-23 23:43:16] INFO: [BUILD-129] Added token estimate to phase: 5040 output tokens (2 deliverables, confidence=0.80)
[2025-12-23 23:43:16] ERROR: Plan validation failed: Phase 'build129-p2-val-1' validation failed: Protected paths in scope: src/autopack/validation/test_phase1.py...
[2025-12-23 23:43:16] WARNING: [BUILD-123v2] Manifest generation failed for 'build129-p2-val-1': Phase 'build129-p2-val-1' validation failed: Protected paths in scope: src/autopack/validation/test_phase1.py...
[2025-12-23 23:43:16] INFO: [build129-p2-val-1] Step 1/4: Generating code with Builder (via LlmService)...
[2025-12-23 23:43:16] INFO: [Context] Loaded 9 recently modified files for fresh context
[2025-12-23 23:43:16] INFO: [Context] Total: 18 files loaded for Builder context (modified=9, mentioned=0)
[2025-12-23 23:43:16] INFO: [TOKEN_BUDGET] Context loading: ~19997 tokens (99% of 20000 budget)
[2025-12-23 23:43:16] INFO: [build129-p2-val-1] Loaded 18 files for context
[2025-12-23 23:43:16] INFO: [ModelSelector] Selected claude-sonnet-4-5 for builder (complexity=medium, attempt=0, intra_tier=0)
[2025-12-23 23:43:16] INFO: [MODEL-SELECT] Builder: model=claude-sonnet-4-5, complexity=medium->medium, attempt=0, category=implementation
[2025-12-23 23:43:16] INFO: [TokenEstimator] Budget selection: base=12288, estimated=5040, with_buffer=5796, selected=12288, confidence=80.0%
[2025-12-23 23:43:16] INFO: [BUILD-129] Token estimate: 5040 output tokens (2 deliverables, confidence=0.80), selected budget: 12288
[2025-12-23 23:43:16] WARNING: CONSOLIDATED_DEBUG.md not found at C:\dev\Autopack\.autonomous_runs\file-organizer-app-v1\archive\CONSOLIDATED_DEBUG.md
[2025-12-23 23:43:16] WARNING: [TOKEN_SOFT_CAP] run_id=unknown phase_id=build129-p2-val-1 est_total=35585 soft_cap=32000 (prompt=24117 completion=11468 complexity=medium)
[2025-12-23 23:43:19] INFO: HTTP Request: POST https://api.anthropic.com/v1/messages "HTTP/1.1 200 OK"
[2025-12-23 23:43:57] INFO: [TOKEN_BUDGET] phase=build129-p2-val-1 complexity=medium input=32407 output=3860/16384 total=36267 utilization=23.6% model=claude-sonnet-4-5
[2025-12-23 23:43:57] INFO: [Builder] Generated 2 file diffs locally from full-file content
[2025-12-23 23:43:57] INFO: [TokenEstimationV2] predicted_output=5040 actual_output=3860 smape=26.5% selected_budget=12288 category=implementation complexity=medium deliverables=2 success=True stop_reason=end_turn truncated=False model=claude-sonnet-4-5
[2025-12-23 23:43:57] INFO: [build129-p2-val-1] Builder succeeded (36267 tokens)
[2025-12-23 23:43:57] INFO: [build129-p2-val-1] No deliverables specified in scope, skipping validation
[2025-12-23 23:43:57] INFO: [build129-p2-val-1] Step 2/5: Applying patch...
[2025-12-23 23:43:57] WARNING: [Isolation] BLOCKED: Patch attempts to modify protected path: src/autopack/validation/test_phase1.py
[2025-12-23 23:43:57] ERROR: [Isolation] Patch rejected - 1 violations (protected paths + scope)
[2025-12-23 23:43:57] WARNING: [Governance] Protected path violation: 1 paths
[2025-12-23 23:43:57] INFO: [Governance:build129-p2-val-1] Protected path violation detected: 1 paths
[2025-12-23 23:43:57] ERROR: [build129-p2-val-1] Execution failed: 'AutonomousExecutor' object has no attribute 'db'
Traceback:
Traceback (most recent call last):
  File "C:\dev\Autopack\src\autopack\autonomous_executor.py", line 4505, in _execute_phase_with_recovery
    governance_handled = self._try_handle_governance_request(
                         ^^^^^^^^^^^^^^^^^^^^^^^^^^^^^^^^^^^^
  File "C:\dev\Autopack\src\autopack\autonomous_executor.py", line 7373, in _try_handle_governance_request
    db_session=self.db,
               ^^^^^^^
AttributeError: 'AutonomousExecutor' object has no attribute 'db'

[2025-12-23 23:43:57] INFO: [ARCHIVE_CONSOLIDATOR] Logged new error: Phase build129-p2-val-1 inner execution failure
[2025-12-23 23:43:57] INFO: Updated phase build129-p2-val-1 status to FAILED
[2025-12-23 23:43:57] WARNING: Failed to write run_summary from executor: name 'models' is not defined
[2025-12-23 23:44:08] INFO: [RetrievalTrigger] Phase build129-p2-val-1 attempt 1: Error messages lack context - triggering deep retrieval
[2025-12-23 23:44:08] INFO: [DeepRetrieval] Starting bounded retrieval for phase build129-p2-val-1 (priority=medium)
[2025-12-23 23:44:09] INFO: [DeepRetrieval] Retrieved 0 run artifacts (0 bytes), 1 SOT files (15360 bytes), 0 memory entries (0 bytes)
[2025-12-23 23:44:09] WARNING: [build129-p2-val-1] Attempt 1/5 failed, will escalate model for next retry
[2025-12-23 23:44:09] WARNING: Phase build129-p2-val-1 finished with status: FAILED
[2025-12-23 23:44:09] INFO: Waiting 10s before next phase...
[2025-12-23 23:44:19] INFO: Iteration 2: Fetching run status...
[2025-12-23 23:44:19] INFO: [BUILD-041] Next phase: build129-p2-val-2
[2025-12-23 23:44:19] INFO: [BUILD-123v2] Phase 'build129-p2-val-2' has no scope - generating manifest...
[2025-12-23 23:44:19] INFO: Generating manifest for run: build129-p2-validation
[2025-12-23 23:44:19] INFO: Repo structure scanned successfully
[2025-12-23 23:44:19] INFO: [BUILD-128] Phase 'build129-p2-val-2' has deliverables - inferring scope from deliverables
[2025-12-23 23:44:19] INFO: [BUILD-128] Inferred category 'backend' from deliverables (confidence=66.7%)
[2025-12-23 23:44:19] INFO: [BUILD-128] Generated scope: 3 paths, 1 context files
[2025-12-23 23:44:19] INFO: [BUILD-129] Added token estimate to phase: 5367 output tokens (3 deliverables, confidence=0.80)
[2025-12-23 23:44:19] ERROR: Plan validation failed: Phase 'build129-p2-val-2' validation failed: Protected paths in scope: src/autopack/validation/refactor_module.py, src/autopack/validation/helper.py...
[2025-12-23 23:44:19] WARNING: [BUILD-123v2] Manifest generation failed for 'build129-p2-val-2': Phase 'build129-p2-val-2' validation failed: Protected paths in scope: src/autopack/validation/refactor_module.py, src/autopack/validation/helper.py...
[2025-12-23 23:44:19] INFO: [build129-p2-val-2] Step 1/4: Generating code with Builder (via LlmService)...
[2025-12-23 23:44:19] INFO: [Context] Loaded 9 recently modified files for fresh context
[2025-12-23 23:44:19] INFO: [Context] Total: 18 files loaded for Builder context (modified=9, mentioned=0)
[2025-12-23 23:44:19] INFO: [TOKEN_BUDGET] Context loading: ~19997 tokens (99% of 20000 budget)
[2025-12-23 23:44:19] INFO: [build129-p2-val-2] Loaded 18 files for context
[2025-12-23 23:44:19] INFO: [ModelSelector] Selected claude-sonnet-4-5 for builder (complexity=low, attempt=0, intra_tier=0)
[2025-12-23 23:44:19] INFO: [MODEL-SELECT] Builder: model=claude-sonnet-4-5, complexity=low->low, attempt=0, category=refactoring
[2025-12-23 23:44:19] INFO: [TokenEstimator] Budget selection: base=8192, estimated=6440, with_buffer=7405, selected=8192, confidence=80.0%
[2025-12-23 23:44:19] INFO: [BUILD-129] Token estimate: 6440 output tokens (3 deliverables, confidence=0.80), selected budget: 8192
[2025-12-23 23:44:19] WARNING: CONSOLIDATED_DEBUG.md not found at C:\dev\Autopack\.autonomous_runs\file-organizer-app-v1\archive\CONSOLIDATED_DEBUG.md
[2025-12-23 23:44:19] WARNING: [TOKEN_SOFT_CAP] run_id=unknown phase_id=build129-p2-val-2 est_total=35585 soft_cap=12000 (prompt=24117 completion=11468 complexity=low)
[2025-12-23 23:44:22] INFO: HTTP Request: POST https://api.anthropic.com/v1/messages "HTTP/1.1 200 OK"
[2025-12-23 23:50:24] INFO: [TOKEN_BUDGET] phase=build129-p2-val-2 complexity=low input=32418 output=5353/16384 total=37771 utilization=32.7% model=claude-sonnet-4-5
[2025-12-23 23:50:25] INFO: [Builder] Generated 3 file diffs locally from full-file content
[2025-12-23 23:50:25] INFO: [TokenEstimationV2] predicted_output=6440 actual_output=5353 smape=18.4% selected_budget=8192 category=refactoring complexity=low deliverables=3 success=True stop_reason=end_turn truncated=False model=claude-sonnet-4-5
[2025-12-23 23:50:25] INFO: [build129-p2-val-2] Builder succeeded (37771 tokens)
[2025-12-23 23:50:25] INFO: [build129-p2-val-2] No deliverables specified in scope, skipping validation
[2025-12-23 23:50:25] INFO: [build129-p2-val-2] Step 2/5: Applying patch...
[2025-12-23 23:50:25] WARNING: [Isolation] BLOCKED: Patch attempts to modify protected path: src/autopack/validation/refactor_module.py
[2025-12-23 23:50:25] WARNING: [Isolation] BLOCKED: Patch attempts to modify protected path: src/autopack/validation/helper.py
[2025-12-23 23:50:25] ERROR: [Isolation] Patch rejected - 2 violations (protected paths + scope)
[2025-12-23 23:50:25] WARNING: [Governance] Protected path violation: 2 paths
[2025-12-23 23:50:25] INFO: [Governance:build129-p2-val-2] Protected path violation detected: 2 paths
[2025-12-23 23:50:25] ERROR: [build129-p2-val-2] Execution failed: 'AutonomousExecutor' object has no attribute 'db'
Traceback:
Traceback (most recent call last):
  File "C:\dev\Autopack\src\autopack\autonomous_executor.py", line 4505, in _execute_phase_with_recovery
    governance_handled = self._try_handle_governance_request(
                         ^^^^^^^^^^^^^^^^^^^^^^^^^^^^^^^^^^^^
  File "C:\dev\Autopack\src\autopack\autonomous_executor.py", line 7373, in _try_handle_governance_request
    db_session=self.db,
               ^^^^^^^
AttributeError: 'AutonomousExecutor' object has no attribute 'db'

[2025-12-23 23:50:25] INFO: [ARCHIVE_CONSOLIDATOR] Logged new error: Phase build129-p2-val-2 inner execution failure
[2025-12-23 23:50:25] INFO: Updated phase build129-p2-val-2 status to FAILED
[2025-12-23 23:50:25] WARNING: Failed to write run_summary from executor: name 'models' is not defined
[2025-12-23 23:50:37] INFO: [RetrievalTrigger] Phase build129-p2-val-2 attempt 1: Error messages lack context - triggering deep retrieval
[2025-12-23 23:50:37] INFO: [DeepRetrieval] Starting bounded retrieval for phase build129-p2-val-2 (priority=medium)
[2025-12-23 23:50:38] INFO: [DeepRetrieval] Retrieved 0 run artifacts (0 bytes), 1 SOT files (15360 bytes), 0 memory entries (0 bytes)
[2025-12-23 23:50:38] WARNING: [build129-p2-val-2] Attempt 1/5 failed, will escalate model for next retry
[2025-12-23 23:50:38] WARNING: Phase build129-p2-val-2 finished with status: FAILED
[2025-12-23 23:50:38] INFO: Waiting 10s before next phase...
[2025-12-23 23:50:48] INFO: Iteration 3: Fetching run status...
[2025-12-23 23:50:48] INFO: [BUILD-041] Next phase: build129-p2-val-3
[2025-12-23 23:50:48] INFO: [BUILD-123v2] Phase 'build129-p2-val-3' has no scope - generating manifest...
[2025-12-23 23:50:48] INFO: Generating manifest for run: build129-p2-validation
[2025-12-23 23:50:48] INFO: Repo structure scanned successfully
[2025-12-23 23:50:48] INFO: [BUILD-128] Phase 'build129-p2-val-3' has deliverables - inferring scope from deliverables
[2025-12-23 23:50:48] INFO: [BUILD-128] Inferred category 'unknown' from deliverables (confidence=0.0%)
[2025-12-23 23:50:48] INFO: [BUILD-128] Generated scope: 2 paths, 0 context files
[2025-12-23 23:50:48] INFO: [BUILD-129] Added token estimate to phase: 3672 output tokens (2 deliverables, confidence=0.80)
[2025-12-23 23:50:48] INFO: [BUILD-123v2] Generated scope for 'build129-p2-val-3': category=unknown, confidence=0.0%, files=2
[2025-12-23 23:50:48] WARNING: [BUILD-123v2] Low confidence (0.0%) for phase 'build129-p2-val-3' - scope may be incomplete. Builder may need to request expansion.
[2025-12-23 23:50:48] WARNING: [Scope] Could not determine workspace from scope paths, using default: .
[2025-12-23 23:50:48] INFO: [build129-p2-val-3] Step 1/4: Generating code with Builder (via LlmService)...
[2025-12-23 23:50:48] WARNING: [Scope] Could not determine workspace from scope paths, using default: .
[2025-12-23 23:50:48] WARNING: [Scope] Missing scope files: ['.build129_test_config.yaml', 'validation_settings.json']
[2025-12-23 23:50:48] INFO: [Scope] Loaded 2 files from scope configuration
[2025-12-23 23:50:48] INFO: [Scope] Scope paths: ['.build129_test_config.yaml', 'validation_settings.json']
[2025-12-23 23:50:48] INFO: [Scope] Loaded paths: ['.build129_test_config.yaml', 'validation_settings.json']...
[2025-12-23 23:50:48] INFO: [build129-p2-val-3] Loaded 2 files for context
[2025-12-23 23:50:48] WARNING: [Scope] Could not determine workspace from scope paths, using default: .
[2025-12-23 23:50:48] INFO: [Scope] Validation passed: 2 files match scope configuration
[2025-12-23 23:50:48] INFO: [build129-p2-val-3] Built deliverables contract: 2 required paths, 0 forbidden patterns
[2025-12-23 23:50:48] INFO: [build129-p2-val-3] Deliverables manifest gate PASSED (2 paths)
[2025-12-23 23:50:48] INFO: [ModelSelector] Selected claude-sonnet-4-5 for builder (complexity=low, attempt=0, intra_tier=0)
[2025-12-23 23:50:48] INFO: [MODEL-SELECT] Builder: model=claude-sonnet-4-5, complexity=low->low, attempt=0, category=configuration
[2025-12-23 23:50:48] INFO: [TokenEstimator] Budget selection: base=8192, estimated=3304, with_buffer=3799, selected=8192, confidence=80.0%
[2025-12-23 23:50:48] INFO: [BUILD-129] Token estimate: 3304 output tokens (2 deliverables, confidence=0.80), selected budget: 8192
[2025-12-23 23:50:48] WARNING: CONSOLIDATED_DEBUG.md not found at C:\dev\Autopack\.autonomous_runs\file-organizer-app-v1\archive\CONSOLIDATED_DEBUG.md
[2025-12-23 23:50:48] WARNING: [TOKEN_SOFT_CAP] run_id=unknown phase_id=build129-p2-val-3 est_total=12530 soft_cap=12000 (prompt=1062 completion=11468 complexity=low)
[2025-12-23 23:50:50] INFO: HTTP Request: POST https://api.anthropic.com/v1/messages "HTTP/1.1 200 OK"
[2025-12-23 23:51:01] INFO: [TOKEN_BUDGET] phase=build129-p2-val-3 complexity=low input=1099 output=830/16384 total=1929 utilization=5.1% model=claude-sonnet-4-5
[2025-12-23 23:51:01] INFO: [Builder] Generated 2 file diffs locally from full-file content
[2025-12-23 23:51:01] INFO: [TokenEstimationV2] predicted_output=3304 actual_output=830 smape=119.7% selected_budget=8192 category=configuration complexity=low deliverables=2 success=True stop_reason=end_turn truncated=False model=claude-sonnet-4-5
[2025-12-23 23:51:01] INFO: [build129-p2-val-3] Builder succeeded (1929 tokens)
[2025-12-23 23:51:01] INFO: [build129-p2-val-3] Deliverables validation:
[2025-12-23 23:51:01] INFO:   Expected: 2 files
[2025-12-23 23:51:01] INFO:   Found in patch: 2 files
[2025-12-23 23:51:01] INFO: [build129-p2-val-3] ✅ Deliverables validation PASSED
[2025-12-23 23:51:01] INFO: [build129-p2-val-3] Step 2/5: Applying patch...
[2025-12-23 23:51:01] INFO: Writing patch to temp_patch.diff
[2025-12-23 23:51:01] INFO: Checking if patch can be applied (dry run)...
[2025-12-23 23:51:01] INFO: Applying patch to filesystem...
[2025-12-23 23:51:01] INFO: Patch applied successfully - 2 files modified
[2025-12-23 23:51:01] INFO:   - .build129_test_config.yaml
[2025-12-23 23:51:01] INFO:   - validation_settings.json
[2025-12-23 23:51:01] INFO: [Validation] All 2 modified files validated successfully
[2025-12-23 23:51:01] INFO: [build129-p2-val-3] Patch applied successfully to filesystem
[2025-12-23 23:51:01] INFO: [build129-p2-val-3] Step 3/5: Running CI checks...
[2025-12-23 23:51:01] INFO: [build129-p2-val-3] Running CI checks (pytest)...
[2025-12-23 23:51:41] INFO: [build129-p2-val-3] CI output written to: .autonomous_runs\build129-p2-validation\ci\pytest_build129-p2-val-3.log
[2025-12-23 23:51:41] WARNING: [build129-p2-val-3] CI checks FAILED: return code 2
[2025-12-23 23:51:41] INFO: [build129-p2-val-3] Step 4/5: Reviewing patch with Auditor (via LlmService)...
[2025-12-23 23:51:41] INFO: [ModelSelector] Selected claude-sonnet-4-5 for auditor (complexity=low, attempt=0, intra_tier=0)
[2025-12-23 23:51:41] INFO: [MODEL-SELECT] Auditor: model=claude-sonnet-4-5, complexity=low->low, attempt=0, category=configuration
[2025-12-23 23:51:41] WARNING: CONSOLIDATED_DEBUG.md not found at C:\dev\Autopack\.autonomous_runs\file-organizer-app-v1\archive\CONSOLIDATED_DEBUG.md
[2025-12-23 23:51:55] INFO: HTTP Request: POST https://api.anthropic.com/v1/messages "HTTP/1.1 200 OK"
[2025-12-23 23:51:55] ERROR: [build129-p2-val-3] Execution failed: QualityGate.assess_phase() missing 1 required positional argument: 'patch_content'
Traceback:
Traceback (most recent call last):
  File "C:\dev\Autopack\src\autopack\autonomous_executor.py", line 4529, in _execute_phase_with_recovery
    auditor_result = self.llm_service.execute_auditor_review(
                     ^^^^^^^^^^^^^^^^^^^^^^^^^^^^^^^^^^^^^^^^
  File "C:\dev\Autopack\src\autopack\llm_service.py", line 534, in execute_auditor_review
    quality_report = self.quality_gate.assess_phase(
                     ^^^^^^^^^^^^^^^^^^^^^^^^^^^^^^^
TypeError: QualityGate.assess_phase() missing 1 required positional argument: 'patch_content'

[2025-12-23 23:51:55] INFO: [ARCHIVE_CONSOLIDATOR] Logged new error: Phase build129-p2-val-3 inner execution failure
[2025-12-23 23:51:55] INFO: Updated phase build129-p2-val-3 status to FAILED
[2025-12-23 23:51:55] WARNING: Failed to write run_summary from executor: name 'models' is not defined
[2025-12-23 23:52:07] INFO: [RetrievalTrigger] Phase build129-p2-val-3 attempt 1: Error messages lack context - triggering deep retrieval
[2025-12-23 23:52:07] INFO: [DeepRetrieval] Starting bounded retrieval for phase build129-p2-val-3 (priority=medium)
[2025-12-23 23:52:07] INFO: [DeepRetrieval] Retrieved 0 run artifacts (0 bytes), 1 SOT files (15360 bytes), 0 memory entries (0 bytes)
[2025-12-23 23:52:07] WARNING: [build129-p2-val-3] Attempt 1/5 failed, will escalate model for next retry
[2025-12-23 23:52:07] WARNING: Phase build129-p2-val-3 finished with status: FAILED
[2025-12-23 23:52:07] INFO: Waiting 10s before next phase...
[2025-12-23 23:52:17] INFO: Iteration 4: Fetching run status...
[2025-12-23 23:52:17] INFO: [BUILD-041] Next phase: build129-p2-val-4
[2025-12-23 23:52:17] INFO: [BUILD-123v2] Phase 'build129-p2-val-4' has no scope - generating manifest...
[2025-12-23 23:52:17] INFO: Generating manifest for run: build129-p2-validation
[2025-12-23 23:52:17] INFO: Repo structure scanned successfully
[2025-12-23 23:52:17] INFO: [BUILD-128] Phase 'build129-p2-val-4' has deliverables - inferring scope from deliverables
[2025-12-23 23:52:17] INFO: [BUILD-128] Inferred category 'tests' from deliverables (confidence=100.0%)
[2025-12-23 23:52:17] INFO: [BUILD-128] Generated scope: 4 paths, 1 context files
[2025-12-23 23:52:17] INFO: [BUILD-129] Added token estimate to phase: 7056 output tokens (4 deliverables, confidence=0.80)
[2025-12-23 23:52:17] INFO: [BUILD-123v2] Generated scope for 'build129-p2-val-4': category=tests, confidence=100.0%, files=4
[2025-12-23 23:52:17] WARNING: [Scope] Could not determine workspace from scope paths, using default: .
[2025-12-23 23:52:17] INFO: [build129-p2-val-4] Step 1/4: Generating code with Builder (via LlmService)...
[2025-12-23 23:52:17] WARNING: [Scope] Could not determine workspace from scope paths, using default: .
[2025-12-23 23:52:17] WARNING: [Scope] Missing scope files: ['tests/validation/test_suite_a.py', 'tests/validation/test_suite_b.py', 'tests/validation/test_suite_c.py', 'tests/validation/fixtures.py']
[2025-12-23 23:52:17] INFO: [Scope] Loaded 5 files from scope configuration
[2025-12-23 23:52:17] INFO: [Scope] Scope paths: ['tests/validation/test_suite_a.py', 'tests/validation/test_suite_b.py', 'tests/validation/test_suite_c.py', 'tests/validation/fixtures.py']
[2025-12-23 23:52:17] INFO: [Scope] Loaded paths: ['tests/validation/test_suite_a.py', 'tests/validation/test_suite_b.py', 'tests/validation/test_suite_c.py', 'tests/validation/fixtures.py', 'tests/conftest.py']...
[2025-12-23 23:52:17] INFO: [build129-p2-val-4] Loaded 5 files for context
[2025-12-23 23:52:17] WARNING: [Scope] Could not determine workspace from scope paths, using default: .
[2025-12-23 23:52:17] INFO: [Scope] Validation passed: 5 files match scope configuration
[2025-12-23 23:52:17] INFO: [build129-p2-val-4] Built deliverables contract: 4 required paths, 0 forbidden patterns
[2025-12-23 23:52:17] INFO: [build129-p2-val-4] Deliverables manifest gate PASSED (4 paths)
[2025-12-23 23:52:17] INFO: [ModelSelector] Selected claude-sonnet-4-5 for builder (complexity=medium, attempt=0, intra_tier=0)
[2025-12-23 23:52:17] INFO: [MODEL-SELECT] Builder: model=claude-sonnet-4-5, complexity=medium->medium, attempt=0, category=testing
[2025-12-23 23:52:17] INFO: [TokenEstimator] Budget selection: base=12288, estimated=6350, with_buffer=7302, selected=12288, confidence=80.0%
[2025-12-23 23:52:17] INFO: [BUILD-129] Token estimate: 6350 output tokens (4 deliverables, confidence=0.80), selected budget: 12288
[2025-12-23 23:52:17] WARNING: CONSOLIDATED_DEBUG.md not found at C:\dev\Autopack\.autonomous_runs\file-organizer-app-v1\archive\CONSOLIDATED_DEBUG.md
[2025-12-23 23:52:19] INFO: HTTP Request: POST https://api.anthropic.com/v1/messages "HTTP/1.1 200 OK"
