[2025-11-30 22:12:34] INFO: Applying pre-emptive encoding fix...
[2025-11-30 22:12:34] INFO: [Recovery] Fixing Unicode encoding error...
[2025-11-30 22:12:34] INFO: [Recovery] SUCCESS: Encoding fixed (UTF-8 enabled)
[2025-11-30 22:12:34] INFO: Database tables initialized
[2025-11-30 22:12:34] INFO: Initialized autonomous executor for run: backend-fixes-v6-20251130
[2025-11-30 22:12:34] INFO: API URL: http://localhost:8000
[2025-11-30 22:12:34] INFO: Workspace: .
[2025-11-30 22:12:34] INFO: Running proactive startup checks from DEBUG_JOURNAL.md...
[2025-11-30 22:12:34] INFO: [HIGH] Checking: Windows Unicode Fix (PYTHONUTF8)
[2025-11-30 22:12:34] INFO:   Reason: Prevents UnicodeEncodeError with emoji characters in logs (Issue #3)
[2025-11-30 22:12:34] INFO:   Check PASSED
[2025-11-30 22:12:34] INFO: Startup checks complete
[2025-11-30 22:12:34] INFO: Starting autonomous execution loop...
[2025-11-30 22:12:34] INFO: Poll interval: 10s
[2025-11-30 22:12:34] INFO: Initializing infrastructure...
[2025-11-30 22:12:37] INFO: LlmService: Initialized with ModelRouter and UsageRecorder
[2025-11-30 22:12:38] INFO: [DEPRECATED] Builder: Anthropic (Claude Sonnet 4.5) - Use LlmService instead
[2025-11-30 22:12:40] INFO: [DEPRECATED] Auditor: Dual (OpenAI + Anthropic) - Use LlmService instead
[2025-11-30 22:12:40] INFO: Quality Gate: Initialized
[2025-11-30 22:12:40] INFO: Iteration 1: Fetching run status...
[2025-11-30 22:12:40] INFO: Next phase: fix-pil-image-import
[2025-11-30 22:12:40] INFO: Executing phase: fix-pil-image-import
[2025-11-30 22:12:40] INFO: [fix-pil-image-import] Step 1/4: Generating code with Builder (via LlmService)...
[2025-11-30 22:12:40] INFO: [fix-pil-image-import] Loaded 30 files for context
[2025-11-30 22:12:44] INFO: HTTP Request: POST https://api.openai.com/v1/chat/completions "HTTP/1.1 200 OK"
[2025-11-30 22:12:45] INFO: [fix-pil-image-import] Builder succeeded (41569 tokens)
[2025-11-30 22:12:45] WARNING: Failed to post builder result: 500 Server Error: Internal Server Error for url: http://localhost:8000/runs/backend-fixes-v6-20251130/phases/fix-pil-image-import/builder_result
[2025-11-30 22:12:45] INFO: [ARCHIVE_CONSOLIDATOR] Logged new error: API failure: POST builder_result
[2025-11-30 22:12:45] INFO: [fix-pil-image-import] Step 2/5: Applying patch...
[2025-11-30 22:12:45] INFO: Writing patch to temp_patch.diff
[2025-11-30 22:12:45] INFO: Checking if patch can be applied (dry run)...
[2025-11-30 22:12:45] WARNING: Strict patch check failed: error: patch failed: src/backend/services/file_validator.py:1
error: src/backend/services/file_validator.py: patch does not apply
[2025-11-30 22:12:45] INFO: Retrying with lenient mode (--ignore-whitespace -C1)...
[2025-11-30 22:12:45] WARNING: Lenient mode also failed: error: patch failed: src/backend/services/file_validator.py:1
error: src/backend/services/file_validator.py: patch does not apply
[2025-11-30 22:12:45] INFO: Retrying with 3-way merge mode (-3)...
[2025-11-30 22:12:45] INFO: 3-way merge mode check passed
[2025-11-30 22:12:45] INFO: Applying patch to filesystem...
[2025-11-30 22:12:45] ERROR: Failed to apply patch: temp_patch.diff:6: trailing whitespace.
from PIL import Image
temp_patch.diff:7: trailing whitespace.

temp_patch.diff:7: new blank line at EOF.
+
Applied patch to 'src/backend/services/file_validator.py' with conflicts.
U src/backend/services/file_validator.py
warning: 3 lines add whitespace errors.
[2025-11-30 22:12:45] ERROR: [fix-pil-image-import] Failed to apply patch to filesystem: temp_patch.diff:6: trailing whitespace.
from PIL import Image
temp_patch.diff:7: trailing whitespace.

temp_patch.diff:7: new blank line at EOF.
+
Applied patch to 'src/backend/services/file_validator.py' with conflicts.
U src/backend/services/file_validator.py
warning: 3 lines add whitespace errors.
[2025-11-30 22:12:45] INFO: Updated phase fix-pil-image-import status to FAILED
[2025-11-30 22:12:45] WARNING: Phase fix-pil-image-import finished with status: PATCH_FAILED
[2025-11-30 22:12:45] INFO: Waiting 10s before next phase...
[2025-11-30 22:12:55] INFO: Iteration 2: Fetching run status...
[2025-11-30 22:12:55] INFO: Next phase: fix-testing-env
[2025-11-30 22:12:55] INFO: Executing phase: fix-testing-env
[2025-11-30 22:12:55] INFO: [fix-testing-env] Step 1/4: Generating code with Builder (via LlmService)...
[2025-11-30 22:12:55] INFO: [fix-testing-env] Loaded 30 files for context
[2025-11-30 22:13:00] INFO: HTTP Request: POST https://api.openai.com/v1/chat/completions "HTTP/1.1 200 OK"
[2025-11-30 22:13:00] INFO: [fix-testing-env] Builder succeeded (41631 tokens)
[2025-11-30 22:13:01] WARNING: Failed to post builder result: 500 Server Error: Internal Server Error for url: http://localhost:8000/runs/backend-fixes-v6-20251130/phases/fix-testing-env/builder_result
[2025-11-30 22:13:01] INFO: [ARCHIVE_CONSOLIDATOR] Logged new error: API failure: POST builder_result
[2025-11-30 22:13:01] INFO: [fix-testing-env] Step 2/5: Applying patch...
[2025-11-30 22:13:01] INFO: Writing patch to temp_patch.diff
[2025-11-30 22:13:01] INFO: Checking if patch can be applied (dry run)...
[2025-11-30 22:13:01] WARNING: Strict patch check failed: error: patch failed: tests/backend/conftest.py:1
error: tests/backend/conftest.py: patch does not apply
[2025-11-30 22:13:01] INFO: Retrying with lenient mode (--ignore-whitespace -C1)...
[2025-11-30 22:13:01] WARNING: Lenient mode also failed: error: patch failed: tests/backend/conftest.py:1
error: tests/backend/conftest.py: patch does not apply
[2025-11-30 22:13:01] INFO: Retrying with 3-way merge mode (-3)...
[2025-11-30 22:13:01] WARNING: All git apply modes failed, attempting direct file write fallback...
[2025-11-30 22:13:01] WARNING: Skipping tests/backend/conftest.py - cannot apply partial patch to existing file via direct write
[2025-11-30 22:13:01] ERROR: Direct file write also failed: error: tests/backend/conftest.py: does not exist in index
[2025-11-30 22:13:01] ERROR: Patch content:
diff --git a/tests/backend/conftest.py b/tests/backend/conftest.py
index e69de29..d3c1e5f 100644
--- a/tests/backend/conftest.py
+++ b/tests/backend/conftest.py
@@ -1,0 +1,10 @@
+import os
+import pytest
+
+@pytest.fixture(autouse=True)
+def set_testing_env_var():
+    """
+    Automatically set the TESTING environment variable to '1'
+    for all tests in the backend.
+    """
+    os.environ['TESTING'] = '1'
...
[2025-11-30 22:13:01] ERROR: [fix-testing-env] Failed to apply patch to filesystem: error: patch failed: tests/backend/conftest.py:1
error: tests/backend/conftest.py: patch does not apply
[2025-11-30 22:13:01] INFO: Updated phase fix-testing-env status to FAILED
[2025-11-30 22:13:01] WARNING: Phase fix-testing-env finished with status: PATCH_FAILED
[2025-11-30 22:13:01] INFO: Waiting 10s before next phase...
[2025-11-30 22:13:11] INFO: Iteration 3: Fetching run status...
[2025-11-30 22:13:11] INFO: Next phase: fix-australia-postcode
[2025-11-30 22:13:11] INFO: Executing phase: fix-australia-postcode
[2025-11-30 22:13:11] INFO: [fix-australia-postcode] Step 1/4: Generating code with Builder (via LlmService)...
[2025-11-30 22:13:11] INFO: [fix-australia-postcode] Loaded 30 files for context
[2025-11-30 22:13:16] INFO: HTTP Request: POST https://api.openai.com/v1/chat/completions "HTTP/1.1 200 OK"
[2025-11-30 22:13:16] INFO: [fix-australia-postcode] Builder succeeded (41729 tokens)
[2025-11-30 22:13:16] WARNING: Failed to post builder result: 500 Server Error: Internal Server Error for url: http://localhost:8000/runs/backend-fixes-v6-20251130/phases/fix-australia-postcode/builder_result
[2025-11-30 22:13:16] INFO: [ARCHIVE_CONSOLIDATOR] Logged new error: API failure: POST builder_result
[2025-11-30 22:13:16] INFO: [fix-australia-postcode] Step 2/5: Applying patch...
[2025-11-30 22:13:16] INFO: Writing patch to temp_patch.diff
[2025-11-30 22:13:16] INFO: Checking if patch can be applied (dry run)...
[2025-11-30 22:13:16] WARNING: Strict patch check failed: error: patch failed: src/backend/packs/australia_documents.py:1
error: src/backend/packs/australia_documents.py: patch does not apply
[2025-11-30 22:13:16] INFO: Retrying with lenient mode (--ignore-whitespace -C1)...
[2025-11-30 22:13:16] WARNING: Lenient mode also failed: error: patch failed: src/backend/packs/australia_documents.py:1
error: src/backend/packs/australia_documents.py: patch does not apply
[2025-11-30 22:13:16] INFO: Retrying with 3-way merge mode (-3)...
[2025-11-30 22:13:16] WARNING: All git apply modes failed, attempting direct file write fallback...
[2025-11-30 22:13:16] WARNING: Skipping src/backend/packs/australia_documents.py - cannot apply partial patch to existing file via direct write
[2025-11-30 22:13:16] ERROR: Direct file write also failed: error: repository lacks the necessary blob to perform 3-way merge.
Falling back to direct application...
error: patch failed: src/backend/packs/australia_documents.py:1
error: src/backend/packs/australia_documents.py: patch does not apply
[2025-11-30 22:13:16] ERROR: Patch content:
diff --git a/src/backend/packs/australia_documents.py b/src/backend/packs/australia_documents.py
index 0000000..1111111
--- a/src/backend/packs/australia_documents.py
+++ b/src/backend/packs/australia_documents.py
@@ -1,0 +1,21 @@
+class PostcodeValidator:
+    """Validator for Australian postcodes."""
+
+    @staticmethod
+    def validate_postcode(postcode: str) -> bool:
+        """
+        Validate an Australian postcode.
+
+        Args:
+            postcode (str): The postcode to validat...
[2025-11-30 22:13:16] ERROR: [fix-australia-postcode] Failed to apply patch to filesystem: error: patch failed: src/backend/packs/australia_documents.py:1
error: src/backend/packs/australia_documents.py: patch does not apply
[2025-11-30 22:13:16] INFO: Updated phase fix-australia-postcode status to FAILED
[2025-11-30 22:13:16] WARNING: Phase fix-australia-postcode finished with status: PATCH_FAILED
[2025-11-30 22:13:16] INFO: Waiting 10s before next phase...
[2025-11-30 22:13:26] INFO: Iteration 4: Fetching run status...
[2025-11-30 22:13:26] INFO: Next phase: fix-ato-classifier
[2025-11-30 22:13:26] INFO: Executing phase: fix-ato-classifier
[2025-11-30 22:13:26] INFO: [fix-ato-classifier] Step 1/4: Generating code with Builder (via LlmService)...
[2025-11-30 22:13:26] INFO: [fix-ato-classifier] Loaded 30 files for context
[2025-11-30 22:13:33] INFO: HTTP Request: POST https://api.openai.com/v1/chat/completions "HTTP/1.1 200 OK"
[2025-11-30 22:13:33] INFO: [fix-ato-classifier] Builder succeeded (41880 tokens)
[2025-11-30 22:13:33] WARNING: Failed to post builder result: 500 Server Error: Internal Server Error for url: http://localhost:8000/runs/backend-fixes-v6-20251130/phases/fix-ato-classifier/builder_result
[2025-11-30 22:13:33] INFO: [ARCHIVE_CONSOLIDATOR] Logged new error: API failure: POST builder_result
[2025-11-30 22:13:33] INFO: [fix-ato-classifier] Step 2/5: Applying patch...
[2025-11-30 22:13:33] INFO: Writing patch to temp_patch.diff
[2025-11-30 22:13:33] INFO: Checking if patch can be applied (dry run)...
[2025-11-30 22:13:34] WARNING: Strict patch check failed: error: patch failed: src/backend/packs/australia_documents.py:1
error: src/backend/packs/australia_documents.py: patch does not apply
[2025-11-30 22:13:34] INFO: Retrying with lenient mode (--ignore-whitespace -C1)...
[2025-11-30 22:13:34] WARNING: Lenient mode also failed: error: patch failed: src/backend/packs/australia_documents.py:1
error: src/backend/packs/australia_documents.py: patch does not apply
[2025-11-30 22:13:34] INFO: Retrying with 3-way merge mode (-3)...
[2025-11-30 22:13:34] WARNING: All git apply modes failed, attempting direct file write fallback...
[2025-11-30 22:13:34] WARNING: Skipping src/backend/packs/australia_documents.py - cannot apply partial patch to existing file via direct write
[2025-11-30 22:13:34] ERROR: Direct file write also failed: error: repository lacks the necessary blob to perform 3-way merge.
Falling back to direct application...
error: patch failed: src/backend/packs/australia_documents.py:1
error: src/backend/packs/australia_documents.py: patch does not apply
[2025-11-30 22:13:34] ERROR: Patch content:
diff --git a/src/backend/packs/australia_documents.py b/src/backend/packs/australia_documents.py
index 0000000..1111111
--- a/src/backend/packs/australia_documents.py
+++ b/src/backend/packs/australia_documents.py
@@ -1,0 +1,43 @@
+from enum import Enum
+
+class AustralianDocumentType(Enum):
+    ATO_TAX_RETURN = "ATO_TAX_RETURN"
+    UNKNOWN = "UNKNOWN"
+
+class AustralianDocumentPack:
+    def __init__(self, document_text: str):
+        self.document_text = document_text
+
+    def classify_d...
[2025-11-30 22:13:34] ERROR: [fix-ato-classifier] Failed to apply patch to filesystem: error: patch failed: src/backend/packs/australia_documents.py:1
error: src/backend/packs/australia_documents.py: patch does not apply
[2025-11-30 22:13:34] INFO: Updated phase fix-ato-classifier status to FAILED
[2025-11-30 22:13:34] WARNING: Phase fix-ato-classifier finished with status: PATCH_FAILED
[2025-11-30 22:13:34] INFO: Waiting 10s before next phase...
[2025-11-30 22:13:44] INFO: Iteration 5: Fetching run status...
[2025-11-30 22:13:44] INFO: Next phase: implement-search-api
[2025-11-30 22:13:44] INFO: Executing phase: implement-search-api
[2025-11-30 22:13:44] INFO: [implement-search-api] Step 1/4: Generating code with Builder (via LlmService)...
[2025-11-30 22:13:44] INFO: [implement-search-api] Loaded 30 files for context
[2025-11-30 22:13:51] INFO: HTTP Request: POST https://api.openai.com/v1/chat/completions "HTTP/1.1 200 OK"
[2025-11-30 22:13:51] INFO: [implement-search-api] Builder succeeded (41919 tokens)
[2025-11-30 22:13:51] INFO: [implement-search-api] Step 2/5: Applying patch...
[2025-11-30 22:13:51] INFO: Removing existing file for new file patch: src/backend/api/search.py
[2025-11-30 22:13:51] INFO: Writing patch to temp_patch.diff
[2025-11-30 22:13:51] INFO: Checking if patch can be applied (dry run)...
[2025-11-30 22:13:52] WARNING: Strict patch check failed: error: dev/null: No such file or directory
[2025-11-30 22:13:52] INFO: Retrying with lenient mode (--ignore-whitespace -C1)...
[2025-11-30 22:13:52] WARNING: Lenient mode also failed: error: dev/null: No such file or directory
[2025-11-30 22:13:52] INFO: Retrying with 3-way merge mode (-3)...
[2025-11-30 22:13:52] WARNING: All git apply modes failed, attempting direct file write fallback...
[2025-11-30 22:13:52] INFO: Directly wrote file: src/backend/api/search.py
[2025-11-30 22:13:52] INFO: Directly wrote file: src/backend/main.py
[2025-11-30 22:13:52] INFO: Direct file write succeeded - 2 files written
[2025-11-30 22:13:52] INFO:   - src/backend/api/search.py
[2025-11-30 22:13:52] INFO:   - src/backend/main.py
[2025-11-30 22:13:52] INFO: [Validation] All 2 modified files validated successfully
[2025-11-30 22:13:52] INFO: [implement-search-api] Patch applied successfully to filesystem
[2025-11-30 22:13:52] INFO: [implement-search-api] Step 3/5: Running CI checks...
[2025-11-30 22:13:52] INFO: [implement-search-api] Running CI checks (pytest)...
[2025-11-30 22:13:56] WARNING: [implement-search-api] CI detected possible collection error - pytest failed (code 4) but no test counts found
[2025-11-30 22:13:56] WARNING: [implement-search-api] CI checks FAILED: 0/0 passed, 0 failed, 0 errors
[2025-11-30 22:13:56] INFO: [implement-search-api] Step 4/5: Reviewing patch with Auditor (via LlmService)...
[2025-11-30 22:13:59] INFO: HTTP Request: POST https://api.openai.com/v1/chat/completions "HTTP/1.1 200 OK"
[2025-11-30 22:14:00] INFO: [implement-search-api] Auditor completed: approved=True, issues=2
[2025-11-30 22:14:00] INFO: [implement-search-api] Step 5/5: Applying Quality Gate...
[2025-11-30 22:14:00] INFO: [implement-search-api] Quality Gate: needs_review
[2025-11-30 22:14:00] INFO: Updated phase implement-search-api status to COMPLETE
[2025-11-30 22:14:00] INFO: [implement-search-api] Phase completed successfully
[2025-11-30 22:14:00] WARNING: File not found: C:\dev\Autopack\.autonomous_runs\autopack\archive\CONSOLIDATED_BUILD.md
[2025-11-30 22:14:00] INFO: [ARCHIVE_CONSOLIDATOR] Logged build event: PHASE_COMPLETE
[2025-11-30 22:14:00] INFO: Phase implement-search-api completed successfully
[2025-11-30 22:14:00] INFO: Waiting 10s before next phase...
[2025-11-30 22:14:10] INFO: Iteration 6: Fetching run status...
[2025-11-30 22:14:10] INFO: Next phase: implement-batch-api
[2025-11-30 22:14:10] INFO: Executing phase: implement-batch-api
[2025-11-30 22:14:10] INFO: [implement-batch-api] Step 1/4: Generating code with Builder (via LlmService)...
[2025-11-30 22:14:10] INFO: [implement-batch-api] Loaded 30 files for context
[2025-11-30 22:14:16] INFO: HTTP Request: POST https://api.openai.com/v1/chat/completions "HTTP/1.1 200 OK"
[2025-11-30 22:14:16] INFO: [implement-batch-api] Builder succeeded (41906 tokens)
[2025-11-30 22:14:16] INFO: [implement-batch-api] Step 2/5: Applying patch...
[2025-11-30 22:14:16] INFO: Removing existing file for new file patch: src/backend/api/batch.py
[2025-11-30 22:14:16] INFO: Writing patch to temp_patch.diff
[2025-11-30 22:14:16] INFO: Checking if patch can be applied (dry run)...
[2025-11-30 22:14:16] WARNING: Strict patch check failed: error: patch failed: src/backend/main.py:1
error: src/backend/main.py: patch does not apply
[2025-11-30 22:14:16] INFO: Retrying with lenient mode (--ignore-whitespace -C1)...
[2025-11-30 22:14:16] WARNING: Lenient mode also failed: error: patch failed: src/backend/main.py:1
error: src/backend/main.py: patch does not apply
[2025-11-30 22:14:16] INFO: Retrying with 3-way merge mode (-3)...
[2025-11-30 22:14:16] WARNING: All git apply modes failed, attempting direct file write fallback...
[2025-11-30 22:14:16] INFO: Directly wrote file: src/backend/api/batch.py
[2025-11-30 22:14:16] WARNING: Skipping src/backend/main.py - cannot apply partial patch to existing file via direct write
[2025-11-30 22:14:16] INFO: Direct file write succeeded - 1 files written
[2025-11-30 22:14:16] INFO:   - src/backend/api/batch.py
[2025-11-30 22:14:16] INFO: [Validation] All 1 modified files validated successfully
[2025-11-30 22:14:16] INFO: [implement-batch-api] Patch applied successfully to filesystem
[2025-11-30 22:14:16] INFO: [implement-batch-api] Step 3/5: Running CI checks...
[2025-11-30 22:14:16] INFO: [implement-batch-api] Running CI checks (pytest)...
[2025-11-30 22:14:19] WARNING: [implement-batch-api] CI detected possible collection error - pytest failed (code 4) but no test counts found
[2025-11-30 22:14:19] WARNING: [implement-batch-api] CI checks FAILED: 0/0 passed, 0 failed, 0 errors
[2025-11-30 22:14:19] INFO: [implement-batch-api] Step 4/5: Reviewing patch with Auditor (via LlmService)...
[2025-11-30 22:14:24] INFO: HTTP Request: POST https://api.openai.com/v1/chat/completions "HTTP/1.1 200 OK"
[2025-11-30 22:14:24] INFO: [implement-batch-api] Auditor completed: approved=True, issues=2
[2025-11-30 22:14:24] INFO: [implement-batch-api] Step 5/5: Applying Quality Gate...
[2025-11-30 22:14:24] INFO: [implement-batch-api] Quality Gate: needs_review
[2025-11-30 22:14:24] INFO: Updated phase implement-batch-api status to COMPLETE
[2025-11-30 22:14:24] INFO: [implement-batch-api] Phase completed successfully
[2025-11-30 22:14:24] WARNING: File not found: C:\dev\Autopack\.autonomous_runs\autopack\archive\CONSOLIDATED_BUILD.md
[2025-11-30 22:14:24] INFO: [ARCHIVE_CONSOLIDATOR] Logged build event: PHASE_COMPLETE
[2025-11-30 22:14:24] INFO: Phase implement-batch-api completed successfully
[2025-11-30 22:14:24] INFO: Waiting 10s before next phase...
[2025-11-30 22:14:34] INFO: Iteration 7: Fetching run status...
[2025-11-30 22:14:35] INFO: Next phase: implement-auth-api
[2025-11-30 22:14:35] INFO: Executing phase: implement-auth-api
[2025-11-30 22:14:35] INFO: [implement-auth-api] Step 1/4: Generating code with Builder (via LlmService)...
[2025-11-30 22:14:35] INFO: [implement-auth-api] Loaded 30 files for context
[2025-11-30 22:14:41] INFO: HTTP Request: POST https://api.openai.com/v1/chat/completions "HTTP/1.1 200 OK"
[2025-11-30 22:14:41] INFO: [implement-auth-api] Builder succeeded (41845 tokens)
[2025-11-30 22:14:41] INFO: [implement-auth-api] Step 2/5: Applying patch...
[2025-11-30 22:14:41] INFO: Removing existing file for new file patch: src/backend/api/auth.py
[2025-11-30 22:14:41] INFO: Writing patch to temp_patch.diff
[2025-11-30 22:14:41] INFO: Checking if patch can be applied (dry run)...
[2025-11-30 22:14:41] WARNING: Strict patch check failed: error: patch failed: src/backend/main.py:1
error: src/backend/main.py: patch does not apply
[2025-11-30 22:14:41] INFO: Retrying with lenient mode (--ignore-whitespace -C1)...
[2025-11-30 22:14:41] WARNING: Lenient mode also failed: error: patch failed: src/backend/main.py:1
error: src/backend/main.py: patch does not apply
[2025-11-30 22:14:41] INFO: Retrying with 3-way merge mode (-3)...
[2025-11-30 22:14:41] WARNING: All git apply modes failed, attempting direct file write fallback...
[2025-11-30 22:14:41] INFO: Directly wrote file: src/backend/api/auth.py
[2025-11-30 22:14:41] WARNING: Skipping src/backend/main.py - cannot apply partial patch to existing file via direct write
[2025-11-30 22:14:41] INFO: Direct file write succeeded - 1 files written
[2025-11-30 22:14:41] INFO:   - src/backend/api/auth.py
[2025-11-30 22:14:41] INFO: [Validation] All 1 modified files validated successfully
[2025-11-30 22:14:41] INFO: [implement-auth-api] Patch applied successfully to filesystem
[2025-11-30 22:14:41] INFO: [implement-auth-api] Step 3/5: Running CI checks...
[2025-11-30 22:14:41] INFO: [implement-auth-api] Running CI checks (pytest)...
[2025-11-30 22:14:45] WARNING: [implement-auth-api] CI detected possible collection error - pytest failed (code 4) but no test counts found
[2025-11-30 22:14:45] WARNING: [implement-auth-api] CI checks FAILED: 0/0 passed, 0 failed, 0 errors
[2025-11-30 22:14:45] INFO: [implement-auth-api] Step 4/5: Reviewing patch with Auditor (via LlmService)...
[2025-11-30 22:14:50] INFO: HTTP Request: POST https://api.openai.com/v1/chat/completions "HTTP/1.1 200 OK"
[2025-11-30 22:14:50] INFO: [implement-auth-api] Auditor completed: approved=False, issues=3
[2025-11-30 22:14:50] INFO: [implement-auth-api] Step 5/5: Applying Quality Gate...
[2025-11-30 22:14:50] INFO: [implement-auth-api] Quality Gate: needs_review
[2025-11-30 22:14:50] INFO: Updated phase implement-auth-api status to COMPLETE
[2025-11-30 22:14:50] INFO: [implement-auth-api] Phase completed successfully
[2025-11-30 22:14:50] WARNING: File not found: C:\dev\Autopack\.autonomous_runs\autopack\archive\CONSOLIDATED_BUILD.md
[2025-11-30 22:14:50] INFO: [ARCHIVE_CONSOLIDATOR] Logged build event: PHASE_COMPLETE
[2025-11-30 22:14:50] INFO: Phase implement-auth-api completed successfully
[2025-11-30 22:14:50] INFO: Waiting 10s before next phase...
[2025-11-30 22:15:00] INFO: Iteration 8: Fetching run status...
[2025-11-30 22:15:00] INFO: No more QUEUED phases, execution complete
[2025-11-30 22:15:00] INFO: Autonomous execution loop finished
[2025-11-30 22:15:00] WARNING: File not found: C:\dev\Autopack\.autonomous_runs\autopack\archive\CONSOLIDATED_BUILD.md
[2025-11-30 22:15:00] INFO: [ARCHIVE_CONSOLIDATOR] Logged build event: RUN_COMPLETE
[Quality Gate] Phase implement-search-api
Category: None
Quality Level: NEEDS_REVIEW

Issues (blocking):
  ✗ CI tests failed: Unknown error
[Quality Gate] Phase implement-batch-api
Category: None
Quality Level: NEEDS_REVIEW

Issues (blocking):
  ✗ CI tests failed: Unknown error
[Quality Gate] Phase implement-auth-api
Category: None
Quality Level: NEEDS_REVIEW

Issues (blocking):
  ✗ CI tests failed: Unknown error
