faiss library not installed; FaissStore will use in-memory fallback
[2025-12-24 11:49:15] INFO: [LOCK] Acquired executor lock for run_id=lovable-p2-quality-ux (PID=37036, host=Harry)
[2025-12-24 11:49:15] INFO: Applying pre-emptive encoding fix...
[2025-12-24 11:49:15] INFO: [Recovery] Fixing Unicode encoding error...
[2025-12-24 11:49:15] INFO: [Recovery] SUCCESS: Encoding fixed (UTF-8 enabled)
[2025-12-24 11:49:15] INFO: Database tables initialized
[2025-12-24 11:49:15] INFO: Loaded BuilderOutputConfig: max_lines_for_full_file=1000, max_lines_hard_limit=1000
[2025-12-24 11:49:15] INFO: Doctor execute_fix enabled: True
[2025-12-24 11:49:15] INFO: FileSizeTelemetry initialized: .autonomous_runs\autopack\file_size_telemetry.jsonl
[2025-12-24 11:49:20] INFO: [Qdrant] Connected to localhost:6333
[2025-12-24 11:49:20] INFO: [MemoryService] Using Qdrant backend
[2025-12-24 11:49:24] ERROR: [Qdrant] Failed to ensure collection 'code_docs': [WinError 10061] No connection could be made because the target machine actively refused it
[2025-12-24 11:49:24] WARNING: MemoryService initialization failed, running without memory: [WinError 10061] No connection could be made because the target machine actively refused it
[2025-12-24 11:49:24] INFO: [FileLayout] Project: autopack, Family: lovable-p2-quality-ux, Base: .autonomous_runs\autopack\runs\lovable-p2-quality-ux
[2025-12-24 11:49:24] INFO: Initialized autonomous executor for run: lovable-p2-quality-ux
[2025-12-24 11:49:24] INFO: API URL: http://localhost:8000
[2025-12-24 11:49:24] INFO: Workspace: .
[2025-12-24 11:49:24] INFO: Running proactive startup checks from DEBUG_JOURNAL.md...
[2025-12-24 11:49:24] INFO: [HIGH] Checking: Windows Unicode Fix (PYTHONUTF8)
[2025-12-24 11:49:24] INFO:   Reason: Prevents UnicodeEncodeError with emoji characters in logs (Issue #3)
[2025-12-24 11:49:24] INFO:   Check PASSED
[2025-12-24 11:49:24] INFO: [SchemaValidator] Starting database schema validation...
[2025-12-24 11:49:24] INFO: [SchemaValidator] âœ… Database schema validation PASSED
[2025-12-24 11:49:24] INFO: Startup checks complete
[2025-12-24 11:49:26] INFO: [BUILD-123v2] Manifest generator initialized (deterministic scope generation)
[2025-12-24 11:49:26] INFO: [HealthCheck:T0] API Keys: PASSED (0ms) - All required API keys present
[2025-12-24 11:49:26] INFO: [HealthCheck:T0] Database: PASSED (0ms) - Database accessible: c:\dev\Autopack\autopack.db
[2025-12-24 11:49:26] INFO: [HealthCheck:T0] Workspace: PASSED (0ms) - Workspace valid: c:\dev\Autopack
[2025-12-24 11:49:26] INFO: [HealthCheck:T0] Config: PASSED (34ms) - Configuration files valid
[2025-12-24 11:49:26] INFO: [BUILD-127] Completion authority initialized (PhaseFinalizer + TestBaselineTracker)
[2025-12-24 11:49:26] INFO: [BUILD-127] Capturing T0 baseline at commit 90869dd1...
[2025-12-24 11:49:26] INFO: [Baseline] Capturing baseline for commit 90869dd1
[2025-12-24 11:49:57] INFO: [Baseline] Captured: 0/0 passing, 0 failing, 0 errors
[2025-12-24 11:49:57] INFO: [BUILD-127] T0 baseline: 0 tests, 0 passing, 0 failing, 0 errors
[2025-12-24 11:49:57] INFO: Starting autonomous execution loop...
[2025-12-24 11:49:57] INFO: Poll interval: 10s
[2025-12-24 11:49:57] INFO: API server is already running
[2025-12-24 11:49:57] INFO: Initializing infrastructure...
[2025-12-24 11:50:00] INFO: LlmService: Initialized with ModelRouter and UsageRecorder
[2025-12-24 11:50:00] INFO: Quality Gate: Initialized
[2025-12-24 11:50:00] INFO: Iteration 1: Fetching run status...
[2025-12-24 11:50:00] INFO: [BUILD-041] Next phase: lovable-p2.3-missing-import-autofix
[2025-12-24 11:50:00] INFO: [BUILD-123v2] Phase 'lovable-p2.3-missing-import-autofix' has no scope - generating manifest...
[2025-12-24 11:50:00] INFO: Generating manifest for run: lovable-p2-quality-ux
[2025-12-24 11:50:00] INFO: Repo structure scanned successfully
[2025-12-24 11:50:00] INFO: [BUILD-128] Phase 'lovable-p2.3-missing-import-autofix' has deliverables - inferring scope from deliverables
[2025-12-24 11:50:00] INFO: [BUILD-128] Inferred category 'backend' from deliverables (confidence=50.0%)
[2025-12-24 11:50:00] INFO: [BUILD-128] Generated scope: 2 paths, 1 context files
[2025-12-24 11:50:00] INFO: [BUILD-129] Added token estimate to phase: 7020 output tokens (2 deliverables, confidence=0.80)
[2025-12-24 11:50:00] ERROR: Plan validation failed: Phase 'lovable-p2.3-missing-import-autofix' validation failed: Protected paths in scope: src/autopack/lovable/import_autofix.py...
[2025-12-24 11:50:00] WARNING: [BUILD-123v2] Manifest generation failed for 'lovable-p2.3-missing-import-autofix': Phase 'lovable-p2.3-missing-import-autofix' validation failed: Protected paths in scope: src/autopack/lovable/import_autofix.py...
[2025-12-24 11:50:00] INFO: [lovable-p2.3-missing-import-autofix] Step 1/4: Generating code with Builder (via LlmService)...
[2025-12-24 11:50:04] INFO: [Context] Total: 20 files loaded for Builder context (modified=0, mentioned=0)
[2025-12-24 11:50:04] INFO: [TOKEN_BUDGET] Context loading: ~19999 tokens (99% of 20000 budget)
[2025-12-24 11:50:04] INFO: [lovable-p2.3-missing-import-autofix] Loaded 20 files for context
[2025-12-24 11:50:04] INFO: [lovable-p2.3-missing-import-autofix] Learning context: 0 rules, 4 hints
[2025-12-24 11:50:04] INFO: [ModelSelector] Selected claude-sonnet-4-5 for builder (complexity=low, attempt=0, intra_tier=0)
[2025-12-24 11:50:04] INFO: [MODEL-SELECT] Builder: model=claude-sonnet-4-5, complexity=low->low, attempt=0, category=implementation
[2025-12-24 11:50:04] INFO: [TokenEstimator] Budget selection: base=8192, estimated=7020, with_buffer=8424, selected=8424, confidence=80.0%
[2025-12-24 11:50:04] INFO: [BUILD-129] Token estimate: 7020 output tokens (2 deliverables, confidence=0.80), selected budget: 8424
[2025-12-24 11:50:04] WARNING: CONSOLIDATED_DEBUG.md not found at c:\dev\Autopack\.autonomous_runs\file-organizer-app-v1\archive\CONSOLIDATED_DEBUG.md
[2025-12-24 11:50:04] WARNING: [TOKEN_SOFT_CAP] run_id=unknown phase_id=lovable-p2.3-missing-import-autofix est_total=32885 soft_cap=12000 (prompt=21417 completion=11468 complexity=low)
[2025-12-24 11:50:07] INFO: HTTP Request: POST https://api.anthropic.com/v1/messages "HTTP/1.1 200 OK"
[2025-12-24 11:50:52] INFO: [TOKEN_BUDGET] phase=lovable-p2.3-missing-import-autofix complexity=low input=25077 output=3788/16384 total=28865 utilization=23.1% model=claude-sonnet-4-5
[2025-12-24 11:50:52] INFO: [Builder] Generated 1 file diffs locally from full-file content
[2025-12-24 11:50:52] INFO: [TokenEstimationV2] predicted_output=7020 actual_output=3788 smape=59.8% selected_budget=8424 category=implementation complexity=low deliverables=2 success=True stop_reason=end_turn truncated=False model=claude-sonnet-4-5
[2025-12-24 11:50:52] INFO: [lovable-p2.3-missing-import-autofix] Builder succeeded (28865 tokens)
[2025-12-24 11:50:52] INFO: [lovable-p2.3-missing-import-autofix] No deliverables specified in scope, skipping validation
[2025-12-24 11:50:52] INFO: [lovable-p2.3-missing-import-autofix] Step 2/5: Applying patch...
[2025-12-24 11:50:52] WARNING: [Isolation] BLOCKED: Patch attempts to modify protected path: src/autopack/import_fixer.py
[2025-12-24 11:50:52] ERROR: [Isolation] Patch rejected - 1 violations (protected paths + scope)
[2025-12-24 11:50:52] WARNING: [Governance] Protected path violation: 1 paths
[2025-12-24 11:50:52] INFO: [Governance:lovable-p2.3-missing-import-autofix] Protected path violation detected: 1 paths
[2025-12-24 11:50:52] ERROR: [lovable-p2.3-missing-import-autofix] Execution failed: 'AutonomousExecutor' object has no attribute 'db'
Traceback:
Traceback (most recent call last):
  File "c:\dev\Autopack\src\autopack\autonomous_executor.py", line 4505, in _execute_phase_with_recovery
    governance_handled = self._try_handle_governance_request(
                         ^^^^^^^^^^^^^^^^^^^^^^^^^^^^^^^^^^^^
  File "c:\dev\Autopack\src\autopack\autonomous_executor.py", line 7373, in _try_handle_governance_request
    db_session=self.db,
               ^^^^^^^
AttributeError: 'AutonomousExecutor' object has no attribute 'db'

[2025-12-24 11:50:52] INFO: [ARCHIVE_CONSOLIDATOR] Logged new error: Phase lovable-p2.3-missing-import-autofix inner execution failure
[2025-12-24 11:50:52] INFO: Updated phase lovable-p2.3-missing-import-autofix status to FAILED
[2025-12-24 11:50:52] WARNING: Failed to write run_summary from executor: name 'models' is not defined
[2025-12-24 11:51:33] INFO: [RetrievalTrigger] Phase lovable-p2.3-missing-import-autofix attempt 1: Error messages lack context - triggering deep retrieval
[2025-12-24 11:51:33] INFO: [DeepRetrieval] Starting bounded retrieval for phase lovable-p2.3-missing-import-autofix (priority=medium)
[2025-12-24 11:51:39] INFO: [DeepRetrieval] Retrieved 0 run artifacts (0 bytes), 1 SOT files (15360 bytes), 0 memory entries (0 bytes)
[2025-12-24 11:51:39] WARNING: [lovable-p2.3-missing-import-autofix] Attempt 1/5 failed, will escalate model for next retry
[2025-12-24 11:51:39] WARNING: Phase lovable-p2.3-missing-import-autofix finished with status: FAILED
[2025-12-24 11:51:39] INFO: Waiting 10s before next phase...
[2025-12-24 11:51:49] INFO: Iteration 2: Fetching run status...
[2025-12-24 11:51:49] INFO: [BUILD-041] Next phase: lovable-p2.4-conversation-state
[2025-12-24 11:51:49] INFO: [BUILD-123v2] Phase 'lovable-p2.4-conversation-state' has no scope - generating manifest...
[2025-12-24 11:51:49] INFO: Generating manifest for run: lovable-p2-quality-ux
[2025-12-24 11:51:49] INFO: Repo structure scanned successfully
[2025-12-24 11:51:49] INFO: [BUILD-128] Phase 'lovable-p2.4-conversation-state' has deliverables - inferring scope from deliverables
[2025-12-24 11:51:49] INFO: [BUILD-128] Inferred category 'backend' from deliverables (confidence=50.0%)
[2025-12-24 11:51:49] INFO: [BUILD-128] Generated scope: 2 paths, 1 context files
[2025-12-24 11:51:49] INFO: [BUILD-129] Added token estimate to phase: 8320 output tokens (2 deliverables, confidence=0.80)
[2025-12-24 11:51:49] ERROR: Plan validation failed: Phase 'lovable-p2.4-conversation-state' validation failed: Protected paths in scope: src/autopack/memory/conversation_state.py...
[2025-12-24 11:51:49] WARNING: [BUILD-123v2] Manifest generation failed for 'lovable-p2.4-conversation-state': Phase 'lovable-p2.4-conversation-state' validation failed: Protected paths in scope: src/autopack/memory/conversation_state.py...
[2025-12-24 11:51:49] INFO: [lovable-p2.4-conversation-state] Step 1/4: Generating code with Builder (via LlmService)...
