faiss library not installed; FaissStore will use in-memory fallback
[2025-12-23 23:19:45] INFO: [LOCK] Acquired executor lock for run_id=lovable-p2-quality-ux (PID=140612, host=Harry)
[2025-12-23 23:19:45] INFO: Applying pre-emptive encoding fix...
[2025-12-23 23:19:45] INFO: [Recovery] Fixing Unicode encoding error...
[2025-12-23 23:19:45] INFO: [Recovery] SUCCESS: Encoding fixed (UTF-8 enabled)
[2025-12-23 23:19:45] INFO: Database tables initialized
[2025-12-23 23:19:45] INFO: Loaded BuilderOutputConfig: max_lines_for_full_file=1000, max_lines_hard_limit=1000
[2025-12-23 23:19:45] INFO: Doctor execute_fix enabled: True
[2025-12-23 23:19:45] INFO: FileSizeTelemetry initialized: .autonomous_runs\autopack\file_size_telemetry.jsonl
[2025-12-23 23:19:51] INFO: [Qdrant] Connected to localhost:6333
[2025-12-23 23:19:51] INFO: [MemoryService] Using Qdrant backend
[2025-12-23 23:19:55] ERROR: [Qdrant] Failed to ensure collection 'code_docs': [WinError 10061] No connection could be made because the target machine actively refused it
[2025-12-23 23:19:55] WARNING: MemoryService initialization failed, running without memory: [WinError 10061] No connection could be made because the target machine actively refused it
[2025-12-23 23:19:55] INFO: [FileLayout] Project: autopack, Family: lovable-p2-quality-ux, Base: .autonomous_runs\autopack\runs\lovable-p2-quality-ux
[2025-12-23 23:19:55] INFO: Initialized autonomous executor for run: lovable-p2-quality-ux
[2025-12-23 23:19:55] INFO: API URL: http://localhost:8000
[2025-12-23 23:19:55] INFO: Workspace: .
[2025-12-23 23:19:55] INFO: Running proactive startup checks from DEBUG_JOURNAL.md...
[2025-12-23 23:19:55] INFO: [HIGH] Checking: Windows Unicode Fix (PYTHONUTF8)
[2025-12-23 23:19:55] INFO:   Reason: Prevents UnicodeEncodeError with emoji characters in logs (Issue #3)
[2025-12-23 23:19:55] INFO:   Check PASSED
[2025-12-23 23:19:55] INFO: [SchemaValidator] Starting database schema validation...
[2025-12-23 23:19:55] INFO: [SchemaValidator] ✅ Database schema validation PASSED
[2025-12-23 23:19:55] INFO: Startup checks complete
[2025-12-23 23:19:57] INFO: [BUILD-123v2] Manifest generator initialized (deterministic scope generation)
[2025-12-23 23:19:57] INFO: [HealthCheck:T0] API Keys: PASSED (0ms) - All required API keys present
[2025-12-23 23:19:57] INFO: [HealthCheck:T0] Database: PASSED (0ms) - Database accessible: C:\dev\Autopack\autopack.db
[2025-12-23 23:19:57] INFO: [HealthCheck:T0] Workspace: PASSED (0ms) - Workspace valid: C:\dev\Autopack
[2025-12-23 23:19:57] INFO: [HealthCheck:T0] Config: PASSED (26ms) - Configuration files valid
[2025-12-23 23:19:57] INFO: [BUILD-127] Completion authority initialized (PhaseFinalizer + TestBaselineTracker)
[2025-12-23 23:19:57] INFO: [BUILD-127] Capturing T0 baseline at commit 76165c5e...
[2025-12-23 23:19:57] INFO: [Baseline] Using cached baseline for commit 76165c5e
[2025-12-23 23:19:57] INFO: [BUILD-127] T0 baseline: 0 tests, 0 passing, 0 failing, 0 errors
[2025-12-23 23:19:57] INFO: Starting autonomous execution loop...
[2025-12-23 23:19:57] INFO: Poll interval: 10s
[2025-12-23 23:19:57] INFO: API server is already running
[2025-12-23 23:19:57] INFO: Initializing infrastructure...
[2025-12-23 23:20:00] INFO: LlmService: Initialized with ModelRouter and UsageRecorder
[2025-12-23 23:20:00] INFO: Quality Gate: Initialized
[2025-12-23 23:20:00] INFO: Iteration 1: Fetching run status...
[2025-12-23 23:20:00] INFO: [BUILD-041] Next phase: lovable-p2.1-package-detection
[2025-12-23 23:20:00] INFO: [BUILD-123v2] Phase 'lovable-p2.1-package-detection' has no scope - generating manifest...
[2025-12-23 23:20:00] INFO: Generating manifest for run: lovable-p2-quality-ux
[2025-12-23 23:20:00] INFO: Repo structure scanned successfully
[2025-12-23 23:20:00] INFO: [BUILD-128] Phase 'lovable-p2.1-package-detection' has deliverables - inferring scope from deliverables
[2025-12-23 23:20:00] INFO: [BUILD-128] Inferred category 'backend' from deliverables (confidence=50.0%)
[2025-12-23 23:20:00] INFO: [BUILD-128] Generated scope: 2 paths, 1 context files
[2025-12-23 23:20:00] INFO: [BUILD-129] Added token estimate to phase: 858 output tokens (2 deliverables, confidence=0.80)
[2025-12-23 23:20:00] INFO: [BUILD-123v2] Generated scope for 'lovable-p2.1-package-detection': category=backend, confidence=50.0%, files=2
[2025-12-23 23:20:00] WARNING: [Scope] Could not determine workspace from scope paths, using default: .
[2025-12-23 23:20:00] INFO: [lovable-p2.1-package-detection] Step 1/4: Generating code with Builder (via LlmService)...
[2025-12-23 23:20:00] WARNING: [Scope] Could not determine workspace from scope paths, using default: .
[2025-12-23 23:20:00] WARNING: [Scope] Missing scope files: ['src/autopack/diagnostics/package_detector.py', 'tests/autopack/diagnostics/test_package_detector.py']
[2025-12-23 23:20:00] INFO: [Scope] Loaded 3 files from scope configuration
[2025-12-23 23:20:00] INFO: [Scope] Scope paths: ['src/autopack/diagnostics/package_detector.py', 'tests/autopack/diagnostics/test_package_detector.py']
[2025-12-23 23:20:00] INFO: [Scope] Loaded paths: ['src/autopack/diagnostics/package_detector.py', 'tests/autopack/diagnostics/test_package_detector.py', 'src/autopack/models.py']...
[2025-12-23 23:20:00] INFO: [lovable-p2.1-package-detection] Loaded 3 files for context
[2025-12-23 23:20:00] WARNING: [Scope] Could not determine workspace from scope paths, using default: .
[2025-12-23 23:20:00] INFO: [Scope] Validation passed: 3 files match scope configuration
[2025-12-23 23:20:00] INFO: [lovable-p2.1-package-detection] Built deliverables contract: 2 required paths, 0 forbidden patterns
[2025-12-23 23:20:00] INFO: [lovable-p2.1-package-detection] Deliverables manifest gate PASSED (2 paths)
[2025-12-23 23:20:00] INFO: [ModelSelector] Selected claude-sonnet-4-5 for builder (complexity=medium, attempt=0, intra_tier=0)
[2025-12-23 23:20:00] INFO: [MODEL-SELECT] Builder: model=claude-sonnet-4-5, complexity=medium->medium, attempt=0, category=implementation
[2025-12-23 23:20:00] INFO: [TokenEstimator] Budget selection: base=12288, estimated=822, with_buffer=986, selected=12288, confidence=80.0%
[2025-12-23 23:20:00] INFO: [BUILD-129] Token estimate: 822 output tokens (2 deliverables, confidence=0.80), selected budget: 12288
[2025-12-23 23:20:00] WARNING: CONSOLIDATED_DEBUG.md not found at C:\dev\Autopack\.autonomous_runs\file-organizer-app-v1\archive\CONSOLIDATED_DEBUG.md
[2025-12-23 23:20:05] INFO: Retrying request to /v1/messages in 0.423904 seconds
[2025-12-23 23:20:11] INFO: Retrying request to /v1/messages in 0.918392 seconds
[2025-12-23 23:20:16] INFO: HTTP Request: POST https://api.anthropic.com/v1/messages "HTTP/1.1 200 OK"
[2025-12-23 23:21:46] INFO: [TOKEN_BUDGET] phase=lovable-p2.1-package-detection complexity=medium input=4053 output=8391/16384 total=12444 utilization=51.2% model=claude-sonnet-4-5
[2025-12-23 23:21:46] INFO: [Builder] Generated 2 file diffs locally from full-file content
[2025-12-23 23:21:46] INFO: [TokenEstimationV2] predicted_output=822 actual_output=8391 smape=164.3% selected_budget=12288 category=implementation complexity=medium deliverables=2 success=True stop_reason=end_turn truncated=False model=claude-sonnet-4-5
[2025-12-23 23:21:46] INFO: [lovable-p2.1-package-detection] Builder succeeded (12444 tokens)
[2025-12-23 23:21:46] INFO: [lovable-p2.1-package-detection] Deliverables validation:
[2025-12-23 23:21:46] INFO:   Expected: 2 files
[2025-12-23 23:21:46] INFO:   Found in patch: 2 files
[2025-12-23 23:21:46] INFO: [lovable-p2.1-package-detection] ✅ Deliverables validation PASSED
[2025-12-23 23:21:46] INFO: [lovable-p2.1-package-detection] Step 2/5: Applying patch...
[2025-12-23 23:21:46] INFO: Writing patch to temp_patch.diff
[2025-12-23 23:21:46] INFO: Checking if patch can be applied (dry run)...
[2025-12-23 23:21:46] INFO: Applying patch to filesystem...
[2025-12-23 23:21:47] INFO: Patch applied successfully - 2 files modified
[2025-12-23 23:21:47] INFO:   - src/autopack/diagnostics/package_detector.py
[2025-12-23 23:21:47] INFO:   - tests/autopack/diagnostics/test_package_detector.py
[2025-12-23 23:21:47] INFO: [Validation] All 2 modified files validated successfully
[2025-12-23 23:21:47] INFO: [lovable-p2.1-package-detection] Patch applied successfully to filesystem
[2025-12-23 23:21:47] INFO: [lovable-p2.1-package-detection] Step 3/5: Running CI checks...
[2025-12-23 23:21:47] INFO: [lovable-p2.1-package-detection] Running CI checks (pytest)...
[2025-12-23 23:22:22] INFO: [lovable-p2.1-package-detection] CI output written to: .autonomous_runs\lovable-p2-quality-ux\ci\pytest_lovable-p2.1-package-detection.log
[2025-12-23 23:22:22] WARNING: [lovable-p2.1-package-detection] CI checks FAILED: return code 2
[2025-12-23 23:22:22] INFO: [lovable-p2.1-package-detection] Step 4/5: Reviewing patch with Auditor (via LlmService)...
[2025-12-23 23:22:22] INFO: [ModelSelector] Selected claude-sonnet-4-5 for auditor (complexity=medium, attempt=0, intra_tier=0)
[2025-12-23 23:22:22] INFO: [MODEL-SELECT] Auditor: model=claude-sonnet-4-5, complexity=medium->medium, attempt=0, category=implementation
[2025-12-23 23:22:22] WARNING: CONSOLIDATED_DEBUG.md not found at C:\dev\Autopack\.autonomous_runs\file-organizer-app-v1\archive\CONSOLIDATED_DEBUG.md
[2025-12-23 23:22:45] INFO: HTTP Request: POST https://api.anthropic.com/v1/messages "HTTP/1.1 200 OK"
[2025-12-23 23:22:45] ERROR: [lovable-p2.1-package-detection] Execution failed: QualityGate.assess_phase() missing 1 required positional argument: 'patch_content'
Traceback:
Traceback (most recent call last):
  File "C:\dev\Autopack\src\autopack\autonomous_executor.py", line 4529, in _execute_phase_with_recovery
    auditor_result = self.llm_service.execute_auditor_review(
                     ^^^^^^^^^^^^^^^^^^^^^^^^^^^^^^^^^^^^^^^^
  File "C:\dev\Autopack\src\autopack\llm_service.py", line 534, in execute_auditor_review
    quality_report = self.quality_gate.assess_phase(
                     ^^^^^^^^^^^^^^^^^^^^^^^^^^^^^^^
TypeError: QualityGate.assess_phase() missing 1 required positional argument: 'patch_content'

[2025-12-23 23:22:45] INFO: [ARCHIVE_CONSOLIDATOR] Logged new error: Phase lovable-p2.1-package-detection inner execution failure
[2025-12-23 23:22:45] INFO: Updated phase lovable-p2.1-package-detection status to FAILED
[2025-12-23 23:22:45] WARNING: Failed to write run_summary from executor: name 'models' is not defined
[2025-12-23 23:22:57] INFO: [RetrievalTrigger] Phase lovable-p2.1-package-detection attempt 1: Error messages lack context - triggering deep retrieval
[2025-12-23 23:22:57] INFO: [DeepRetrieval] Starting bounded retrieval for phase lovable-p2.1-package-detection (priority=medium)
[2025-12-23 23:22:58] INFO: [DeepRetrieval] Retrieved 0 run artifacts (0 bytes), 1 SOT files (15360 bytes), 0 memory entries (0 bytes)
[2025-12-23 23:22:58] WARNING: [lovable-p2.1-package-detection] Attempt 1/5 failed, will escalate model for next retry
[2025-12-23 23:22:58] WARNING: Phase lovable-p2.1-package-detection finished with status: FAILED
[2025-12-23 23:22:58] INFO: Waiting 10s before next phase...
[2025-12-23 23:23:08] INFO: Iteration 2: Fetching run status...
[2025-12-23 23:23:08] INFO: [BUILD-041] Next phase: lovable-p2.2-hmr-error-detection
[2025-12-23 23:23:08] INFO: [BUILD-123v2] Phase 'lovable-p2.2-hmr-error-detection' has no scope - generating manifest...
[2025-12-23 23:23:08] INFO: Generating manifest for run: lovable-p2-quality-ux
[2025-12-23 23:23:08] INFO: Repo structure scanned successfully
[2025-12-23 23:23:08] INFO: [BUILD-128] Phase 'lovable-p2.2-hmr-error-detection' has deliverables - inferring scope from deliverables
[2025-12-23 23:23:08] INFO: [BUILD-128] Inferred category 'backend' from deliverables (confidence=50.0%)
[2025-12-23 23:23:08] INFO: [BUILD-128] Generated scope: 2 paths, 1 context files
[2025-12-23 23:23:08] INFO: [BUILD-129] Added token estimate to phase: 858 output tokens (2 deliverables, confidence=0.80)
[2025-12-23 23:23:08] ERROR: Plan validation failed: Phase 'lovable-p2.2-hmr-error-detection' validation failed: Protected paths in scope: src/autopack/lovable/hmr_error_detector.py...
[2025-12-23 23:23:08] WARNING: [BUILD-123v2] Manifest generation failed for 'lovable-p2.2-hmr-error-detection': Phase 'lovable-p2.2-hmr-error-detection' validation failed: Protected paths in scope: src/autopack/lovable/hmr_error_detector.py...
[2025-12-23 23:23:08] INFO: [lovable-p2.2-hmr-error-detection] Step 1/4: Generating code with Builder (via LlmService)...
[2025-12-23 23:23:08] INFO: [Context] Loaded 9 recently modified files for fresh context
[2025-12-23 23:23:08] INFO: [Context] Total: 25 files loaded for Builder context (modified=9, mentioned=0)
[2025-12-23 23:23:08] INFO: [TOKEN_BUDGET] Context loading: ~19988 tokens (99% of 20000 budget)
[2025-12-23 23:23:08] INFO: [lovable-p2.2-hmr-error-detection] Loaded 25 files for context
[2025-12-23 23:23:08] INFO: [lovable-p2.2-hmr-error-detection] Learning context: 0 rules, 1 hints
[2025-12-23 23:23:08] INFO: [ModelSelector] Selected claude-sonnet-4-5 for builder (complexity=medium, attempt=0, intra_tier=0)
[2025-12-23 23:23:08] INFO: [MODEL-SELECT] Builder: model=claude-sonnet-4-5, complexity=medium->medium, attempt=0, category=implementation
[2025-12-23 23:23:08] INFO: [TokenEstimator] Budget selection: base=12288, estimated=822, with_buffer=986, selected=12288, confidence=80.0%
[2025-12-23 23:23:08] INFO: [BUILD-129] Token estimate: 822 output tokens (2 deliverables, confidence=0.80), selected budget: 12288
[2025-12-23 23:23:08] WARNING: CONSOLIDATED_DEBUG.md not found at C:\dev\Autopack\.autonomous_runs\file-organizer-app-v1\archive\CONSOLIDATED_DEBUG.md
[2025-12-23 23:23:08] WARNING: [TOKEN_SOFT_CAP] run_id=unknown phase_id=lovable-p2.2-hmr-error-detection est_total=36048 soft_cap=32000 (prompt=24580 completion=11468 complexity=medium)
[2025-12-23 23:23:11] INFO: HTTP Request: POST https://api.anthropic.com/v1/messages "HTTP/1.1 200 OK"
[2025-12-23 23:24:29] INFO: [TOKEN_BUDGET] phase=lovable-p2.2-hmr-error-detection complexity=medium input=32789 output=7614/16384 total=40403 utilization=46.5% model=claude-sonnet-4-5
[2025-12-23 23:24:29] INFO: [Builder] Generated 2 file diffs locally from full-file content
[2025-12-23 23:24:29] INFO: [TokenEstimationV2] predicted_output=822 actual_output=7614 smape=161.0% selected_budget=12288 category=implementation complexity=medium deliverables=2 success=True stop_reason=end_turn truncated=False model=claude-sonnet-4-5
[2025-12-23 23:24:29] INFO: [lovable-p2.2-hmr-error-detection] Builder succeeded (40403 tokens)
[2025-12-23 23:24:29] INFO: [lovable-p2.2-hmr-error-detection] No deliverables specified in scope, skipping validation
[2025-12-23 23:24:29] INFO: [lovable-p2.2-hmr-error-detection] Step 2/5: Applying patch...
[2025-12-23 23:24:29] WARNING: [Isolation] BLOCKED: Patch attempts to modify protected path: src/autopack/lovable/hmr_error_detector.py
[2025-12-23 23:24:29] ERROR: [Isolation] Patch rejected - 1 violations (protected paths + scope)
[2025-12-23 23:24:29] WARNING: [Governance] Protected path violation: 1 paths
[2025-12-23 23:24:29] INFO: [Governance:lovable-p2.2-hmr-error-detection] Protected path violation detected: 1 paths
[2025-12-23 23:24:29] ERROR: [lovable-p2.2-hmr-error-detection] Execution failed: 'AutonomousExecutor' object has no attribute 'db'
Traceback:
Traceback (most recent call last):
  File "C:\dev\Autopack\src\autopack\autonomous_executor.py", line 4505, in _execute_phase_with_recovery
    governance_handled = self._try_handle_governance_request(
                         ^^^^^^^^^^^^^^^^^^^^^^^^^^^^^^^^^^^^
  File "C:\dev\Autopack\src\autopack\autonomous_executor.py", line 7373, in _try_handle_governance_request
    db_session=self.db,
               ^^^^^^^
AttributeError: 'AutonomousExecutor' object has no attribute 'db'

[2025-12-23 23:24:29] INFO: [ARCHIVE_CONSOLIDATOR] Logged new error: Phase lovable-p2.2-hmr-error-detection inner execution failure
[2025-12-23 23:24:29] INFO: Updated phase lovable-p2.2-hmr-error-detection status to FAILED
[2025-12-23 23:24:29] WARNING: Failed to write run_summary from executor: name 'models' is not defined
[2025-12-23 23:24:41] INFO: [RetrievalTrigger] Phase lovable-p2.2-hmr-error-detection attempt 1: Error messages lack context - triggering deep retrieval
[2025-12-23 23:24:41] INFO: [DeepRetrieval] Starting bounded retrieval for phase lovable-p2.2-hmr-error-detection (priority=medium)
[2025-12-23 23:24:42] INFO: [DeepRetrieval] Retrieved 0 run artifacts (0 bytes), 1 SOT files (15360 bytes), 0 memory entries (0 bytes)
[2025-12-23 23:24:42] WARNING: [lovable-p2.2-hmr-error-detection] Attempt 1/5 failed, will escalate model for next retry
[2025-12-23 23:24:42] WARNING: Phase lovable-p2.2-hmr-error-detection finished with status: FAILED
[2025-12-23 23:24:42] INFO: Waiting 10s before next phase...
[2025-12-23 23:24:52] INFO: Iteration 3: Fetching run status...
[2025-12-23 23:24:52] INFO: [BUILD-041] Next phase: lovable-p2.3-missing-import-autofix
[2025-12-23 23:24:52] INFO: [BUILD-123v2] Phase 'lovable-p2.3-missing-import-autofix' has no scope - generating manifest...
[2025-12-23 23:24:52] INFO: Generating manifest for run: lovable-p2-quality-ux
[2025-12-23 23:24:52] INFO: Repo structure scanned successfully
[2025-12-23 23:24:52] INFO: [BUILD-128] Phase 'lovable-p2.3-missing-import-autofix' has deliverables - inferring scope from deliverables
[2025-12-23 23:24:52] INFO: [BUILD-128] Inferred category 'backend' from deliverables (confidence=50.0%)
[2025-12-23 23:24:52] INFO: [BUILD-128] Generated scope: 2 paths, 1 context files
[2025-12-23 23:24:52] INFO: [BUILD-129] Added token estimate to phase: 858 output tokens (2 deliverables, confidence=0.80)
[2025-12-23 23:24:52] ERROR: Plan validation failed: Phase 'lovable-p2.3-missing-import-autofix' validation failed: Protected paths in scope: src/autopack/lovable/import_autofix.py...
[2025-12-23 23:24:52] WARNING: [BUILD-123v2] Manifest generation failed for 'lovable-p2.3-missing-import-autofix': Phase 'lovable-p2.3-missing-import-autofix' validation failed: Protected paths in scope: src/autopack/lovable/import_autofix.py...
[2025-12-23 23:24:52] INFO: [lovable-p2.3-missing-import-autofix] Step 1/4: Generating code with Builder (via LlmService)...
[2025-12-23 23:24:52] INFO: [Context] Loaded 9 recently modified files for fresh context
[2025-12-23 23:24:52] INFO: [Context] Total: 25 files loaded for Builder context (modified=9, mentioned=0)
[2025-12-23 23:24:52] INFO: [TOKEN_BUDGET] Context loading: ~19988 tokens (99% of 20000 budget)
[2025-12-23 23:24:52] INFO: [lovable-p2.3-missing-import-autofix] Loaded 25 files for context
[2025-12-23 23:24:52] INFO: [lovable-p2.3-missing-import-autofix] Learning context: 0 rules, 2 hints
[2025-12-23 23:24:52] INFO: [ModelSelector] Selected claude-sonnet-4-5 for builder (complexity=low, attempt=0, intra_tier=0)
[2025-12-23 23:24:52] INFO: [MODEL-SELECT] Builder: model=claude-sonnet-4-5, complexity=low->low, attempt=0, category=implementation
[2025-12-23 23:24:52] INFO: [TokenEstimator] Budget selection: base=8192, estimated=822, with_buffer=986, selected=8192, confidence=80.0%
[2025-12-23 23:24:52] INFO: [BUILD-129] Token estimate: 822 output tokens (2 deliverables, confidence=0.80), selected budget: 8192
[2025-12-23 23:24:52] WARNING: CONSOLIDATED_DEBUG.md not found at C:\dev\Autopack\.autonomous_runs\file-organizer-app-v1\archive\CONSOLIDATED_DEBUG.md
[2025-12-23 23:24:52] WARNING: [TOKEN_SOFT_CAP] run_id=unknown phase_id=lovable-p2.3-missing-import-autofix est_total=36079 soft_cap=12000 (prompt=24611 completion=11468 complexity=low)
[2025-12-23 23:24:55] INFO: HTTP Request: POST https://api.anthropic.com/v1/messages "HTTP/1.1 200 OK"
[2025-12-23 23:26:08] INFO: [TOKEN_BUDGET] phase=lovable-p2.3-missing-import-autofix complexity=low input=32818 output=6991/16384 total=39809 utilization=42.7% model=claude-sonnet-4-5
[2025-12-23 23:26:08] INFO: [Builder] Generated 2 file diffs locally from full-file content
[2025-12-23 23:26:08] INFO: [TokenEstimationV2] predicted_output=822 actual_output=6991 smape=157.9% selected_budget=8192 category=implementation complexity=low deliverables=2 success=True stop_reason=end_turn truncated=False model=claude-sonnet-4-5
[2025-12-23 23:26:08] INFO: [lovable-p2.3-missing-import-autofix] Builder succeeded (39809 tokens)
[2025-12-23 23:26:08] INFO: [lovable-p2.3-missing-import-autofix] No deliverables specified in scope, skipping validation
[2025-12-23 23:26:08] INFO: [lovable-p2.3-missing-import-autofix] Step 2/5: Applying patch...
[2025-12-23 23:26:08] WARNING: [Isolation] BLOCKED: Patch attempts to modify protected path: src/autopack/lovable/import_autofix.py
[2025-12-23 23:26:08] ERROR: [Isolation] Patch rejected - 1 violations (protected paths + scope)
[2025-12-23 23:26:08] WARNING: [Governance] Protected path violation: 1 paths
[2025-12-23 23:26:08] INFO: [Governance:lovable-p2.3-missing-import-autofix] Protected path violation detected: 1 paths
[2025-12-23 23:26:08] ERROR: [lovable-p2.3-missing-import-autofix] Execution failed: 'AutonomousExecutor' object has no attribute 'db'
Traceback:
Traceback (most recent call last):
  File "C:\dev\Autopack\src\autopack\autonomous_executor.py", line 4505, in _execute_phase_with_recovery
    governance_handled = self._try_handle_governance_request(
                         ^^^^^^^^^^^^^^^^^^^^^^^^^^^^^^^^^^^^
  File "C:\dev\Autopack\src\autopack\autonomous_executor.py", line 7373, in _try_handle_governance_request
    db_session=self.db,
               ^^^^^^^
AttributeError: 'AutonomousExecutor' object has no attribute 'db'

[2025-12-23 23:26:08] INFO: [ARCHIVE_CONSOLIDATOR] Logged new error: Phase lovable-p2.3-missing-import-autofix inner execution failure
[2025-12-23 23:26:08] INFO: Updated phase lovable-p2.3-missing-import-autofix status to FAILED
[2025-12-23 23:26:08] WARNING: Failed to write run_summary from executor: name 'models' is not defined
[2025-12-23 23:26:20] INFO: [RetrievalTrigger] Phase lovable-p2.3-missing-import-autofix attempt 1: Error messages lack context - triggering deep retrieval
[2025-12-23 23:26:20] INFO: [DeepRetrieval] Starting bounded retrieval for phase lovable-p2.3-missing-import-autofix (priority=medium)
[2025-12-23 23:26:21] INFO: [DeepRetrieval] Retrieved 0 run artifacts (0 bytes), 1 SOT files (15360 bytes), 0 memory entries (0 bytes)
[2025-12-23 23:26:21] WARNING: [lovable-p2.3-missing-import-autofix] Attempt 1/5 failed, will escalate model for next retry
[2025-12-23 23:26:21] WARNING: Phase lovable-p2.3-missing-import-autofix finished with status: FAILED
[2025-12-23 23:26:21] INFO: Waiting 10s before next phase...
[2025-12-23 23:26:31] INFO: Iteration 4: Fetching run status...
[2025-12-23 23:26:31] INFO: [BUILD-041] Next phase: lovable-p2.4-conversation-state
[2025-12-23 23:26:31] INFO: [BUILD-123v2] Phase 'lovable-p2.4-conversation-state' has no scope - generating manifest...
[2025-12-23 23:26:31] INFO: Generating manifest for run: lovable-p2-quality-ux
[2025-12-23 23:26:31] INFO: Repo structure scanned successfully
[2025-12-23 23:26:31] INFO: [BUILD-128] Phase 'lovable-p2.4-conversation-state' has deliverables - inferring scope from deliverables
[2025-12-23 23:26:31] INFO: [BUILD-128] Inferred category 'backend' from deliverables (confidence=50.0%)
[2025-12-23 23:26:31] INFO: [BUILD-128] Generated scope: 2 paths, 1 context files
[2025-12-23 23:26:31] INFO: [BUILD-129] Added token estimate to phase: 858 output tokens (2 deliverables, confidence=0.80)
[2025-12-23 23:26:31] ERROR: Plan validation failed: Phase 'lovable-p2.4-conversation-state' validation failed: Protected paths in scope: src/autopack/memory/conversation_state.py...
[2025-12-23 23:26:31] WARNING: [BUILD-123v2] Manifest generation failed for 'lovable-p2.4-conversation-state': Phase 'lovable-p2.4-conversation-state' validation failed: Protected paths in scope: src/autopack/memory/conversation_state.py...
[2025-12-23 23:26:31] INFO: [lovable-p2.4-conversation-state] Step 1/4: Generating code with Builder (via LlmService)...
[2025-12-23 23:26:31] INFO: [Context] Loaded 9 recently modified files for fresh context
[2025-12-23 23:26:31] INFO: [Context] Total: 25 files loaded for Builder context (modified=9, mentioned=0)
[2025-12-23 23:26:31] INFO: [TOKEN_BUDGET] Context loading: ~19988 tokens (99% of 20000 budget)
[2025-12-23 23:26:31] INFO: [lovable-p2.4-conversation-state] Loaded 25 files for context
[2025-12-23 23:26:31] INFO: [ModelSelector] Selected claude-sonnet-4-5 for builder (complexity=medium, attempt=0, intra_tier=0)
[2025-12-23 23:26:31] INFO: [MODEL-SELECT] Builder: model=claude-sonnet-4-5, complexity=medium->medium, attempt=0, category=refactoring
[2025-12-23 23:26:31] INFO: [TokenEstimator] Budget selection: base=12288, estimated=715, with_buffer=858, selected=12288, confidence=80.0%
[2025-12-23 23:26:31] INFO: [BUILD-129] Token estimate: 715 output tokens (2 deliverables, confidence=0.80), selected budget: 12288
[2025-12-23 23:26:31] WARNING: CONSOLIDATED_DEBUG.md not found at C:\dev\Autopack\.autonomous_runs\file-organizer-app-v1\archive\CONSOLIDATED_DEBUG.md
[2025-12-23 23:26:31] WARNING: [TOKEN_SOFT_CAP] run_id=unknown phase_id=lovable-p2.4-conversation-state est_total=36001 soft_cap=32000 (prompt=24533 completion=11468 complexity=medium)
[2025-12-23 23:26:34] INFO: HTTP Request: POST https://api.anthropic.com/v1/messages "HTTP/1.1 200 OK"
[2025-12-23 23:27:51] INFO: [TOKEN_BUDGET] phase=lovable-p2.4-conversation-state complexity=medium input=32744 output=7817/16384 total=40561 utilization=47.7% model=claude-sonnet-4-5
[2025-12-23 23:27:51] INFO: [Builder] Generated 2 file diffs locally from full-file content
[2025-12-23 23:27:51] INFO: [TokenEstimationV2] predicted_output=715 actual_output=7817 smape=166.5% selected_budget=12288 category=refactoring complexity=medium deliverables=2 success=True stop_reason=end_turn truncated=False model=claude-sonnet-4-5
[2025-12-23 23:27:51] INFO: [lovable-p2.4-conversation-state] Builder succeeded (40561 tokens)
[2025-12-23 23:27:51] INFO: [lovable-p2.4-conversation-state] No deliverables specified in scope, skipping validation
[2025-12-23 23:27:51] INFO: [lovable-p2.4-conversation-state] Step 2/5: Applying patch...
[2025-12-23 23:27:51] WARNING: [Isolation] BLOCKED: Patch attempts to modify protected path: src/autopack/memory/conversation_state.py
[2025-12-23 23:27:51] ERROR: [Isolation] Patch rejected - 1 violations (protected paths + scope)
[2025-12-23 23:27:51] WARNING: [Governance] Protected path violation: 1 paths
[2025-12-23 23:27:51] INFO: [Governance:lovable-p2.4-conversation-state] Protected path violation detected: 1 paths
[2025-12-23 23:27:51] ERROR: [lovable-p2.4-conversation-state] Execution failed: 'AutonomousExecutor' object has no attribute 'db'
Traceback:
Traceback (most recent call last):
  File "C:\dev\Autopack\src\autopack\autonomous_executor.py", line 4505, in _execute_phase_with_recovery
    governance_handled = self._try_handle_governance_request(
                         ^^^^^^^^^^^^^^^^^^^^^^^^^^^^^^^^^^^^
  File "C:\dev\Autopack\src\autopack\autonomous_executor.py", line 7373, in _try_handle_governance_request
    db_session=self.db,
               ^^^^^^^
AttributeError: 'AutonomousExecutor' object has no attribute 'db'

[2025-12-23 23:27:51] INFO: [ARCHIVE_CONSOLIDATOR] Logged new error: Phase lovable-p2.4-conversation-state inner execution failure
[2025-12-23 23:27:51] INFO: Updated phase lovable-p2.4-conversation-state status to FAILED
[2025-12-23 23:27:51] WARNING: Failed to write run_summary from executor: name 'models' is not defined
[2025-12-23 23:28:03] INFO: [RetrievalTrigger] Phase lovable-p2.4-conversation-state attempt 1: Error messages lack context - triggering deep retrieval
[2025-12-23 23:28:03] INFO: [DeepRetrieval] Starting bounded retrieval for phase lovable-p2.4-conversation-state (priority=medium)
[2025-12-23 23:28:03] INFO: [DeepRetrieval] Retrieved 0 run artifacts (0 bytes), 1 SOT files (15360 bytes), 0 memory entries (0 bytes)
[2025-12-23 23:28:03] WARNING: [lovable-p2.4-conversation-state] Attempt 1/5 failed, will escalate model for next retry
[2025-12-23 23:28:03] WARNING: Phase lovable-p2.4-conversation-state finished with status: FAILED
[2025-12-23 23:28:03] INFO: Waiting 10s before next phase...
[2025-12-23 23:28:13] INFO: Iteration 5: Fetching run status...
[2025-12-23 23:28:13] INFO: [BUILD-041] Next phase: lovable-p2.5-fallback-chain
[2025-12-23 23:28:13] INFO: [BUILD-123v2] Phase 'lovable-p2.5-fallback-chain' has no scope - generating manifest...
[2025-12-23 23:28:13] INFO: Generating manifest for run: lovable-p2-quality-ux
[2025-12-23 23:28:13] INFO: Repo structure scanned successfully
[2025-12-23 23:28:13] INFO: [BUILD-128] Phase 'lovable-p2.5-fallback-chain' has deliverables - inferring scope from deliverables
[2025-12-23 23:28:13] INFO: [BUILD-128] Inferred category 'backend' from deliverables (confidence=50.0%)
[2025-12-23 23:28:13] INFO: [BUILD-128] Generated scope: 2 paths, 1 context files
[2025-12-23 23:28:13] INFO: [BUILD-129] Added token estimate to phase: 858 output tokens (2 deliverables, confidence=0.80)
[2025-12-23 23:28:13] ERROR: Plan validation failed: Phase 'lovable-p2.5-fallback-chain' validation failed: Protected paths in scope: src/autopack/error_handling/fallback_chain.py...
[2025-12-23 23:28:13] WARNING: [BUILD-123v2] Manifest generation failed for 'lovable-p2.5-fallback-chain': Phase 'lovable-p2.5-fallback-chain' validation failed: Protected paths in scope: src/autopack/error_handling/fallback_chain.py...
[2025-12-23 23:28:13] INFO: [lovable-p2.5-fallback-chain] Step 1/4: Generating code with Builder (via LlmService)...
[2025-12-23 23:28:13] INFO: [Context] Loaded 9 recently modified files for fresh context
[2025-12-23 23:28:14] INFO: [Context] Total: 25 files loaded for Builder context (modified=9, mentioned=0)
[2025-12-23 23:28:14] INFO: [TOKEN_BUDGET] Context loading: ~19988 tokens (99% of 20000 budget)
[2025-12-23 23:28:14] INFO: [lovable-p2.5-fallback-chain] Loaded 25 files for context
[2025-12-23 23:28:14] INFO: [lovable-p2.5-fallback-chain] Learning context: 0 rules, 3 hints
[2025-12-23 23:28:14] INFO: [ModelSelector] Selected claude-sonnet-4-5 for builder (complexity=low, attempt=0, intra_tier=0)
[2025-12-23 23:28:14] INFO: [MODEL-SELECT] Builder: model=claude-sonnet-4-5, complexity=low->low, attempt=0, category=implementation
[2025-12-23 23:28:14] INFO: [TokenEstimator] Budget selection: base=8192, estimated=822, with_buffer=986, selected=8192, confidence=80.0%
[2025-12-23 23:28:14] INFO: [BUILD-129] Token estimate: 822 output tokens (2 deliverables, confidence=0.80), selected budget: 8192
[2025-12-23 23:28:14] WARNING: CONSOLIDATED_DEBUG.md not found at C:\dev\Autopack\.autonomous_runs\file-organizer-app-v1\archive\CONSOLIDATED_DEBUG.md
[2025-12-23 23:28:14] WARNING: [TOKEN_SOFT_CAP] run_id=unknown phase_id=lovable-p2.5-fallback-chain est_total=36109 soft_cap=12000 (prompt=24641 completion=11468 complexity=low)
[2025-12-23 23:28:19] INFO: Retrying request to /v1/messages in 0.475786 seconds
[2025-12-23 23:28:24] INFO: Retrying request to /v1/messages in 0.871088 seconds
[2025-12-23 23:28:28] INFO: HTTP Request: POST https://api.anthropic.com/v1/messages "HTTP/1.1 200 OK"
