faiss library not installed; FaissStore will use in-memory fallback
[2025-12-24 15:47:49] INFO: Applying pre-emptive encoding fix...
[2025-12-24 15:47:49] INFO: [Recovery] Fixing Unicode encoding error...
[drain] run_id=research-system-v10 queued=7 complete=0 failed=1
[drain] Starting batch 1 (max-iterations=5)...
[2025-12-24 15:47:49] INFO: [Recovery] SUCCESS: Encoding fixed (UTF-8 enabled)
[2025-12-24 15:47:49] INFO: Database tables initialized
[2025-12-24 15:47:49] INFO: Loaded BuilderOutputConfig: max_lines_for_full_file=1000, max_lines_hard_limit=1000
[2025-12-24 15:47:49] INFO: Doctor execute_fix enabled: True
[2025-12-24 15:47:49] INFO: FileSizeTelemetry initialized: .autonomous_runs\autopack\file_size_telemetry.jsonl
[2025-12-24 15:48:00] WARNING: [Qdrant] Connection check failed for localhost:6333: [WinError 10061] No connection could be made because the target machine actively refused it
[2025-12-24 15:48:01] WARNING: [MemoryService] Qdrant unavailable at localhost:6333; falling back to FAISS ([WinError 10061] No connection could be made because the target machine actively refused it)
[2025-12-24 15:48:01] INFO: [FAISS] Created collection 'code_docs' with dim=1536
[2025-12-24 15:48:01] INFO: [FAISS] Created collection 'run_summaries' with dim=1536
[2025-12-24 15:48:01] INFO: [FAISS] Created collection 'errors_ci' with dim=1536
[2025-12-24 15:48:01] INFO: [FAISS] Created collection 'doctor_hints' with dim=1536
[2025-12-24 15:48:01] INFO: [FAISS] Created collection 'planning' with dim=1536
[2025-12-24 15:48:01] INFO: [MemoryService] Initialized (backend=faiss, enabled=True, top_k=5)
[2025-12-24 15:48:01] INFO: MemoryService initialized (enabled=True)
[2025-12-24 15:48:01] INFO: [FileLayout] Project: autopack, Family: research-system-v10, Base: .autonomous_runs\autopack\runs\research-system-v10
[2025-12-24 15:48:01] INFO: Initialized autonomous executor for run: research-system-v10
[2025-12-24 15:48:01] INFO: API URL: http://localhost:8000
[2025-12-24 15:48:01] INFO: Workspace: .
[2025-12-24 15:48:01] INFO: Running proactive startup checks from DEBUG_JOURNAL.md...
[2025-12-24 15:48:01] INFO: [HIGH] Checking: Windows Unicode Fix (PYTHONUTF8)
[2025-12-24 15:48:01] INFO:   Reason: Prevents UnicodeEncodeError with emoji characters in logs (Issue #3)
[2025-12-24 15:48:01] INFO:   Check PASSED
[2025-12-24 15:48:01] INFO: [SchemaValidator] Starting database schema validation...
[2025-12-24 15:48:01] INFO: [SchemaValidator] ‚úÖ Database schema validation PASSED
[2025-12-24 15:48:01] INFO: Startup checks complete
[2025-12-24 15:48:02] INFO: [BUILD-123v2] Manifest generator initialized (deterministic scope generation)
[2025-12-24 15:48:03] INFO: [HealthCheck:T0] API Keys: PASSED (0ms) - All required API keys present
[2025-12-24 15:48:03] INFO: [HealthCheck:T0] Database: PASSED (0ms) - Database accessible: c:\dev\Autopack\autopack.db
[2025-12-24 15:48:03] INFO: [HealthCheck:T0] Workspace: PASSED (0ms) - Workspace valid: c:\dev\Autopack
[2025-12-24 15:48:03] INFO: [HealthCheck:T0] Config: PASSED (38ms) - Configuration files valid
[2025-12-24 15:48:03] INFO: [HealthCheck:T0] Vector Memory: PASSED (1228ms) - Qdrant unreachable at localhost:6333; autostart attempted or unavailable. Falling back to FAISS.
[2025-12-24 15:48:03] INFO: [BUILD-127] Completion authority initialized (PhaseFinalizer + TestBaselineTracker)
[2025-12-24 15:48:03] INFO: [BUILD-127] Capturing T0 baseline at commit 1dc6756e...
[2025-12-24 15:48:03] INFO: [Baseline] Using cached baseline for commit 1dc6756e
[2025-12-24 15:48:04] INFO: [BUILD-127] T0 baseline: 0 tests, 0 passing, 0 failing, 0 errors
[2025-12-24 15:48:04] INFO: Starting autonomous execution loop...
[2025-12-24 15:48:04] INFO: Poll interval: 10s
[2025-12-24 15:48:04] INFO: Max iterations: 5
[2025-12-24 15:48:04] INFO: API server is already running
[2025-12-24 15:48:04] INFO: Initializing infrastructure...
[2025-12-24 15:48:08] INFO: LlmService: Initialized with ModelRouter and UsageRecorder
[2025-12-24 15:48:08] INFO: Quality Gate: Initialized
[2025-12-24 15:48:08] INFO: Iteration 1: Fetching run status...
[2025-12-24 15:48:08] INFO: [BUILD-041] Next phase: research-foundation-orchestrator
[2025-12-24 15:48:08] INFO: [BUILD-123v2] Phase 'research-foundation-orchestrator' has no scope - generating manifest...
[2025-12-24 15:48:08] INFO: Generating manifest for run: research-system-v10
[2025-12-24 15:48:08] INFO: Repo structure scanned successfully
[2025-12-24 15:48:08] INFO: [BUILD-128] Phase 'research-foundation-orchestrator' has deliverables - inferring scope from deliverables
[2025-12-24 15:48:08] INFO: [BUILD-128] Inferred category 'unknown' from deliverables (confidence=0.0%)
[2025-12-24 15:48:08] INFO: [BUILD-128] Generated scope: 3 paths, 0 context files
[2025-12-24 15:48:08] INFO: [BUILD-129] Added token estimate to phase: 7020 output tokens (3 deliverables, confidence=0.50)
[2025-12-24 15:48:08] INFO: [BUILD-123v2] Generated scope for 'research-foundation-orchestrator': category=unknown, confidence=0.0%, files=3
[2025-12-24 15:48:08] WARNING: [BUILD-123v2] Low confidence (0.0%) for phase 'research-foundation-orchestrator' - scope may be incomplete. Builder may need to request expansion.
[2025-12-24 15:48:08] WARNING: [Scope] Could not determine workspace from scope paths, using default: .
[2025-12-24 15:48:08] INFO: [research-foundation-orchestrator] Step 1/4: Generating code with Builder (via LlmService)...
[2025-12-24 15:48:08] INFO: [research-foundation-orchestrator] Using scope-aware context (overrides targeted context)
[2025-12-24 15:48:08] WARNING: [Scope] Could not determine workspace from scope paths, using default: .
[2025-12-24 15:48:11] WARNING: [Scope] Missing scope files: ['code']
[2025-12-24 15:48:11] INFO: [Scope] Loaded 252 files from scope configuration
[2025-12-24 15:48:11] INFO: [Scope] Scope paths: ['code', 'tests', 'docs']
[2025-12-24 15:48:11] INFO: [Scope] Loaded paths: ['code', 'tests/conftest.py', 'tests/test_api.py', 'tests/test_autonomous_executor.py', 'tests/test_backlog_maintenance.py', 'tests/test_baseline_tracker.py', 'tests/test_build112_phase3_deep_retrieval_validation.py', 'tests/test_circuit_breaker.py', 'tests/test_circuit_breaker_registry.py', 'tests/test_classification_regression.py']...
[2025-12-24 15:48:11] INFO: [research-foundation-orchestrator] Loaded 252 files for context
[2025-12-24 15:48:11] WARNING: [Scope] Could not determine workspace from scope paths, using default: .
[2025-12-24 15:48:11] INFO: [Scope] Validation passed: 252 files match scope configuration
[2025-12-24 15:48:11] WARNING: [research-foundation-orchestrator] Large files in context (read-only, >1000 lines): docs/BUILD_HISTORY.md, docs/DEBUG_LOG.md, docs/LEARNED_RULES.json, docs/RESEARCH_CITATION_FIX_PLAN.md
[2025-12-24 15:48:11] INFO: [research-foundation-orchestrator] Built deliverables contract: 20 required paths, 0 forbidden patterns
[2025-12-24 15:48:11] INFO: [research-foundation-orchestrator] Deliverables manifest gate PASSED (20 paths)
[2025-12-24 15:48:11] INFO: [ModelSelector] Selected claude-sonnet-4-5 for builder (complexity=high, attempt=0, intra_tier=0)
[2025-12-24 15:48:11] INFO: [MODEL-SELECT] Builder: model=claude-sonnet-4-5, complexity=high->high, attempt=0, category=IMPLEMENT_FEATURE
[2025-12-24 15:48:11] INFO: [TokenEstimator] Budget selection: base=16384, estimated=7020, with_buffer=8424, selected=16384, confidence=50.0%
[2025-12-24 15:48:11] INFO: [BUILD-129] Token estimate: 7020 output tokens (3 deliverables, confidence=0.50), selected budget: 16384
[2025-12-24 15:48:11] INFO: [Builder] File docs/BUILD_HISTORY.md (1631 lines) exceeds hard limit; enabling structured edit mode
[2025-12-24 15:48:11] WARNING: CONSOLIDATED_DEBUG.md not found at c:\dev\Autopack\.autonomous_runs\file-organizer-app-v1\archive\CONSOLIDATED_DEBUG.md
[2025-12-24 15:48:14] INFO: HTTP Request: POST https://api.anthropic.com/v1/messages "HTTP/1.1 200 OK"
[2025-12-24 15:51:02] INFO: [TOKEN_BUDGET] phase=research-foundation-orchestrator complexity=high input=2605 output=16384/16384 total=18989 utilization=100.0% model=claude-sonnet-4-5
[2025-12-24 15:51:02] WARNING: [Builder] Output was truncated (stop_reason=max_tokens)
[2025-12-24 15:51:02] WARNING: [TOKEN_BUDGET] TRUNCATION: phase=research-foundation-orchestrator used 16384/16384 tokens (100% utilization) - consider increasing max_tokens for this complexity level
[2025-12-24 15:51:02] INFO: [Builder] Attempting JSON repair on malformed structured_edit output...
[2025-12-24 15:51:02] WARNING: [JsonRepair] All repair strategies failed for error: Unterminated string starting at: line 6 column 22 (char 88)
[2025-12-24 15:51:02] ERROR: LLM output invalid format - expected JSON with 'operations' array (stop_reason=max_tokens)
First 500 chars: ```json
{
  "files": [
    {
      "path": "code",
      "mode": "create",
      "new_content": "# Research Orchestrator Implementation\n\nThis directory contains the production-ready research orchestrator with a full 5-stage pipeline.\n\n## Architecture\n\n### Core Components\n\n1. **ResearchOrchestrator** (`src/autopack/research/orchestrator.py`)\n   - Main entry point for research workflows\n   - Coordinates all 5 stages of the pipeline\n   - Manages session state and validation\n\n2. **Evide
[2025-12-24 15:51:02] INFO: [BUILD-129] Truncation detected, attempting continuation recovery...
[2025-12-24 15:51:02] INFO: [ContinuationRecovery] Truncation detected (stop_reason=max_tokens)
[2025-12-24 15:51:02] INFO: [ContinuationRecovery] Detected format: unknown
[2025-12-24 15:51:02] WARNING: [ContinuationRecovery] Unknown format type: unknown
[2025-12-24 15:51:02] WARNING: [BUILD-129] Truncation detected but no continuation context extracted
[2025-12-24 15:51:02] INFO: [TokenEstimationV2] predicted_output=7020 actual_output=16384 smape=80.0% selected_budget=16384 category=IMPLEMENT_FEATURE complexity=high deliverables=0 success=False stop_reason=max_tokens truncated=True model=claude-sonnet-4-5
[2025-12-24 15:51:02] WARNING: [research-foundation-orchestrator] Falling back to structured_edit after full-file parse/truncation failure
[2025-12-24 15:51:02] INFO: [ModelSelector] Selected claude-sonnet-4-5 for builder (complexity=high, attempt=0, intra_tier=0)
[2025-12-24 15:51:03] INFO: [MODEL-SELECT] Builder: model=claude-sonnet-4-5, complexity=high->high, attempt=0, category=IMPLEMENT_FEATURE
[2025-12-24 15:51:03] INFO: [TokenEstimator] Budget selection: base=16384, estimated=7020, with_buffer=8424, selected=16384, confidence=50.0%
[2025-12-24 15:51:03] INFO: [BUILD-129] Token estimate: 7020 output tokens (3 deliverables, confidence=0.50), selected budget: 16384
[2025-12-24 15:51:03] INFO: [Builder] File docs/BUILD_HISTORY.md (1631 lines) exceeds hard limit; enabling structured edit mode
[2025-12-24 15:51:03] WARNING: CONSOLIDATED_DEBUG.md not found at c:\dev\Autopack\.autonomous_runs\file-organizer-app-v1\archive\CONSOLIDATED_DEBUG.md
[2025-12-24 15:51:05] INFO: HTTP Request: POST https://api.anthropic.com/v1/messages "HTTP/1.1 200 OK"
[2025-12-24 15:53:45] INFO: [TOKEN_BUDGET] phase=research-foundation-orchestrator complexity=high input=2605 output=14881/16384 total=17486 utilization=90.8% model=claude-sonnet-4-5
[2025-12-24 15:53:45] INFO: [Builder] Attempting JSON repair on malformed structured_edit output...
[2025-12-24 15:53:45] INFO: [JsonRepair] Rule-based repair succeeded: strip_prefix+strip_suffix+balance_brackets+fix_trailing_commas
[2025-12-24 15:53:45] INFO: [Builder] Structured edit JSON repair succeeded via rule_based:strip_prefix+strip_suffix+balance_brackets+fix_trailing_commas
[2025-12-24 15:53:45] INFO: [Builder] Detected full-file format in structured_edit mode - auto-converting to operations
[2025-12-24 15:53:45] INFO: [Builder] Converted create file 'docs' to prepend operation
[2025-12-24 15:53:45] INFO: [Builder] Format conversion successful: 1 operations generated
[2025-12-24 15:53:45] INFO: [Builder] Generated structured edit plan with 1 operations
[2025-12-24 15:53:45] INFO: [TokenEstimationV2] predicted_output=7020 actual_output=14881 smape=71.8% selected_budget=16384 category=IMPLEMENT_FEATURE complexity=high deliverables=0 success=True stop_reason=end_turn truncated=False model=claude-sonnet-4-5
[2025-12-24 15:53:45] INFO: [research-foundation-orchestrator] Builder succeeded (17486 tokens)
[2025-12-24 15:53:45] INFO: [research-foundation-orchestrator] Deliverables validation:
[2025-12-24 15:53:45] INFO:   Expected: 20 files
[2025-12-24 15:53:45] INFO:   Found in patch: 0 files
[2025-12-24 15:53:45] ERROR: [research-foundation-orchestrator] ‚ùå Deliverables validation FAILED
[2025-12-24 15:53:45] ERROR: [research-foundation-orchestrator]    Missing 20 required deliverables:
[2025-12-24 15:53:45] ERROR: [research-foundation-orchestrator]      - code
[2025-12-24 15:53:45] ERROR: [research-foundation-orchestrator]      - docs
[2025-12-24 15:53:45] ERROR: [research-foundation-orchestrator]      - docs/research/EVIDENCE_MODEL.md
[2025-12-24 15:53:45] ERROR: [research-foundation-orchestrator]      - docs/research/RESEARCH_ORCHESTRATOR.md
[2025-12-24 15:53:45] ERROR: [research-foundation-orchestrator]      - docs/research/VALIDATION_FRAMEWORK.md
[2025-12-24 15:53:45] ERROR: [research-foundation-orchestrator]      ... and 15 more
[2025-12-24 15:53:45] ERROR: [research-foundation-orchestrator] Deliverables validation failed
[2025-12-24 15:53:45] ERROR: [research-foundation-orchestrator] ‚ùå DELIVERABLES VALIDATION FAILED

Your patch does not create the required deliverable files.

üìã REQUIRED DELIVERABLES:
  ‚úì code
  ‚úì docs
  ‚úì docs/research/EVIDENCE_MODEL.md
  ‚úì docs/research/RESEARCH_ORCHESTRATOR.md
  ‚úì docs/research/VALIDATION_FRAMEWORK.md
  ‚úì src/autopack/cli/commands/research.py
  ‚úì src/autopack/research/models/enums.py
  ‚úì src/autopack/research/models/evidence.py
  ‚úì src/autopack/research/models/research_intent.py
  ‚úì src/autopack/research/models/research_session.py
  ... and 10 more

üìÑ FILES IN YOUR PATCH:
  (none)

‚úÖ ALLOWED ROOTS (you may ONLY create files under these prefixes):
  - code/
  - docs/
  - docs/research/
  - src/autopack/
  - tests/
  - tests/research/

‚ùå MISSING FILES:
  - code
  - docs
  - docs/research/EVIDENCE_MODEL.md
  - docs/research/RESEARCH_ORCHESTRATOR.md
  - docs/research/VALIDATION_FRAMEWORK.md
  - src/autopack/cli/commands/research.py
  - src/autopack/research/models/enums.py
  - src/autopack/research/models/evidence.py
  - src/autopack/research/models/research_intent.py
  - src/autopack/research/models/research_session.py
  ... and 10 more

üîß ACTION REQUIRED:
Please regenerate the patch with files in the correct locations.
Ensure all file paths match the deliverables specification exactly.
[2025-12-24 15:54:25] INFO: [MemoryService] Stored decision log
[2025-12-24 15:54:25] INFO: [RetrievalTrigger] Phase research-foundation-orchestrator attempt 1: Error messages lack context - triggering deep retrieval
[2025-12-24 15:54:25] INFO: [DeepRetrieval] Starting bounded retrieval for phase research-foundation-orchestrator (priority=medium)
[2025-12-24 15:54:26] INFO: [DeepRetrieval] Retrieved 0 run artifacts (0 bytes), 1 SOT files (15360 bytes), 0 memory entries (0 bytes)
[2025-12-24 15:54:26] WARNING: [research-foundation-orchestrator] Attempt 1/5 failed, will escalate model for next retry
[2025-12-24 15:54:26] WARNING: Phase research-foundation-orchestrator finished with status: DELIVERABLES_VALIDATION_FAILED
[2025-12-24 15:54:26] INFO: Waiting 10s before next phase...
[2025-12-24 15:54:36] INFO: Iteration 2: Fetching run status...
[2025-12-24 15:54:36] INFO: [BUILD-041] Next phase: research-foundation-orchestrator
[2025-12-24 15:54:36] INFO: [BUILD-123v2] Phase 'research-foundation-orchestrator' has no scope - generating manifest...
[2025-12-24 15:54:36] INFO: Generating manifest for run: research-system-v10
[2025-12-24 15:54:36] INFO: Repo structure scanned successfully
[2025-12-24 15:54:36] INFO: [BUILD-128] Phase 'research-foundation-orchestrator' has deliverables - inferring scope from deliverables
[2025-12-24 15:54:36] INFO: [BUILD-128] Inferred category 'unknown' from deliverables (confidence=0.0%)
[2025-12-24 15:54:36] INFO: [BUILD-128] Generated scope: 3 paths, 0 context files
[2025-12-24 15:54:36] INFO: [BUILD-129] Added token estimate to phase: 7020 output tokens (3 deliverables, confidence=0.50)
[2025-12-24 15:54:36] INFO: [BUILD-123v2] Generated scope for 'research-foundation-orchestrator': category=unknown, confidence=0.0%, files=3
[2025-12-24 15:54:36] WARNING: [BUILD-123v2] Low confidence (0.0%) for phase 'research-foundation-orchestrator' - scope may be incomplete. Builder may need to request expansion.
[2025-12-24 15:54:36] WARNING: [Scope] Could not determine workspace from scope paths, using default: .
[2025-12-24 15:54:36] INFO: [research-foundation-orchestrator] Step 1/4: Generating code with Builder (via LlmService)...
[2025-12-24 15:54:36] INFO: [research-foundation-orchestrator] Using scope-aware context (overrides targeted context)
[2025-12-24 15:54:36] WARNING: [Scope] Could not determine workspace from scope paths, using default: .
[2025-12-24 15:54:36] WARNING: [Scope] Missing scope files: ['code']
[2025-12-24 15:54:36] INFO: [Scope] Loaded 252 files from scope configuration
[2025-12-24 15:54:36] INFO: [Scope] Scope paths: ['code', 'tests', 'docs']
[2025-12-24 15:54:36] INFO: [Scope] Loaded paths: ['code', 'tests/conftest.py', 'tests/test_api.py', 'tests/test_autonomous_executor.py', 'tests/test_backlog_maintenance.py', 'tests/test_baseline_tracker.py', 'tests/test_build112_phase3_deep_retrieval_validation.py', 'tests/test_circuit_breaker.py', 'tests/test_circuit_breaker_registry.py', 'tests/test_classification_regression.py']...
[2025-12-24 15:54:36] INFO: [research-foundation-orchestrator] Loaded 252 files for context
[2025-12-24 15:54:36] WARNING: [Scope] Could not determine workspace from scope paths, using default: .
[2025-12-24 15:54:36] INFO: [Scope] Validation passed: 252 files match scope configuration
[2025-12-24 15:54:36] WARNING: [research-foundation-orchestrator] Large files in context (read-only, >1000 lines): docs/BUILD_HISTORY.md, docs/DEBUG_LOG.md, docs/LEARNED_RULES.json, docs/RESEARCH_CITATION_FIX_PLAN.md
[2025-12-24 15:54:36] INFO: [research-foundation-orchestrator] Retrieved 300 chars of context from memory
[2025-12-24 15:54:36] INFO: [research-foundation-orchestrator] Built deliverables contract: 20 required paths, 0 forbidden patterns
[2025-12-24 15:54:36] INFO: [research-foundation-orchestrator] Deliverables manifest gate PASSED (20 paths)
[2025-12-24 15:54:36] INFO: [ModelSelector] Selected claude-sonnet-4-5 for builder (complexity=high, attempt=0, intra_tier=0)
[2025-12-24 15:54:36] INFO: [MODEL-SELECT] Builder: model=claude-sonnet-4-5, complexity=high->high, attempt=0, category=IMPLEMENT_FEATURE
[2025-12-24 15:54:36] INFO: [TokenEstimator] Budget selection: base=16384, estimated=7020, with_buffer=8424, selected=16384, confidence=50.0%
[2025-12-24 15:54:36] INFO: [BUILD-129] Token estimate: 7020 output tokens (3 deliverables, confidence=0.50), selected budget: 16384
[2025-12-24 15:54:36] INFO: [Builder] File docs/BUILD_HISTORY.md (1631 lines) exceeds hard limit; enabling structured edit mode
[2025-12-24 15:54:36] WARNING: CONSOLIDATED_DEBUG.md not found at c:\dev\Autopack\.autonomous_runs\file-organizer-app-v1\archive\CONSOLIDATED_DEBUG.md
[2025-12-24 15:54:40] INFO: HTTP Request: POST https://api.anthropic.com/v1/messages "HTTP/1.1 200 OK"
[2025-12-24 15:56:52] INFO: [TOKEN_BUDGET] phase=research-foundation-orchestrator complexity=high input=2709 output=12221/16384 total=14930 utilization=74.6% model=claude-sonnet-4-5
[2025-12-24 15:56:52] INFO: [Builder] Attempting JSON repair on malformed structured_edit output...
[2025-12-24 15:56:52] INFO: [JsonRepair] Rule-based repair succeeded: strip_prefix+strip_suffix+balance_brackets+fix_trailing_commas
[2025-12-24 15:56:52] INFO: [Builder] Structured edit JSON repair succeeded via rule_based:strip_prefix+strip_suffix+balance_brackets+fix_trailing_commas
[2025-12-24 15:56:52] INFO: [Builder] Detected full-file format in structured_edit mode - auto-converting to operations
[2025-12-24 15:56:52] INFO: [Builder] Converted create file 'code' to prepend operation
[2025-12-24 15:56:52] INFO: [Builder] Converted create file 'docs' to prepend operation
[2025-12-24 15:56:52] INFO: [Builder] Format conversion successful: 2 operations generated
[2025-12-24 15:56:52] INFO: [Builder] Generated structured edit plan with 2 operations
[2025-12-24 15:56:52] INFO: [TokenEstimationV2] predicted_output=7020 actual_output=12221 smape=54.1% selected_budget=16384 category=IMPLEMENT_FEATURE complexity=high deliverables=0 success=True stop_reason=end_turn truncated=False model=claude-sonnet-4-5
[2025-12-24 15:56:53] INFO: [research-foundation-orchestrator] Builder succeeded (14930 tokens)
[2025-12-24 15:56:53] INFO: [research-foundation-orchestrator] Deliverables validation:
[2025-12-24 15:56:53] INFO:   Expected: 20 files
[2025-12-24 15:56:53] INFO:   Found in patch: 0 files
[2025-12-24 15:56:53] ERROR: [research-foundation-orchestrator] ‚ùå Deliverables validation FAILED
[2025-12-24 15:56:53] ERROR: [research-foundation-orchestrator]    Missing 20 required deliverables:
[2025-12-24 15:56:53] ERROR: [research-foundation-orchestrator]      - code
[2025-12-24 15:56:53] ERROR: [research-foundation-orchestrator]      - docs
[2025-12-24 15:56:53] ERROR: [research-foundation-orchestrator]      - docs/research/EVIDENCE_MODEL.md
[2025-12-24 15:56:53] ERROR: [research-foundation-orchestrator]      - docs/research/RESEARCH_ORCHESTRATOR.md
[2025-12-24 15:56:53] ERROR: [research-foundation-orchestrator]      - docs/research/VALIDATION_FRAMEWORK.md
[2025-12-24 15:56:53] ERROR: [research-foundation-orchestrator]      ... and 15 more
[2025-12-24 15:56:53] ERROR: [research-foundation-orchestrator] Deliverables validation failed
[2025-12-24 15:56:53] ERROR: [research-foundation-orchestrator] ‚ùå DELIVERABLES VALIDATION FAILED

Your patch does not create the required deliverable files.

üìã REQUIRED DELIVERABLES:
  ‚úì code
  ‚úì docs
  ‚úì docs/research/EVIDENCE_MODEL.md
  ‚úì docs/research/RESEARCH_ORCHESTRATOR.md
  ‚úì docs/research/VALIDATION_FRAMEWORK.md
  ‚úì src/autopack/cli/commands/research.py
  ‚úì src/autopack/research/models/enums.py
  ‚úì src/autopack/research/models/evidence.py
  ‚úì src/autopack/research/models/research_intent.py
  ‚úì src/autopack/research/models/research_session.py
  ... and 10 more

üìÑ FILES IN YOUR PATCH:
  (none)

‚úÖ ALLOWED ROOTS (you may ONLY create files under these prefixes):
  - code/
  - docs/
  - docs/research/
  - src/autopack/
  - tests/
  - tests/research/

‚ùå MISSING FILES:
  - code
  - docs
  - docs/research/EVIDENCE_MODEL.md
  - docs/research/RESEARCH_ORCHESTRATOR.md
  - docs/research/VALIDATION_FRAMEWORK.md
  - src/autopack/cli/commands/research.py
  - src/autopack/research/models/enums.py
  - src/autopack/research/models/evidence.py
  - src/autopack/research/models/research_intent.py
  - src/autopack/research/models/research_session.py
  ... and 10 more

üîß ACTION REQUIRED:
Please regenerate the patch with files in the correct locations.
Ensure all file paths match the deliverables specification exactly.
[2025-12-24 15:57:33] INFO: [MemoryService] Stored decision log
[2025-12-24 15:57:33] INFO: [RetrievalTrigger] Phase research-foundation-orchestrator attempt 1: Error messages lack context - triggering deep retrieval
[2025-12-24 15:57:33] INFO: [DeepRetrieval] Starting bounded retrieval for phase research-foundation-orchestrator (priority=medium)
[2025-12-24 15:57:34] INFO: [DeepRetrieval] Retrieved 0 run artifacts (0 bytes), 1 SOT files (15360 bytes), 0 memory entries (0 bytes)
[2025-12-24 15:57:34] INFO: [REPLAN-TRIGGER] reason=similar_errors type=deliverables_validation_failed phase=research-foundation-orchestrator attempt=2 count=2 similarity_threshold=0.8
[2025-12-24 15:57:34] INFO: [research-foundation-orchestrator] Triggering mid-run re-planning due to deliverables_validation_failed
[2025-12-24 15:57:34] INFO: [Re-Plan] Revising approach for research-foundation-orchestrator due to deliverables_validation_failed (attempt 1)
[2025-12-24 15:57:34] INFO: [GoalAnchor] Original intent: Build production-ready research orchestrator with full 5-stage pipeline....
